 
****************************************
Report : area
Design : DLX_IR_SIZE32_PC_SIZE32
Version: O-2018.06-SP4
Date   : Sun Sep 13 02:12:16 2020
****************************************

Library(s) Used:

    NangateOpenCellLibrary (File: /home/mariagrazia.graziano/do/libnangate/NangateOpenCellLibrary_typical_ecsm.db)

Number of ports:                          359
Number of nets:                          9925
Number of cells:                         9439
Number of combinational cells:           5843
Number of sequential cells:              3593
Number of macros/black boxes:               0
Number of buf/inv:                        627
Number of references:                      33

Combinational area:               7315.532150
Buf/Inv area:                      361.494000
Noncombinational area:           16883.551881
Macro/Black Box area:                0.000000
Net Interconnect area:      undefined  (Wire load has zero net area)

Total cell area:                 24199.084030
Total area:                 undefined
1
