 
****************************************
Report : area
Design : DLX_IR_SIZE32_PC_SIZE32
Version: O-2018.06-SP4
Date   : Sun Sep 13 02:09:18 2020
****************************************

Library(s) Used:

    NangateOpenCellLibrary (File: /home/mariagrazia.graziano/do/libnangate/NangateOpenCellLibrary_typical_ecsm.db)

Number of ports:                          359
Number of nets:                         10979
Number of cells:                        10486
Number of combinational cells:           6767
Number of sequential cells:              3716
Number of macros/black boxes:               0
Number of buf/inv:                       1547
Number of references:                      35

Combinational area:               7776.776152
Buf/Inv area:                      849.072005
Noncombinational area:           17529.931909
Macro/Black Box area:                0.000000
Net Interconnect area:      undefined  (Wire load has zero net area)

Total cell area:                 25306.708061
Total area:                 undefined
1
