 
****************************************
Report : area
Design : DLX_IR_SIZE32_PC_SIZE32
Version: O-2018.06-SP4
Date   : Sun Sep 13 02:18:18 2020
****************************************

Library(s) Used:

    NangateOpenCellLibrary (File: /home/mariagrazia.graziano/do/libnangate/NangateOpenCellLibrary_typical_ecsm.db)

Number of ports:                          359
Number of nets:                          9789
Number of cells:                         9356
Number of combinational cells:           5818
Number of sequential cells:              3535
Number of macros/black boxes:               0
Number of buf/inv:                        622
Number of references:                      36

Combinational area:               7296.114149
Buf/Inv area:                      359.898000
Noncombinational area:           16574.725871
Macro/Black Box area:                0.000000
Net Interconnect area:      undefined  (Wire load has zero net area)

Total cell area:                 23870.840020
Total area:                 undefined
1
