 
****************************************
Report : area
Design : DLX_IR_SIZE32_PC_SIZE32
Version: O-2018.06-SP4
Date   : Sun Sep 13 02:06:36 2020
****************************************

Library(s) Used:

    NangateOpenCellLibrary (File: /home/mariagrazia.graziano/do/libnangate/NangateOpenCellLibrary_typical_ecsm.db)

Number of ports:                          359
Number of nets:                          9563
Number of cells:                         8127
Number of combinational cells:           5885
Number of sequential cells:              2239
Number of macros/black boxes:               0
Number of buf/inv:                        665
Number of references:                      35

Combinational area:               7415.282148
Buf/Inv area:                      408.043998
Noncombinational area:           10480.931998
Macro/Black Box area:                0.000000
Net Interconnect area:      undefined  (Wire load has zero net area)

Total cell area:                 17896.214146
Total area:                 undefined
1
