 
****************************************
Report : area
Design : DLX_IR_SIZE32_PC_SIZE32
Version: O-2018.06-SP4
Date   : Sun Sep 13 02:15:20 2020
****************************************

Library(s) Used:

    NangateOpenCellLibrary (File: /home/mariagrazia.graziano/do/libnangate/NangateOpenCellLibrary_typical_ecsm.db)

Number of ports:                          359
Number of nets:                         10827
Number of cells:                        10380
Number of combinational cells:           6788
Number of sequential cells:              3589
Number of macros/black boxes:               0
Number of buf/inv:                       1590
Number of references:                      34

Combinational area:               7787.948153
Buf/Inv area:                      864.766006
Noncombinational area:           16862.005880
Macro/Black Box area:                0.000000
Net Interconnect area:      undefined  (Wire load has zero net area)

Total cell area:                 24649.954033
Total area:                 undefined
1
