 
****************************************
Report : power
        -analysis_effort low
Design : DLX_IR_SIZE32_PC_SIZE32
Version: O-2018.06-SP4
Date   : Mon Aug 31 21:23:24 2020
****************************************


Library(s) Used:

    NangateOpenCellLibrary (File: /home/mariagrazia.graziano/do/libnangate/NangateOpenCellLibrary_typical_ecsm.db)


Operating Conditions: typical   Library: NangateOpenCellLibrary
Wire Load Model Mode: top

Design        Wire Load Model            Library
------------------------------------------------
DLX_IR_SIZE32_PC_SIZE32
                       5K_hvratio_1_1    NangateOpenCellLibrary


Global Operating Voltage = 1.1  
Power-specific unit information :
    Voltage Units = 1V
    Capacitance Units = 1.000000ff
    Time Units = 1ns
    Dynamic Power Units = 1uW    (derived from V,C,T units)
    Leakage Power Units = 1nW


  Cell Internal Power  =  44.4363 uW   (74%)
  Net Switching Power  =  15.8713 uW   (26%)
                         ---------
Total Dynamic Power    =  60.3076 uW  (100%)

Cell Leakage Power     = 331.7517 uW

Information: report_power power group summary does not include estimated clock tree power. (PWR-789)

                 Internal         Switching           Leakage            Total
Power Group      Power            Power               Power              Power   (   %    )  Attrs
--------------------------------------------------------------------------------------------------
io_pad             0.0000            0.0000            0.0000            0.0000  (   0.00%)
memory             0.0000            0.0000            0.0000            0.0000  (   0.00%)
black_box          0.0000            0.0000            0.0000            0.0000  (   0.00%)
clock_network      0.0000            0.0000            0.0000            0.0000  (   0.00%)
register           0.0000            0.0000            0.0000            0.0000  (   0.00%)
sequential        41.5763            0.6205        1.4959e+05          191.7871  (  48.92%)
combinational      2.8604           15.2508        1.8216e+05          200.2723  (  51.08%)
--------------------------------------------------------------------------------------------------
Total             44.4366 uW        15.8714 uW     3.3175e+05 nW       392.0593 uW
1
