 
****************************************
Report : power
        -analysis_effort low
Design : DLX_IR_SIZE32_PC_SIZE32
Version: O-2018.06-SP4
Date   : Sun Sep 13 02:15:20 2020
****************************************


Library(s) Used:

    NangateOpenCellLibrary (File: /home/mariagrazia.graziano/do/libnangate/NangateOpenCellLibrary_typical_ecsm.db)


Operating Conditions: typical   Library: NangateOpenCellLibrary
Wire Load Model Mode: top

Design        Wire Load Model            Library
------------------------------------------------
DLX_IR_SIZE32_PC_SIZE32
                       5K_hvratio_1_1    NangateOpenCellLibrary


Global Operating Voltage = 1.1  
Power-specific unit information :
    Voltage Units = 1V
    Capacitance Units = 1.000000ff
    Time Units = 1ns
    Dynamic Power Units = 1uW    (derived from V,C,T units)
    Leakage Power Units = 1nW


  Cell Internal Power  =   1.4721 mW   (97%)
  Net Switching Power  =  38.9055 uW    (3%)
                         ---------
Total Dynamic Power    =   1.5110 mW  (100%)

Cell Leakage Power     = 470.6557 uW


                 Internal         Switching           Leakage            Total
Power Group      Power            Power               Power              Power   (   %    )  Attrs
--------------------------------------------------------------------------------------------------
io_pad             0.0000            0.0000            0.0000            0.0000  (   0.00%)
memory             0.0000            0.0000            0.0000            0.0000  (   0.00%)
black_box          0.0000            0.0000            0.0000            0.0000  (   0.00%)
clock_network  4.2342e-02            0.4900           25.4596            0.5578  (   0.03%)
register       1.4604e+03           12.0944        2.7204e+05        1.7446e+03  (  88.03%)
sequential         1.9991            0.2757        5.4157e+03            7.6905  (   0.39%)
combinational      9.6546           26.0452        1.9318e+05          228.8772  (  11.55%)
--------------------------------------------------------------------------------------------------
Total          1.4721e+03 uW        38.9053 uW     4.7066e+05 nW     1.9817e+03 uW
1
