###############################################################
#  Generated by:      Cadence Innovus 17.11-s080_1
#  OS:                Linux x86_64(Host ID localhost.localdomain)
#  Generated on:      Mon Aug 31 23:58:48 2020
#  Design:            DLX_IR_SIZE32_PC_SIZE32
#  Command:           verify_drc
###############################################################
#set_verify_drc_mode -check_implant true -check_implant_across_rows false -check_ndr_spacing false -check_same_via_cell false -disable_rules "" -exclude_pg_net false -ignore_trial_route false -limit 1000 -report DLX_IR_SIZE32_PC_SIZE32_1_minarea.drc.rpt

SHORT: ( Metal Short ) Special Wire of Net vdd & Pin of Cell datapath_i/write_back_stage_dp/wb_mux/Y_reg[28]  ( metal1 )
Bounds : ( 310.270, 368.955 ) ( 379.050, 369.125 )


SHORT: ( Metal Short ) Special Wire of Net gnd & Pin of Cell datapath_i/memory_stage_dp/branch_mux/Y_reg[27]  ( metal1 )
Bounds : ( 310.080, 367.555 ) ( 379.050, 367.725 )


SHORT: ( Metal Short ) Special Wire of Net vdd & Pin of Cell datapath_i/memory_stage_dp/branch_mux/Y_reg[28]  ( metal1 )
Bounds : ( 310.080, 366.155 ) ( 379.050, 366.325 )


SHORT: ( Metal Short ) Special Wire of Net gnd & Pin of Cell datapath_i/decode_stage_dp/reg_file/REGISTERS_reg[17][29]  ( metal1 )
Bounds : ( 309.890, 361.955 ) ( 379.050, 362.125 )


SHORT: ( Metal Short ) Special Wire of Net vdd & Pin of Cell datapath_i/decode_stage_dp/reg_file/REGISTERS_reg[17][28]  ( metal1 )
Bounds : ( 309.890, 360.555 ) ( 379.050, 360.725 )


SHORT: ( Metal Short ) Special Wire of Net gnd & Pin of Cell datapath_i/decode_stage_dp/reg_file/OUT2_reg[30]  ( metal1 )
Bounds : ( 309.130, 364.755 ) ( 379.050, 364.925 )


SHORT: ( Metal Short ) Special Wire of Net vdd & Pin of Cell datapath_i/decode_stage_dp/reg_file/OUT2_reg[28]  ( metal1 )
Bounds : ( 309.130, 363.355 ) ( 379.050, 363.525 )


SHORT: ( Metal Short ) Special Wire of Net gnd & Pin of Cell datapath_i/execute_stage_dp/reg_del_b/D_I_25/Q_reg  ( metal1 )
Bounds : ( 308.560, 373.155 ) ( 379.050, 373.325 )


SHORT: ( Metal Short ) Special Wire of Net vdd & Pin of Cell datapath_i/memory_stage_dp/U13  ( metal1 )
Bounds : ( 307.990, 377.355 ) ( 379.050, 377.525 )


SHORT: ( Metal Short ) Special Wire of Net vdd & Pin of Cell datapath_i/fetch_stage_dp/add_79_3_aco/U55  ( metal1 )
Bounds : ( 306.660, 371.755 ) ( 379.050, 371.925 )


SHORT: ( Metal Short ) Special Wire of Net gnd & Pin of Cell datapath_i/write_back_stage_dp/wb_mux/Y_reg[27]  ( metal1 )
Bounds : ( 306.660, 370.355 ) ( 379.050, 370.525 )


SHORT: ( Metal Short ) Special Wire of Net gnd & Pin of Cell FILLER_35422  ( metal1 )
Bounds : ( 306.470, 375.955 ) ( 379.050, 376.125 )


SHORT: ( Metal Short ) Special Wire of Net vdd & Pin of Cell datapath_i/memory_stage_dp/delay_regg/D_I_26/Q_reg  ( metal1 )
Bounds : ( 306.470, 374.555 ) ( 379.050, 374.725 )


SHORT: ( Metal Short ) Special Wire of Net vdd & Pin of Cell datapath_i/decode_stage_dp/reg_file/REGISTERS_reg[26][23]  ( metal1 )
Bounds : ( 309.700, 340.955 ) ( 379.050, 341.125 )


SHORT: ( Metal Short ) Special Wire of Net vdd & Pin of Cell datapath_i/decode_stage_dp/reg_file/REGISTERS_reg[22][27]  ( metal1 )
Bounds : ( 309.320, 346.555 ) ( 379.050, 346.725 )


SHORT: ( Metal Short ) Special Wire of Net gnd & Pin of Cell datapath_i/decode_stage_dp/reg_file/REGISTERS_reg[28][28]  ( metal1 )
Bounds : ( 309.320, 345.155 ) ( 379.050, 345.325 )


SHORT: ( Metal Short ) Special Wire of Net gnd & Pin of Cell datapath_i/decode_stage_dp/reg_file/REGISTERS_reg[28][23]  ( metal1 )
Bounds : ( 309.320, 339.555 ) ( 379.050, 339.725 )


SHORT: ( Metal Short ) Special Wire of Net gnd & Pin of Cell datapath_i/decode_stage_dp/reg_file/REGISTERS_reg[23][23]  ( metal1 )
Bounds : ( 308.940, 353.555 ) ( 379.050, 353.725 )


SHORT: ( Metal Short ) Special Wire of Net vdd & Pin of Cell datapath_i/decode_stage_dp/reg_file/OUT2_reg[25]  ( metal1 )
Bounds : ( 308.750, 357.755 ) ( 379.050, 357.925 )


SHORT: ( Metal Short ) Special Wire of Net vdd & Pin of Cell datapath_i/decode_stage_dp/reg_file/REGISTERS_reg[21][24]  ( metal1 )
Bounds : ( 308.560, 335.355 ) ( 379.050, 335.525 )


SHORT: ( Metal Short ) Special Wire of Net vdd & Pin of Cell datapath_i/decode_stage_dp/reg_file/REGISTERS_reg[29][23]  ( metal1 )
Bounds : ( 308.370, 343.755 ) ( 379.050, 343.925 )


SHORT: ( Metal Short ) Special Wire of Net gnd & Pin of Cell datapath_i/decode_stage_dp/reg_file/REGISTERS_reg[24][27]  ( metal1 )
Bounds : ( 308.370, 342.355 ) ( 379.050, 342.525 )


SHORT: ( Metal Short ) Special Wire of Net vdd & Pin of Cell datapath_i/decode_stage_dp/reg_file/REGISTERS_reg[25][23]  ( metal1 )
Bounds : ( 308.180, 352.155 ) ( 379.050, 352.325 )


SHORT: ( Metal Short ) Special Wire of Net gnd & Pin of Cell datapath_i/decode_stage_dp/reg_file/REGISTERS_reg[21][27]  ( metal1 )
Bounds : ( 308.180, 350.755 ) ( 379.050, 350.925 )


SHORT: ( Metal Short ) Special Wire of Net vdd & Pin of Cell datapath_i/decode_stage_dp/reg_file/REGISTERS_reg[26][27]  ( metal1 )
Bounds : ( 308.180, 338.155 ) ( 379.050, 338.325 )


SHORT: ( Metal Short ) Special Wire of Net gnd & Pin of Cell datapath_i/decode_stage_dp/reg_file/REGISTERS_reg[23][24]  ( metal1 )
Bounds : ( 308.180, 336.755 ) ( 379.050, 336.925 )


SHORT: ( Metal Short ) Special Wire of Net vdd & Pin of Cell datapath_i/decode_stage_dp/reg_file/REGISTERS_reg[21][23]  ( metal1 )
Bounds : ( 307.990, 349.355 ) ( 379.050, 349.525 )


SHORT: ( Metal Short ) Special Wire of Net gnd & Pin of Cell datapath_i/decode_stage_dp/reg_file/REGISTERS_reg[16][27]  ( metal1 )
Bounds : ( 307.990, 347.955 ) ( 379.050, 348.125 )


SHORT: ( Metal Short ) Special Wire of Net gnd & Pin of Cell datapath_i/decode_stage_dp/reg_file/OUT1_reg[25]  ( metal1 )
Bounds : ( 307.610, 356.355 ) ( 379.050, 356.525 )


SHORT: ( Metal Short ) Special Wire of Net vdd & Pin of Cell datapath_i/decode_stage_dp/reg_file/OUT1_reg[24]  ( metal1 )
Bounds : ( 307.610, 354.955 ) ( 379.050, 355.125 )


SHORT: ( Metal Short ) Special Wire of Net gnd & Pin of Cell datapath_i/decode_stage_dp/reg_file/OUT2_reg[27]  ( metal1 )
Bounds : ( 308.750, 359.155 ) ( 379.050, 359.325 )


SHORT: ( Metal Short ) Special Wire of Net vdd & Pin of Cell datapath_i/decode_stage_dp/reg_file/REGISTERS_reg[25][24]  ( metal1 )
Bounds : ( 308.750, 326.955 ) ( 379.050, 327.125 )


SHORT: ( Metal Short ) Special Wire of Net gnd & Pin of Cell datapath_i/decode_stage_dp/reg_file/REGISTERS_reg[27][25]  ( metal1 )
Bounds : ( 308.750, 325.555 ) ( 379.050, 325.725 )


SHORT: ( Metal Short ) Special Wire of Net gnd & Pin of Cell datapath_i/decode_stage_dp/reg_file/REGISTERS_reg[26][26]  ( metal1 )
Bounds : ( 308.560, 333.955 ) ( 379.050, 334.125 )


SHORT: ( Metal Short ) Special Wire of Net gnd & Pin of Cell datapath_i/decode_stage_dp/reg_file/REGISTERS_reg[26][24]  ( metal1 )
Bounds : ( 308.370, 322.755 ) ( 379.050, 322.925 )


SHORT: ( Metal Short ) Special Wire of Net vdd & Pin of Cell datapath_i/decode_stage_dp/reg_file/REGISTERS_reg[20][24]  ( metal1 )
Bounds : ( 308.180, 329.755 ) ( 379.050, 329.925 )


SHORT: ( Metal Short ) Special Wire of Net gnd & Pin of Cell datapath_i/decode_stage_dp/reg_file/REGISTERS_reg[29][24]  ( metal1 )
Bounds : ( 308.180, 328.355 ) ( 379.050, 328.525 )


SHORT: ( Metal Short ) Special Wire of Net gnd & Pin of Cell datapath_i/decode_stage_dp/reg_file/REGISTERS_reg[20][25]  ( metal1 )
Bounds : ( 308.180, 311.555 ) ( 379.050, 311.725 )


SHORT: ( Metal Short ) Special Wire of Net vdd & Pin of Cell datapath_i/decode_stage_dp/reg_file/REGISTERS_reg[31][31]  ( metal1 )
Bounds : ( 307.990, 332.555 ) ( 379.050, 332.725 )


SHORT: ( Metal Short ) Special Wire of Net gnd & Pin of Cell datapath_i/decode_stage_dp/reg_file/REGISTERS_reg[28][26]  ( metal1 )
Bounds : ( 307.990, 331.155 ) ( 379.050, 331.325 )


SHORT: ( Metal Short ) Special Wire of Net vdd & Pin of Cell datapath_i/decode_stage_dp/reg_file/REGISTERS_reg[21][25]  ( metal1 )
Bounds : ( 307.990, 321.355 ) ( 379.050, 321.525 )


SHORT: ( Metal Short ) Special Wire of Net gnd & Pin of Cell datapath_i/decode_stage_dp/reg_file/REGISTERS_reg[24][24]  ( metal1 )
Bounds : ( 307.990, 319.955 ) ( 379.050, 320.125 )


SHORT: ( Metal Short ) Special Wire of Net vdd & Pin of Cell datapath_i/decode_stage_dp/reg_file/REGISTERS_reg[19][26]  ( metal1 )
Bounds : ( 307.800, 318.555 ) ( 379.050, 318.725 )


SHORT: ( Metal Short ) Special Wire of Net gnd & Pin of Cell datapath_i/decode_stage_dp/reg_file/REGISTERS_reg[17][25]  ( metal1 )
Bounds : ( 307.800, 317.155 ) ( 379.050, 317.325 )


SHORT: ( Metal Short ) Special Wire of Net vdd & Pin of Cell datapath_i/decode_stage_dp/reg_file/REGISTERS_reg[16][26]  ( metal1 )
Bounds : ( 308.180, 312.955 ) ( 379.050, 313.125 )


SHORT: ( Metal Short ) Special Wire of Net vdd & Pin of Cell datapath_i/decode_stage_dp/reg_file/REGISTERS_reg[30][24]  ( metal1 )
Bounds : ( 309.130, 324.155 ) ( 379.050, 324.325 )


SHORT: ( Metal Short ) Special Wire of Net gnd & Pin of Cell datapath_i/decode_stage_dp/reg_file/REGISTERS_reg[19][25]  ( metal1 )
Bounds : ( 309.320, 314.355 ) ( 379.050, 314.525 )


SHORT: ( Metal Short ) Special Wire of Net vdd & Pin of Cell datapath_i/decode_stage_dp/reg_file/REGISTERS_reg[16][30]  ( metal1 )
Bounds : ( 309.320, 315.755 ) ( 379.050, 315.925 )


SHORT: ( Metal Short ) Special Wire of Net gnd & Pin of Cell datapath_i/decode_stage_dp/reg_file/REGISTERS_reg[7][21]  ( metal1 )
Bounds : ( 309.130, 308.755 ) ( 379.050, 308.925 )


SHORT: ( Metal Short ) Special Wire of Net vdd & Pin of Cell datapath_i/decode_stage_dp/reg_file/REGISTERS_reg[6][21]  ( metal1 )
Bounds : ( 309.130, 307.355 ) ( 379.050, 307.525 )


SHORT: ( Metal Short ) Special Wire of Net vdd & Pin of Cell datapath_i/decode_stage_dp/reg_file/REGISTERS_reg[18][25]  ( metal1 )
Bounds : ( 308.560, 310.155 ) ( 379.050, 310.325 )


SHORT: ( Metal Short ) Special Wire of Net gnd & Pin of Cell datapath_i/decode_stage_dp/reg_file/REGISTERS_reg[15][29]  ( metal1 )
Bounds : ( 310.080, 291.955 ) ( 379.050, 292.125 )


SHORT: ( Metal Short ) Special Wire of Net vdd & Pin of Cell datapath_i/decode_stage_dp/reg_file/REGISTERS_reg[1][29]  ( metal1 )
Bounds : ( 309.510, 304.555 ) ( 379.050, 304.725 )


SHORT: ( Metal Short ) Special Wire of Net gnd & Pin of Cell datapath_i/decode_stage_dp/reg_file/REGISTERS_reg[3][29]  ( metal1 )
Bounds : ( 309.510, 303.155 ) ( 379.050, 303.325 )


SHORT: ( Metal Short ) Special Wire of Net vdd & Pin of Cell datapath_i/decode_stage_dp/reg_file/REGISTERS_reg[0][21]  ( metal1 )
Bounds : ( 309.510, 301.755 ) ( 379.050, 301.925 )


SHORT: ( Metal Short ) Special Wire of Net gnd & Pin of Cell datapath_i/decode_stage_dp/reg_file/REGISTERS_reg[11][31]  ( metal1 )
Bounds : ( 309.510, 300.355 ) ( 379.050, 300.525 )


SHORT: ( Metal Short ) Special Wire of Net vdd & Pin of Cell datapath_i/decode_stage_dp/reg_file/REGISTERS_reg[2][29]  ( metal1 )
Bounds : ( 309.510, 298.955 ) ( 379.050, 299.125 )


SHORT: ( Metal Short ) Special Wire of Net gnd & Pin of Cell datapath_i/decode_stage_dp/reg_file/REGISTERS_reg[13][29]  ( metal1 )
Bounds : ( 309.510, 294.755 ) ( 379.050, 294.925 )


SHORT: ( Metal Short ) Special Wire of Net vdd & Pin of Cell datapath_i/decode_stage_dp/reg_file/REGISTERS_reg[10][20]  ( metal1 )
Bounds : ( 309.510, 293.355 ) ( 379.050, 293.525 )


SHORT: ( Metal Short ) Special Wire of Net vdd & Pin of Cell datapath_i/decode_stage_dp/reg_file/REGISTERS_reg[14][20]  ( metal1 )
Bounds : ( 309.510, 290.555 ) ( 379.050, 290.725 )


SHORT: ( Metal Short ) Special Wire of Net gnd & Pin of Cell datapath_i/decode_stage_dp/reg_file/REGISTERS_reg[12][31]  ( metal1 )
Bounds : ( 309.510, 289.155 ) ( 379.050, 289.325 )


SHORT: ( Metal Short ) Special Wire of Net gnd & Pin of Cell datapath_i/decode_stage_dp/reg_file/REGISTERS_reg[5][21]  ( metal1 )
Bounds : ( 309.130, 305.955 ) ( 379.050, 306.125 )


SHORT: ( Metal Short ) Special Wire of Net vdd & Pin of Cell datapath_i/decode_stage_dp/reg_file/REGISTERS_reg[8][20]  ( metal1 )
Bounds : ( 307.990, 287.755 ) ( 379.050, 287.925 )


SHORT: ( Metal Short ) Special Wire of Net gnd & Pin of Cell datapath_i/decode_stage_dp/reg_file/REGISTERS_reg[15][21]  ( metal1 )
Bounds : ( 307.610, 297.555 ) ( 379.050, 297.725 )


SHORT: ( Metal Short ) Special Wire of Net vdd & Pin of Cell datapath_i/decode_stage_dp/reg_file/REGISTERS_reg[13][21]  ( metal1 )
Bounds : ( 307.610, 296.155 ) ( 379.050, 296.325 )


SHORT: ( Metal Short ) Special Wire of Net vdd & Pin of Cell datapath_i/decode_stage_dp/reg_file/REGISTERS_reg[3][24]  ( metal1 )
Bounds : ( 309.510, 265.355 ) ( 379.050, 265.525 )


SHORT: ( Metal Short ) Special Wire of Net gnd & Pin of Cell datapath_i/decode_stage_dp/reg_file/REGISTERS_reg[6][24]  ( metal1 )
Bounds : ( 309.510, 263.955 ) ( 379.050, 264.125 )


SHORT: ( Metal Short ) Special Wire of Net vdd & Pin of Cell datapath_i/decode_stage_dp/reg_file/REGISTERS_reg[6][20]  ( metal1 )
Bounds : ( 309.320, 284.955 ) ( 379.050, 285.125 )


SHORT: ( Metal Short ) Special Wire of Net gnd & Pin of Cell datapath_i/decode_stage_dp/reg_file/REGISTERS_reg[5][20]  ( metal1 )
Bounds : ( 309.320, 283.555 ) ( 379.050, 283.725 )


SHORT: ( Metal Short ) Special Wire of Net vdd & Pin of Cell datapath_i/decode_stage_dp/reg_file/REGISTERS_reg[8][22]  ( metal1 )
Bounds : ( 309.320, 273.755 ) ( 379.050, 273.925 )


SHORT: ( Metal Short ) Special Wire of Net gnd & Pin of Cell datapath_i/decode_stage_dp/reg_file/REGISTERS_reg[10][22]  ( metal1 )
Bounds : ( 309.320, 272.355 ) ( 379.050, 272.525 )


SHORT: ( Metal Short ) Special Wire of Net vdd & Pin of Cell datapath_i/decode_stage_dp/reg_file/REGISTERS_reg[15][22]  ( metal1 )
Bounds : ( 309.320, 270.955 ) ( 379.050, 271.125 )


SHORT: ( Metal Short ) Special Wire of Net gnd & Pin of Cell datapath_i/decode_stage_dp/reg_file/REGISTERS_reg[14][22]  ( metal1 )
Bounds : ( 309.320, 269.555 ) ( 379.050, 269.725 )


SHORT: ( Metal Short ) Special Wire of Net vdd & Pin of Cell datapath_i/decode_stage_dp/reg_file/REGISTERS_reg[11][22]  ( metal1 )
Bounds : ( 309.320, 268.155 ) ( 379.050, 268.325 )


SHORT: ( Metal Short ) Special Wire of Net gnd & Pin of Cell datapath_i/decode_stage_dp/reg_file/REGISTERS_reg[7][22]  ( metal1 )
Bounds : ( 309.130, 277.955 ) ( 379.050, 278.125 )


SHORT: ( Metal Short ) Special Wire of Net vdd & Pin of Cell datapath_i/decode_stage_dp/reg_file/REGISTERS_reg[4][22]  ( metal1 )
Bounds : ( 309.130, 276.555 ) ( 379.050, 276.725 )


SHORT: ( Metal Short ) Special Wire of Net gnd & Pin of Cell datapath_i/decode_stage_dp/reg_file/REGISTERS_reg[13][22]  ( metal1 )
Bounds : ( 309.130, 275.155 ) ( 379.050, 275.325 )


SHORT: ( Metal Short ) Special Wire of Net gnd & Pin of Cell datapath_i/decode_stage_dp/reg_file/REGISTERS_reg[0][22]  ( metal1 )
Bounds : ( 308.940, 280.755 ) ( 379.050, 280.925 )


SHORT: ( Metal Short ) Special Wire of Net vdd & Pin of Cell datapath_i/decode_stage_dp/reg_file/REGISTERS_reg[5][22]  ( metal1 )
Bounds : ( 308.940, 279.355 ) ( 379.050, 279.525 )


SHORT: ( Metal Short ) Special Wire of Net gnd & Pin of Cell datapath_i/decode_stage_dp/reg_file/REGISTERS_reg[7][20]  ( metal1 )
Bounds : ( 307.990, 286.355 ) ( 379.050, 286.525 )


SHORT: ( Metal Short ) Special Wire of Net gnd & Pin of Cell datapath_i/decode_stage_dp/reg_file/REGISTERS_reg[5][23]  ( metal1 )
Bounds : ( 310.080, 266.755 ) ( 379.050, 266.925 )


SHORT: ( Metal Short ) Special Wire of Net vdd & Pin of Cell datapath_i/decode_stage_dp/reg_file/REGISTERS_reg[2][22]  ( metal1 )
Bounds : ( 310.270, 282.155 ) ( 379.050, 282.325 )


SHORT: ( Metal Short ) Special Wire of Net gnd & Pin of Cell datapath_i/decode_stage_dp/reg_file/REGISTERS_reg[11][24]  ( metal1 )
Bounds : ( 309.700, 258.355 ) ( 379.050, 258.525 )


SHORT: ( Metal Short ) Special Wire of Net vdd & Pin of Cell datapath_i/decode_stage_dp/reg_file/REGISTERS_reg[11][25]  ( metal1 )
Bounds : ( 309.700, 256.955 ) ( 379.050, 257.125 )


SHORT: ( Metal Short ) Special Wire of Net vdd & Pin of Cell datapath_i/decode_stage_dp/reg_file/REGISTERS_reg[4][24]  ( metal1 )
Bounds : ( 309.320, 262.555 ) ( 379.050, 262.725 )


SHORT: ( Metal Short ) Special Wire of Net vdd & Pin of Cell datapath_i/decode_stage_dp/reg_file/REGISTERS_reg[15][23]  ( metal1 )
Bounds : ( 309.320, 242.955 ) ( 379.050, 243.125 )


SHORT: ( Metal Short ) Special Wire of Net gnd & Pin of Cell datapath_i/decode_stage_dp/reg_file/REGISTERS_reg[9][25]  ( metal1 )
Bounds : ( 309.130, 255.555 ) ( 379.050, 255.725 )


SHORT: ( Metal Short ) Special Wire of Net vdd & Pin of Cell datapath_i/decode_stage_dp/reg_file/REGISTERS_reg[9][24]  ( metal1 )
Bounds : ( 309.130, 254.155 ) ( 379.050, 254.325 )


SHORT: ( Metal Short ) Special Wire of Net vdd & Pin of Cell datapath_i/decode_stage_dp/reg_file/REGISTERS_reg[10][27]  ( metal1 )
Bounds : ( 309.130, 251.355 ) ( 379.050, 251.525 )


SHORT: ( Metal Short ) Special Wire of Net gnd & Pin of Cell datapath_i/decode_stage_dp/reg_file/REGISTERS_reg[5][24]  ( metal1 )
Bounds : ( 309.130, 249.955 ) ( 379.050, 250.125 )


SHORT: ( Metal Short ) Special Wire of Net vdd & Pin of Cell datapath_i/decode_stage_dp/reg_file/REGISTERS_reg[0][24]  ( metal1 )
Bounds : ( 309.130, 248.555 ) ( 379.050, 248.725 )


SHORT: ( Metal Short ) Special Wire of Net gnd & Pin of Cell datapath_i/decode_stage_dp/reg_file/REGISTERS_reg[7][24]  ( metal1 )
Bounds : ( 309.130, 247.155 ) ( 379.050, 247.325 )


SHORT: ( Metal Short ) Special Wire of Net vdd & Pin of Cell datapath_i/decode_stage_dp/reg_file/REGISTERS_reg[13][24]  ( metal1 )
Bounds : ( 309.130, 245.755 ) ( 379.050, 245.925 )


SHORT: ( Metal Short ) Special Wire of Net gnd & Pin of Cell datapath_i/decode_stage_dp/reg_file/REGISTERS_reg[7][25]  ( metal1 )
Bounds : ( 309.130, 244.355 ) ( 379.050, 244.525 )


SHORT: ( Metal Short ) Special Wire of Net gnd & Pin of Cell datapath_i/decode_stage_dp/reg_file/REGISTERS_reg[0][27]  ( metal1 )
Bounds : ( 308.750, 261.155 ) ( 379.050, 261.325 )


SHORT: ( Metal Short ) Special Wire of Net vdd & Pin of Cell datapath_i/decode_stage_dp/reg_file/REGISTERS_reg[1][24]  ( metal1 )
Bounds : ( 308.750, 259.755 ) ( 379.050, 259.925 )


SHORT: ( Metal Short ) Special Wire of Net vdd & Pin of Cell FILLER_14817  ( metal1 )
Bounds : ( 304.570, 240.155 ) ( 379.050, 240.325 )


SHORT: ( Metal Short ) Special Wire of Net gnd & Pin of Cell FILLER_14817  ( metal1 )
Bounds : ( 304.570, 241.555 ) ( 379.050, 241.725 )


SHORT: ( Metal Short ) Special Wire of Net gnd & Pin of Cell datapath_i/decode_stage_dp/reg_file/REGISTERS_reg[8][25]  ( metal1 )
Bounds : ( 310.270, 252.755 ) ( 379.050, 252.925 )


SHORT: ( Metal Short ) Special Wire of Net gnd & Pin of Cell FILLER_14359  ( metal1 )
Bounds : ( 306.470, 235.955 ) ( 379.050, 236.125 )


SHORT: ( Metal Short ) Special Wire of Net vdd & Pin of Cell FILLER_14359  ( metal1 )
Bounds : ( 306.470, 234.555 ) ( 379.050, 234.725 )


SHORT: ( Metal Short ) Special Wire of Net gnd & Pin of Cell FILLER_14099  ( metal1 )
Bounds : ( 305.900, 233.155 ) ( 379.050, 233.325 )


SHORT: ( Metal Short ) Special Wire of Net vdd & Pin of Cell FILLER_14099  ( metal1 )
Bounds : ( 305.900, 231.755 ) ( 379.050, 231.925 )


SHORT: ( Metal Short ) Special Wire of Net gnd & Pin of Cell FILLER_13812  ( metal1 )
Bounds : ( 306.470, 230.355 ) ( 379.050, 230.525 )


SHORT: ( Metal Short ) Special Wire of Net vdd & Pin of Cell FILLER_14479  ( metal1 )
Bounds : ( 307.610, 237.355 ) ( 379.050, 237.525 )


SHORT: ( Metal Short ) Special Wire of Net gnd & Pin of Cell FILLER_14587  ( metal1 )
Bounds : ( 307.800, 238.755 ) ( 379.050, 238.925 )


SHORT: ( Metal Short ) Special Wire of Net vdd & Pin of Cell datapath_i/memory_stage_dp/U14  ( metal1 )
Bounds : ( 5.130, 377.355 ) ( 81.700, 377.525 )


SHORT: ( Metal Short ) Special Wire of Net gnd & Pin of Cell FILLER_35438  ( metal1 )
Bounds : ( 5.130, 375.955 ) ( 84.170, 376.125 )


SHORT: ( Metal Short ) Special Wire of Net vdd & Pin of Cell datapath_i/memory_stage_dp/U36  ( metal1 )
Bounds : ( 5.130, 374.555 ) ( 84.170, 374.725 )


SHORT: ( Metal Short ) Special Wire of Net gnd & Pin of Cell datapath_i/memory_stage_dp/lmd/D_I_2/Q_reg  ( metal1 )
Bounds : ( 5.130, 373.155 ) ( 79.610, 373.325 )


SHORT: ( Metal Short ) Special Wire of Net vdd & Pin of Cell datapath_i/memory_stage_dp/lmd/D_I_3/Q_reg  ( metal1 )
Bounds : ( 5.130, 371.755 ) ( 79.800, 371.925 )


SHORT: ( Metal Short ) Special Wire of Net gnd & Pin of Cell datapath_i/execute_stage_dp/reg_del_b/D_I_6/Q_reg  ( metal1 )
Bounds : ( 5.130, 370.355 ) ( 79.800, 370.525 )


SHORT: ( Metal Short ) Special Wire of Net vdd & Pin of Cell datapath_i/memory_stage_dp/DRAM_ADDRESS_tri[5]  ( metal1 )
Bounds : ( 5.130, 368.955 ) ( 78.850, 369.125 )


SHORT: ( Metal Short ) Special Wire of Net gnd & Pin of Cell datapath_i/memory_stage_dp/U4  ( metal1 )
Bounds : ( 5.130, 367.555 ) ( 78.850, 367.725 )


SHORT: ( Metal Short ) Special Wire of Net vdd & Pin of Cell datapath_i/execute_stage_dp/reg_del_b/D_I_4/Q_reg  ( metal1 )
Bounds : ( 5.130, 366.155 ) ( 81.700, 366.325 )


SHORT: ( Metal Short ) Special Wire of Net gnd & Pin of Cell datapath_i/memory_stage_dp/lmd/D_I_1/Q_reg  ( metal1 )
Bounds : ( 5.130, 364.755 ) ( 81.890, 364.925 )


SHORT: ( Metal Short ) Special Wire of Net vdd & Pin of Cell datapath_i/memory_stage_dp/lmd/D_I_0/Q_reg  ( metal1 )
Bounds : ( 5.130, 363.355 ) ( 81.890, 363.525 )


SHORT: ( Metal Short ) Special Wire of Net gnd & Pin of Cell datapath_i/execute_stage_dp/reg_del_b/D_I_0/Q_reg  ( metal1 )
Bounds : ( 5.130, 361.955 ) ( 81.700, 362.125 )


SHORT: ( Metal Short ) Special Wire of Net vdd & Pin of Cell cu_i/wb_reg/D_I_7/Q_reg  ( metal1 )
Bounds : ( 5.130, 360.555 ) ( 81.700, 360.725 )


SHORT: ( Metal Short ) Special Wire of Net vdd & Pin of Cell cu_i/wb_reg/D_I_8/Q_reg  ( metal1 )
Bounds : ( 5.130, 357.755 ) ( 79.800, 357.925 )


SHORT: ( Metal Short ) Special Wire of Net gnd & Pin of Cell datapath_i/fetch_stage_dp/add_79_3_aco/U31  ( metal1 )
Bounds : ( 5.130, 356.355 ) ( 79.800, 356.525 )


SHORT: ( Metal Short ) Special Wire of Net vdd & Pin of Cell cu_i/U44  ( metal1 )
Bounds : ( 5.130, 354.955 ) ( 81.510, 355.125 )


SHORT: ( Metal Short ) Special Wire of Net gnd & Pin of Cell cu_i/e_reg/D_I_8/Q_reg  ( metal1 )
Bounds : ( 5.130, 353.555 ) ( 81.510, 353.725 )


SHORT: ( Metal Short ) Special Wire of Net vdd & Pin of Cell cu_i/U64  ( metal1 )
Bounds : ( 5.130, 352.155 ) ( 78.660, 352.325 )


SHORT: ( Metal Short ) Special Wire of Net gnd & Pin of Cell cu_i/m_reg/D_I_8/Q_reg  ( metal1 )
Bounds : ( 5.130, 350.755 ) ( 80.940, 350.925 )


SHORT: ( Metal Short ) Special Wire of Net gnd & Pin of Cell cu_i/m_reg/D_I_21/Q_reg  ( metal1 )
Bounds : ( 5.130, 347.955 ) ( 80.560, 348.125 )


SHORT: ( Metal Short ) Special Wire of Net vdd & Pin of Cell cu_i/U49  ( metal1 )
Bounds : ( 5.130, 346.555 ) ( 80.560, 346.725 )


SHORT: ( Metal Short ) Special Wire of Net gnd & Pin of Cell cu_i/wb_reg/D_I_21/Q_reg  ( metal1 )
Bounds : ( 5.130, 345.155 ) ( 80.750, 345.325 )


SHORT: ( Metal Short ) Special Wire of Net vdd & Pin of Cell FILLER_30784  ( metal1 )
Bounds : ( 5.130, 343.755 ) ( 81.130, 343.925 )


SHORT: ( Metal Short ) Special Wire of Net gnd & Pin of Cell FILLER_30554  ( metal1 )
Bounds : ( 5.130, 342.355 ) ( 81.130, 342.525 )


SHORT: ( Metal Short ) Special Wire of Net vdd & Pin of Cell FE_OFC522_CLK  ( metal1 )
Bounds : ( 5.130, 340.955 ) ( 80.750, 341.125 )


SHORT: ( Metal Short ) Special Wire of Net gnd & Pin of Cell FILLER_30061  ( metal1 )
Bounds : ( 5.130, 339.555 ) ( 84.170, 339.725 )


SHORT: ( Metal Short ) Special Wire of Net vdd & Pin of Cell FILLER_29592  ( metal1 )
Bounds : ( 5.130, 338.155 ) ( 84.170, 338.325 )


SHORT: ( Metal Short ) Special Wire of Net gnd & Pin of Cell FILLER_29592  ( metal1 )
Bounds : ( 5.130, 336.755 ) ( 84.170, 336.925 )


SHORT: ( Metal Short ) Special Wire of Net vdd & Pin of Cell FILLER_29357  ( metal1 )
Bounds : ( 5.130, 335.355 ) ( 84.170, 335.525 )


SHORT: ( Metal Short ) Special Wire of Net vdd & Pin of Cell FILLER_31712  ( metal1 )
Bounds : ( 5.130, 349.355 ) ( 80.940, 349.525 )


SHORT: ( Metal Short ) Special Wire of Net gnd & Pin of Cell cu_i/e_reg/D_I_7/Q_reg  ( metal1 )
Bounds : ( 5.130, 359.155 ) ( 79.040, 359.325 )


SHORT: ( Metal Short ) Special Wire of Net gnd & Pin of Cell FILLER_29153  ( metal1 )
Bounds : ( 5.130, 333.955 ) ( 84.170, 334.125 )


SHORT: ( Metal Short ) Special Wire of Net vdd & Pin of Cell FILLER_28924  ( metal1 )
Bounds : ( 5.130, 332.555 ) ( 84.170, 332.725 )


SHORT: ( Metal Short ) Special Wire of Net gnd & Pin of Cell FILLER_28671  ( metal1 )
Bounds : ( 5.130, 331.155 ) ( 84.170, 331.325 )


SHORT: ( Metal Short ) Special Wire of Net vdd & Pin of Cell FILLER_28436  ( metal1 )
Bounds : ( 5.130, 329.755 ) ( 84.170, 329.925 )


SHORT: ( Metal Short ) Special Wire of Net gnd & Pin of Cell FILLER_28170  ( metal1 )
Bounds : ( 5.130, 328.355 ) ( 84.170, 328.525 )


SHORT: ( Metal Short ) Special Wire of Net vdd & Pin of Cell FILLER_27930  ( metal1 )
Bounds : ( 5.130, 326.955 ) ( 84.170, 327.125 )


SHORT: ( Metal Short ) Special Wire of Net gnd & Pin of Cell FILLER_27682  ( metal1 )
Bounds : ( 5.130, 325.555 ) ( 84.170, 325.725 )


SHORT: ( Metal Short ) Special Wire of Net vdd & Pin of Cell FILLER_27421  ( metal1 )
Bounds : ( 5.130, 324.155 ) ( 84.170, 324.325 )


SHORT: ( Metal Short ) Special Wire of Net gnd & Pin of Cell FILLER_26907  ( metal1 )
Bounds : ( 5.130, 322.755 ) ( 84.170, 322.925 )


SHORT: ( Metal Short ) Special Wire of Net vdd & Pin of Cell FILLER_26907  ( metal1 )
Bounds : ( 5.130, 321.355 ) ( 84.170, 321.525 )


SHORT: ( Metal Short ) Special Wire of Net gnd & Pin of Cell FILLER_26683  ( metal1 )
Bounds : ( 5.130, 319.955 ) ( 84.170, 320.125 )


SHORT: ( Metal Short ) Special Wire of Net vdd & Pin of Cell FILLER_26442  ( metal1 )
Bounds : ( 5.130, 318.555 ) ( 84.170, 318.725 )


SHORT: ( Metal Short ) Special Wire of Net gnd & Pin of Cell FILLER_26217  ( metal1 )
Bounds : ( 5.130, 317.155 ) ( 84.170, 317.325 )


SHORT: ( Metal Short ) Special Wire of Net vdd & Pin of Cell FILLER_25977  ( metal1 )
Bounds : ( 5.130, 315.755 ) ( 84.170, 315.925 )


SHORT: ( Metal Short ) Special Wire of Net gnd & Pin of Cell FILLER_25733  ( metal1 )
Bounds : ( 5.130, 314.355 ) ( 84.170, 314.525 )


SHORT: ( Metal Short ) Special Wire of Net vdd & Pin of Cell FILLER_25503  ( metal1 )
Bounds : ( 5.130, 312.955 ) ( 84.170, 313.125 )


SHORT: ( Metal Short ) Special Wire of Net gnd & Pin of Cell FILLER_25266  ( metal1 )
Bounds : ( 5.130, 311.555 ) ( 84.170, 311.725 )


SHORT: ( Metal Short ) Special Wire of Net vdd & Pin of Cell FILLER_23709  ( metal1 )
Bounds : ( 5.130, 301.755 ) ( 84.170, 301.925 )


SHORT: ( Metal Short ) Special Wire of Net gnd & Pin of Cell FILLER_23490  ( metal1 )
Bounds : ( 5.130, 300.355 ) ( 84.170, 300.525 )


SHORT: ( Metal Short ) Special Wire of Net vdd & Pin of Cell FILLER_23285  ( metal1 )
Bounds : ( 5.130, 298.955 ) ( 84.170, 299.125 )


SHORT: ( Metal Short ) Special Wire of Net gnd & Pin of Cell FILLER_23056  ( metal1 )
Bounds : ( 5.130, 297.555 ) ( 84.170, 297.725 )


SHORT: ( Metal Short ) Special Wire of Net vdd & Pin of Cell FILLER_22847  ( metal1 )
Bounds : ( 5.130, 296.155 ) ( 84.170, 296.325 )


SHORT: ( Metal Short ) Special Wire of Net gnd & Pin of Cell FILLER_22631  ( metal1 )
Bounds : ( 5.130, 294.755 ) ( 84.170, 294.925 )


SHORT: ( Metal Short ) Special Wire of Net vdd & Pin of Cell FILLER_22207  ( metal1 )
Bounds : ( 5.130, 293.355 ) ( 84.170, 293.525 )


SHORT: ( Metal Short ) Special Wire of Net gnd & Pin of Cell FILLER_22207  ( metal1 )
Bounds : ( 5.130, 291.955 ) ( 84.170, 292.125 )


SHORT: ( Metal Short ) Special Wire of Net vdd & Pin of Cell FILLER_22001  ( metal1 )
Bounds : ( 5.130, 290.555 ) ( 84.170, 290.725 )


SHORT: ( Metal Short ) Special Wire of Net gnd & Pin of Cell FILLER_21764  ( metal1 )
Bounds : ( 5.130, 289.155 ) ( 84.170, 289.325 )


SHORT: ( Metal Short ) Special Wire of Net vdd & Pin of Cell FILLER_21521  ( metal1 )
Bounds : ( 5.130, 287.755 ) ( 84.170, 287.925 )


SHORT: ( Metal Short ) Special Wire of Net vdd & Pin of Cell FILLER_24610  ( metal1 )
Bounds : ( 5.130, 307.355 ) ( 84.170, 307.525 )


SHORT: ( Metal Short ) Special Wire of Net gnd & Pin of Cell FILLER_24610  ( metal1 )
Bounds : ( 5.130, 308.755 ) ( 84.170, 308.925 )


SHORT: ( Metal Short ) Special Wire of Net vdd & Pin of Cell FILLER_25049  ( metal1 )
Bounds : ( 5.130, 310.155 ) ( 84.170, 310.325 )


SHORT: ( Metal Short ) Special Wire of Net gnd & Pin of Cell FILLER_23933  ( metal1 )
Bounds : ( 5.130, 303.155 ) ( 84.170, 303.325 )


SHORT: ( Metal Short ) Special Wire of Net vdd & Pin of Cell FILLER_24163  ( metal1 )
Bounds : ( 5.130, 304.555 ) ( 84.170, 304.725 )


SHORT: ( Metal Short ) Special Wire of Net gnd & Pin of Cell FILLER_24386  ( metal1 )
Bounds : ( 5.130, 305.955 ) ( 84.170, 306.125 )


SHORT: ( Metal Short ) Special Wire of Net vdd & Pin of Cell FILLER_20673  ( metal1 )
Bounds : ( 5.130, 282.155 ) ( 84.170, 282.325 )


SHORT: ( Metal Short ) Special Wire of Net gnd & Pin of Cell FILLER_20467  ( metal1 )
Bounds : ( 5.130, 280.755 ) ( 84.170, 280.925 )


SHORT: ( Metal Short ) Special Wire of Net vdd & Pin of Cell FILLER_20051  ( metal1 )
Bounds : ( 5.130, 279.355 ) ( 84.170, 279.525 )


SHORT: ( Metal Short ) Special Wire of Net gnd & Pin of Cell FILLER_20051  ( metal1 )
Bounds : ( 5.130, 277.955 ) ( 78.850, 278.125 )


SHORT: ( Metal Short ) Special Wire of Net vdd & Pin of Cell FILLER_19824  ( metal1 )
Bounds : ( 5.130, 276.555 ) ( 78.850, 276.725 )


SHORT: ( Metal Short ) Special Wire of Net gnd & Pin of Cell FILLER_19607  ( metal1 )
Bounds : ( 5.130, 275.155 ) ( 78.850, 275.325 )


SHORT: ( Metal Short ) Special Wire of Net vdd & Pin of Cell FILLER_19384  ( metal1 )
Bounds : ( 5.130, 273.755 ) ( 78.850, 273.925 )


SHORT: ( Metal Short ) Special Wire of Net gnd & Pin of Cell FILLER_19165  ( metal1 )
Bounds : ( 5.130, 272.355 ) ( 78.850, 272.525 )


SHORT: ( Metal Short ) Special Wire of Net vdd & Pin of Cell datapath_i/execute_stage_dp/general_alu_i/boothmul_pipelined_i/pip_del_reg_i_6/D_I_0/Q_reg  ( metal1 )
Bounds : ( 5.130, 270.955 ) ( 80.750, 271.125 )


SHORT: ( Metal Short ) Special Wire of Net gnd & Pin of Cell datapath_i/execute_stage_dp/general_alu_i/boothmul_pipelined_i/pip_del_reg_i_7/D_I_0/Q_reg  ( metal1 )
Bounds : ( 5.130, 269.555 ) ( 80.750, 269.725 )


SHORT: ( Metal Short ) Special Wire of Net vdd & Pin of Cell datapath_i/execute_stage_dp/general_alu_i/boothmul_pipelined_i/pip_del_reg_i_5/D_I_0/Q_reg  ( metal1 )
Bounds : ( 5.130, 268.155 ) ( 79.420, 268.325 )


SHORT: ( Metal Short ) Special Wire of Net gnd & Pin of Cell datapath_i/execute_stage_dp/general_alu_i/boothmul_pipelined_i/pip_del_reg_i_2/D_I_0/Q_reg  ( metal1 )
Bounds : ( 5.130, 266.755 ) ( 79.610, 266.925 )


SHORT: ( Metal Short ) Special Wire of Net vdd & Pin of Cell FILLER_18012  ( metal1 )
Bounds : ( 5.130, 265.355 ) ( 84.170, 265.525 )


SHORT: ( Metal Short ) Special Wire of Net gnd & Pin of Cell FILLER_17645  ( metal1 )
Bounds : ( 5.130, 263.955 ) ( 84.170, 264.125 )


SHORT: ( Metal Short ) Special Wire of Net gnd & Pin of Cell FILLER_20870  ( metal1 )
Bounds : ( 5.130, 283.555 ) ( 84.170, 283.725 )


SHORT: ( Metal Short ) Special Wire of Net vdd & Pin of Cell FILLER_21101  ( metal1 )
Bounds : ( 5.130, 284.955 ) ( 84.170, 285.125 )


SHORT: ( Metal Short ) Special Wire of Net gnd & Pin of Cell FILLER_21327  ( metal1 )
Bounds : ( 5.130, 286.355 ) ( 84.170, 286.525 )


SHORT: ( Metal Short ) Special Wire of Net vdd & Pin of Cell FILLER_17645  ( metal1 )
Bounds : ( 5.130, 262.555 ) ( 84.170, 262.725 )


SHORT: ( Metal Short ) Special Wire of Net gnd & Pin of Cell FILLER_17433  ( metal1 )
Bounds : ( 5.130, 261.155 ) ( 84.170, 261.325 )


SHORT: ( Metal Short ) Special Wire of Net vdd & Pin of Cell FILLER_17249  ( metal1 )
Bounds : ( 5.130, 259.755 ) ( 84.170, 259.925 )


SHORT: ( Metal Short ) Special Wire of Net gnd & Pin of Cell FILLER_17030  ( metal1 )
Bounds : ( 5.130, 258.355 ) ( 81.130, 258.525 )


SHORT: ( Metal Short ) Special Wire of Net vdd & Pin of Cell datapath_i/execute_stage_dp/general_alu_i/boothmul_pipelined_i/ENC0_0/U7  ( metal1 )
Bounds : ( 5.130, 256.955 ) ( 81.320, 257.125 )


SHORT: ( Metal Short ) Special Wire of Net gnd & Pin of Cell datapath_i/execute_stage_dp/general_alu_i/boothmul_pipelined_i/MUXi_1/U5  ( metal1 )
Bounds : ( 5.130, 255.555 ) ( 81.320, 255.725 )


SHORT: ( Metal Short ) Special Wire of Net vdd & Pin of Cell datapath_i/execute_stage_dp/general_alu_i/boothmul_pipelined_i/MUXi_1/U6  ( metal1 )
Bounds : ( 5.130, 254.155 ) ( 80.750, 254.325 )


SHORT: ( Metal Short ) Special Wire of Net gnd & Pin of Cell datapath_i/execute_stage_dp/general_alu_i/boothmul_pipelined_i/ENC0_0/U6  ( metal1 )
Bounds : ( 5.130, 252.755 ) ( 78.660, 252.925 )


SHORT: ( Metal Short ) Special Wire of Net vdd & Pin of Cell datapath_i/execute_stage_dp/general_alu_i/boothmul_pipelined_i/ENC0_0/U3  ( metal1 )
Bounds : ( 5.130, 251.355 ) ( 78.660, 251.525 )


SHORT: ( Metal Short ) Special Wire of Net gnd & Pin of Cell datapath_i/execute_stage_dp/general_alu_i/boothmul_pipelined_i/ENC0_0/U5  ( metal1 )
Bounds : ( 5.130, 249.955 ) ( 79.230, 250.125 )


SHORT: ( Metal Short ) Special Wire of Net vdd & Pin of Cell datapath_i/execute_stage_dp/general_alu_i/boothmul_pipelined_i/MUX0_0/U9  ( metal1 )
Bounds : ( 5.130, 248.555 ) ( 79.230, 248.725 )


SHORT: ( Metal Short ) Special Wire of Net gnd & Pin of Cell datapath_i/execute_stage_dp/general_alu_i/boothmul_pipelined_i/MUX0_0/U10  ( metal1 )
Bounds : ( 5.130, 247.155 ) ( 80.750, 247.325 )


SHORT: ( Metal Short ) Special Wire of Net vdd & Pin of Cell datapath_i/execute_stage_dp/general_alu_i/boothmul_pipelined_i/MUX0_0/U8  ( metal1 )
Bounds : ( 5.130, 245.755 ) ( 80.750, 245.925 )


SHORT: ( Metal Short ) Special Wire of Net gnd & Pin of Cell datapath_i/execute_stage_dp/general_alu_i/boothmul_pipelined_i/MUX0_0/U6  ( metal1 )
Bounds : ( 5.130, 244.355 ) ( 79.800, 244.525 )


SHORT: ( Metal Short ) Special Wire of Net vdd & Pin of Cell datapath_i/execute_stage_dp/general_alu_i/boothmul_pipelined_i/MUX0_0/U12  ( metal1 )
Bounds : ( 5.130, 242.955 ) ( 79.990, 243.125 )


SHORT: ( Metal Short ) Special Wire of Net gnd & Pin of Cell datapath_i/execute_stage_dp/general_alu_i/boothmul_pipelined_i/MUX0_0/U68  ( metal1 )
Bounds : ( 5.130, 241.555 ) ( 79.990, 241.725 )


SHORT: ( Metal Short ) Special Wire of Net vdd & Pin of Cell datapath_i/execute_stage_dp/general_alu_i/boothmul_pipelined_i/MUX0_0/Y_reg[5]  ( metal1 )
Bounds : ( 5.130, 240.155 ) ( 79.990, 240.325 )


SHORT: ( Metal Short ) Special Wire of Net vdd & Pin of Cell datapath_i/execute_stage_dp/general_alu_i/boothmul_pipelined_i/MUXi_1/Y_reg[6]  ( metal1 )
Bounds : ( 5.130, 237.355 ) ( 79.040, 237.525 )


SHORT: ( Metal Short ) Special Wire of Net gnd & Pin of Cell datapath_i/execute_stage_dp/general_alu_i/boothmul_pipelined_i/MUX0_0/Y_reg[4]  ( metal1 )
Bounds : ( 5.130, 235.955 ) ( 79.040, 236.125 )


SHORT: ( Metal Short ) Special Wire of Net gnd & Pin of Cell datapath_i/execute_stage_dp/general_alu_i/boothmul_pipelined_i/MUXi_1/Y_reg[5]  ( metal1 )
Bounds : ( 5.130, 233.155 ) ( 79.420, 233.325 )


SHORT: ( Metal Short ) Special Wire of Net vdd & Pin of Cell datapath_i/execute_stage_dp/general_alu_i/boothmul_pipelined_i/MUX0_0/U79  ( metal1 )
Bounds : ( 5.130, 231.755 ) ( 78.660, 231.925 )


SHORT: ( Metal Short ) Special Wire of Net gnd & Pin of Cell datapath_i/execute_stage_dp/general_alu_i/boothmul_pipelined_i/MUX0_0/Y_reg[3]  ( metal1 )
Bounds : ( 5.130, 230.355 ) ( 79.230, 230.525 )


SHORT: ( Metal Short ) Special Wire of Net vdd & Pin of Cell datapath_i/execute_stage_dp/general_alu_i/boothmul_pipelined_i/ADD1_1/add_1_root_add_21_2/U1_5  ( metal1 )
Bounds : ( 5.130, 234.555 ) ( 79.420, 234.725 )


SHORT: ( Metal Short ) Special Wire of Net gnd & Pin of Cell datapath_i/execute_stage_dp/general_alu_i/boothmul_pipelined_i/MUX0_0/Y_reg[6]  ( metal1 )
Bounds : ( 5.130, 238.755 ) ( 79.990, 238.925 )


SHORT: ( Metal Short ) Special Wire of Net vdd & Pin of Cell datapath_i/memory_stage_dp/branch_mux/Y_reg[13]  ( metal1 )
Bounds : ( 154.660, 366.155 ) ( 234.650, 366.325 )


SHORT: ( Metal Short ) Special Wire of Net gnd & Pin of Cell datapath_i/decode_stage_dp/sign_extension_logic_jump/extended_val_reg[15]  ( metal1 )
Bounds : ( 154.660, 364.755 ) ( 234.650, 364.925 )


SHORT: ( Metal Short ) Special Wire of Net vdd & Pin of Cell datapath_i/decode_stage_dp/sign_extension_logic_jump/extended_val_reg[13]  ( metal1 )
Bounds : ( 154.660, 363.355 ) ( 234.650, 363.525 )


SHORT: ( Metal Short ) Special Wire of Net gnd & Pin of Cell datapath_i/decode_stage_dp/sign_extension_logic_immediate/extended_val_reg[12]  ( metal1 )
Bounds : ( 154.660, 361.955 ) ( 234.270, 362.125 )


SHORT: ( Metal Short ) Special Wire of Net vdd & Pin of Cell cu_i/U34  ( metal1 )
Bounds : ( 154.660, 360.555 ) ( 234.080, 360.725 )


SHORT: ( Metal Short ) Special Wire of Net vdd & Pin of Cell FE_OFC601_RST  ( metal1 )
Bounds : ( 154.280, 368.955 ) ( 234.270, 369.125 )


SHORT: ( Metal Short ) Special Wire of Net gnd & Pin of Cell datapath_i/write_back_stage_dp/wb_mux/Y_reg[16]  ( metal1 )
Bounds : ( 154.280, 367.555 ) ( 234.650, 367.725 )


SHORT: ( Metal Short ) Special Wire of Net gnd & Pin of Cell datapath_i/memory_stage_dp/branch_mux/Y_reg[14]  ( metal1 )
Bounds : ( 154.090, 370.355 ) ( 234.840, 370.525 )


SHORT: ( Metal Short ) Special Wire of Net vdd & Pin of Cell datapath_i/fetch_stage_dp/add_79/U41  ( metal1 )
Bounds : ( 153.900, 371.755 ) ( 237.310, 371.925 )


SHORT: ( Metal Short ) Special Wire of Net gnd & Pin of Cell datapath_i/fetch_stage_dp/program_counter/D_I_14/Q_reg  ( metal1 )
Bounds : ( 151.050, 375.955 ) ( 239.590, 376.125 )


SHORT: ( Metal Short ) Special Wire of Net vdd & Pin of Cell datapath_i/fetch_stage_dp/add_79_3_aco/U41  ( metal1 )
Bounds : ( 151.050, 374.555 ) ( 238.830, 374.725 )


SHORT: ( Metal Short ) Special Wire of Net gnd & Pin of Cell datapath_i/write_back_stage_dp/wb_mux/Y_reg[17]  ( metal1 )
Bounds : ( 151.240, 373.155 ) ( 237.310, 373.325 )


SHORT: ( Metal Short ) Special Wire of Net vdd & Pin of Cell datapath_i/memory_stage_dp/U32  ( metal1 )
Bounds : ( 154.660, 377.355 ) ( 239.590, 377.525 )


SHORT: ( Metal Short ) Special Wire of Net vdd & Pin of Cell datapath_i/execute_stage_dp/general_alu_i/p4_adder_lab/carry_select/PGi_1_31/U2  ( metal1 )
Bounds : ( 154.090, 357.755 ) ( 235.980, 357.925 )


SHORT: ( Metal Short ) Special Wire of Net gnd & Pin of Cell datapath_i/execute_stage_dp/general_alu_i/r323/U96  ( metal1 )
Bounds : ( 151.240, 339.555 ) ( 235.220, 339.725 )


SHORT: ( Metal Short ) Special Wire of Net vdd & Pin of Cell datapath_i/decode_stage_dp/reg_file/OUT1_reg[11]  ( metal1 )
Bounds : ( 151.240, 340.955 ) ( 235.030, 341.125 )


SHORT: ( Metal Short ) Special Wire of Net vdd & Pin of Cell datapath_i/execute_stage_dp/general_alu_i/DATA2_I_reg[20]  ( metal1 )
Bounds : ( 152.000, 338.155 ) ( 236.170, 338.325 )


SHORT: ( Metal Short ) Special Wire of Net vdd & Pin of Cell datapath_i/decode_stage_dp/reg_file/REGISTERS_reg[31][4]  ( metal1 )
Bounds : ( 152.380, 349.355 ) ( 234.650, 349.525 )


SHORT: ( Metal Short ) Special Wire of Net gnd & Pin of Cell datapath_i/decode_stage_dp/reg_file/OUT2_reg[10]  ( metal1 )
Bounds : ( 152.380, 350.755 ) ( 235.030, 350.925 )


SHORT: ( Metal Short ) Special Wire of Net vdd & Pin of Cell datapath_i/decode_stage_dp/reg_file/OUT2_reg[15]  ( metal1 )
Bounds : ( 152.570, 352.155 ) ( 235.220, 352.325 )


SHORT: ( Metal Short ) Special Wire of Net gnd & Pin of Cell datapath_i/decode_stage_dp/reg_file/OUT2_reg[13]  ( metal1 )
Bounds : ( 152.570, 353.555 ) ( 235.220, 353.725 )


SHORT: ( Metal Short ) Special Wire of Net vdd & Pin of Cell datapath_i/decode_stage_dp/reg_file/REGISTERS_reg[27][4]  ( metal1 )
Bounds : ( 152.570, 354.955 ) ( 234.270, 355.125 )


SHORT: ( Metal Short ) Special Wire of Net gnd & Pin of Cell datapath_i/decode_stage_dp/reg_file/OUT2_reg[12]  ( metal1 )
Bounds : ( 152.570, 356.355 ) ( 235.980, 356.525 )


SHORT: ( Metal Short ) Special Wire of Net gnd & Pin of Cell datapath_i/decode_stage_dp/reg_file/OUT1_reg[10]  ( metal1 )
Bounds : ( 152.760, 342.355 ) ( 235.410, 342.525 )


SHORT: ( Metal Short ) Special Wire of Net vdd & Pin of Cell datapath_i/decode_stage_dp/reg_file/REGISTERS_reg[28][4]  ( metal1 )
Bounds : ( 152.760, 343.755 ) ( 235.410, 343.925 )


SHORT: ( Metal Short ) Special Wire of Net vdd & Pin of Cell datapath_i/decode_stage_dp/reg_file/REGISTERS_reg[24][4]  ( metal1 )
Bounds : ( 152.950, 335.355 ) ( 235.030, 335.525 )


SHORT: ( Metal Short ) Special Wire of Net gnd & Pin of Cell datapath_i/decode_stage_dp/reg_file/REGISTERS_reg[26][4]  ( metal1 )
Bounds : ( 152.950, 336.755 ) ( 236.170, 336.925 )


SHORT: ( Metal Short ) Special Wire of Net gnd & Pin of Cell datapath_i/execute_stage_dp/alu_opa/Y_reg[26]  ( metal1 )
Bounds : ( 153.330, 345.155 ) ( 236.740, 345.325 )


SHORT: ( Metal Short ) Special Wire of Net gnd & Pin of Cell datapath_i/decode_stage_dp/reg_file/OUT2_reg[14]  ( metal1 )
Bounds : ( 153.520, 347.955 ) ( 235.030, 348.125 )


SHORT: ( Metal Short ) Special Wire of Net vdd & Pin of Cell datapath_i/decode_stage_dp/reg_file/OUT2_reg[2]  ( metal1 )
Bounds : ( 153.710, 346.555 ) ( 236.740, 346.725 )


SHORT: ( Metal Short ) Special Wire of Net gnd & Pin of Cell datapath_i/decode_stage_dp/immediate_reg_mux/Y_reg[12]  ( metal1 )
Bounds : ( 154.660, 359.155 ) ( 234.840, 359.325 )


SHORT: ( Metal Short ) Special Wire of Net vdd & Pin of Cell datapath_i/decode_stage_dp/reg_file/REGISTERS_reg[28][5]  ( metal1 )
Bounds : ( 153.900, 310.155 ) ( 234.080, 310.325 )


SHORT: ( Metal Short ) Special Wire of Net gnd & Pin of Cell datapath_i/decode_stage_dp/reg_file/REGISTERS_reg[29][5]  ( metal1 )
Bounds : ( 153.900, 308.755 ) ( 234.460, 308.925 )


SHORT: ( Metal Short ) Special Wire of Net vdd & Pin of Cell datapath_i/execute_stage_dp/general_alu_i/U497  ( metal1 )
Bounds : ( 153.710, 307.355 ) ( 235.600, 307.525 )


SHORT: ( Metal Short ) Special Wire of Net vdd & Pin of Cell datapath_i/execute_stage_dp/general_alu_i/r323/U126  ( metal1 )
Bounds : ( 153.330, 326.955 ) ( 234.650, 327.125 )


SHORT: ( Metal Short ) Special Wire of Net gnd & Pin of Cell datapath_i/execute_stage_dp/general_alu_i/U523  ( metal1 )
Bounds : ( 153.330, 325.555 ) ( 234.650, 325.725 )


SHORT: ( Metal Short ) Special Wire of Net gnd & Pin of Cell datapath_i/decode_stage_dp/reg_file/OUT1_reg[0]  ( metal1 )
Bounds : ( 153.140, 333.955 ) ( 236.550, 334.125 )


SHORT: ( Metal Short ) Special Wire of Net vdd & Pin of Cell datapath_i/execute_stage_dp/general_alu_i/p4_adder_lab/carry_select/PGi_1_21/U2  ( metal1 )
Bounds : ( 153.140, 332.555 ) ( 236.550, 332.725 )


SHORT: ( Metal Short ) Special Wire of Net gnd & Pin of Cell datapath_i/decode_stage_dp/reg_file/REGISTERS_reg[22][7]  ( metal1 )
Bounds : ( 152.190, 331.155 ) ( 236.360, 331.325 )


SHORT: ( Metal Short ) Special Wire of Net vdd & Pin of Cell datapath_i/decode_stage_dp/reg_file/REGISTERS_reg[29][7]  ( metal1 )
Bounds : ( 152.190, 329.755 ) ( 236.360, 329.925 )


SHORT: ( Metal Short ) Special Wire of Net gnd & Pin of Cell datapath_i/execute_stage_dp/general_alu_i/U453  ( metal1 )
Bounds : ( 152.190, 322.755 ) ( 234.080, 322.925 )


SHORT: ( Metal Short ) Special Wire of Net vdd & Pin of Cell datapath_i/decode_stage_dp/reg_file/REGISTERS_reg[18][7]  ( metal1 )
Bounds : ( 152.190, 321.355 ) ( 234.080, 321.525 )


SHORT: ( Metal Short ) Special Wire of Net gnd & Pin of Cell datapath_i/execute_stage_dp/general_alu_i/r323/U127  ( metal1 )
Bounds : ( 153.900, 328.355 ) ( 234.460, 328.525 )


SHORT: ( Metal Short ) Special Wire of Net gnd & Pin of Cell datapath_i/decode_stage_dp/reg_file/REGISTERS_reg[31][6]  ( metal1 )
Bounds : ( 154.090, 319.955 ) ( 234.270, 320.125 )


SHORT: ( Metal Short ) Special Wire of Net gnd & Pin of Cell datapath_i/decode_stage_dp/reg_file/REGISTERS_reg[30][0]  ( metal1 )
Bounds : ( 154.280, 311.555 ) ( 234.080, 311.725 )


SHORT: ( Metal Short ) Special Wire of Net vdd & Pin of Cell datapath_i/decode_stage_dp/reg_file/REGISTERS_reg[31][5]  ( metal1 )
Bounds : ( 154.280, 312.955 ) ( 236.740, 313.125 )


SHORT: ( Metal Short ) Special Wire of Net vdd & Pin of Cell datapath_i/decode_stage_dp/reg_file/REGISTERS_reg[31][0]  ( metal1 )
Bounds : ( 154.280, 315.755 ) ( 236.360, 315.925 )


SHORT: ( Metal Short ) Special Wire of Net gnd & Pin of Cell datapath_i/execute_stage_dp/general_alu_i/U268  ( metal1 )
Bounds : ( 154.280, 317.155 ) ( 236.550, 317.325 )


SHORT: ( Metal Short ) Special Wire of Net gnd & Pin of Cell datapath_i/execute_stage_dp/general_alu_i/U313  ( metal1 )
Bounds : ( 154.470, 314.355 ) ( 236.740, 314.525 )


SHORT: ( Metal Short ) Special Wire of Net vdd & Pin of Cell datapath_i/decode_stage_dp/reg_file/REGISTERS_reg[28][6]  ( metal1 )
Bounds : ( 154.470, 318.555 ) ( 236.550, 318.725 )


SHORT: ( Metal Short ) Special Wire of Net vdd & Pin of Cell datapath_i/execute_stage_dp/general_alu_i/r323/U140  ( metal1 )
Bounds : ( 154.470, 324.155 ) ( 234.080, 324.325 )


SHORT: ( Metal Short ) Special Wire of Net gnd & Pin of Cell datapath_i/execute_stage_dp/general_alu_i/boothmul_pipelined_i/MUXi_7/Y_reg[30]  ( metal1 )
Bounds : ( 5.130, 207.955 ) ( 379.050, 208.125 )


SHORT: ( Metal Short ) Special Wire of Net vdd & Pin of Cell datapath_i/execute_stage_dp/general_alu_i/boothmul_pipelined_i/MUXi_6/U4  ( metal1 )
Bounds : ( 5.130, 206.555 ) ( 379.050, 206.725 )


SHORT: ( Metal Short ) Special Wire of Net gnd & Pin of Cell datapath_i/execute_stage_dp/general_alu_i/boothmul_pipelined_i/MUXi_7/Y_reg[28]  ( metal1 )
Bounds : ( 5.130, 205.155 ) ( 379.050, 205.325 )


SHORT: ( Metal Short ) Special Wire of Net vdd & Pin of Cell datapath_i/execute_stage_dp/general_alu_i/boothmul_pipelined_i/ADDn_7/add_1_root_add_21_2/U1_26  ( metal1 )
Bounds : ( 5.130, 209.355 ) ( 379.050, 209.525 )


SHORT: ( Metal Short ) Special Wire of Net vdd & Pin of Cell datapath_i/execute_stage_dp/general_alu_i/boothmul_pipelined_i/MUXi_5/U152  ( metal1 )
Bounds : ( 5.130, 192.555 ) ( 379.050, 192.725 )


SHORT: ( Metal Short ) Special Wire of Net vdd & Pin of Cell datapath_i/execute_stage_dp/general_alu_i/boothmul_pipelined_i/ADDi_6/add_1_root_add_21_2/U1_23  ( metal1 )
Bounds : ( 5.130, 200.955 ) ( 379.050, 201.125 )


SHORT: ( Metal Short ) Special Wire of Net gnd & Pin of Cell datapath_i/execute_stage_dp/general_alu_i/boothmul_pipelined_i/MUXi_5/Y_reg[21]  ( metal1 )
Bounds : ( 5.130, 199.555 ) ( 379.050, 199.725 )


SHORT: ( Metal Short ) Special Wire of Net vdd & Pin of Cell datapath_i/execute_stage_dp/general_alu_i/boothmul_pipelined_i/ADDi_5/add_1_root_add_21_2/U1_21  ( metal1 )
Bounds : ( 5.130, 198.155 ) ( 379.050, 198.325 )


SHORT: ( Metal Short ) Special Wire of Net vdd & Pin of Cell datapath_i/execute_stage_dp/general_alu_i/boothmul_pipelined_i/ADDi_5/add_1_root_add_21_2/U1_0  ( metal1 )
Bounds : ( 5.130, 220.555 ) ( 379.050, 220.725 )


SHORT: ( Metal Short ) Special Wire of Net vdd & Pin of Cell datapath_i/execute_stage_dp/general_alu_i/boothmul_pipelined_i/pip_del_reg_muxi_4/D_I_216/Q_reg  ( metal1 )
Bounds : ( 5.130, 223.355 ) ( 379.050, 223.525 )


SHORT: ( Metal Short ) Special Wire of Net gnd & Pin of Cell datapath_i/execute_stage_dp/general_alu_i/boothmul_pipelined_i/MUXi_7/Y_reg[8]  ( metal1 )
Bounds : ( 5.130, 221.955 ) ( 379.050, 222.125 )


SHORT: ( Metal Short ) Special Wire of Net gnd & Pin of Cell FE_OFC532_CLK  ( metal1 )
Bounds : ( 5.130, 219.155 ) ( 379.050, 219.325 )


SHORT: ( Metal Short ) Special Wire of Net gnd & Pin of Cell datapath_i/execute_stage_dp/general_alu_i/boothmul_pipelined_i/pip_del_reg_muxi_5/D_I_37/Q_reg  ( metal1 )
Bounds : ( 5.130, 196.755 ) ( 379.050, 196.925 )


SHORT: ( Metal Short ) Special Wire of Net vdd & Pin of Cell datapath_i/execute_stage_dp/general_alu_i/boothmul_pipelined_i/ADDn_7/add_1_root_add_21_2/U1_30  ( metal1 )
Bounds : ( 5.130, 214.955 ) ( 379.050, 215.125 )


SHORT: ( Metal Short ) Special Wire of Net gnd & Pin of Cell datapath_i/execute_stage_dp/general_alu_i/boothmul_pipelined_i/pip_del_reg_muxi_4/D_I_92/Q_reg  ( metal1 )
Bounds : ( 5.130, 213.555 ) ( 379.050, 213.725 )


SHORT: ( Metal Short ) Special Wire of Net vdd & Pin of Cell datapath_i/execute_stage_dp/general_alu_i/boothmul_pipelined_i/ADDn_7/add_1_root_add_21_2/U1_31  ( metal1 )
Bounds : ( 5.130, 212.155 ) ( 379.050, 212.325 )


SHORT: ( Metal Short ) Special Wire of Net gnd & Pin of Cell datapath_i/execute_stage_dp/general_alu_i/boothmul_pipelined_i/MUXi_7/Y_reg[25]  ( metal1 )
Bounds : ( 5.130, 210.755 ) ( 379.050, 210.925 )


SHORT: ( Metal Short ) Special Wire of Net vdd & Pin of Cell datapath_i/execute_stage_dp/general_alu_i/boothmul_pipelined_i/MUXi_5/Y_reg[19]  ( metal1 )
Bounds : ( 5.130, 226.155 ) ( 379.050, 226.325 )


SHORT: ( Metal Short ) Special Wire of Net gnd & Pin of Cell datapath_i/execute_stage_dp/general_alu_i/boothmul_pipelined_i/pip_del_reg_muxi_5/D_I_187/Q_reg  ( metal1 )
Bounds : ( 5.130, 224.755 ) ( 379.050, 224.925 )


SHORT: ( Metal Short ) Special Wire of Net vdd & Pin of Cell datapath_i/execute_stage_dp/general_alu_i/boothmul_pipelined_i/ADDi_6/add_1_root_add_21_2/U1_20  ( metal1 )
Bounds : ( 5.130, 228.955 ) ( 379.050, 229.125 )


SHORT: ( Metal Short ) Special Wire of Net gnd & Pin of Cell FE_OFC550_CLK  ( metal1 )
Bounds : ( 5.130, 227.555 ) ( 379.050, 227.725 )


SHORT: ( Metal Short ) Special Wire of Net vdd & Pin of Cell datapath_i/execute_stage_dp/general_alu_i/boothmul_pipelined_i/ADDi_5/add_1_root_add_21_2/U1_1  ( metal1 )
Bounds : ( 5.130, 217.755 ) ( 379.050, 217.925 )


SHORT: ( Metal Short ) Special Wire of Net gnd & Pin of Cell datapath_i/execute_stage_dp/general_alu_i/boothmul_pipelined_i/MUXi_5/Y_reg[1]  ( metal1 )
Bounds : ( 5.130, 216.355 ) ( 379.050, 216.525 )


SHORT: ( Metal Short ) Special Wire of Net vdd & Pin of Cell datapath_i/execute_stage_dp/general_alu_i/boothmul_pipelined_i/pip_del_reg_muxi_6/D_I_169/Q_reg  ( metal1 )
Bounds : ( 5.130, 203.755 ) ( 379.050, 203.925 )


SHORT: ( Metal Short ) Special Wire of Net gnd & Pin of Cell datapath_i/execute_stage_dp/general_alu_i/boothmul_pipelined_i/MUXi_6/Y_reg[23]  ( metal1 )
Bounds : ( 5.130, 202.355 ) ( 379.050, 202.525 )


SHORT: ( Metal Short ) Special Wire of Net vdd & Pin of Cell datapath_i/execute_stage_dp/general_alu_i/boothmul_pipelined_i/MUXi_6/Y_reg[24]  ( metal1 )
Bounds : ( 5.130, 195.355 ) ( 379.050, 195.525 )


SHORT: ( Metal Short ) Special Wire of Net gnd & Pin of Cell datapath_i/execute_stage_dp/general_alu_i/boothmul_pipelined_i/pip_del_reg_muxi_5/D_I_172/Q_reg  ( metal1 )
Bounds : ( 5.130, 193.955 ) ( 379.050, 194.125 )


SHORT: ( Metal Short ) Special Wire of Net vdd & Pin of Cell FILLER_8789  ( metal1 )
Bounds : ( 5.130, 167.355 ) ( 379.050, 167.525 )


SHORT: ( Metal Short ) Special Wire of Net gnd & Pin of Cell FILLER_8789  ( metal1 )
Bounds : ( 5.130, 168.755 ) ( 379.050, 168.925 )


SHORT: ( Metal Short ) Special Wire of Net vdd & Pin of Cell FILLER_8851  ( metal1 )
Bounds : ( 5.130, 170.155 ) ( 379.050, 170.325 )


SHORT: ( Metal Short ) Special Wire of Net vdd & Pin of Cell datapath_i/execute_stage_dp/general_alu_i/boothmul_pipelined_i/pip_del_reg_addi_4/D_I_22/Q_reg  ( metal1 )
Bounds : ( 5.130, 178.555 ) ( 379.050, 178.725 )


SHORT: ( Metal Short ) Special Wire of Net gnd & Pin of Cell datapath_i/execute_stage_dp/general_alu_i/boothmul_pipelined_i/MUXi_5/Y_reg[25]  ( metal1 )
Bounds : ( 5.130, 179.955 ) ( 379.050, 180.125 )


SHORT: ( Metal Short ) Special Wire of Net gnd & Pin of Cell datapath_i/execute_stage_dp/general_alu_i/boothmul_pipelined_i/pip_del_reg_muxi_4/D_I_220/Q_reg  ( metal1 )
Bounds : ( 5.130, 182.755 ) ( 379.050, 182.925 )


SHORT: ( Metal Short ) Special Wire of Net vdd & Pin of Cell datapath_i/execute_stage_dp/general_alu_i/boothmul_pipelined_i/pip_del_reg_muxi_4/D_I_70/Q_reg  ( metal1 )
Bounds : ( 5.130, 184.155 ) ( 379.050, 184.325 )


SHORT: ( Metal Short ) Special Wire of Net gnd & Pin of Cell datapath_i/execute_stage_dp/general_alu_i/boothmul_pipelined_i/MUXi_5/Y_reg[26]  ( metal1 )
Bounds : ( 5.130, 177.155 ) ( 379.050, 177.325 )


SHORT: ( Metal Short ) Special Wire of Net gnd & Pin of Cell FILLER_8991  ( metal1 )
Bounds : ( 5.130, 171.555 ) ( 379.050, 171.725 )


SHORT: ( Metal Short ) Special Wire of Net vdd & Pin of Cell datapath_i/execute_stage_dp/general_alu_i/boothmul_pipelined_i/pip_del_reg_muxi_4/D_I_222/Q_reg  ( metal1 )
Bounds : ( 5.130, 172.955 ) ( 379.050, 173.125 )


SHORT: ( Metal Short ) Special Wire of Net gnd & Pin of Cell datapath_i/execute_stage_dp/general_alu_i/boothmul_pipelined_i/pip_del_reg_muxi_4/D_I_223/Q_reg  ( metal1 )
Bounds : ( 5.130, 174.355 ) ( 379.050, 174.525 )


SHORT: ( Metal Short ) Special Wire of Net vdd & Pin of Cell datapath_i/execute_stage_dp/general_alu_i/boothmul_pipelined_i/ADDi_5/add_1_root_add_21_2/U1_27  ( metal1 )
Bounds : ( 5.130, 175.755 ) ( 379.050, 175.925 )


SHORT: ( Metal Short ) Special Wire of Net gnd & Pin of Cell datapath_i/execute_stage_dp/general_alu_i/boothmul_pipelined_i/MUXi_5/Y_reg[23]  ( metal1 )
Bounds : ( 5.130, 185.555 ) ( 379.050, 185.725 )


SHORT: ( Metal Short ) Special Wire of Net gnd & Pin of Cell datapath_i/execute_stage_dp/general_alu_i/boothmul_pipelined_i/MUXi_6/Y_reg[26]  ( metal1 )
Bounds : ( 5.130, 188.355 ) ( 379.050, 188.525 )


SHORT: ( Metal Short ) Special Wire of Net vdd & Pin of Cell datapath_i/execute_stage_dp/general_alu_i/boothmul_pipelined_i/ADDi_6/add_1_root_add_21_2/U1_26  ( metal1 )
Bounds : ( 5.130, 189.755 ) ( 379.050, 189.925 )


SHORT: ( Metal Short ) Special Wire of Net vdd & Pin of Cell datapath_i/execute_stage_dp/general_alu_i/boothmul_pipelined_i/ADDi_5/add_1_root_add_21_2/U1_24  ( metal1 )
Bounds : ( 5.130, 181.355 ) ( 379.050, 181.525 )


SHORT: ( Metal Short ) Special Wire of Net vdd & Pin of Cell datapath_i/execute_stage_dp/general_alu_i/boothmul_pipelined_i/ADDi_5/add_1_root_add_21_2/U1_23  ( metal1 )
Bounds : ( 5.130, 186.955 ) ( 379.050, 187.125 )


SHORT: ( Metal Short ) Special Wire of Net gnd & Pin of Cell FILLER_7797  ( metal1 )
Bounds : ( 5.130, 146.355 ) ( 379.050, 146.525 )


SHORT: ( Metal Short ) Special Wire of Net vdd & Pin of Cell FILLER_7797  ( metal1 )
Bounds : ( 5.130, 144.955 ) ( 379.050, 145.125 )


SHORT: ( Metal Short ) Special Wire of Net gnd & Pin of Cell FILLER_7735  ( metal1 )
Bounds : ( 5.130, 143.555 ) ( 379.050, 143.725 )


SHORT: ( Metal Short ) Special Wire of Net vdd & Pin of Cell FILLER_8107  ( metal1 )
Bounds : ( 5.130, 153.355 ) ( 379.050, 153.525 )


SHORT: ( Metal Short ) Special Wire of Net gnd & Pin of Cell FILLER_8231  ( metal1 )
Bounds : ( 5.130, 154.755 ) ( 379.050, 154.925 )


SHORT: ( Metal Short ) Special Wire of Net vdd & Pin of Cell FILLER_8293  ( metal1 )
Bounds : ( 5.130, 156.155 ) ( 379.050, 156.325 )


SHORT: ( Metal Short ) Special Wire of Net gnd & Pin of Cell FILLER_8355  ( metal1 )
Bounds : ( 5.130, 157.555 ) ( 379.050, 157.725 )


SHORT: ( Metal Short ) Special Wire of Net vdd & Pin of Cell FILLER_8417  ( metal1 )
Bounds : ( 5.130, 158.955 ) ( 379.050, 159.125 )


SHORT: ( Metal Short ) Special Wire of Net gnd & Pin of Cell FILLER_8479  ( metal1 )
Bounds : ( 5.130, 160.355 ) ( 379.050, 160.525 )


SHORT: ( Metal Short ) Special Wire of Net vdd & Pin of Cell FILLER_8479  ( metal1 )
Bounds : ( 5.130, 161.755 ) ( 379.050, 161.925 )


SHORT: ( Metal Short ) Special Wire of Net gnd & Pin of Cell FILLER_8603  ( metal1 )
Bounds : ( 5.130, 163.155 ) ( 379.050, 163.325 )


SHORT: ( Metal Short ) Special Wire of Net vdd & Pin of Cell FILLER_8665  ( metal1 )
Bounds : ( 5.130, 164.555 ) ( 379.050, 164.725 )


SHORT: ( Metal Short ) Special Wire of Net gnd & Pin of Cell FILLER_8727  ( metal1 )
Bounds : ( 5.130, 165.955 ) ( 379.050, 166.125 )


SHORT: ( Metal Short ) Special Wire of Net vdd & Pin of Cell FILLER_7921  ( metal1 )
Bounds : ( 5.130, 147.755 ) ( 379.050, 147.925 )


SHORT: ( Metal Short ) Special Wire of Net gnd & Pin of Cell FILLER_7983  ( metal1 )
Bounds : ( 5.130, 149.155 ) ( 379.050, 149.325 )


SHORT: ( Metal Short ) Special Wire of Net vdd & Pin of Cell FILLER_8045  ( metal1 )
Bounds : ( 5.130, 150.555 ) ( 379.050, 150.725 )


SHORT: ( Metal Short ) Special Wire of Net gnd & Pin of Cell FILLER_8107  ( metal1 )
Bounds : ( 5.130, 151.955 ) ( 379.050, 152.125 )


SHORT: ( Metal Short ) Special Wire of Net vdd & Pin of Cell FILLER_7673  ( metal1 )
Bounds : ( 5.130, 142.155 ) ( 379.050, 142.325 )


SHORT: ( Metal Short ) Special Wire of Net gnd & Pin of Cell FILLER_7611  ( metal1 )
Bounds : ( 5.130, 140.755 ) ( 379.050, 140.925 )


SHORT: ( Metal Short ) Special Wire of Net vdd & Pin of Cell FILLER_7487  ( metal1 )
Bounds : ( 5.130, 139.355 ) ( 379.050, 139.525 )


SHORT: ( Metal Short ) Special Wire of Net gnd & Pin of Cell FILLER_7487  ( metal1 )
Bounds : ( 5.130, 137.955 ) ( 379.050, 138.125 )


SHORT: ( Metal Short ) Special Wire of Net vdd & Pin of Cell FILLER_7425  ( metal1 )
Bounds : ( 5.130, 136.555 ) ( 379.050, 136.725 )


SHORT: ( Metal Short ) Special Wire of Net gnd & Pin of Cell FILLER_7363  ( metal1 )
Bounds : ( 5.130, 135.155 ) ( 379.050, 135.325 )


SHORT: ( Metal Short ) Special Wire of Net vdd & Pin of Cell FILLER_7301  ( metal1 )
Bounds : ( 5.130, 133.755 ) ( 379.050, 133.925 )


SHORT: ( Metal Short ) Special Wire of Net gnd & Pin of Cell FILLER_7177  ( metal1 )
Bounds : ( 5.130, 132.355 ) ( 379.050, 132.525 )


SHORT: ( Metal Short ) Special Wire of Net vdd & Pin of Cell FILLER_7177  ( metal1 )
Bounds : ( 5.130, 130.955 ) ( 379.050, 131.125 )


SHORT: ( Metal Short ) Special Wire of Net gnd & Pin of Cell FILLER_7115  ( metal1 )
Bounds : ( 5.130, 129.555 ) ( 379.050, 129.725 )


SHORT: ( Metal Short ) Special Wire of Net vdd & Pin of Cell FILLER_7053  ( metal1 )
Bounds : ( 5.130, 128.155 ) ( 379.050, 128.325 )


SHORT: ( Metal Short ) Special Wire of Net gnd & Pin of Cell FILLER_6991  ( metal1 )
Bounds : ( 5.130, 126.755 ) ( 379.050, 126.925 )


SHORT: ( Metal Short ) Special Wire of Net vdd & Pin of Cell FILLER_6929  ( metal1 )
Bounds : ( 5.130, 125.355 ) ( 379.050, 125.525 )


SHORT: ( Metal Short ) Special Wire of Net gnd & Pin of Cell FILLER_6805  ( metal1 )
Bounds : ( 5.130, 123.955 ) ( 379.050, 124.125 )


SHORT: ( Metal Short ) Special Wire of Net vdd & Pin of Cell FILLER_6805  ( metal1 )
Bounds : ( 5.130, 122.555 ) ( 379.050, 122.725 )


SHORT: ( Metal Short ) Special Wire of Net gnd & Pin of Cell FILLER_6743  ( metal1 )
Bounds : ( 5.130, 121.155 ) ( 379.050, 121.325 )


SHORT: ( Metal Short ) Special Wire of Net vdd & Pin of Cell FILLER_6681  ( metal1 )
Bounds : ( 5.130, 119.755 ) ( 379.050, 119.925 )


SHORT: ( Metal Short ) Special Wire of Net gnd & Pin of Cell datapath_i/execute_stage_dp/general_alu_i/boothmul_pipelined_i/pip_del_reg_muxi_3/D_I_139/Q_reg  ( metal1 )
Bounds : ( 5.130, 95.955 ) ( 379.050, 96.125 )


SHORT: ( Metal Short ) Special Wire of Net gnd & Pin of Cell FILLER_6619  ( metal1 )
Bounds : ( 5.130, 118.355 ) ( 379.050, 118.525 )


SHORT: ( Metal Short ) Special Wire of Net vdd & Pin of Cell FILLER_6495  ( metal1 )
Bounds : ( 5.130, 116.955 ) ( 379.050, 117.125 )


SHORT: ( Metal Short ) Special Wire of Net gnd & Pin of Cell FILLER_6495  ( metal1 )
Bounds : ( 5.130, 115.555 ) ( 379.050, 115.725 )


SHORT: ( Metal Short ) Special Wire of Net vdd & Pin of Cell FILLER_6433  ( metal1 )
Bounds : ( 5.130, 114.155 ) ( 379.050, 114.325 )


SHORT: ( Metal Short ) Special Wire of Net gnd & Pin of Cell FILLER_6371  ( metal1 )
Bounds : ( 5.130, 112.755 ) ( 379.050, 112.925 )


SHORT: ( Metal Short ) Special Wire of Net vdd & Pin of Cell FILLER_6309  ( metal1 )
Bounds : ( 5.130, 111.355 ) ( 379.050, 111.525 )


SHORT: ( Metal Short ) Special Wire of Net gnd & Pin of Cell FILLER_6185  ( metal1 )
Bounds : ( 5.130, 109.955 ) ( 379.050, 110.125 )


SHORT: ( Metal Short ) Special Wire of Net vdd & Pin of Cell FILLER_6185  ( metal1 )
Bounds : ( 5.130, 108.555 ) ( 379.050, 108.725 )


SHORT: ( Metal Short ) Special Wire of Net gnd & Pin of Cell FILLER_6057  ( metal1 )
Bounds : ( 5.130, 107.155 ) ( 379.050, 107.325 )


SHORT: ( Metal Short ) Special Wire of Net gnd & Pin of Cell FILLER_5994  ( metal1 )
Bounds : ( 5.130, 104.355 ) ( 379.050, 104.525 )


SHORT: ( Metal Short ) Special Wire of Net vdd & Pin of Cell FILLER_5994  ( metal1 )
Bounds : ( 5.130, 105.755 ) ( 379.050, 105.925 )


SHORT: ( Metal Short ) Special Wire of Net vdd & Pin of Cell FILLER_5925  ( metal1 )
Bounds : ( 5.130, 102.955 ) ( 379.050, 103.125 )


SHORT: ( Metal Short ) Special Wire of Net vdd & Pin of Cell datapath_i/execute_stage_dp/general_alu_i/boothmul_pipelined_i/pip_del_reg_muxi_2/D_I_126/Q_reg  ( metal1 )
Bounds : ( 5.130, 97.355 ) ( 379.050, 97.525 )


SHORT: ( Metal Short ) Special Wire of Net vdd & Pin of Cell FILLER_5765  ( metal1 )
Bounds : ( 5.130, 100.155 ) ( 379.050, 100.325 )


SHORT: ( Metal Short ) Special Wire of Net gnd & Pin of Cell FILLER_5765  ( metal1 )
Bounds : ( 5.130, 101.555 ) ( 379.050, 101.725 )


SHORT: ( Metal Short ) Special Wire of Net gnd & Pin of Cell datapath_i/execute_stage_dp/general_alu_i/boothmul_pipelined_i/pip_del_reg_muxi_4/D_I_23/Q_reg  ( metal1 )
Bounds : ( 5.130, 98.755 ) ( 379.050, 98.925 )


SHORT: ( Metal Short ) Special Wire of Net vdd & Pin of Cell datapath_i/execute_stage_dp/general_alu_i/boothmul_pipelined_i/pip_del_reg_muxi_7/D_I_72/Q_reg  ( metal1 )
Bounds : ( 5.130, 91.755 ) ( 379.050, 91.925 )


SHORT: ( Metal Short ) Special Wire of Net gnd & Pin of Cell datapath_i/execute_stage_dp/general_alu_i/boothmul_pipelined_i/pip_del_reg_muxi_3/D_I_120/Q_reg  ( metal1 )
Bounds : ( 5.130, 90.355 ) ( 379.050, 90.525 )


SHORT: ( Metal Short ) Special Wire of Net gnd & Pin of Cell datapath_i/execute_stage_dp/general_alu_i/boothmul_pipelined_i/pip_del_reg_muxi_5/D_I_22/Q_reg  ( metal1 )
Bounds : ( 5.130, 84.755 ) ( 379.050, 84.925 )


SHORT: ( Metal Short ) Special Wire of Net vdd & Pin of Cell FE_OFC586_RST  ( metal1 )
Bounds : ( 5.130, 83.355 ) ( 379.050, 83.525 )


SHORT: ( Metal Short ) Special Wire of Net vdd & Pin of Cell datapath_i/execute_stage_dp/general_alu_i/boothmul_pipelined_i/pip_del_reg_muxi_2/D_I_241/Q_reg  ( metal1 )
Bounds : ( 5.130, 88.955 ) ( 379.050, 89.125 )


SHORT: ( Metal Short ) Special Wire of Net gnd & Pin of Cell datapath_i/execute_stage_dp/general_alu_i/boothmul_pipelined_i/pip_del_reg_muxi_5/D_I_30/Q_reg  ( metal1 )
Bounds : ( 5.130, 79.155 ) ( 379.050, 79.325 )


SHORT: ( Metal Short ) Special Wire of Net vdd & Pin of Cell FE_OFC582_RST  ( metal1 )
Bounds : ( 5.130, 77.755 ) ( 379.050, 77.925 )


SHORT: ( Metal Short ) Special Wire of Net gnd & Pin of Cell datapath_i/execute_stage_dp/general_alu_i/boothmul_pipelined_i/pip_del_reg_muxi_7/D_I_146/Q_reg  ( metal1 )
Bounds : ( 5.130, 87.555 ) ( 379.050, 87.725 )


SHORT: ( Metal Short ) Special Wire of Net vdd & Pin of Cell datapath_i/execute_stage_dp/general_alu_i/boothmul_pipelined_i/pip_del_reg_muxi_7/D_I_122/Q_reg  ( metal1 )
Bounds : ( 5.130, 86.155 ) ( 379.050, 86.325 )


SHORT: ( Metal Short ) Special Wire of Net gnd & Pin of Cell datapath_i/execute_stage_dp/general_alu_i/boothmul_pipelined_i/pip_del_reg_muxi_6/D_I_96/Q_reg  ( metal1 )
Bounds : ( 5.130, 76.355 ) ( 379.050, 76.525 )


SHORT: ( Metal Short ) Special Wire of Net vdd & Pin of Cell datapath_i/execute_stage_dp/general_alu_i/boothmul_pipelined_i/pip_del_reg_muxi_2/D_I_154/Q_reg  ( metal1 )
Bounds : ( 5.130, 72.155 ) ( 379.050, 72.325 )


SHORT: ( Metal Short ) Special Wire of Net vdd & Pin of Cell datapath_i/execute_stage_dp/general_alu_i/boothmul_pipelined_i/pip_del_reg_muxi_5/D_I_131/Q_reg  ( metal1 )
Bounds : ( 5.130, 74.955 ) ( 379.050, 75.125 )


SHORT: ( Metal Short ) Special Wire of Net gnd & Pin of Cell datapath_i/execute_stage_dp/general_alu_i/boothmul_pipelined_i/pip_del_reg_muxi_5/D_I_239/Q_reg  ( metal1 )
Bounds : ( 5.130, 73.555 ) ( 379.050, 73.725 )


SHORT: ( Metal Short ) Special Wire of Net vdd & Pin of Cell datapath_i/execute_stage_dp/general_alu_i/boothmul_pipelined_i/pip_del_reg_add1_1/D_I_22/Q_reg  ( metal1 )
Bounds : ( 5.130, 94.555 ) ( 379.050, 94.725 )


SHORT: ( Metal Short ) Special Wire of Net gnd & Pin of Cell datapath_i/execute_stage_dp/general_alu_i/boothmul_pipelined_i/pip_del_reg_muxi_7/D_I_94/Q_reg  ( metal1 )
Bounds : ( 5.130, 93.155 ) ( 379.050, 93.325 )


SHORT: ( Metal Short ) Special Wire of Net vdd & Pin of Cell datapath_i/execute_stage_dp/general_alu_i/boothmul_pipelined_i/pip_del_reg_muxi_4/D_I_0/Q_reg  ( metal1 )
Bounds : ( 5.130, 80.555 ) ( 379.050, 80.725 )


SHORT: ( Metal Short ) Special Wire of Net gnd & Pin of Cell datapath_i/execute_stage_dp/general_alu_i/boothmul_pipelined_i/pip_del_reg_muxi_3/D_I_134/Q_reg  ( metal1 )
Bounds : ( 5.130, 81.955 ) ( 379.050, 82.125 )


SHORT: ( Metal Short ) Special Wire of Net vdd & Pin of Cell FE_OFC591_RST  ( metal1 )
Bounds : ( 5.130, 63.755 ) ( 379.050, 63.925 )


SHORT: ( Metal Short ) Special Wire of Net gnd & Pin of Cell datapath_i/execute_stage_dp/general_alu_i/boothmul_pipelined_i/pip_del_reg_muxi_5/D_I_123/Q_reg  ( metal1 )
Bounds : ( 5.130, 62.355 ) ( 379.050, 62.525 )


SHORT: ( Metal Short ) Special Wire of Net vdd & Pin of Cell datapath_i/execute_stage_dp/general_alu_i/boothmul_pipelined_i/pip_del_reg_muxi_6/D_I_15/Q_reg  ( metal1 )
Bounds : ( 5.130, 66.555 ) ( 379.050, 66.725 )


SHORT: ( Metal Short ) Special Wire of Net gnd & Pin of Cell datapath_i/execute_stage_dp/general_alu_i/boothmul_pipelined_i/pip_del_reg_muxi_7/D_I_156/Q_reg  ( metal1 )
Bounds : ( 5.130, 65.155 ) ( 379.050, 65.325 )


SHORT: ( Metal Short ) Special Wire of Net vdd & Pin of Cell FE_OFC596_RST  ( metal1 )
Bounds : ( 5.130, 60.955 ) ( 379.050, 61.125 )


SHORT: ( Metal Short ) Special Wire of Net gnd & Pin of Cell FE_OFC524_CLK  ( metal1 )
Bounds : ( 5.130, 59.555 ) ( 379.050, 59.725 )


SHORT: ( Metal Short ) Special Wire of Net gnd & Pin of Cell datapath_i/execute_stage_dp/general_alu_i/boothmul_pipelined_i/pip_del_reg_muxi_6/D_I_82/Q_reg  ( metal1 )
Bounds : ( 5.130, 53.955 ) ( 379.050, 54.125 )


SHORT: ( Metal Short ) Special Wire of Net gnd & Pin of Cell FE_OFC515_CLK  ( metal1 )
Bounds : ( 5.130, 70.755 ) ( 379.050, 70.925 )


SHORT: ( Metal Short ) Special Wire of Net vdd & Pin of Cell FE_OFC579_RST  ( metal1 )
Bounds : ( 5.130, 58.155 ) ( 379.050, 58.325 )


SHORT: ( Metal Short ) Special Wire of Net gnd & Pin of Cell datapath_i/execute_stage_dp/general_alu_i/boothmul_pipelined_i/pip_del_reg_muxi_6/D_I_239/Q_reg  ( metal1 )
Bounds : ( 5.130, 56.755 ) ( 379.050, 56.925 )


SHORT: ( Metal Short ) Special Wire of Net vdd & Pin of Cell datapath_i/execute_stage_dp/general_alu_i/boothmul_pipelined_i/pip_del_reg_muxi_4/D_I_123/Q_reg  ( metal1 )
Bounds : ( 5.130, 55.355 ) ( 379.050, 55.525 )


SHORT: ( Metal Short ) Special Wire of Net vdd & Pin of Cell datapath_i/execute_stage_dp/general_alu_i/boothmul_pipelined_i/pip_del_reg_muxi_4/D_I_241/Q_reg  ( metal1 )
Bounds : ( 5.130, 52.555 ) ( 379.050, 52.725 )


SHORT: ( Metal Short ) Special Wire of Net gnd & Pin of Cell datapath_i/execute_stage_dp/general_alu_i/boothmul_pipelined_i/pip_del_reg_muxi_3/D_I_54/Q_reg  ( metal1 )
Bounds : ( 5.130, 51.155 ) ( 379.050, 51.325 )


SHORT: ( Metal Short ) Special Wire of Net vdd & Pin of Cell datapath_i/execute_stage_dp/general_alu_i/boothmul_pipelined_i/pip_del_reg_muxi_4/D_I_155/Q_reg  ( metal1 )
Bounds : ( 5.130, 49.755 ) ( 379.050, 49.925 )


SHORT: ( Metal Short ) Special Wire of Net gnd & Pin of Cell datapath_i/execute_stage_dp/general_alu_i/boothmul_pipelined_i/pip_del_reg_muxi_4/D_I_224/Q_reg  ( metal1 )
Bounds : ( 5.130, 48.355 ) ( 379.050, 48.525 )


SHORT: ( Metal Short ) Special Wire of Net vdd & Pin of Cell datapath_i/execute_stage_dp/general_alu_i/boothmul_pipelined_i/pip_del_reg_muxi_3/D_I_40/Q_reg  ( metal1 )
Bounds : ( 5.130, 69.355 ) ( 379.050, 69.525 )


SHORT: ( Metal Short ) Special Wire of Net gnd & Pin of Cell datapath_i/execute_stage_dp/general_alu_i/boothmul_pipelined_i/pip_del_reg_muxi_5/D_I_236/Q_reg  ( metal1 )
Bounds : ( 5.130, 67.955 ) ( 379.050, 68.125 )


SHORT: ( Metal Short ) Special Wire of Net vdd & Pin of Cell FILLER_1699  ( metal1 )
Bounds : ( 5.130, 44.155 ) ( 379.050, 44.325 )


SHORT: ( Metal Short ) Special Wire of Net gnd & Pin of Cell FILLER_1699  ( metal1 )
Bounds : ( 5.130, 42.755 ) ( 379.050, 42.925 )


SHORT: ( Metal Short ) Special Wire of Net vdd & Pin of Cell FILLER_1637  ( metal1 )
Bounds : ( 5.130, 41.355 ) ( 379.050, 41.525 )


SHORT: ( Metal Short ) Special Wire of Net gnd & Pin of Cell FILLER_1575  ( metal1 )
Bounds : ( 5.130, 39.955 ) ( 379.050, 40.125 )


SHORT: ( Metal Short ) Special Wire of Net gnd & Pin of Cell FILLER_1451  ( metal1 )
Bounds : ( 5.130, 37.155 ) ( 379.050, 37.325 )


SHORT: ( Metal Short ) Special Wire of Net vdd & Pin of Cell FILLER_1327  ( metal1 )
Bounds : ( 5.130, 35.755 ) ( 379.050, 35.925 )


SHORT: ( Metal Short ) Special Wire of Net gnd & Pin of Cell FILLER_1327  ( metal1 )
Bounds : ( 5.130, 34.355 ) ( 379.050, 34.525 )


SHORT: ( Metal Short ) Special Wire of Net vdd & Pin of Cell FILLER_1265  ( metal1 )
Bounds : ( 5.130, 32.955 ) ( 379.050, 33.125 )


SHORT: ( Metal Short ) Special Wire of Net gnd & Pin of Cell FILLER_1203  ( metal1 )
Bounds : ( 5.130, 31.555 ) ( 379.050, 31.725 )


SHORT: ( Metal Short ) Special Wire of Net vdd & Pin of Cell FILLER_1141  ( metal1 )
Bounds : ( 5.130, 30.155 ) ( 379.050, 30.325 )


SHORT: ( Metal Short ) Special Wire of Net gnd & Pin of Cell FILLER_1017  ( metal1 )
Bounds : ( 5.130, 28.755 ) ( 379.050, 28.925 )


SHORT: ( Metal Short ) Special Wire of Net vdd & Pin of Cell FILLER_1017  ( metal1 )
Bounds : ( 5.130, 27.355 ) ( 379.050, 27.525 )


SHORT: ( Metal Short ) Special Wire of Net gnd & Pin of Cell FILLER_955  ( metal1 )
Bounds : ( 5.130, 25.955 ) ( 379.050, 26.125 )


SHORT: ( Metal Short ) Special Wire of Net vdd & Pin of Cell FILLER_893  ( metal1 )
Bounds : ( 5.130, 24.555 ) ( 379.050, 24.725 )


SHORT: ( Metal Short ) Special Wire of Net vdd & Pin of Cell FILLER_1886  ( metal1 )
Bounds : ( 5.130, 46.955 ) ( 379.050, 47.125 )


SHORT: ( Metal Short ) Special Wire of Net vdd & Pin of Cell FILLER_1513  ( metal1 )
Bounds : ( 5.130, 38.555 ) ( 379.050, 38.725 )


SHORT: ( Metal Short ) Special Wire of Net gnd & Pin of Cell FILLER_1823  ( metal1 )
Bounds : ( 5.130, 45.555 ) ( 379.050, 45.725 )


SHORT: ( Metal Short ) Special Wire of Net vdd & Pin of Cell FILLER_707  ( metal1 )
Bounds : ( 5.130, 21.755 ) ( 379.050, 21.925 )


SHORT: ( Metal Short ) Special Wire of Net gnd & Pin of Cell FILLER_707  ( metal1 )
Bounds : ( 5.130, 20.355 ) ( 379.050, 20.525 )


SHORT: ( Metal Short ) Special Wire of Net vdd & Pin of Cell FILLER_645  ( metal1 )
Bounds : ( 5.130, 18.955 ) ( 379.050, 19.125 )


SHORT: ( Metal Short ) Special Wire of Net gnd & Pin of Cell FILLER_583  ( metal1 )
Bounds : ( 5.130, 17.555 ) ( 379.050, 17.725 )


SHORT: ( Metal Short ) Special Wire of Net vdd & Pin of Cell FILLER_521  ( metal1 )
Bounds : ( 5.130, 16.155 ) ( 379.050, 16.325 )


SHORT: ( Metal Short ) Special Wire of Net gnd & Pin of Cell FILLER_397  ( metal1 )
Bounds : ( 5.130, 14.755 ) ( 379.050, 14.925 )


SHORT: ( Metal Short ) Special Wire of Net vdd & Pin of Cell FILLER_397  ( metal1 )
Bounds : ( 5.130, 13.355 ) ( 379.050, 13.525 )


SHORT: ( Metal Short ) Special Wire of Net gnd & Pin of Cell FILLER_335  ( metal1 )
Bounds : ( 5.130, 11.955 ) ( 379.050, 12.125 )


SHORT: ( Metal Short ) Special Wire of Net vdd & Pin of Cell FILLER_273  ( metal1 )
Bounds : ( 5.130, 10.555 ) ( 379.050, 10.725 )


SHORT: ( Metal Short ) Special Wire of Net gnd & Pin of Cell FILLER_211  ( metal1 )
Bounds : ( 5.130, 9.155 ) ( 379.050, 9.325 )


SHORT: ( Metal Short ) Special Wire of Net vdd & Pin of Cell FILLER_149  ( metal1 )
Bounds : ( 5.130, 7.755 ) ( 379.050, 7.925 )


SHORT: ( Metal Short ) Special Wire of Net gnd & Pin of Cell FILLER_25  ( metal1 )
Bounds : ( 5.130, 6.355 ) ( 379.050, 6.525 )


SHORT: ( Metal Short ) Special Wire of Net vdd & Pin of Cell FILLER_25  ( metal1 )
Bounds : ( 5.130, 4.955 ) ( 379.050, 5.125 )


SHORT: ( Metal Short ) Special Wire of Net gnd & Pin of Cell FILLER_831  ( metal1 )
Bounds : ( 5.130, 23.155 ) ( 379.050, 23.325 )


SHORT: ( Metal Short ) Special Wire of Net gnd & Pin of Cell datapath_i/execute_stage_dp/general_alu_i/boothmul_pipelined_i/pip_del_reg_muxi_5/D_I_217/Q_reg  ( metal1 )
Bounds : ( 5.130, 191.155 ) ( 379.050, 191.325 )


  Total Violations : 424 Viols.
