 
****************************************
Report : area
Design : DLX_IR_SIZE32_PC_SIZE32
Version: O-2018.06-SP4
Date   : Mon Aug 31 21:26:47 2020
****************************************

Library(s) Used:

    NangateOpenCellLibrary (File: /home/mariagrazia.graziano/do/libnangate/NangateOpenCellLibrary_typical_ecsm.db)

Number of ports:                          359
Number of nets:                          9389
Number of cells:                         7937
Number of combinational cells:           5894
Number of sequential cells:              2040
Number of macros/black boxes:               0
Number of buf/inv:                        705
Number of references:                      32

Combinational area:               7339.472145
Buf/Inv area:                      433.313998
Noncombinational area:            9481.303966
Macro/Black Box area:                0.000000
Net Interconnect area:      undefined  (Wire load has zero net area)

Total cell area:                 16820.776111
Total area:                 undefined
1
