###############################################################
#  Generated by:      Cadence Innovus 17.11-s080_1
#  OS:                Linux x86_64(Host ID localhost.localdomain)
#  Generated on:      Tue Sep  1 00:16:35 2020
#  Design:            DLX_IR_SIZE32_PC_SIZE32
#  Command:           verify_drc
###############################################################
#set_verify_drc_mode -check_implant true -check_implant_across_rows false -check_ndr_spacing false -check_same_via_cell false -disable_rules "" -exclude_pg_net false -ignore_trial_route false -limit 1000 -report DLX_IR_SIZE32_PC_SIZE32_1_minarea.drc.rpt

SHORT: ( Metal Short ) Special Wire of Net gnd & Pin of Cell datapath_i/fetch_stage_dp/instruction_reg/D_I_26/Q_reg  ( metal1 )
Bounds : ( 309.700, 373.155 ) ( 379.050, 373.325 )


SHORT: ( Metal Short ) Special Wire of Net vdd & Pin of Cell cu_i/counter_mul_reg[1]  ( metal1 )
Bounds : ( 309.510, 366.155 ) ( 379.050, 366.325 )


SHORT: ( Metal Short ) Special Wire of Net vdd & Pin of Cell cu_i/next_val_counter_mul_reg[3]  ( metal1 )
Bounds : ( 308.940, 368.955 ) ( 379.050, 369.125 )


SHORT: ( Metal Short ) Special Wire of Net gnd & Pin of Cell cu_i/U130  ( metal1 )
Bounds : ( 308.940, 367.555 ) ( 379.050, 367.725 )


SHORT: ( Metal Short ) Special Wire of Net vdd & Pin of Cell datapath_i/decode_stage_dp/reg_file/REGISTERS_reg[5][21]  ( metal1 )
Bounds : ( 308.940, 363.355 ) ( 379.050, 363.525 )


SHORT: ( Metal Short ) Special Wire of Net gnd & Pin of Cell datapath_i/decode_stage_dp/reg_file/REGISTERS_reg[13][21]  ( metal1 )
Bounds : ( 308.940, 361.955 ) ( 379.050, 362.125 )


SHORT: ( Metal Short ) Special Wire of Net vdd & Pin of Cell datapath_i/fetch_stage_dp/instruction_reg/D_I_27/Q_reg  ( metal1 )
Bounds : ( 307.990, 371.755 ) ( 379.050, 371.925 )


SHORT: ( Metal Short ) Special Wire of Net gnd & Pin of Cell cu_i/U132  ( metal1 )
Bounds : ( 307.990, 370.355 ) ( 379.050, 370.525 )


SHORT: ( Metal Short ) Special Wire of Net vdd & Pin of Cell datapath_i/decode_stage_dp/reg_file/REGISTERS_reg[13][30]  ( metal1 )
Bounds : ( 306.850, 360.555 ) ( 379.050, 360.725 )


SHORT: ( Metal Short ) Special Wire of Net vdd & Pin of Cell datapath_i/fetch_stage_dp/U68  ( metal1 )
Bounds : ( 304.760, 374.555 ) ( 379.050, 374.725 )


SHORT: ( Metal Short ) Special Wire of Net gnd & Pin of Cell datapath_i/fetch_stage_dp/U67  ( metal1 )
Bounds : ( 304.760, 375.955 ) ( 379.050, 376.125 )


SHORT: ( Metal Short ) Special Wire of Net vdd & Pin of Cell FILLER_35730  ( metal1 )
Bounds : ( 306.660, 377.355 ) ( 379.050, 377.525 )


SHORT: ( Metal Short ) Special Wire of Net gnd & Pin of Cell cu_i/next_val_counter_mul_reg[1]  ( metal1 )
Bounds : ( 308.940, 364.755 ) ( 379.050, 364.925 )


SHORT: ( Metal Short ) Special Wire of Net gnd & Pin of Cell datapath_i/decode_stage_dp/reg_file/REGISTERS_reg[8][21]  ( metal1 )
Bounds : ( 309.700, 356.355 ) ( 379.050, 356.525 )


SHORT: ( Metal Short ) Special Wire of Net vdd & Pin of Cell datapath_i/decode_stage_dp/reg_file/REGISTERS_reg[6][20]  ( metal1 )
Bounds : ( 309.700, 346.555 ) ( 379.050, 346.725 )


SHORT: ( Metal Short ) Special Wire of Net vdd & Pin of Cell datapath_i/decode_stage_dp/reg_file/REGISTERS_reg[15][21]  ( metal1 )
Bounds : ( 309.510, 357.755 ) ( 379.050, 357.925 )


SHORT: ( Metal Short ) Special Wire of Net gnd & Pin of Cell datapath_i/decode_stage_dp/reg_file/REGISTERS_reg[6][21]  ( metal1 )
Bounds : ( 309.510, 345.155 ) ( 379.050, 345.325 )


SHORT: ( Metal Short ) Special Wire of Net vdd & Pin of Cell datapath_i/decode_stage_dp/reg_file/REGISTERS_reg[0][20]  ( metal1 )
Bounds : ( 309.510, 343.755 ) ( 379.050, 343.925 )


SHORT: ( Metal Short ) Special Wire of Net vdd & Pin of Cell datapath_i/decode_stage_dp/reg_file/REGISTERS_reg[14][20]  ( metal1 )
Bounds : ( 309.320, 338.155 ) ( 379.050, 338.325 )


SHORT: ( Metal Short ) Special Wire of Net gnd & Pin of Cell datapath_i/decode_stage_dp/reg_file/REGISTERS_reg[13][20]  ( metal1 )
Bounds : ( 309.320, 336.755 ) ( 379.050, 336.925 )


SHORT: ( Metal Short ) Special Wire of Net vdd & Pin of Cell datapath_i/decode_stage_dp/reg_file/REGISTERS_reg[10][21]  ( metal1 )
Bounds : ( 309.130, 352.155 ) ( 379.050, 352.325 )


SHORT: ( Metal Short ) Special Wire of Net gnd & Pin of Cell datapath_i/decode_stage_dp/reg_file/REGISTERS_reg[12][30]  ( metal1 )
Bounds : ( 309.130, 350.755 ) ( 379.050, 350.925 )


SHORT: ( Metal Short ) Special Wire of Net gnd & Pin of Cell datapath_i/decode_stage_dp/reg_file/REGISTERS_reg[2][21]  ( metal1 )
Bounds : ( 309.130, 342.355 ) ( 379.050, 342.525 )


SHORT: ( Metal Short ) Special Wire of Net vdd & Pin of Cell datapath_i/decode_stage_dp/reg_file/REGISTERS_reg[9][30]  ( metal1 )
Bounds : ( 308.940, 354.955 ) ( 379.050, 355.125 )


SHORT: ( Metal Short ) Special Wire of Net gnd & Pin of Cell datapath_i/decode_stage_dp/reg_file/REGISTERS_reg[11][21]  ( metal1 )
Bounds : ( 308.940, 353.555 ) ( 379.050, 353.725 )


SHORT: ( Metal Short ) Special Wire of Net vdd & Pin of Cell datapath_i/decode_stage_dp/reg_file/REGISTERS_reg[12][20]  ( metal1 )
Bounds : ( 308.560, 335.355 ) ( 379.050, 335.525 )


SHORT: ( Metal Short ) Special Wire of Net vdd & Pin of Cell datapath_i/decode_stage_dp/reg_file/REGISTERS_reg[6][22]  ( metal1 )
Bounds : ( 308.370, 340.955 ) ( 379.050, 341.125 )


SHORT: ( Metal Short ) Special Wire of Net gnd & Pin of Cell datapath_i/decode_stage_dp/reg_file/REGISTERS_reg[9][20]  ( metal1 )
Bounds : ( 308.370, 339.555 ) ( 379.050, 339.725 )


SHORT: ( Metal Short ) Special Wire of Net vdd & Pin of Cell datapath_i/decode_stage_dp/reg_file/U1630  ( metal1 )
Bounds : ( 308.180, 349.355 ) ( 379.050, 349.525 )


SHORT: ( Metal Short ) Special Wire of Net gnd & Pin of Cell datapath_i/decode_stage_dp/reg_file/REGISTERS_reg[4][20]  ( metal1 )
Bounds : ( 308.180, 347.955 ) ( 379.050, 348.125 )


SHORT: ( Metal Short ) Special Wire of Net gnd & Pin of Cell datapath_i/decode_stage_dp/reg_file/REGISTERS_reg[7][21]  ( metal1 )
Bounds : ( 306.850, 359.155 ) ( 379.050, 359.325 )


SHORT: ( Metal Short ) Special Wire of Net vdd & Pin of Cell datapath_i/decode_stage_dp/reg_file/REGISTERS_reg[8][18]  ( metal1 )
Bounds : ( 309.700, 315.755 ) ( 379.050, 315.925 )


SHORT: ( Metal Short ) Special Wire of Net gnd & Pin of Cell datapath_i/decode_stage_dp/reg_file/REGISTERS_reg[11][18]  ( metal1 )
Bounds : ( 309.700, 314.355 ) ( 379.050, 314.525 )


SHORT: ( Metal Short ) Special Wire of Net vdd & Pin of Cell datapath_i/decode_stage_dp/reg_file/REGISTERS_reg[8][20]  ( metal1 )
Bounds : ( 309.130, 332.555 ) ( 379.050, 332.725 )


SHORT: ( Metal Short ) Special Wire of Net gnd & Pin of Cell datapath_i/decode_stage_dp/reg_file/REGISTERS_reg[1][19]  ( metal1 )
Bounds : ( 309.130, 331.155 ) ( 379.050, 331.325 )


SHORT: ( Metal Short ) Special Wire of Net gnd & Pin of Cell datapath_i/decode_stage_dp/reg_file/REGISTERS_reg[14][19]  ( metal1 )
Bounds : ( 309.130, 322.755 ) ( 379.050, 322.925 )


SHORT: ( Metal Short ) Special Wire of Net vdd & Pin of Cell datapath_i/decode_stage_dp/reg_file/REGISTERS_reg[7][19]  ( metal1 )
Bounds : ( 308.940, 326.955 ) ( 379.050, 327.125 )


SHORT: ( Metal Short ) Special Wire of Net vdd & Pin of Cell datapath_i/decode_stage_dp/reg_file/REGISTERS_reg[3][19]  ( metal1 )
Bounds : ( 308.750, 329.755 ) ( 379.050, 329.925 )


SHORT: ( Metal Short ) Special Wire of Net gnd & Pin of Cell datapath_i/decode_stage_dp/reg_file/REGISTERS_reg[15][24]  ( metal1 )
Bounds : ( 308.750, 328.355 ) ( 379.050, 328.525 )


SHORT: ( Metal Short ) Special Wire of Net gnd & Pin of Cell datapath_i/decode_stage_dp/reg_file/REGISTERS_reg[10][20]  ( metal1 )
Bounds : ( 308.560, 333.955 ) ( 379.050, 334.125 )


SHORT: ( Metal Short ) Special Wire of Net gnd & Pin of Cell datapath_i/decode_stage_dp/reg_file/REGISTERS_reg[11][19]  ( metal1 )
Bounds : ( 307.800, 325.555 ) ( 379.050, 325.725 )


SHORT: ( Metal Short ) Special Wire of Net vdd & Pin of Cell datapath_i/decode_stage_dp/reg_file/REGISTERS_reg[6][19]  ( metal1 )
Bounds : ( 307.800, 324.155 ) ( 379.050, 324.325 )


SHORT: ( Metal Short ) Special Wire of Net vdd & Pin of Cell datapath_i/decode_stage_dp/reg_file/REGISTERS_reg[0][18]  ( metal1 )
Bounds : ( 307.610, 312.955 ) ( 379.050, 313.125 )


SHORT: ( Metal Short ) Special Wire of Net gnd & Pin of Cell datapath_i/decode_stage_dp/reg_file/REGISTERS_reg[4][18]  ( metal1 )
Bounds : ( 307.610, 311.555 ) ( 379.050, 311.725 )


SHORT: ( Metal Short ) Special Wire of Net vdd & Pin of Cell datapath_i/decode_stage_dp/reg_file/REGISTERS_reg[8][19]  ( metal1 )
Bounds : ( 307.420, 321.355 ) ( 379.050, 321.525 )


SHORT: ( Metal Short ) Special Wire of Net gnd & Pin of Cell datapath_i/decode_stage_dp/reg_file/REGISTERS_reg[12][19]  ( metal1 )
Bounds : ( 307.420, 319.955 ) ( 379.050, 320.125 )


SHORT: ( Metal Short ) Special Wire of Net vdd & Pin of Cell datapath_i/decode_stage_dp/reg_file/REGISTERS_reg[7][18]  ( metal1 )
Bounds : ( 307.230, 318.555 ) ( 379.050, 318.725 )


SHORT: ( Metal Short ) Special Wire of Net gnd & Pin of Cell datapath_i/decode_stage_dp/reg_file/REGISTERS_reg[10][18]  ( metal1 )
Bounds : ( 307.230, 317.155 ) ( 379.050, 317.325 )


SHORT: ( Metal Short ) Special Wire of Net vdd & Pin of Cell datapath_i/decode_stage_dp/reg_file/REGISTERS_reg[25][31]  ( metal1 )
Bounds : ( 309.700, 301.755 ) ( 379.050, 301.925 )


SHORT: ( Metal Short ) Special Wire of Net gnd & Pin of Cell datapath_i/decode_stage_dp/reg_file/REGISTERS_reg[1][17]  ( metal1 )
Bounds : ( 309.700, 300.355 ) ( 379.050, 300.525 )


SHORT: ( Metal Short ) Special Wire of Net gnd & Pin of Cell datapath_i/decode_stage_dp/reg_file/REGISTERS_reg[19][30]  ( metal1 )
Bounds : ( 309.700, 294.755 ) ( 379.050, 294.925 )


SHORT: ( Metal Short ) Special Wire of Net gnd & Pin of Cell datapath_i/decode_stage_dp/reg_file/REGISTERS_reg[28][16]  ( metal1 )
Bounds : ( 309.320, 305.955 ) ( 379.050, 306.125 )


SHORT: ( Metal Short ) Special Wire of Net vdd & Pin of Cell datapath_i/decode_stage_dp/reg_file/REGISTERS_reg[3][17]  ( metal1 )
Bounds : ( 309.320, 304.555 ) ( 379.050, 304.725 )


SHORT: ( Metal Short ) Special Wire of Net gnd & Pin of Cell datapath_i/decode_stage_dp/reg_file/REGISTERS_reg[26][17]  ( metal1 )
Bounds : ( 308.180, 289.155 ) ( 379.050, 289.325 )


SHORT: ( Metal Short ) Special Wire of Net vdd & Pin of Cell datapath_i/decode_stage_dp/reg_file/REGISTERS_reg[29][17]  ( metal1 )
Bounds : ( 308.180, 287.755 ) ( 379.050, 287.925 )


SHORT: ( Metal Short ) Special Wire of Net vdd & Pin of Cell datapath_i/decode_stage_dp/reg_file/REGISTERS_reg[25][17]  ( metal1 )
Bounds : ( 307.610, 298.955 ) ( 379.050, 299.125 )


SHORT: ( Metal Short ) Special Wire of Net gnd & Pin of Cell datapath_i/decode_stage_dp/reg_file/REGISTERS_reg[30][17]  ( metal1 )
Bounds : ( 307.610, 297.555 ) ( 379.050, 297.725 )


SHORT: ( Metal Short ) Special Wire of Net vdd & Pin of Cell datapath_i/decode_stage_dp/reg_file/REGISTERS_reg[28][17]  ( metal1 )
Bounds : ( 307.610, 293.355 ) ( 379.050, 293.525 )


SHORT: ( Metal Short ) Special Wire of Net gnd & Pin of Cell datapath_i/decode_stage_dp/reg_file/REGISTERS_reg[16][31]  ( metal1 )
Bounds : ( 307.610, 291.955 ) ( 379.050, 292.125 )


SHORT: ( Metal Short ) Special Wire of Net vdd & Pin of Cell datapath_i/decode_stage_dp/reg_file/REGISTERS_reg[3][18]  ( metal1 )
Bounds : ( 309.510, 307.355 ) ( 379.050, 307.525 )


SHORT: ( Metal Short ) Special Wire of Net vdd & Pin of Cell datapath_i/decode_stage_dp/reg_file/REGISTERS_reg[2][25]  ( metal1 )
Bounds : ( 307.230, 310.155 ) ( 379.050, 310.325 )


SHORT: ( Metal Short ) Special Wire of Net gnd & Pin of Cell datapath_i/decode_stage_dp/reg_file/REGISTERS_reg[6][18]  ( metal1 )
Bounds : ( 307.230, 308.755 ) ( 379.050, 308.925 )


SHORT: ( Metal Short ) Special Wire of Net gnd & Pin of Cell datapath_i/decode_stage_dp/reg_file/REGISTERS_reg[25][16]  ( metal1 )
Bounds : ( 309.700, 303.155 ) ( 379.050, 303.325 )


SHORT: ( Metal Short ) Special Wire of Net vdd & Pin of Cell datapath_i/decode_stage_dp/reg_file/REGISTERS_reg[24][17]  ( metal1 )
Bounds : ( 310.080, 290.555 ) ( 379.050, 290.725 )


SHORT: ( Metal Short ) Special Wire of Net vdd & Pin of Cell datapath_i/decode_stage_dp/reg_file/REGISTERS_reg[27][17]  ( metal1 )
Bounds : ( 310.270, 296.155 ) ( 379.050, 296.325 )


SHORT: ( Metal Short ) Special Wire of Net gnd & Pin of Cell datapath_i/decode_stage_dp/reg_file/REGISTERS_reg[28][18]  ( metal1 )
Bounds : ( 309.510, 277.955 ) ( 379.050, 278.125 )


SHORT: ( Metal Short ) Special Wire of Net gnd & Pin of Cell datapath_i/decode_stage_dp/reg_file/REGISTERS_reg[31][17]  ( metal1 )
Bounds : ( 309.130, 286.355 ) ( 379.050, 286.525 )


SHORT: ( Metal Short ) Special Wire of Net vdd & Pin of Cell datapath_i/decode_stage_dp/reg_file/REGISTERS_reg[29][18]  ( metal1 )
Bounds : ( 309.130, 284.955 ) ( 379.050, 285.125 )


SHORT: ( Metal Short ) Special Wire of Net gnd & Pin of Cell datapath_i/decode_stage_dp/reg_file/REGISTERS_reg[26][18]  ( metal1 )
Bounds : ( 309.130, 283.555 ) ( 379.050, 283.725 )


SHORT: ( Metal Short ) Special Wire of Net vdd & Pin of Cell FE_OFC553_CLK  ( metal1 )
Bounds : ( 309.130, 282.155 ) ( 379.050, 282.325 )


SHORT: ( Metal Short ) Special Wire of Net gnd & Pin of Cell datapath_i/decode_stage_dp/reg_file/REGISTERS_reg[27][18]  ( metal1 )
Bounds : ( 309.130, 280.755 ) ( 379.050, 280.925 )


SHORT: ( Metal Short ) Special Wire of Net vdd & Pin of Cell datapath_i/decode_stage_dp/reg_file/REGISTERS_reg[30][18]  ( metal1 )
Bounds : ( 309.130, 276.555 ) ( 379.050, 276.725 )


SHORT: ( Metal Short ) Special Wire of Net gnd & Pin of Cell datapath_i/decode_stage_dp/reg_file/REGISTERS_reg[30][21]  ( metal1 )
Bounds : ( 309.130, 275.155 ) ( 379.050, 275.325 )


SHORT: ( Metal Short ) Special Wire of Net vdd & Pin of Cell datapath_i/decode_stage_dp/reg_file/REGISTERS_reg[31][19]  ( metal1 )
Bounds : ( 308.940, 273.755 ) ( 379.050, 273.925 )


SHORT: ( Metal Short ) Special Wire of Net gnd & Pin of Cell datapath_i/decode_stage_dp/reg_file/REGISTERS_reg[20][22]  ( metal1 )
Bounds : ( 308.940, 269.555 ) ( 379.050, 269.725 )


SHORT: ( Metal Short ) Special Wire of Net vdd & Pin of Cell datapath_i/decode_stage_dp/reg_file/REGISTERS_reg[20][20]  ( metal1 )
Bounds : ( 308.940, 268.155 ) ( 379.050, 268.325 )


SHORT: ( Metal Short ) Special Wire of Net gnd & Pin of Cell datapath_i/decode_stage_dp/reg_file/REGISTERS_reg[28][22]  ( metal1 )
Bounds : ( 307.990, 266.755 ) ( 379.050, 266.925 )


SHORT: ( Metal Short ) Special Wire of Net vdd & Pin of Cell datapath_i/decode_stage_dp/reg_file/REGISTERS_reg[27][19]  ( metal1 )
Bounds : ( 307.610, 265.355 ) ( 379.050, 265.525 )


SHORT: ( Metal Short ) Special Wire of Net gnd & Pin of Cell datapath_i/decode_stage_dp/reg_file/REGISTERS_reg[25][25]  ( metal1 )
Bounds : ( 307.610, 263.955 ) ( 379.050, 264.125 )


SHORT: ( Metal Short ) Special Wire of Net vdd & Pin of Cell datapath_i/decode_stage_dp/reg_file/REGISTERS_reg[28][20]  ( metal1 )
Bounds : ( 307.420, 270.955 ) ( 379.050, 271.125 )


SHORT: ( Metal Short ) Special Wire of Net gnd & Pin of Cell datapath_i/decode_stage_dp/reg_file/REGISTERS_reg[20][21]  ( metal1 )
Bounds : ( 307.420, 272.355 ) ( 379.050, 272.525 )


SHORT: ( Metal Short ) Special Wire of Net vdd & Pin of Cell datapath_i/decode_stage_dp/reg_file/REGISTERS_reg[25][18]  ( metal1 )
Bounds : ( 309.510, 279.355 ) ( 379.050, 279.525 )


SHORT: ( Metal Short ) Special Wire of Net vdd & Pin of Cell datapath_i/decode_stage_dp/reg_file/OUT1_reg[19]  ( metal1 )
Bounds : ( 309.320, 254.155 ) ( 379.050, 254.325 )


SHORT: ( Metal Short ) Special Wire of Net gnd & Pin of Cell datapath_i/decode_stage_dp/reg_file/OUT1_reg[18]  ( metal1 )
Bounds : ( 309.130, 252.755 ) ( 379.050, 252.925 )


SHORT: ( Metal Short ) Special Wire of Net vdd & Pin of Cell datapath_i/decode_stage_dp/reg_file/OUT1_reg[20]  ( metal1 )
Bounds : ( 308.940, 251.355 ) ( 379.050, 251.525 )


SHORT: ( Metal Short ) Special Wire of Net gnd & Pin of Cell datapath_i/decode_stage_dp/reg_file/OUT2_reg[18]  ( metal1 )
Bounds : ( 308.940, 249.955 ) ( 379.050, 250.125 )


SHORT: ( Metal Short ) Special Wire of Net vdd & Pin of Cell datapath_i/decode_stage_dp/reg_file/REGISTERS_reg[27][20]  ( metal1 )
Bounds : ( 308.750, 259.755 ) ( 379.050, 259.925 )


SHORT: ( Metal Short ) Special Wire of Net gnd & Pin of Cell datapath_i/decode_stage_dp/reg_file/REGISTERS_reg[19][20]  ( metal1 )
Bounds : ( 308.750, 258.355 ) ( 379.050, 258.525 )


SHORT: ( Metal Short ) Special Wire of Net vdd & Pin of Cell datapath_i/decode_stage_dp/reg_file/REGISTERS_reg[17][20]  ( metal1 )
Bounds : ( 308.180, 262.555 ) ( 379.050, 262.725 )


SHORT: ( Metal Short ) Special Wire of Net gnd & Pin of Cell datapath_i/decode_stage_dp/reg_file/REGISTERS_reg[17][26]  ( metal1 )
Bounds : ( 308.180, 261.155 ) ( 379.050, 261.325 )


SHORT: ( Metal Short ) Special Wire of Net vdd & Pin of Cell datapath_i/decode_stage_dp/reg_file/OUT2_reg[17]  ( metal1 )
Bounds : ( 308.180, 248.555 ) ( 379.050, 248.725 )


SHORT: ( Metal Short ) Special Wire of Net gnd & Pin of Cell datapath_i/decode_stage_dp/reg_file/OUT2_reg[20]  ( metal1 )
Bounds : ( 308.180, 247.155 ) ( 379.050, 247.325 )


SHORT: ( Metal Short ) Special Wire of Net gnd & Pin of Cell datapath_i/decode_stage_dp/sign_extension_logic_jump/extended_val_reg[30]  ( metal1 )
Bounds : ( 308.180, 241.555 ) ( 379.050, 241.725 )


SHORT: ( Metal Short ) Special Wire of Net vdd & Pin of Cell datapath_i/memory_stage_dp/branch_mux/Y_reg[20]  ( metal1 )
Bounds : ( 308.180, 240.155 ) ( 379.050, 240.325 )


SHORT: ( Metal Short ) Special Wire of Net vdd & Pin of Cell datapath_i/decode_stage_dp/reg_file/OUT2_reg[19]  ( metal1 )
Bounds : ( 307.990, 245.755 ) ( 379.050, 245.925 )


SHORT: ( Metal Short ) Special Wire of Net gnd & Pin of Cell datapath_i/decode_stage_dp/reg_file/OUT1_reg[26]  ( metal1 )
Bounds : ( 307.800, 244.355 ) ( 379.050, 244.525 )


SHORT: ( Metal Short ) Special Wire of Net vdd & Pin of Cell datapath_i/decode_stage_dp/sign_extension_logic_jump/extended_val_reg[29]  ( metal1 )
Bounds : ( 307.800, 242.955 ) ( 379.050, 243.125 )


SHORT: ( Metal Short ) Special Wire of Net gnd & Pin of Cell datapath_i/decode_stage_dp/reg_file/REGISTERS_reg[24][20]  ( metal1 )
Bounds : ( 309.700, 255.555 ) ( 379.050, 255.725 )


SHORT: ( Metal Short ) Special Wire of Net vdd & Pin of Cell datapath_i/decode_stage_dp/reg_file/REGISTERS_reg[16][20]  ( metal1 )
Bounds : ( 310.080, 256.955 ) ( 379.050, 257.125 )


SHORT: ( Metal Short ) Special Wire of Net vdd & Pin of Cell datapath_i/memory_stage_dp/branch_mux/Y_reg[24]  ( metal1 )
Bounds : ( 309.890, 231.755 ) ( 379.050, 231.925 )


SHORT: ( Metal Short ) Special Wire of Net gnd & Pin of Cell datapath_i/execute_stage_dp/alu_opb/Y_reg[29]  ( metal1 )
Bounds : ( 309.890, 230.355 ) ( 379.050, 230.525 )


SHORT: ( Metal Short ) Special Wire of Net vdd & Pin of Cell datapath_i/decode_stage_dp/immediate_reg_mux/Y_reg[30]  ( metal1 )
Bounds : ( 307.230, 237.355 ) ( 379.050, 237.525 )


SHORT: ( Metal Short ) Special Wire of Net gnd & Pin of Cell datapath_i/decode_stage_dp/immediate_reg_mux/Y_reg[25]  ( metal1 )
Bounds : ( 307.230, 235.955 ) ( 379.050, 236.125 )


SHORT: ( Metal Short ) Special Wire of Net vdd & Pin of Cell datapath_i/execute_stage_dp/general_alu_i/r323/U100  ( metal1 )
Bounds : ( 306.850, 226.155 ) ( 379.050, 226.325 )


SHORT: ( Metal Short ) Special Wire of Net gnd & Pin of Cell datapath_i/execute_stage_dp/general_alu_i/r323/U105  ( metal1 )
Bounds : ( 306.850, 227.555 ) ( 379.050, 227.725 )


SHORT: ( Metal Short ) Special Wire of Net vdd & Pin of Cell datapath_i/execute_stage_dp/alu_opa/Y_reg[21]  ( metal1 )
Bounds : ( 306.850, 228.955 ) ( 379.050, 229.125 )


SHORT: ( Metal Short ) Special Wire of Net vdd & Pin of Cell FE_OFC566_CLK  ( metal1 )
Bounds : ( 308.370, 217.755 ) ( 379.050, 217.925 )


SHORT: ( Metal Short ) Special Wire of Net gnd & Pin of Cell datapath_i/execute_stage_dp/general_alu_i/r323/U116  ( metal1 )
Bounds : ( 308.370, 219.155 ) ( 379.050, 219.325 )


SHORT: ( Metal Short ) Special Wire of Net vdd & Pin of Cell datapath_i/execute_stage_dp/general_alu_i/r323/U99  ( metal1 )
Bounds : ( 308.750, 223.355 ) ( 379.050, 223.525 )


SHORT: ( Metal Short ) Special Wire of Net gnd & Pin of Cell datapath_i/execute_stage_dp/alu_opb/Y_reg[17]  ( metal1 )
Bounds : ( 308.750, 224.755 ) ( 379.050, 224.925 )


SHORT: ( Metal Short ) Special Wire of Net gnd & Pin of Cell datapath_i/write_back_stage_dp/wb_mux/Y_reg[17]  ( metal1 )
Bounds : ( 309.130, 216.355 ) ( 379.050, 216.525 )


SHORT: ( Metal Short ) Special Wire of Net gnd & Pin of Cell datapath_i/execute_stage_dp/alu_opb/Y_reg[20]  ( metal1 )
Bounds : ( 310.080, 221.955 ) ( 379.050, 222.125 )


SHORT: ( Metal Short ) Special Wire of Net vdd & Pin of Cell datapath_i/execute_stage_dp/general_alu_i/r323/U111  ( metal1 )
Bounds : ( 310.270, 220.555 ) ( 379.050, 220.725 )


SHORT: ( Metal Short ) Special Wire of Net gnd & Pin of Cell datapath_i/memory_stage_dp/branch_mux/Y_reg[29]  ( metal1 )
Bounds : ( 309.890, 233.155 ) ( 379.050, 233.325 )


SHORT: ( Metal Short ) Special Wire of Net vdd & Pin of Cell FE_OFC616_RST  ( metal1 )
Bounds : ( 310.080, 234.555 ) ( 379.050, 234.725 )


SHORT: ( Metal Short ) Special Wire of Net gnd & Pin of Cell datapath_i/memory_stage_dp/branch_mux/Y_reg[18]  ( metal1 )
Bounds : ( 310.080, 238.755 ) ( 379.050, 238.925 )


SHORT: ( Metal Short ) Special Wire of Net vdd & Pin of Cell datapath_i/execute_stage_dp/general_alu_i/U55  ( metal1 )
Bounds : ( 308.560, 203.755 ) ( 379.050, 203.925 )


SHORT: ( Metal Short ) Special Wire of Net gnd & Pin of Cell datapath_i/execute_stage_dp/general_alu_i/U313  ( metal1 )
Bounds : ( 308.560, 205.155 ) ( 379.050, 205.325 )


SHORT: ( Metal Short ) Special Wire of Net vdd & Pin of Cell datapath_i/execute_stage_dp/general_alu_i/DATA2_I_reg[28]  ( metal1 )
Bounds : ( 309.130, 214.955 ) ( 379.050, 215.125 )


SHORT: ( Metal Short ) Special Wire of Net vdd & Pin of Cell datapath_i/execute_stage_dp/general_alu_i/U1020  ( metal1 )
Bounds : ( 309.320, 195.355 ) ( 379.050, 195.525 )


SHORT: ( Metal Short ) Special Wire of Net gnd & Pin of Cell datapath_i/execute_stage_dp/general_alu_i/U540  ( metal1 )
Bounds : ( 309.320, 196.755 ) ( 379.050, 196.925 )


SHORT: ( Metal Short ) Special Wire of Net vdd & Pin of Cell datapath_i/execute_stage_dp/general_alu_i/p4_adder_lab/carry_select/PGi_1_25/U2  ( metal1 )
Bounds : ( 309.320, 200.955 ) ( 379.050, 201.125 )


SHORT: ( Metal Short ) Special Wire of Net gnd & Pin of Cell datapath_i/write_back_stage_dp/wb_mux/Y_reg[26]  ( metal1 )
Bounds : ( 309.320, 202.355 ) ( 379.050, 202.525 )


SHORT: ( Metal Short ) Special Wire of Net vdd & Pin of Cell datapath_i/execute_stage_dp/general_alu_i/p4_adder_lab/carry_select/PGi_1_21/U2  ( metal1 )
Bounds : ( 309.320, 209.355 ) ( 379.050, 209.525 )


SHORT: ( Metal Short ) Special Wire of Net gnd & Pin of Cell datapath_i/execute_stage_dp/general_alu_i/U268  ( metal1 )
Bounds : ( 309.320, 210.755 ) ( 379.050, 210.925 )


SHORT: ( Metal Short ) Special Wire of Net vdd & Pin of Cell datapath_i/execute_stage_dp/general_alu_i/U520  ( metal1 )
Bounds : ( 309.510, 198.155 ) ( 379.050, 198.325 )


SHORT: ( Metal Short ) Special Wire of Net gnd & Pin of Cell datapath_i/execute_stage_dp/general_alu_i/U1048  ( metal1 )
Bounds : ( 309.510, 199.555 ) ( 379.050, 199.725 )


SHORT: ( Metal Short ) Special Wire of Net vdd & Pin of Cell datapath_i/execute_stage_dp/general_alu_i/U502  ( metal1 )
Bounds : ( 309.700, 206.555 ) ( 379.050, 206.725 )


SHORT: ( Metal Short ) Special Wire of Net gnd & Pin of Cell datapath_i/execute_stage_dp/general_alu_i/U453  ( metal1 )
Bounds : ( 309.700, 207.955 ) ( 379.050, 208.125 )


SHORT: ( Metal Short ) Special Wire of Net vdd & Pin of Cell datapath_i/execute_stage_dp/general_alu_i/U192  ( metal1 )
Bounds : ( 309.700, 212.155 ) ( 379.050, 212.325 )


SHORT: ( Metal Short ) Special Wire of Net gnd & Pin of Cell datapath_i/execute_stage_dp/general_alu_i/p4_adder_lab/carry_select/PGi_1_17/U2  ( metal1 )
Bounds : ( 309.700, 213.555 ) ( 379.050, 213.725 )


SHORT: ( Metal Short ) Special Wire of Net gnd & Pin of Cell datapath_i/execute_stage_dp/general_alu_i/U501  ( metal1 )
Bounds : ( 309.890, 193.955 ) ( 379.050, 194.125 )


SHORT: ( Metal Short ) Special Wire of Net vdd & Pin of Cell datapath_i/execute_stage_dp/general_alu_i/U1001  ( metal1 )
Bounds : ( 310.080, 192.555 ) ( 379.050, 192.725 )


SHORT: ( Metal Short ) Special Wire of Net vdd & Pin of Cell FILLER_27881  ( metal1 )
Bounds : ( 5.130, 301.755 ) ( 157.130, 301.925 )


SHORT: ( Metal Short ) Special Wire of Net gnd & Pin of Cell FILLER_27718  ( metal1 )
Bounds : ( 5.130, 300.355 ) ( 157.130, 300.525 )


SHORT: ( Metal Short ) Special Wire of Net vdd & Pin of Cell FILLER_27571  ( metal1 )
Bounds : ( 5.130, 298.955 ) ( 157.130, 299.125 )


SHORT: ( Metal Short ) Special Wire of Net gnd & Pin of Cell FILLER_27436  ( metal1 )
Bounds : ( 5.130, 297.555 ) ( 157.130, 297.725 )


SHORT: ( Metal Short ) Special Wire of Net vdd & Pin of Cell FILLER_27268  ( metal1 )
Bounds : ( 5.130, 296.155 ) ( 159.980, 296.325 )


SHORT: ( Metal Short ) Special Wire of Net gnd & Pin of Cell FILLER_27092  ( metal1 )
Bounds : ( 5.130, 294.755 ) ( 159.980, 294.925 )


SHORT: ( Metal Short ) Special Wire of Net vdd & Pin of Cell FILLER_26775  ( metal1 )
Bounds : ( 5.130, 293.355 ) ( 160.170, 293.525 )


SHORT: ( Metal Short ) Special Wire of Net gnd & Pin of Cell FILLER_26775  ( metal1 )
Bounds : ( 5.130, 291.955 ) ( 161.500, 292.125 )


SHORT: ( Metal Short ) Special Wire of Net vdd & Pin of Cell FILLER_26609  ( metal1 )
Bounds : ( 5.130, 290.555 ) ( 161.500, 290.725 )


SHORT: ( Metal Short ) Special Wire of Net gnd & Pin of Cell FILLER_26443  ( metal1 )
Bounds : ( 5.130, 289.155 ) ( 157.130, 289.325 )


SHORT: ( Metal Short ) Special Wire of Net vdd & Pin of Cell FILLER_26273  ( metal1 )
Bounds : ( 5.130, 287.755 ) ( 157.890, 287.925 )


SHORT: ( Metal Short ) Special Wire of Net gnd & Pin of Cell FILLER_28047  ( metal1 )
Bounds : ( 5.130, 303.155 ) ( 157.130, 303.325 )


SHORT: ( Metal Short ) Special Wire of Net vdd & Pin of Cell FILLER_28218  ( metal1 )
Bounds : ( 5.130, 304.555 ) ( 157.130, 304.725 )


SHORT: ( Metal Short ) Special Wire of Net gnd & Pin of Cell FILLER_28374  ( metal1 )
Bounds : ( 5.130, 305.955 ) ( 157.130, 306.125 )


SHORT: ( Metal Short ) Special Wire of Net vdd & Pin of Cell FILLER_25621  ( metal1 )
Bounds : ( 5.130, 282.155 ) ( 162.260, 282.325 )


SHORT: ( Metal Short ) Special Wire of Net gnd & Pin of Cell FILLER_25462  ( metal1 )
Bounds : ( 5.130, 280.755 ) ( 157.700, 280.925 )


SHORT: ( Metal Short ) Special Wire of Net vdd & Pin of Cell FILLER_25134  ( metal1 )
Bounds : ( 5.130, 279.355 ) ( 158.270, 279.525 )


SHORT: ( Metal Short ) Special Wire of Net gnd & Pin of Cell FILLER_25134  ( metal1 )
Bounds : ( 5.130, 277.955 ) ( 160.930, 278.125 )


SHORT: ( Metal Short ) Special Wire of Net vdd & Pin of Cell FILLER_24968  ( metal1 )
Bounds : ( 5.130, 276.555 ) ( 160.930, 276.725 )


SHORT: ( Metal Short ) Special Wire of Net gnd & Pin of Cell FILLER_24788  ( metal1 )
Bounds : ( 5.130, 275.155 ) ( 160.740, 275.325 )


SHORT: ( Metal Short ) Special Wire of Net vdd & Pin of Cell FILLER_24618  ( metal1 )
Bounds : ( 5.130, 273.755 ) ( 159.790, 273.925 )


SHORT: ( Metal Short ) Special Wire of Net gnd & Pin of Cell FILLER_24452  ( metal1 )
Bounds : ( 5.130, 272.355 ) ( 160.740, 272.525 )


SHORT: ( Metal Short ) Special Wire of Net vdd & Pin of Cell FILLER_24294  ( metal1 )
Bounds : ( 5.130, 270.955 ) ( 160.740, 271.125 )


SHORT: ( Metal Short ) Special Wire of Net gnd & Pin of Cell FILLER_24145  ( metal1 )
Bounds : ( 5.130, 269.555 ) ( 161.120, 269.725 )


SHORT: ( Metal Short ) Special Wire of Net vdd & Pin of Cell FILLER_23990  ( metal1 )
Bounds : ( 5.130, 268.155 ) ( 161.690, 268.325 )


SHORT: ( Metal Short ) Special Wire of Net gnd & Pin of Cell FILLER_23815  ( metal1 )
Bounds : ( 5.130, 266.755 ) ( 161.690, 266.925 )


SHORT: ( Metal Short ) Special Wire of Net vdd & Pin of Cell FILLER_23647  ( metal1 )
Bounds : ( 5.130, 265.355 ) ( 160.930, 265.525 )


SHORT: ( Metal Short ) Special Wire of Net gnd & Pin of Cell FILLER_23301  ( metal1 )
Bounds : ( 5.130, 263.955 ) ( 160.930, 264.125 )


SHORT: ( Metal Short ) Special Wire of Net gnd & Pin of Cell FILLER_25770  ( metal1 )
Bounds : ( 5.130, 283.555 ) ( 162.260, 283.725 )


SHORT: ( Metal Short ) Special Wire of Net vdd & Pin of Cell FILLER_25942  ( metal1 )
Bounds : ( 5.130, 284.955 ) ( 162.070, 285.125 )


SHORT: ( Metal Short ) Special Wire of Net gnd & Pin of Cell FILLER_26113  ( metal1 )
Bounds : ( 5.130, 286.355 ) ( 159.980, 286.525 )


SHORT: ( Metal Short ) Special Wire of Net vdd & Pin of Cell FILLER_23301  ( metal1 )
Bounds : ( 5.130, 262.555 ) ( 160.550, 262.725 )


SHORT: ( Metal Short ) Special Wire of Net gnd & Pin of Cell FILLER_23121  ( metal1 )
Bounds : ( 5.130, 261.155 ) ( 160.550, 261.325 )


SHORT: ( Metal Short ) Special Wire of Net vdd & Pin of Cell FILLER_22933  ( metal1 )
Bounds : ( 5.130, 259.755 ) ( 158.460, 259.925 )


SHORT: ( Metal Short ) Special Wire of Net gnd & Pin of Cell FILLER_22775  ( metal1 )
Bounds : ( 5.130, 258.355 ) ( 162.070, 258.525 )


SHORT: ( Metal Short ) Special Wire of Net vdd & Pin of Cell FILLER_22617  ( metal1 )
Bounds : ( 5.130, 256.955 ) ( 162.070, 257.125 )


SHORT: ( Metal Short ) Special Wire of Net gnd & Pin of Cell FILLER_22428  ( metal1 )
Bounds : ( 5.130, 255.555 ) ( 161.690, 255.725 )


SHORT: ( Metal Short ) Special Wire of Net vdd & Pin of Cell FILLER_22266  ( metal1 )
Bounds : ( 5.130, 254.155 ) ( 161.880, 254.325 )


SHORT: ( Metal Short ) Special Wire of Net gnd & Pin of Cell FILLER_22083  ( metal1 )
Bounds : ( 5.130, 252.755 ) ( 161.880, 252.925 )


SHORT: ( Metal Short ) Special Wire of Net vdd & Pin of Cell FILLER_21931  ( metal1 )
Bounds : ( 5.130, 251.355 ) ( 160.170, 251.525 )


SHORT: ( Metal Short ) Special Wire of Net gnd & Pin of Cell FILLER_21616  ( metal1 )
Bounds : ( 5.130, 249.955 ) ( 161.880, 250.125 )


SHORT: ( Metal Short ) Special Wire of Net vdd & Pin of Cell FILLER_21616  ( metal1 )
Bounds : ( 5.130, 248.555 ) ( 161.880, 248.725 )


SHORT: ( Metal Short ) Special Wire of Net gnd & Pin of Cell FILLER_21473  ( metal1 )
Bounds : ( 5.130, 247.155 ) ( 161.500, 247.325 )


SHORT: ( Metal Short ) Special Wire of Net vdd & Pin of Cell FILLER_21321  ( metal1 )
Bounds : ( 5.130, 245.755 ) ( 161.500, 245.925 )


SHORT: ( Metal Short ) Special Wire of Net gnd & Pin of Cell FILLER_21206  ( metal1 )
Bounds : ( 5.130, 244.355 ) ( 160.740, 244.525 )


SHORT: ( Metal Short ) Special Wire of Net vdd & Pin of Cell FILLER_21071  ( metal1 )
Bounds : ( 5.130, 242.955 ) ( 160.740, 243.125 )


SHORT: ( Metal Short ) Special Wire of Net gnd & Pin of Cell datapath_i/execute_stage_dp/general_alu_i/boothmul_pipelined_i/pip_del_reg_muxi_7/D_I_115/Q_reg  ( metal1 )
Bounds : ( 5.130, 241.555 ) ( 160.550, 241.725 )


SHORT: ( Metal Short ) Special Wire of Net vdd & Pin of Cell FILLER_20792  ( metal1 )
Bounds : ( 5.130, 240.155 ) ( 160.550, 240.325 )


SHORT: ( Metal Short ) Special Wire of Net vdd & Pin of Cell datapath_i/execute_stage_dp/general_alu_i/boothmul_pipelined_i/pip_del_reg_muxi_4/D_I_127/Q_reg  ( metal1 )
Bounds : ( 5.130, 237.355 ) ( 161.120, 237.525 )


SHORT: ( Metal Short ) Special Wire of Net gnd & Pin of Cell datapath_i/execute_stage_dp/general_alu_i/boothmul_pipelined_i/pip_del_reg_muxi_5/D_I_146/Q_reg  ( metal1 )
Bounds : ( 5.130, 235.955 ) ( 161.120, 236.125 )


SHORT: ( Metal Short ) Special Wire of Net gnd & Pin of Cell datapath_i/execute_stage_dp/general_alu_i/boothmul_pipelined_i/pip_del_reg_muxi_6/D_I_6/Q_reg  ( metal1 )
Bounds : ( 5.130, 233.155 ) ( 162.070, 233.325 )


SHORT: ( Metal Short ) Special Wire of Net vdd & Pin of Cell datapath_i/execute_stage_dp/general_alu_i/boothmul_pipelined_i/pip_del_reg_muxi_7/D_I_119/Q_reg  ( metal1 )
Bounds : ( 5.130, 231.755 ) ( 161.500, 231.925 )


SHORT: ( Metal Short ) Special Wire of Net gnd & Pin of Cell FILLER_19565  ( metal1 )
Bounds : ( 5.130, 230.355 ) ( 162.070, 230.525 )


SHORT: ( Metal Short ) Special Wire of Net vdd & Pin of Cell FILLER_19939  ( metal1 )
Bounds : ( 5.130, 234.555 ) ( 162.070, 234.725 )


SHORT: ( Metal Short ) Special Wire of Net gnd & Pin of Cell FILLER_20655  ( metal1 )
Bounds : ( 5.130, 238.755 ) ( 160.170, 238.925 )


SHORT: ( Metal Short ) Special Wire of Net gnd & Pin of Cell FILLER_35698  ( metal1 )
Bounds : ( 5.130, 375.955 ) ( 236.170, 376.125 )


SHORT: ( Metal Short ) Special Wire of Net vdd & Pin of Cell FILLER_35616  ( metal1 )
Bounds : ( 5.130, 374.555 ) ( 236.170, 374.725 )


SHORT: ( Metal Short ) Special Wire of Net gnd & Pin of Cell FILLER_35501  ( metal1 )
Bounds : ( 5.130, 373.155 ) ( 236.170, 373.325 )


SHORT: ( Metal Short ) Special Wire of Net vdd & Pin of Cell FILLER_35403  ( metal1 )
Bounds : ( 5.130, 371.755 ) ( 236.170, 371.925 )


SHORT: ( Metal Short ) Special Wire of Net gnd & Pin of Cell FILLER_35287  ( metal1 )
Bounds : ( 5.130, 370.355 ) ( 236.170, 370.525 )


SHORT: ( Metal Short ) Special Wire of Net vdd & Pin of Cell FILLER_35164  ( metal1 )
Bounds : ( 5.130, 368.955 ) ( 236.170, 369.125 )


SHORT: ( Metal Short ) Special Wire of Net gnd & Pin of Cell FILLER_34912  ( metal1 )
Bounds : ( 5.130, 367.555 ) ( 236.170, 367.725 )


SHORT: ( Metal Short ) Special Wire of Net vdd & Pin of Cell FILLER_34912  ( metal1 )
Bounds : ( 5.130, 366.155 ) ( 236.170, 366.325 )


SHORT: ( Metal Short ) Special Wire of Net gnd & Pin of Cell FILLER_34815  ( metal1 )
Bounds : ( 5.130, 364.755 ) ( 236.170, 364.925 )


SHORT: ( Metal Short ) Special Wire of Net vdd & Pin of Cell FILLER_34702  ( metal1 )
Bounds : ( 5.130, 363.355 ) ( 236.170, 363.525 )


SHORT: ( Metal Short ) Special Wire of Net gnd & Pin of Cell FILLER_34572  ( metal1 )
Bounds : ( 5.130, 361.955 ) ( 236.170, 362.125 )


SHORT: ( Metal Short ) Special Wire of Net vdd & Pin of Cell FILLER_34461  ( metal1 )
Bounds : ( 5.130, 360.555 ) ( 236.170, 360.725 )


SHORT: ( Metal Short ) Special Wire of Net vdd & Pin of Cell FILLER_35698  ( metal1 )
Bounds : ( 5.130, 377.355 ) ( 236.170, 377.525 )


SHORT: ( Metal Short ) Special Wire of Net vdd & Pin of Cell datapath_i/decode_stage_dp/reg_file/REGISTERS_reg[13][4]  ( metal1 )
Bounds : ( 5.130, 357.755 ) ( 236.740, 357.925 )


SHORT: ( Metal Short ) Special Wire of Net gnd & Pin of Cell datapath_i/decode_stage_dp/reg_file/REGISTERS_reg[10][4]  ( metal1 )
Bounds : ( 5.130, 356.355 ) ( 236.740, 356.525 )


SHORT: ( Metal Short ) Special Wire of Net vdd & Pin of Cell datapath_i/decode_stage_dp/reg_file/REGISTERS_reg[7][4]  ( metal1 )
Bounds : ( 5.130, 354.955 ) ( 236.550, 355.125 )


SHORT: ( Metal Short ) Special Wire of Net gnd & Pin of Cell datapath_i/decode_stage_dp/reg_file/REGISTERS_reg[8][4]  ( metal1 )
Bounds : ( 5.130, 353.555 ) ( 236.550, 353.725 )


SHORT: ( Metal Short ) Special Wire of Net vdd & Pin of Cell datapath_i/decode_stage_dp/reg_file/REGISTERS_reg[9][4]  ( metal1 )
Bounds : ( 5.130, 352.155 ) ( 234.840, 352.325 )


SHORT: ( Metal Short ) Special Wire of Net gnd & Pin of Cell datapath_i/decode_stage_dp/reg_file/REGISTERS_reg[12][4]  ( metal1 )
Bounds : ( 5.130, 350.755 ) ( 236.360, 350.925 )


SHORT: ( Metal Short ) Special Wire of Net gnd & Pin of Cell datapath_i/decode_stage_dp/reg_file/REGISTERS_reg[3][4]  ( metal1 )
Bounds : ( 5.130, 347.955 ) ( 234.840, 348.125 )


SHORT: ( Metal Short ) Special Wire of Net vdd & Pin of Cell datapath_i/decode_stage_dp/reg_file/U1979  ( metal1 )
Bounds : ( 5.130, 346.555 ) ( 234.840, 346.725 )


SHORT: ( Metal Short ) Special Wire of Net gnd & Pin of Cell datapath_i/decode_stage_dp/reg_file/REGISTERS_reg[1][4]  ( metal1 )
Bounds : ( 5.130, 345.155 ) ( 234.840, 345.325 )


SHORT: ( Metal Short ) Special Wire of Net vdd & Pin of Cell datapath_i/decode_stage_dp/reg_file/U2012  ( metal1 )
Bounds : ( 5.130, 343.755 ) ( 234.840, 343.925 )


SHORT: ( Metal Short ) Special Wire of Net gnd & Pin of Cell datapath_i/decode_stage_dp/reg_file/REGISTERS_reg[9][5]  ( metal1 )
Bounds : ( 5.130, 342.355 ) ( 234.650, 342.525 )


SHORT: ( Metal Short ) Special Wire of Net vdd & Pin of Cell datapath_i/decode_stage_dp/reg_file/REGISTERS_reg[6][3]  ( metal1 )
Bounds : ( 5.130, 340.955 ) ( 235.030, 341.125 )


SHORT: ( Metal Short ) Special Wire of Net gnd & Pin of Cell datapath_i/decode_stage_dp/reg_file/REGISTERS_reg[11][5]  ( metal1 )
Bounds : ( 5.130, 339.555 ) ( 235.790, 339.725 )


SHORT: ( Metal Short ) Special Wire of Net vdd & Pin of Cell datapath_i/decode_stage_dp/reg_file/REGISTERS_reg[15][5]  ( metal1 )
Bounds : ( 5.130, 338.155 ) ( 235.790, 338.325 )


SHORT: ( Metal Short ) Special Wire of Net gnd & Pin of Cell datapath_i/decode_stage_dp/reg_file/REGISTERS_reg[13][5]  ( metal1 )
Bounds : ( 5.130, 336.755 ) ( 235.410, 336.925 )


SHORT: ( Metal Short ) Special Wire of Net vdd & Pin of Cell datapath_i/decode_stage_dp/reg_file/REGISTERS_reg[7][5]  ( metal1 )
Bounds : ( 5.130, 335.355 ) ( 235.410, 335.525 )


SHORT: ( Metal Short ) Special Wire of Net vdd & Pin of Cell datapath_i/decode_stage_dp/reg_file/REGISTERS_reg[5][4]  ( metal1 )
Bounds : ( 5.130, 349.355 ) ( 236.360, 349.525 )


SHORT: ( Metal Short ) Special Wire of Net gnd & Pin of Cell FILLER_34328  ( metal1 )
Bounds : ( 5.130, 359.155 ) ( 236.170, 359.325 )


SHORT: ( Metal Short ) Special Wire of Net vdd & Pin of Cell datapath_i/decode_stage_dp/reg_file/REGISTERS_reg[14][8]  ( metal1 )
Bounds : ( 5.130, 307.355 ) ( 235.410, 307.525 )


SHORT: ( Metal Short ) Special Wire of Net gnd & Pin of Cell datapath_i/decode_stage_dp/reg_file/REGISTERS_reg[6][7]  ( metal1 )
Bounds : ( 5.130, 308.755 ) ( 235.410, 308.925 )


SHORT: ( Metal Short ) Special Wire of Net vdd & Pin of Cell datapath_i/decode_stage_dp/reg_file/REGISTERS_reg[4][7]  ( metal1 )
Bounds : ( 5.130, 310.155 ) ( 235.030, 310.325 )


SHORT: ( Metal Short ) Special Wire of Net gnd & Pin of Cell datapath_i/decode_stage_dp/reg_file/REGISTERS_reg[15][7]  ( metal1 )
Bounds : ( 5.130, 311.555 ) ( 235.790, 311.725 )


SHORT: ( Metal Short ) Special Wire of Net vdd & Pin of Cell datapath_i/decode_stage_dp/reg_file/REGISTERS_reg[13][7]  ( metal1 )
Bounds : ( 5.130, 312.955 ) ( 235.790, 313.125 )


SHORT: ( Metal Short ) Special Wire of Net gnd & Pin of Cell datapath_i/decode_stage_dp/reg_file/REGISTERS_reg[12][7]  ( metal1 )
Bounds : ( 5.130, 314.355 ) ( 236.360, 314.525 )


SHORT: ( Metal Short ) Special Wire of Net vdd & Pin of Cell datapath_i/decode_stage_dp/reg_file/REGISTERS_reg[6][6]  ( metal1 )
Bounds : ( 5.130, 315.755 ) ( 236.360, 315.925 )


SHORT: ( Metal Short ) Special Wire of Net gnd & Pin of Cell datapath_i/decode_stage_dp/reg_file/REGISTERS_reg[5][1]  ( metal1 )
Bounds : ( 5.130, 317.155 ) ( 235.030, 317.325 )


SHORT: ( Metal Short ) Special Wire of Net vdd & Pin of Cell datapath_i/decode_stage_dp/reg_file/REGISTERS_reg[4][6]  ( metal1 )
Bounds : ( 5.130, 318.555 ) ( 236.170, 318.725 )


SHORT: ( Metal Short ) Special Wire of Net gnd & Pin of Cell datapath_i/decode_stage_dp/reg_file/REGISTERS_reg[0][1]  ( metal1 )
Bounds : ( 5.130, 319.955 ) ( 236.170, 320.125 )


SHORT: ( Metal Short ) Special Wire of Net vdd & Pin of Cell datapath_i/decode_stage_dp/reg_file/REGISTERS_reg[1][6]  ( metal1 )
Bounds : ( 5.130, 321.355 ) ( 234.840, 321.525 )


SHORT: ( Metal Short ) Special Wire of Net gnd & Pin of Cell datapath_i/decode_stage_dp/reg_file/REGISTERS_reg[13][6]  ( metal1 )
Bounds : ( 5.130, 322.755 ) ( 234.460, 322.925 )


SHORT: ( Metal Short ) Special Wire of Net vdd & Pin of Cell datapath_i/decode_stage_dp/reg_file/REGISTERS_reg[3][6]  ( metal1 )
Bounds : ( 5.130, 324.155 ) ( 234.840, 324.325 )


SHORT: ( Metal Short ) Special Wire of Net gnd & Pin of Cell datapath_i/decode_stage_dp/reg_file/REGISTERS_reg[12][6]  ( metal1 )
Bounds : ( 5.130, 325.555 ) ( 236.550, 325.725 )


SHORT: ( Metal Short ) Special Wire of Net vdd & Pin of Cell datapath_i/decode_stage_dp/reg_file/REGISTERS_reg[11][6]  ( metal1 )
Bounds : ( 5.130, 326.955 ) ( 236.550, 327.125 )


SHORT: ( Metal Short ) Special Wire of Net gnd & Pin of Cell datapath_i/decode_stage_dp/reg_file/U1298  ( metal1 )
Bounds : ( 5.130, 328.355 ) ( 235.410, 328.525 )


SHORT: ( Metal Short ) Special Wire of Net vdd & Pin of Cell datapath_i/decode_stage_dp/reg_file/REGISTERS_reg[9][6]  ( metal1 )
Bounds : ( 5.130, 329.755 ) ( 235.410, 329.925 )


SHORT: ( Metal Short ) Special Wire of Net gnd & Pin of Cell datapath_i/decode_stage_dp/reg_file/REGISTERS_reg[1][5]  ( metal1 )
Bounds : ( 5.130, 331.155 ) ( 238.640, 331.325 )


SHORT: ( Metal Short ) Special Wire of Net vdd & Pin of Cell datapath_i/decode_stage_dp/reg_file/U1912  ( metal1 )
Bounds : ( 5.130, 332.555 ) ( 238.640, 332.725 )


SHORT: ( Metal Short ) Special Wire of Net gnd & Pin of Cell datapath_i/decode_stage_dp/reg_file/REGISTERS_reg[3][5]  ( metal1 )
Bounds : ( 5.130, 333.955 ) ( 237.120, 334.125 )


SHORT: ( Metal Short ) Special Wire of Net gnd & Pin of Cell datapath_i/execute_stage_dp/general_alu_i/boothmul_pipelined_i/minusA_0/U11  ( metal1 )
Bounds : ( 5.130, 207.955 ) ( 235.600, 208.125 )


SHORT: ( Metal Short ) Special Wire of Net vdd & Pin of Cell datapath_i/execute_stage_dp/general_alu_i/boothmul_pipelined_i/ADDi_2/add_1_root_add_21_2/U1_3  ( metal1 )
Bounds : ( 5.130, 209.355 ) ( 234.840, 209.525 )


SHORT: ( Metal Short ) Special Wire of Net gnd & Pin of Cell datapath_i/execute_stage_dp/general_alu_i/boothmul_pipelined_i/MUXi_2/Y_reg[1]  ( metal1 )
Bounds : ( 5.130, 221.955 ) ( 236.170, 222.125 )


SHORT: ( Metal Short ) Special Wire of Net vdd & Pin of Cell datapath_i/execute_stage_dp/general_alu_i/boothmul_pipelined_i/ADD1_1/add_1_root_add_21_2/U1_12  ( metal1 )
Bounds : ( 5.130, 223.355 ) ( 236.170, 223.525 )


SHORT: ( Metal Short ) Special Wire of Net vdd & Pin of Cell datapath_i/execute_stage_dp/general_alu_i/boothmul_pipelined_i/ADD1_1/add_1_root_add_21_2/U1_3  ( metal1 )
Bounds : ( 5.130, 228.955 ) ( 234.840, 229.125 )


SHORT: ( Metal Short ) Special Wire of Net gnd & Pin of Cell datapath_i/execute_stage_dp/general_alu_i/boothmul_pipelined_i/MUXi_4/Y_reg[14]  ( metal1 )
Bounds : ( 5.130, 193.955 ) ( 235.980, 194.125 )


SHORT: ( Metal Short ) Special Wire of Net vdd & Pin of Cell datapath_i/execute_stage_dp/general_alu_i/boothmul_pipelined_i/MUXi_4/Y_reg[12]  ( metal1 )
Bounds : ( 5.130, 195.355 ) ( 236.740, 195.525 )


SHORT: ( Metal Short ) Special Wire of Net vdd & Pin of Cell datapath_i/execute_stage_dp/general_alu_i/boothmul_pipelined_i/MUXi_2/Y_reg[2]  ( metal1 )
Bounds : ( 5.130, 217.755 ) ( 234.460, 217.925 )


SHORT: ( Metal Short ) Special Wire of Net gnd & Pin of Cell datapath_i/execute_stage_dp/general_alu_i/boothmul_pipelined_i/minusA_0/U7  ( metal1 )
Bounds : ( 5.130, 219.155 ) ( 236.360, 219.325 )


SHORT: ( Metal Short ) Special Wire of Net gnd & Pin of Cell datapath_i/execute_stage_dp/general_alu_i/boothmul_pipelined_i/MUXi_3/Y_reg[11]  ( metal1 )
Bounds : ( 5.130, 202.355 ) ( 234.460, 202.525 )


SHORT: ( Metal Short ) Special Wire of Net vdd & Pin of Cell FE_OFC597_RST  ( metal1 )
Bounds : ( 5.130, 203.755 ) ( 235.030, 203.925 )


SHORT: ( Metal Short ) Special Wire of Net gnd & Pin of Cell datapath_i/execute_stage_dp/general_alu_i/boothmul_pipelined_i/MUXi_2/Y_reg[5]  ( metal1 )
Bounds : ( 5.130, 210.755 ) ( 235.030, 210.925 )


SHORT: ( Metal Short ) Special Wire of Net vdd & Pin of Cell datapath_i/execute_stage_dp/general_alu_i/boothmul_pipelined_i/MUXi_2/Y_reg[0]  ( metal1 )
Bounds : ( 5.130, 226.155 ) ( 234.650, 226.325 )


SHORT: ( Metal Short ) Special Wire of Net gnd & Pin of Cell datapath_i/execute_stage_dp/general_alu_i/boothmul_pipelined_i/MUXi_1/Y_reg[3]  ( metal1 )
Bounds : ( 5.130, 227.555 ) ( 234.080, 227.725 )


SHORT: ( Metal Short ) Special Wire of Net gnd & Pin of Cell datapath_i/execute_stage_dp/general_alu_i/boothmul_pipelined_i/MUXi_1/Y_reg[4]  ( metal1 )
Bounds : ( 5.130, 224.755 ) ( 234.650, 224.925 )


SHORT: ( Metal Short ) Special Wire of Net vdd & Pin of Cell datapath_i/execute_stage_dp/general_alu_i/boothmul_pipelined_i/MUXi_4/Y_reg[13]  ( metal1 )
Bounds : ( 5.130, 192.555 ) ( 236.360, 192.725 )


SHORT: ( Metal Short ) Special Wire of Net vdd & Pin of Cell datapath_i/execute_stage_dp/general_alu_i/boothmul_pipelined_i/minusA_0/add_0_root_add_22_ni/U1  ( metal1 )
Bounds : ( 5.130, 206.555 ) ( 235.600, 206.725 )


SHORT: ( Metal Short ) Special Wire of Net gnd & Pin of Cell datapath_i/execute_stage_dp/general_alu_i/boothmul_pipelined_i/MUXi_3/Y_reg[10]  ( metal1 )
Bounds : ( 5.130, 199.555 ) ( 234.460, 199.725 )


SHORT: ( Metal Short ) Special Wire of Net vdd & Pin of Cell datapath_i/execute_stage_dp/general_alu_i/boothmul_pipelined_i/ADDi_3/add_1_root_add_21_2/U1_11  ( metal1 )
Bounds : ( 5.130, 200.955 ) ( 234.080, 201.125 )


SHORT: ( Metal Short ) Special Wire of Net gnd & Pin of Cell datapath_i/execute_stage_dp/general_alu_i/boothmul_pipelined_i/MUXi_3/Y_reg[8]  ( metal1 )
Bounds : ( 5.130, 196.755 ) ( 237.500, 196.925 )


SHORT: ( Metal Short ) Special Wire of Net vdd & Pin of Cell datapath_i/execute_stage_dp/general_alu_i/boothmul_pipelined_i/ADDi_3/add_1_root_add_21_2/U1_9  ( metal1 )
Bounds : ( 5.130, 198.155 ) ( 237.500, 198.325 )


SHORT: ( Metal Short ) Special Wire of Net vdd & Pin of Cell datapath_i/execute_stage_dp/general_alu_i/boothmul_pipelined_i/ADDi_2/add_1_root_add_21_2/U1_1  ( metal1 )
Bounds : ( 5.130, 220.555 ) ( 236.360, 220.725 )


SHORT: ( Metal Short ) Special Wire of Net gnd & Pin of Cell datapath_i/execute_stage_dp/general_alu_i/boothmul_pipelined_i/MUXi_3/Y_reg[16]  ( metal1 )
Bounds : ( 5.130, 205.155 ) ( 235.030, 205.325 )


SHORT: ( Metal Short ) Special Wire of Net gnd & Pin of Cell datapath_i/execute_stage_dp/general_alu_i/boothmul_pipelined_i/MUXi_2/U4  ( metal1 )
Bounds : ( 5.130, 216.355 ) ( 234.650, 216.525 )


SHORT: ( Metal Short ) Special Wire of Net vdd & Pin of Cell datapath_i/execute_stage_dp/general_alu_i/boothmul_pipelined_i/ADDi_2/add_1_root_add_21_2/U1_10  ( metal1 )
Bounds : ( 5.130, 212.155 ) ( 235.030, 212.325 )


SHORT: ( Metal Short ) Special Wire of Net gnd & Pin of Cell datapath_i/execute_stage_dp/general_alu_i/boothmul_pipelined_i/MUXi_2/Y_reg[10]  ( metal1 )
Bounds : ( 5.130, 213.555 ) ( 235.220, 213.725 )


SHORT: ( Metal Short ) Special Wire of Net vdd & Pin of Cell datapath_i/execute_stage_dp/general_alu_i/boothmul_pipelined_i/ADDi_2/add_1_root_add_21_2/U1_2  ( metal1 )
Bounds : ( 5.130, 214.955 ) ( 235.220, 215.125 )


SHORT: ( Metal Short ) Special Wire of Net vdd & Pin of Cell datapath_i/execute_stage_dp/general_alu_i/U169  ( metal1 )
Bounds : ( 310.270, 189.755 ) ( 379.050, 189.925 )


SHORT: ( Metal Short ) Special Wire of Net vdd & Pin of Cell datapath_i/execute_stage_dp/general_alu_i/U469  ( metal1 )
Bounds : ( 310.270, 178.555 ) ( 379.050, 178.725 )


SHORT: ( Metal Short ) Special Wire of Net gnd & Pin of Cell datapath_i/memory_stage_dp/delay_regg/D_I_28/Q_reg  ( metal1 )
Bounds : ( 310.080, 188.355 ) ( 379.050, 188.525 )


SHORT: ( Metal Short ) Special Wire of Net gnd & Pin of Cell datapath_i/execute_stage_dp/general_alu_i/U359  ( metal1 )
Bounds : ( 309.890, 174.355 ) ( 379.050, 174.525 )


SHORT: ( Metal Short ) Special Wire of Net gnd & Pin of Cell datapath_i/execute_stage_dp/general_alu_i/U303  ( metal1 )
Bounds : ( 309.890, 168.755 ) ( 379.050, 168.925 )


SHORT: ( Metal Short ) Special Wire of Net vdd & Pin of Cell datapath_i/execute_stage_dp/general_alu_i/U465  ( metal1 )
Bounds : ( 309.700, 181.355 ) ( 379.050, 181.525 )


SHORT: ( Metal Short ) Special Wire of Net gnd & Pin of Cell datapath_i/execute_stage_dp/general_alu_i/U468  ( metal1 )
Bounds : ( 309.700, 179.955 ) ( 379.050, 180.125 )


SHORT: ( Metal Short ) Special Wire of Net gnd & Pin of Cell datapath_i/execute_stage_dp/general_alu_i/U538  ( metal1 )
Bounds : ( 309.510, 182.755 ) ( 379.050, 182.925 )


SHORT: ( Metal Short ) Special Wire of Net gnd & Pin of Cell datapath_i/execute_stage_dp/general_alu_i/U423  ( metal1 )
Bounds : ( 309.510, 177.155 ) ( 379.050, 177.325 )


SHORT: ( Metal Short ) Special Wire of Net vdd & Pin of Cell datapath_i/execute_stage_dp/general_alu_i/U779  ( metal1 )
Bounds : ( 309.510, 175.755 ) ( 379.050, 175.925 )


SHORT: ( Metal Short ) Special Wire of Net vdd & Pin of Cell datapath_i/execute_stage_dp/general_alu_i/U536  ( metal1 )
Bounds : ( 309.510, 172.955 ) ( 379.050, 173.125 )


SHORT: ( Metal Short ) Special Wire of Net vdd & Pin of Cell datapath_i/execute_stage_dp/general_alu_i/U982  ( metal1 )
Bounds : ( 309.320, 186.955 ) ( 379.050, 187.125 )


SHORT: ( Metal Short ) Special Wire of Net gnd & Pin of Cell datapath_i/execute_stage_dp/general_alu_i/U263  ( metal1 )
Bounds : ( 308.940, 185.555 ) ( 379.050, 185.725 )


SHORT: ( Metal Short ) Special Wire of Net vdd & Pin of Cell datapath_i/execute_stage_dp/general_alu_i/U518  ( metal1 )
Bounds : ( 308.940, 184.155 ) ( 379.050, 184.325 )


SHORT: ( Metal Short ) Special Wire of Net vdd & Pin of Cell datapath_i/execute_stage_dp/general_alu_i/U896  ( metal1 )
Bounds : ( 307.610, 167.355 ) ( 379.050, 167.525 )


SHORT: ( Metal Short ) Special Wire of Net gnd & Pin of Cell datapath_i/execute_stage_dp/general_alu_i/U516  ( metal1 )
Bounds : ( 307.420, 171.555 ) ( 379.050, 171.725 )


SHORT: ( Metal Short ) Special Wire of Net vdd & Pin of Cell datapath_i/execute_stage_dp/general_alu_i/U497  ( metal1 )
Bounds : ( 307.420, 170.155 ) ( 379.050, 170.325 )


SHORT: ( Metal Short ) Special Wire of Net vdd & Pin of Cell datapath_i/execute_stage_dp/general_alu_i/U682  ( metal1 )
Bounds : ( 310.080, 158.955 ) ( 379.050, 159.125 )


SHORT: ( Metal Short ) Special Wire of Net gnd & Pin of Cell datapath_i/execute_stage_dp/general_alu_i/U904  ( metal1 )
Bounds : ( 309.700, 154.755 ) ( 379.050, 154.925 )


SHORT: ( Metal Short ) Special Wire of Net gnd & Pin of Cell datapath_i/execute_stage_dp/general_alu_i/U480  ( metal1 )
Bounds : ( 309.320, 160.355 ) ( 379.050, 160.525 )


SHORT: ( Metal Short ) Special Wire of Net gnd & Pin of Cell datapath_i/execute_stage_dp/general_alu_i/U747  ( metal1 )
Bounds : ( 309.320, 157.555 ) ( 379.050, 157.725 )


SHORT: ( Metal Short ) Special Wire of Net vdd & Pin of Cell datapath_i/execute_stage_dp/general_alu_i/U874  ( metal1 )
Bounds : ( 309.320, 156.155 ) ( 379.050, 156.325 )


SHORT: ( Metal Short ) Special Wire of Net vdd & Pin of Cell datapath_i/execute_stage_dp/general_alu_i/U955  ( metal1 )
Bounds : ( 309.130, 164.555 ) ( 379.050, 164.725 )


SHORT: ( Metal Short ) Special Wire of Net gnd & Pin of Cell datapath_i/execute_stage_dp/general_alu_i/U513  ( metal1 )
Bounds : ( 309.130, 163.155 ) ( 379.050, 163.325 )


SHORT: ( Metal Short ) Special Wire of Net vdd & Pin of Cell datapath_i/execute_stage_dp/general_alu_i/U478  ( metal1 )
Bounds : ( 309.130, 161.755 ) ( 379.050, 161.925 )


SHORT: ( Metal Short ) Special Wire of Net gnd & Pin of Cell datapath_i/execute_stage_dp/general_alu_i/U1006  ( metal1 )
Bounds : ( 307.610, 165.955 ) ( 379.050, 166.125 )


SHORT: ( Metal Short ) Special Wire of Net gnd & Pin of Cell datapath_i/execute_stage_dp/general_alu_i/U777  ( metal1 )
Bounds : ( 228.950, 151.955 ) ( 379.050, 152.125 )


SHORT: ( Metal Short ) Special Wire of Net vdd & Pin of Cell datapath_i/execute_stage_dp/general_alu_i/U301  ( metal1 )
Bounds : ( 228.950, 150.555 ) ( 379.050, 150.725 )


SHORT: ( Metal Short ) Special Wire of Net gnd & Pin of Cell datapath_i/execute_stage_dp/general_alu_i/U894  ( metal1 )
Bounds : ( 229.520, 149.155 ) ( 379.050, 149.325 )


SHORT: ( Metal Short ) Special Wire of Net gnd & Pin of Cell datapath_i/execute_stage_dp/general_alu_i/U728  ( metal1 )
Bounds : ( 228.760, 143.555 ) ( 379.050, 143.725 )


SHORT: ( Metal Short ) Special Wire of Net vdd & Pin of Cell datapath_i/execute_stage_dp/general_alu_i/U796  ( metal1 )
Bounds : ( 230.850, 147.755 ) ( 379.050, 147.925 )


SHORT: ( Metal Short ) Special Wire of Net vdd & Pin of Cell datapath_i/execute_stage_dp/general_alu_i/U892  ( metal1 )
Bounds : ( 228.760, 144.955 ) ( 379.050, 145.125 )


SHORT: ( Metal Short ) Special Wire of Net gnd & Pin of Cell datapath_i/execute_stage_dp/general_alu_i/U729  ( metal1 )
Bounds : ( 232.180, 146.355 ) ( 379.050, 146.525 )


SHORT: ( Metal Short ) Special Wire of Net vdd & Pin of Cell datapath_i/execute_stage_dp/general_alu_i/U233  ( metal1 )
Bounds : ( 230.850, 133.755 ) ( 379.050, 133.925 )


SHORT: ( Metal Short ) Special Wire of Net gnd & Pin of Cell datapath_i/execute_stage_dp/general_alu_i/U178  ( metal1 )
Bounds : ( 230.280, 132.355 ) ( 379.050, 132.525 )


SHORT: ( Metal Short ) Special Wire of Net gnd & Pin of Cell datapath_i/execute_stage_dp/general_alu_i/U774  ( metal1 )
Bounds : ( 231.420, 137.955 ) ( 379.050, 138.125 )


SHORT: ( Metal Short ) Special Wire of Net vdd & Pin of Cell datapath_i/execute_stage_dp/general_alu_i/U253  ( metal1 )
Bounds : ( 231.990, 136.555 ) ( 379.050, 136.725 )


SHORT: ( Metal Short ) Special Wire of Net vdd & Pin of Cell datapath_i/memory_stage_dp/U23  ( metal1 )
Bounds : ( 229.900, 125.355 ) ( 379.050, 125.525 )


SHORT: ( Metal Short ) Special Wire of Net gnd & Pin of Cell datapath_i/memory_stage_dp/DRAM_DATA_tri[21]  ( metal1 )
Bounds : ( 229.900, 123.955 ) ( 379.050, 124.125 )


SHORT: ( Metal Short ) Special Wire of Net vdd & Pin of Cell FILLER_5922  ( metal1 )
Bounds : ( 230.660, 122.555 ) ( 379.050, 122.725 )


SHORT: ( Metal Short ) Special Wire of Net vdd & Pin of Cell FILLER_6387  ( metal1 )
Bounds : ( 231.610, 128.155 ) ( 379.050, 128.325 )


SHORT: ( Metal Short ) Special Wire of Net gnd & Pin of Cell datapath_i/execute_stage_dp/general_alu_i/U745  ( metal1 )
Bounds : ( 229.140, 140.755 ) ( 379.050, 140.925 )


SHORT: ( Metal Short ) Special Wire of Net vdd & Pin of Cell datapath_i/memory_stage_dp/lmd/D_I_23/Q_reg  ( metal1 )
Bounds : ( 230.280, 139.355 ) ( 379.050, 139.525 )


SHORT: ( Metal Short ) Special Wire of Net vdd & Pin of Cell datapath_i/execute_stage_dp/general_alu_i/U346  ( metal1 )
Bounds : ( 229.140, 142.155 ) ( 379.050, 142.325 )


SHORT: ( Metal Short ) Special Wire of Net vdd & Pin of Cell datapath_i/execute_stage_dp/reg_del_b/D_I_25/Q_reg  ( metal1 )
Bounds : ( 229.710, 119.755 ) ( 379.050, 119.925 )


SHORT: ( Metal Short ) Special Wire of Net vdd & Pin of Cell datapath_i/execute_stage_dp/reg_del_b/D_I_24/Q_reg  ( metal1 )
Bounds : ( 230.280, 130.955 ) ( 379.050, 131.125 )


SHORT: ( Metal Short ) Special Wire of Net gnd & Pin of Cell FILLER_6530  ( metal1 )
Bounds : ( 231.610, 129.555 ) ( 379.050, 129.725 )


SHORT: ( Metal Short ) Special Wire of Net gnd & Pin of Cell datapath_i/memory_stage_dp/lmd/D_I_25/Q_reg  ( metal1 )
Bounds : ( 231.800, 121.155 ) ( 379.050, 121.325 )


SHORT: ( Metal Short ) Special Wire of Net gnd & Pin of Cell datapath_i/execute_stage_dp/general_alu_i/U222  ( metal1 )
Bounds : ( 231.420, 135.155 ) ( 379.050, 135.325 )


SHORT: ( Metal Short ) Special Wire of Net gnd & Pin of Cell FILLER_6255  ( metal1 )
Bounds : ( 230.090, 126.755 ) ( 379.050, 126.925 )


SHORT: ( Metal Short ) Special Wire of Net vdd & Pin of Cell FILLER_4886  ( metal1 )
Bounds : ( 229.900, 108.555 ) ( 379.050, 108.725 )


SHORT: ( Metal Short ) Special Wire of Net vdd & Pin of Cell FILLER_5360  ( metal1 )
Bounds : ( 230.470, 116.955 ) ( 379.050, 117.125 )


SHORT: ( Metal Short ) Special Wire of Net gnd & Pin of Cell datapath_i/execute_stage_dp/reg_del_b/D_I_27/Q_reg  ( metal1 )
Bounds : ( 228.760, 107.155 ) ( 379.050, 107.325 )


SHORT: ( Metal Short ) Special Wire of Net vdd & Pin of Cell FILLER_4815  ( metal1 )
Bounds : ( 228.760, 105.755 ) ( 379.050, 105.925 )


SHORT: ( Metal Short ) Special Wire of Net gnd & Pin of Cell FILLER_5030  ( metal1 )
Bounds : ( 227.430, 109.955 ) ( 379.050, 110.125 )


SHORT: ( Metal Short ) Special Wire of Net gnd & Pin of Cell datapath_i/memory_stage_dp/U21  ( metal1 )
Bounds : ( 227.430, 101.555 ) ( 379.050, 101.725 )


SHORT: ( Metal Short ) Special Wire of Net vdd & Pin of Cell FILLER_4439  ( metal1 )
Bounds : ( 227.430, 100.155 ) ( 379.050, 100.325 )


SHORT: ( Metal Short ) Special Wire of Net vdd & Pin of Cell datapath_i/memory_stage_dp/lmd/D_I_26/Q_reg  ( metal1 )
Bounds : ( 227.050, 111.355 ) ( 379.050, 111.525 )


SHORT: ( Metal Short ) Special Wire of Net gnd & Pin of Cell FILLER_5551  ( metal1 )
Bounds : ( 229.710, 118.355 ) ( 379.050, 118.525 )


SHORT: ( Metal Short ) Special Wire of Net gnd & Pin of Cell datapath_i/execute_stage_dp/reg_del_b/D_I_28/Q_reg  ( metal1 )
Bounds : ( 227.430, 98.755 ) ( 379.050, 98.925 )


SHORT: ( Metal Short ) Special Wire of Net vdd & Pin of Cell FILLER_4359  ( metal1 )
Bounds : ( 228.000, 97.355 ) ( 379.050, 97.525 )


SHORT: ( Metal Short ) Special Wire of Net gnd & Pin of Cell FILLER_5268  ( metal1 )
Bounds : ( 228.000, 115.555 ) ( 379.050, 115.725 )


SHORT: ( Metal Short ) Special Wire of Net vdd & Pin of Cell FILLER_5268  ( metal1 )
Bounds : ( 228.000, 114.155 ) ( 379.050, 114.325 )


SHORT: ( Metal Short ) Special Wire of Net gnd & Pin of Cell FILLER_4665  ( metal1 )
Bounds : ( 228.950, 104.355 ) ( 379.050, 104.525 )


SHORT: ( Metal Short ) Special Wire of Net vdd & Pin of Cell datapath_i/memory_stage_dp/lmd/D_I_27/Q_reg  ( metal1 )
Bounds : ( 227.430, 102.955 ) ( 379.050, 103.125 )


SHORT: ( Metal Short ) Special Wire of Net gnd & Pin of Cell datapath_i/memory_stage_dp/lmd/D_I_28/Q_reg  ( metal1 )
Bounds : ( 228.000, 95.955 ) ( 379.050, 96.125 )


SHORT: ( Metal Short ) Special Wire of Net gnd & Pin of Cell datapath_i/execute_stage_dp/reg_del_b/D_I_26/Q_reg  ( metal1 )
Bounds : ( 227.050, 112.755 ) ( 379.050, 112.925 )


SHORT: ( Metal Short ) Special Wire of Net vdd & Pin of Cell FILLER_3355  ( metal1 )
Bounds : ( 227.620, 77.755 ) ( 379.050, 77.925 )


SHORT: ( Metal Short ) Special Wire of Net gnd & Pin of Cell FILLER_3918  ( metal1 )
Bounds : ( 227.240, 90.355 ) ( 379.050, 90.525 )


SHORT: ( Metal Short ) Special Wire of Net vdd & Pin of Cell datapath_i/memory_stage_dp/lmd/D_I_29/Q_reg  ( metal1 )
Bounds : ( 227.240, 88.955 ) ( 379.050, 89.125 )


SHORT: ( Metal Short ) Special Wire of Net vdd & Pin of Cell FILLER_3566  ( metal1 )
Bounds : ( 227.240, 83.355 ) ( 379.050, 83.525 )


SHORT: ( Metal Short ) Special Wire of Net gnd & Pin of Cell FILLER_4135  ( metal1 )
Bounds : ( 227.050, 93.155 ) ( 379.050, 93.325 )


SHORT: ( Metal Short ) Special Wire of Net gnd & Pin of Cell FILLER_3775  ( metal1 )
Bounds : ( 226.860, 87.555 ) ( 379.050, 87.725 )


SHORT: ( Metal Short ) Special Wire of Net vdd & Pin of Cell datapath_i/execute_stage_dp/reg_del_b/D_I_30/Q_reg  ( metal1 )
Bounds : ( 226.860, 86.155 ) ( 379.050, 86.325 )


SHORT: ( Metal Short ) Special Wire of Net gnd & Pin of Cell FILLER_3494  ( metal1 )
Bounds : ( 226.670, 81.955 ) ( 379.050, 82.125 )


SHORT: ( Metal Short ) Special Wire of Net vdd & Pin of Cell datapath_i/execute_stage_dp/reg_del_b/D_I_31/Q_reg  ( metal1 )
Bounds : ( 226.670, 80.555 ) ( 379.050, 80.725 )


SHORT: ( Metal Short ) Special Wire of Net vdd & Pin of Cell FILLER_4212  ( metal1 )
Bounds : ( 227.050, 94.555 ) ( 379.050, 94.725 )


SHORT: ( Metal Short ) Special Wire of Net gnd & Pin of Cell FILLER_3355  ( metal1 )
Bounds : ( 227.620, 79.155 ) ( 379.050, 79.325 )


SHORT: ( Metal Short ) Special Wire of Net gnd & Pin of Cell datapath_i/memory_stage_dp/lmd/D_I_30/Q_reg  ( metal1 )
Bounds : ( 227.810, 84.755 ) ( 379.050, 84.925 )


SHORT: ( Metal Short ) Special Wire of Net vdd & Pin of Cell datapath_i/execute_stage_dp/reg_del_b/D_I_29/Q_reg  ( metal1 )
Bounds : ( 228.760, 91.755 ) ( 379.050, 91.925 )


SHORT: ( Metal Short ) Special Wire of Net vdd & Pin of Cell datapath_i/execute_stage_dp/general_alu_i/boothmul_pipelined_i/pip_del_reg_muxi_6/D_I_227/Q_reg  ( metal1 )
Bounds : ( 5.130, 147.755 ) ( 159.030, 147.925 )


SHORT: ( Metal Short ) Special Wire of Net gnd & Pin of Cell datapath_i/execute_stage_dp/general_alu_i/boothmul_pipelined_i/pip_del_reg_muxi_3/D_I_41/Q_reg  ( metal1 )
Bounds : ( 5.130, 146.355 ) ( 159.030, 146.525 )


SHORT: ( Metal Short ) Special Wire of Net vdd & Pin of Cell datapath_i/execute_stage_dp/general_alu_i/boothmul_pipelined_i/pip_del_reg_muxi_5/D_I_145/Q_reg  ( metal1 )
Bounds : ( 5.130, 144.955 ) ( 158.080, 145.125 )


SHORT: ( Metal Short ) Special Wire of Net gnd & Pin of Cell datapath_i/execute_stage_dp/general_alu_i/boothmul_pipelined_i/pip_del_reg_muxi_6/D_I_107/Q_reg  ( metal1 )
Bounds : ( 5.130, 143.555 ) ( 159.600, 143.725 )


SHORT: ( Metal Short ) Special Wire of Net gnd & Pin of Cell datapath_i/execute_stage_dp/general_alu_i/boothmul_pipelined_i/pip_del_reg_muxi_7/D_I_221/Q_reg  ( metal1 )
Bounds : ( 5.130, 149.155 ) ( 160.550, 149.325 )


SHORT: ( Metal Short ) Special Wire of Net vdd & Pin of Cell datapath_i/execute_stage_dp/general_alu_i/boothmul_pipelined_i/pip_del_reg_muxi_6/D_I_130/Q_reg  ( metal1 )
Bounds : ( 5.130, 150.555 ) ( 160.550, 150.725 )


SHORT: ( Metal Short ) Special Wire of Net gnd & Pin of Cell datapath_i/execute_stage_dp/general_alu_i/boothmul_pipelined_i/pip_del_reg_muxi_5/D_I_6/Q_reg  ( metal1 )
Bounds : ( 5.130, 151.955 ) ( 160.360, 152.125 )


SHORT: ( Metal Short ) Special Wire of Net gnd & Pin of Cell FILLER_7329  ( metal1 )
Bounds : ( 5.130, 137.955 ) ( 160.550, 138.125 )


SHORT: ( Metal Short ) Special Wire of Net vdd & Pin of Cell FILLER_7166  ( metal1 )
Bounds : ( 5.130, 136.555 ) ( 160.550, 136.725 )


SHORT: ( Metal Short ) Special Wire of Net gnd & Pin of Cell FILLER_6989  ( metal1 )
Bounds : ( 5.130, 135.155 ) ( 160.740, 135.325 )


SHORT: ( Metal Short ) Special Wire of Net vdd & Pin of Cell datapath_i/execute_stage_dp/general_alu_i/boothmul_pipelined_i/pip_del_reg_muxi_2/D_I_144/Q_reg  ( metal1 )
Bounds : ( 5.130, 133.755 ) ( 160.740, 133.925 )


SHORT: ( Metal Short ) Special Wire of Net gnd & Pin of Cell FILLER_6546  ( metal1 )
Bounds : ( 5.130, 132.355 ) ( 158.840, 132.525 )


SHORT: ( Metal Short ) Special Wire of Net vdd & Pin of Cell datapath_i/execute_stage_dp/general_alu_i/boothmul_pipelined_i/pip_del_reg_muxi_6/D_I_80/Q_reg  ( metal1 )
Bounds : ( 5.130, 130.955 ) ( 159.600, 131.125 )


SHORT: ( Metal Short ) Special Wire of Net gnd & Pin of Cell FILLER_6401  ( metal1 )
Bounds : ( 5.130, 129.555 ) ( 160.550, 129.725 )


SHORT: ( Metal Short ) Special Wire of Net vdd & Pin of Cell datapath_i/execute_stage_dp/general_alu_i/boothmul_pipelined_i/pip_del_reg_muxi_4/D_I_38/Q_reg  ( metal1 )
Bounds : ( 5.130, 128.155 ) ( 160.550, 128.325 )


SHORT: ( Metal Short ) Special Wire of Net gnd & Pin of Cell datapath_i/execute_stage_dp/general_alu_i/boothmul_pipelined_i/pip_del_reg_muxi_7/D_I_86/Q_reg  ( metal1 )
Bounds : ( 5.130, 126.755 ) ( 159.030, 126.925 )


SHORT: ( Metal Short ) Special Wire of Net vdd & Pin of Cell datapath_i/execute_stage_dp/general_alu_i/boothmul_pipelined_i/pip_del_reg_muxi_4/D_I_135/Q_reg  ( metal1 )
Bounds : ( 5.130, 125.355 ) ( 159.030, 125.525 )


SHORT: ( Metal Short ) Special Wire of Net gnd & Pin of Cell FILLER_5809  ( metal1 )
Bounds : ( 5.130, 123.955 ) ( 161.880, 124.125 )


SHORT: ( Metal Short ) Special Wire of Net vdd & Pin of Cell datapath_i/execute_stage_dp/general_alu_i/boothmul_pipelined_i/pip_del_reg_muxi_2/D_I_228/Q_reg  ( metal1 )
Bounds : ( 5.130, 122.555 ) ( 161.880, 122.725 )


SHORT: ( Metal Short ) Special Wire of Net gnd & Pin of Cell FILLER_5680  ( metal1 )
Bounds : ( 5.130, 121.155 ) ( 160.550, 121.325 )


SHORT: ( Metal Short ) Special Wire of Net vdd & Pin of Cell FILLER_5568  ( metal1 )
Bounds : ( 5.130, 119.755 ) ( 160.550, 119.925 )


SHORT: ( Metal Short ) Special Wire of Net vdd & Pin of Cell datapath_i/execute_stage_dp/general_alu_i/boothmul_pipelined_i/pip_del_reg_muxi_3/D_I_0/Q_reg  ( metal1 )
Bounds : ( 5.130, 139.355 ) ( 160.170, 139.525 )


SHORT: ( Metal Short ) Special Wire of Net gnd & Pin of Cell datapath_i/execute_stage_dp/general_alu_i/boothmul_pipelined_i/pip_del_reg_muxi_4/D_I_229/Q_reg  ( metal1 )
Bounds : ( 5.130, 140.755 ) ( 161.690, 140.925 )


SHORT: ( Metal Short ) Special Wire of Net vdd & Pin of Cell FILLER_7778  ( metal1 )
Bounds : ( 5.130, 142.155 ) ( 161.690, 142.325 )


SHORT: ( Metal Short ) Special Wire of Net gnd & Pin of Cell FILLER_5466  ( metal1 )
Bounds : ( 5.130, 118.355 ) ( 160.550, 118.525 )


SHORT: ( Metal Short ) Special Wire of Net vdd & Pin of Cell datapath_i/execute_stage_dp/general_alu_i/boothmul_pipelined_i/pip_del_reg_muxi_3/D_I_25/Q_reg  ( metal1 )
Bounds : ( 5.130, 116.955 ) ( 160.550, 117.125 )


SHORT: ( Metal Short ) Special Wire of Net gnd & Pin of Cell datapath_i/execute_stage_dp/general_alu_i/boothmul_pipelined_i/pip_del_reg_add1_1/D_I_25/Q_reg  ( metal1 )
Bounds : ( 5.130, 115.555 ) ( 161.120, 115.725 )


SHORT: ( Metal Short ) Special Wire of Net vdd & Pin of Cell FILLER_5204  ( metal1 )
Bounds : ( 5.130, 114.155 ) ( 161.120, 114.325 )


SHORT: ( Metal Short ) Special Wire of Net gnd & Pin of Cell FILLER_5130  ( metal1 )
Bounds : ( 5.130, 112.755 ) ( 160.170, 112.925 )


SHORT: ( Metal Short ) Special Wire of Net vdd & Pin of Cell FILLER_5049  ( metal1 )
Bounds : ( 5.130, 111.355 ) ( 160.550, 111.525 )


SHORT: ( Metal Short ) Special Wire of Net gnd & Pin of Cell FILLER_4899  ( metal1 )
Bounds : ( 5.130, 109.955 ) ( 160.550, 110.125 )


SHORT: ( Metal Short ) Special Wire of Net vdd & Pin of Cell FILLER_4899  ( metal1 )
Bounds : ( 5.130, 108.555 ) ( 158.270, 108.725 )


SHORT: ( Metal Short ) Special Wire of Net gnd & Pin of Cell FILLER_4831  ( metal1 )
Bounds : ( 5.130, 107.155 ) ( 161.880, 107.325 )


SHORT: ( Metal Short ) Special Wire of Net vdd & Pin of Cell FILLER_4758  ( metal1 )
Bounds : ( 5.130, 105.755 ) ( 162.070, 105.925 )


SHORT: ( Metal Short ) Special Wire of Net gnd & Pin of Cell datapath_i/execute_stage_dp/general_alu_i/boothmul_pipelined_i/pip_del_reg_muxi_5/D_I_13/Q_reg  ( metal1 )
Bounds : ( 5.130, 104.355 ) ( 162.070, 104.525 )


SHORT: ( Metal Short ) Special Wire of Net vdd & Pin of Cell FILLER_4528  ( metal1 )
Bounds : ( 5.130, 102.955 ) ( 160.550, 103.125 )


SHORT: ( Metal Short ) Special Wire of Net gnd & Pin of Cell datapath_i/execute_stage_dp/general_alu_i/boothmul_pipelined_i/pip_del_reg_muxi_7/D_I_139/Q_reg  ( metal1 )
Bounds : ( 5.130, 101.555 ) ( 161.120, 101.725 )


SHORT: ( Metal Short ) Special Wire of Net gnd & Pin of Cell datapath_i/execute_stage_dp/general_alu_i/boothmul_pipelined_i/pip_del_reg_addi_2/D_I_26/Q_reg  ( metal1 )
Bounds : ( 5.130, 98.755 ) ( 160.550, 98.925 )


SHORT: ( Metal Short ) Special Wire of Net vdd & Pin of Cell FILLER_4302  ( metal1 )
Bounds : ( 5.130, 97.355 ) ( 161.120, 97.525 )


SHORT: ( Metal Short ) Special Wire of Net gnd & Pin of Cell FILLER_4228  ( metal1 )
Bounds : ( 5.130, 95.955 ) ( 161.120, 96.125 )


SHORT: ( Metal Short ) Special Wire of Net vdd & Pin of Cell FILLER_4455  ( metal1 )
Bounds : ( 5.130, 100.155 ) ( 161.120, 100.325 )


SHORT: ( Metal Short ) Special Wire of Net gnd & Pin of Cell FILLER_3935  ( metal1 )
Bounds : ( 5.130, 90.355 ) ( 161.880, 90.525 )


SHORT: ( Metal Short ) Special Wire of Net vdd & Pin of Cell FILLER_3863  ( metal1 )
Bounds : ( 5.130, 88.955 ) ( 160.360, 89.125 )


SHORT: ( Metal Short ) Special Wire of Net gnd & Pin of Cell FILLER_3722  ( metal1 )
Bounds : ( 5.130, 87.555 ) ( 159.980, 87.725 )


SHORT: ( Metal Short ) Special Wire of Net vdd & Pin of Cell FILLER_3722  ( metal1 )
Bounds : ( 5.130, 86.155 ) ( 160.930, 86.325 )


SHORT: ( Metal Short ) Special Wire of Net gnd & Pin of Cell FILLER_3649  ( metal1 )
Bounds : ( 5.130, 84.755 ) ( 160.930, 84.925 )


SHORT: ( Metal Short ) Special Wire of Net vdd & Pin of Cell FILLER_3583  ( metal1 )
Bounds : ( 5.130, 83.355 ) ( 160.360, 83.525 )


SHORT: ( Metal Short ) Special Wire of Net gnd & Pin of Cell FILLER_3508  ( metal1 )
Bounds : ( 5.130, 81.955 ) ( 160.360, 82.125 )


SHORT: ( Metal Short ) Special Wire of Net vdd & Pin of Cell FILLER_3370  ( metal1 )
Bounds : ( 5.130, 80.555 ) ( 159.790, 80.725 )


SHORT: ( Metal Short ) Special Wire of Net gnd & Pin of Cell FILLER_3370  ( metal1 )
Bounds : ( 5.130, 79.155 ) ( 160.740, 79.325 )


SHORT: ( Metal Short ) Special Wire of Net vdd & Pin of Cell FILLER_3303  ( metal1 )
Bounds : ( 5.130, 77.755 ) ( 161.690, 77.925 )


SHORT: ( Metal Short ) Special Wire of Net vdd & Pin of Cell datapath_i/execute_stage_dp/general_alu_i/boothmul_pipelined_i/pip_del_reg_muxi_3/D_I_31/Q_reg  ( metal1 )
Bounds : ( 5.130, 91.755 ) ( 161.880, 91.925 )


SHORT: ( Metal Short ) Special Wire of Net gnd & Pin of Cell FILLER_4075  ( metal1 )
Bounds : ( 5.130, 93.155 ) ( 160.170, 93.325 )


SHORT: ( Metal Short ) Special Wire of Net vdd & Pin of Cell FILLER_4075  ( metal1 )
Bounds : ( 5.130, 94.555 ) ( 160.170, 94.725 )


SHORT: ( Metal Short ) Special Wire of Net gnd & Pin of Cell datapath_i/execute_stage_dp/general_alu_i/boothmul_pipelined_i/pip_del_reg_muxi_2/D_I_186/Q_reg  ( metal1 )
Bounds : ( 5.130, 157.555 ) ( 234.840, 157.725 )


SHORT: ( Metal Short ) Special Wire of Net vdd & Pin of Cell datapath_i/execute_stage_dp/general_alu_i/boothmul_pipelined_i/MUXi_4/Y_reg[0]  ( metal1 )
Bounds : ( 5.130, 158.955 ) ( 237.500, 159.125 )


SHORT: ( Metal Short ) Special Wire of Net vdd & Pin of Cell datapath_i/execute_stage_dp/general_alu_i/boothmul_pipelined_i/MUXi_3/Y_reg[0]  ( metal1 )
Bounds : ( 5.130, 175.755 ) ( 237.690, 175.925 )


SHORT: ( Metal Short ) Special Wire of Net gnd & Pin of Cell datapath_i/execute_stage_dp/general_alu_i/boothmul_pipelined_i/pip_del_reg_muxi_2/D_I_211/Q_reg  ( metal1 )
Bounds : ( 5.130, 177.155 ) ( 236.360, 177.325 )


SHORT: ( Metal Short ) Special Wire of Net vdd & Pin of Cell datapath_i/execute_stage_dp/general_alu_i/boothmul_pipelined_i/ADDi_5/add_1_root_add_21_2/U1_12  ( metal1 )
Bounds : ( 5.130, 178.555 ) ( 236.360, 178.725 )


SHORT: ( Metal Short ) Special Wire of Net vdd & Pin of Cell datapath_i/execute_stage_dp/general_alu_i/boothmul_pipelined_i/ADDi_3/add_1_root_add_21_2/U1_6  ( metal1 )
Bounds : ( 5.130, 172.955 ) ( 234.270, 173.125 )


SHORT: ( Metal Short ) Special Wire of Net gnd & Pin of Cell datapath_i/execute_stage_dp/general_alu_i/boothmul_pipelined_i/MUXi_6/Y_reg[18]  ( metal1 )
Bounds : ( 5.130, 174.355 ) ( 237.690, 174.525 )


SHORT: ( Metal Short ) Special Wire of Net gnd & Pin of Cell datapath_i/execute_stage_dp/general_alu_i/boothmul_pipelined_i/pip_del_reg_muxi_3/D_I_187/Q_reg  ( metal1 )
Bounds : ( 5.130, 179.955 ) ( 234.650, 180.125 )


SHORT: ( Metal Short ) Special Wire of Net vdd & Pin of Cell datapath_i/execute_stage_dp/general_alu_i/boothmul_pipelined_i/ADDi_4/add_1_root_add_21_2/U1_9  ( metal1 )
Bounds : ( 5.130, 181.355 ) ( 234.270, 181.525 )


SHORT: ( Metal Short ) Special Wire of Net vdd & Pin of Cell FE_OFC605_RST  ( metal1 )
Bounds : ( 5.130, 161.755 ) ( 235.980, 161.925 )


SHORT: ( Metal Short ) Special Wire of Net gnd & Pin of Cell datapath_i/execute_stage_dp/general_alu_i/boothmul_pipelined_i/MUXi_3/Y_reg[2]  ( metal1 )
Bounds : ( 5.130, 163.155 ) ( 235.980, 163.325 )


SHORT: ( Metal Short ) Special Wire of Net vdd & Pin of Cell datapath_i/execute_stage_dp/general_alu_i/boothmul_pipelined_i/ADDi_4/add_1_root_add_21_2/U1_8  ( metal1 )
Bounds : ( 5.130, 167.355 ) ( 236.170, 167.525 )


SHORT: ( Metal Short ) Special Wire of Net gnd & Pin of Cell datapath_i/execute_stage_dp/general_alu_i/boothmul_pipelined_i/pip_del_reg_muxi_2/D_I_190/Q_reg  ( metal1 )
Bounds : ( 5.130, 168.755 ) ( 236.170, 168.925 )


SHORT: ( Metal Short ) Special Wire of Net gnd & Pin of Cell datapath_i/execute_stage_dp/general_alu_i/boothmul_pipelined_i/pip_del_reg_muxi_3/D_I_72/Q_reg  ( metal1 )
Bounds : ( 5.130, 188.355 ) ( 235.220, 188.525 )


SHORT: ( Metal Short ) Special Wire of Net vdd & Pin of Cell datapath_i/execute_stage_dp/general_alu_i/boothmul_pipelined_i/ADDi_4/add_1_root_add_21_2/U1_11  ( metal1 )
Bounds : ( 5.130, 189.755 ) ( 234.650, 189.925 )


SHORT: ( Metal Short ) Special Wire of Net vdd & Pin of Cell datapath_i/execute_stage_dp/general_alu_i/boothmul_pipelined_i/pip_del_reg_muxi_4/D_I_184/Q_reg  ( metal1 )
Bounds : ( 5.130, 186.955 ) ( 236.170, 187.125 )


SHORT: ( Metal Short ) Special Wire of Net vdd & Pin of Cell datapath_i/execute_stage_dp/general_alu_i/boothmul_pipelined_i/ADDn_7/add_1_root_add_21_2/U1_16  ( metal1 )
Bounds : ( 5.130, 170.155 ) ( 235.410, 170.325 )


SHORT: ( Metal Short ) Special Wire of Net gnd & Pin of Cell datapath_i/execute_stage_dp/general_alu_i/boothmul_pipelined_i/MUXi_6/Y_reg[14]  ( metal1 )
Bounds : ( 5.130, 171.555 ) ( 234.270, 171.725 )


SHORT: ( Metal Short ) Special Wire of Net gnd & Pin of Cell datapath_i/execute_stage_dp/general_alu_i/boothmul_pipelined_i/MUXi_5/Y_reg[13]  ( metal1 )
Bounds : ( 5.130, 182.755 ) ( 235.220, 182.925 )


SHORT: ( Metal Short ) Special Wire of Net vdd & Pin of Cell datapath_i/execute_stage_dp/general_alu_i/boothmul_pipelined_i/ADDi_3/add_1_root_add_21_2/U1_7  ( metal1 )
Bounds : ( 5.130, 184.155 ) ( 235.220, 184.325 )


SHORT: ( Metal Short ) Special Wire of Net vdd & Pin of Cell datapath_i/execute_stage_dp/general_alu_i/boothmul_pipelined_i/ADDi_4/add_1_root_add_21_2/U1_1  ( metal1 )
Bounds : ( 5.130, 153.355 ) ( 379.050, 153.525 )


SHORT: ( Metal Short ) Special Wire of Net gnd & Pin of Cell datapath_i/execute_stage_dp/general_alu_i/boothmul_pipelined_i/MUXi_4/Y_reg[1]  ( metal1 )
Bounds : ( 5.130, 154.755 ) ( 235.030, 154.925 )


SHORT: ( Metal Short ) Special Wire of Net gnd & Pin of Cell datapath_i/execute_stage_dp/general_alu_i/boothmul_pipelined_i/MUXi_3/Y_reg[4]  ( metal1 )
Bounds : ( 5.130, 160.355 ) ( 237.500, 160.525 )


SHORT: ( Metal Short ) Special Wire of Net vdd & Pin of Cell datapath_i/execute_stage_dp/general_alu_i/boothmul_pipelined_i/ADDi_3/add_1_root_add_21_2/U1_3  ( metal1 )
Bounds : ( 5.130, 164.555 ) ( 234.080, 164.725 )


SHORT: ( Metal Short ) Special Wire of Net gnd & Pin of Cell datapath_i/execute_stage_dp/general_alu_i/boothmul_pipelined_i/MUXi_4/Y_reg[8]  ( metal1 )
Bounds : ( 5.130, 165.955 ) ( 234.270, 166.125 )


SHORT: ( Metal Short ) Special Wire of Net gnd & Pin of Cell datapath_i/execute_stage_dp/general_alu_i/boothmul_pipelined_i/MUXi_3/Y_reg[7]  ( metal1 )
Bounds : ( 5.130, 185.555 ) ( 236.170, 185.725 )


SHORT: ( Metal Short ) Special Wire of Net vdd & Pin of Cell datapath_i/execute_stage_dp/general_alu_i/boothmul_pipelined_i/MUXi_3/U107  ( metal1 )
Bounds : ( 5.130, 156.155 ) ( 235.030, 156.325 )


SHORT: ( Metal Short ) Special Wire of Net gnd & Pin of Cell FILLER_3264  ( metal1 )
Bounds : ( 5.130, 76.355 ) ( 379.050, 76.525 )


SHORT: ( Metal Short ) Special Wire of Net gnd & Pin of Cell FILLER_2920  ( metal1 )
Bounds : ( 5.130, 70.755 ) ( 379.050, 70.925 )


SHORT: ( Metal Short ) Special Wire of Net vdd & Pin of Cell FILLER_2920  ( metal1 )
Bounds : ( 5.130, 69.355 ) ( 379.050, 69.525 )


SHORT: ( Metal Short ) Special Wire of Net gnd & Pin of Cell FILLER_1964  ( metal1 )
Bounds : ( 5.130, 48.355 ) ( 379.050, 48.525 )


SHORT: ( Metal Short ) Special Wire of Net vdd & Pin of Cell FILLER_2030  ( metal1 )
Bounds : ( 5.130, 49.755 ) ( 379.050, 49.925 )


SHORT: ( Metal Short ) Special Wire of Net gnd & Pin of Cell FILLER_2030  ( metal1 )
Bounds : ( 5.130, 51.155 ) ( 379.050, 51.325 )


SHORT: ( Metal Short ) Special Wire of Net vdd & Pin of Cell FILLER_2158  ( metal1 )
Bounds : ( 5.130, 52.555 ) ( 379.050, 52.725 )


SHORT: ( Metal Short ) Special Wire of Net gnd & Pin of Cell FILLER_2220  ( metal1 )
Bounds : ( 5.130, 53.955 ) ( 379.050, 54.125 )


SHORT: ( Metal Short ) Special Wire of Net vdd & Pin of Cell FILLER_2282  ( metal1 )
Bounds : ( 5.130, 55.355 ) ( 379.050, 55.525 )


SHORT: ( Metal Short ) Special Wire of Net gnd & Pin of Cell FILLER_2344  ( metal1 )
Bounds : ( 5.130, 56.755 ) ( 379.050, 56.925 )


SHORT: ( Metal Short ) Special Wire of Net vdd & Pin of Cell FILLER_2344  ( metal1 )
Bounds : ( 5.130, 58.155 ) ( 379.050, 58.325 )


SHORT: ( Metal Short ) Special Wire of Net gnd & Pin of Cell FILLER_2468  ( metal1 )
Bounds : ( 5.130, 59.555 ) ( 379.050, 59.725 )


SHORT: ( Metal Short ) Special Wire of Net vdd & Pin of Cell FILLER_2530  ( metal1 )
Bounds : ( 5.130, 60.955 ) ( 379.050, 61.125 )


SHORT: ( Metal Short ) Special Wire of Net gnd & Pin of Cell FILLER_2596  ( metal1 )
Bounds : ( 5.130, 62.355 ) ( 379.050, 62.525 )


SHORT: ( Metal Short ) Special Wire of Net vdd & Pin of Cell FILLER_2664  ( metal1 )
Bounds : ( 5.130, 63.755 ) ( 379.050, 63.925 )


SHORT: ( Metal Short ) Special Wire of Net gnd & Pin of Cell FILLER_2664  ( metal1 )
Bounds : ( 5.130, 65.155 ) ( 379.050, 65.325 )


SHORT: ( Metal Short ) Special Wire of Net vdd & Pin of Cell FILLER_2788  ( metal1 )
Bounds : ( 5.130, 66.555 ) ( 379.050, 66.725 )


SHORT: ( Metal Short ) Special Wire of Net gnd & Pin of Cell FILLER_2788  ( metal1 )
Bounds : ( 5.130, 67.955 ) ( 379.050, 68.125 )


SHORT: ( Metal Short ) Special Wire of Net gnd & Pin of Cell FILLER_3123  ( metal1 )
Bounds : ( 5.130, 73.555 ) ( 379.050, 73.725 )


SHORT: ( Metal Short ) Special Wire of Net vdd & Pin of Cell FILLER_3123  ( metal1 )
Bounds : ( 5.130, 74.955 ) ( 379.050, 75.125 )


SHORT: ( Metal Short ) Special Wire of Net vdd & Pin of Cell FILLER_3056  ( metal1 )
Bounds : ( 5.130, 72.155 ) ( 379.050, 72.325 )


SHORT: ( Metal Short ) Special Wire of Net vdd & Pin of Cell FILLER_1902  ( metal1 )
Bounds : ( 5.130, 46.955 ) ( 379.050, 47.125 )


SHORT: ( Metal Short ) Special Wire of Net vdd & Pin of Cell FILLER_1716  ( metal1 )
Bounds : ( 5.130, 44.155 ) ( 379.050, 44.325 )


SHORT: ( Metal Short ) Special Wire of Net gnd & Pin of Cell FILLER_1716  ( metal1 )
Bounds : ( 5.130, 42.755 ) ( 379.050, 42.925 )


SHORT: ( Metal Short ) Special Wire of Net vdd & Pin of Cell FILLER_907  ( metal1 )
Bounds : ( 5.130, 24.555 ) ( 379.050, 24.725 )


SHORT: ( Metal Short ) Special Wire of Net gnd & Pin of Cell FILLER_969  ( metal1 )
Bounds : ( 5.130, 25.955 ) ( 379.050, 26.125 )


SHORT: ( Metal Short ) Special Wire of Net vdd & Pin of Cell FILLER_1031  ( metal1 )
Bounds : ( 5.130, 27.355 ) ( 379.050, 27.525 )


SHORT: ( Metal Short ) Special Wire of Net gnd & Pin of Cell FILLER_1031  ( metal1 )
Bounds : ( 5.130, 28.755 ) ( 379.050, 28.925 )


SHORT: ( Metal Short ) Special Wire of Net vdd & Pin of Cell FILLER_1155  ( metal1 )
Bounds : ( 5.130, 30.155 ) ( 379.050, 30.325 )


SHORT: ( Metal Short ) Special Wire of Net gnd & Pin of Cell FILLER_1217  ( metal1 )
Bounds : ( 5.130, 31.555 ) ( 379.050, 31.725 )


SHORT: ( Metal Short ) Special Wire of Net vdd & Pin of Cell FILLER_1279  ( metal1 )
Bounds : ( 5.130, 32.955 ) ( 379.050, 33.125 )


SHORT: ( Metal Short ) Special Wire of Net gnd & Pin of Cell FILLER_1341  ( metal1 )
Bounds : ( 5.130, 34.355 ) ( 379.050, 34.525 )


SHORT: ( Metal Short ) Special Wire of Net vdd & Pin of Cell FILLER_1341  ( metal1 )
Bounds : ( 5.130, 35.755 ) ( 379.050, 35.925 )


SHORT: ( Metal Short ) Special Wire of Net gnd & Pin of Cell FILLER_1468  ( metal1 )
Bounds : ( 5.130, 37.155 ) ( 379.050, 37.325 )


SHORT: ( Metal Short ) Special Wire of Net vdd & Pin of Cell FILLER_1530  ( metal1 )
Bounds : ( 5.130, 38.555 ) ( 379.050, 38.725 )


SHORT: ( Metal Short ) Special Wire of Net gnd & Pin of Cell FILLER_1592  ( metal1 )
Bounds : ( 5.130, 39.955 ) ( 379.050, 40.125 )


SHORT: ( Metal Short ) Special Wire of Net vdd & Pin of Cell FILLER_1654  ( metal1 )
Bounds : ( 5.130, 41.355 ) ( 379.050, 41.525 )


SHORT: ( Metal Short ) Special Wire of Net gnd & Pin of Cell FILLER_1840  ( metal1 )
Bounds : ( 5.130, 45.555 ) ( 379.050, 45.725 )


SHORT: ( Metal Short ) Special Wire of Net vdd & Pin of Cell FILLER_25  ( metal1 )
Bounds : ( 5.130, 4.955 ) ( 379.050, 5.125 )


SHORT: ( Metal Short ) Special Wire of Net gnd & Pin of Cell FILLER_91  ( metal1 )
Bounds : ( 5.130, 6.355 ) ( 379.050, 6.525 )


SHORT: ( Metal Short ) Special Wire of Net vdd & Pin of Cell FILLER_157  ( metal1 )
Bounds : ( 5.130, 7.755 ) ( 379.050, 7.925 )


SHORT: ( Metal Short ) Special Wire of Net gnd & Pin of Cell FILLER_219  ( metal1 )
Bounds : ( 5.130, 9.155 ) ( 379.050, 9.325 )


SHORT: ( Metal Short ) Special Wire of Net vdd & Pin of Cell FILLER_281  ( metal1 )
Bounds : ( 5.130, 10.555 ) ( 379.050, 10.725 )


SHORT: ( Metal Short ) Special Wire of Net gnd & Pin of Cell FILLER_343  ( metal1 )
Bounds : ( 5.130, 11.955 ) ( 379.050, 12.125 )


SHORT: ( Metal Short ) Special Wire of Net vdd & Pin of Cell FILLER_408  ( metal1 )
Bounds : ( 5.130, 13.355 ) ( 379.050, 13.525 )


SHORT: ( Metal Short ) Special Wire of Net gnd & Pin of Cell FILLER_408  ( metal1 )
Bounds : ( 5.130, 14.755 ) ( 379.050, 14.925 )


SHORT: ( Metal Short ) Special Wire of Net vdd & Pin of Cell FILLER_532  ( metal1 )
Bounds : ( 5.130, 16.155 ) ( 379.050, 16.325 )


SHORT: ( Metal Short ) Special Wire of Net gnd & Pin of Cell FILLER_594  ( metal1 )
Bounds : ( 5.130, 17.555 ) ( 379.050, 17.725 )


SHORT: ( Metal Short ) Special Wire of Net vdd & Pin of Cell FILLER_656  ( metal1 )
Bounds : ( 5.130, 18.955 ) ( 379.050, 19.125 )


SHORT: ( Metal Short ) Special Wire of Net gnd & Pin of Cell FILLER_718  ( metal1 )
Bounds : ( 5.130, 20.355 ) ( 379.050, 20.525 )


SHORT: ( Metal Short ) Special Wire of Net vdd & Pin of Cell FILLER_718  ( metal1 )
Bounds : ( 5.130, 21.755 ) ( 379.050, 21.925 )


SHORT: ( Metal Short ) Special Wire of Net gnd & Pin of Cell FILLER_842  ( metal1 )
Bounds : ( 5.130, 23.155 ) ( 379.050, 23.325 )


SHORT: ( Metal Short ) Special Wire of Net gnd & Pin of Cell datapath_i/execute_stage_dp/general_alu_i/U307  ( metal1 )
Bounds : ( 310.270, 191.155 ) ( 379.050, 191.325 )


SHORT: ( Metal Short ) Special Wire of Net gnd & Pin of Cell datapath_i/execute_stage_dp/general_alu_i/boothmul_pipelined_i/MUXi_4/Y_reg[18]  ( metal1 )
Bounds : ( 5.130, 191.155 ) ( 236.360, 191.325 )


  Total Violations : 481 Viols.
