###############################################################
#  Generated by:      Cadence Innovus 17.11-s080_1
#  OS:                Linux x86_64(Host ID localhost.localdomain)
#  Generated on:      Sun Sep 13 02:33:49 2020
#  Design:            DLX_IR_SIZE32_PC_SIZE32
#  Command:           verify_drc
###############################################################
#set_verify_drc_mode -check_implant true -check_implant_across_rows false -check_ndr_spacing false -check_same_via_cell false -disable_rules "" -exclude_pg_net false -ignore_trial_route false -limit 1000 -report DLX_IR_SIZE32_PC_SIZE32_10.drc.rpt

SHORT: ( Metal Short ) Special Wire of Net vdd & Pin of Cell cu_i/next_val_counter_mul_reg[3]  ( metal1 )
Bounds : ( 5.130, 287.755 ) ( 294.690, 287.925 )


SHORT: ( Metal Short ) Special Wire of Net vdd & Pin of Cell cu_i/U106  ( metal1 )
Bounds : ( 5.130, 282.155 ) ( 294.690, 282.325 )


SHORT: ( Metal Short ) Special Wire of Net gnd & Pin of Cell cu_i/next_stall_reg  ( metal1 )
Bounds : ( 5.130, 283.555 ) ( 294.690, 283.725 )


SHORT: ( Metal Short ) Special Wire of Net gnd & Pin of Cell cu_i/U130  ( metal1 )
Bounds : ( 5.130, 289.155 ) ( 294.690, 289.325 )


SHORT: ( Metal Short ) Special Wire of Net vdd & Pin of Cell cu_i/U135  ( metal1 )
Bounds : ( 5.130, 290.555 ) ( 294.690, 290.725 )


SHORT: ( Metal Short ) Special Wire of Net vdd & Pin of Cell cu_i/U107  ( metal1 )
Bounds : ( 5.130, 284.955 ) ( 294.690, 285.125 )


SHORT: ( Metal Short ) Special Wire of Net gnd & Pin of Cell cu_i/next_val_counter_mul_reg[1]  ( metal1 )
Bounds : ( 5.130, 286.355 ) ( 294.690, 286.525 )


SHORT: ( Metal Short ) Special Wire of Net gnd & Pin of Cell datapath_i/fetch_stage_dp/instruction_reg/D_I_2/Q_reg  ( metal1 )
Bounds : ( 5.130, 291.955 ) ( 294.690, 292.125 )


SHORT: ( Metal Short ) Special Wire of Net vdd & Pin of Cell cu_i/next_val_counter_mul_reg[2]  ( metal1 )
Bounds : ( 5.130, 293.355 ) ( 294.690, 293.525 )


SHORT: ( Metal Short ) Special Wire of Net gnd & Pin of Cell cu_i/U197  ( metal1 )
Bounds : ( 5.130, 280.755 ) ( 294.690, 280.925 )


SHORT: ( Metal Short ) Special Wire of Net gnd & Pin of Cell datapath_i/decode_stage_dp/sign_extension_logic_jump/extended_val_reg[22]  ( metal1 )
Bounds : ( 5.130, 272.355 ) ( 294.690, 272.525 )


SHORT: ( Metal Short ) Special Wire of Net vdd & Pin of Cell cu_i/U20  ( metal1 )
Bounds : ( 5.130, 270.955 ) ( 294.690, 271.125 )


SHORT: ( Metal Short ) Special Wire of Net vdd & Pin of Cell datapath_i/decode_stage_dp/immediate_reg_mux/Y_reg[5]  ( metal1 )
Bounds : ( 5.130, 262.555 ) ( 294.690, 262.725 )


SHORT: ( Metal Short ) Special Wire of Net gnd & Pin of Cell datapath_i/write_back_stage_dp/wb_mux/Y_reg[3]  ( metal1 )
Bounds : ( 5.130, 263.955 ) ( 294.690, 264.125 )


SHORT: ( Metal Short ) Special Wire of Net vdd & Pin of Cell datapath_i/decode_stage_dp/sign_extension_logic_jump/extended_val_reg[3]  ( metal1 )
Bounds : ( 5.130, 276.555 ) ( 294.690, 276.725 )


SHORT: ( Metal Short ) Special Wire of Net gnd & Pin of Cell cu_i/U156  ( metal1 )
Bounds : ( 5.130, 277.955 ) ( 294.690, 278.125 )


SHORT: ( Metal Short ) Special Wire of Net vdd & Pin of Cell datapath_i/decode_stage_dp/immediate_reg_mux/Y_reg[4]  ( metal1 )
Bounds : ( 5.130, 265.355 ) ( 294.690, 265.525 )


SHORT: ( Metal Short ) Special Wire of Net vdd & Pin of Cell datapath_i/decode_stage_dp/sign_extension_logic_jump/extended_val_reg[4]  ( metal1 )
Bounds : ( 5.130, 273.755 ) ( 294.690, 273.925 )


SHORT: ( Metal Short ) Special Wire of Net gnd & Pin of Cell datapath_i/decode_stage_dp/reg_file/OUT2_reg[1]  ( metal1 )
Bounds : ( 5.130, 266.755 ) ( 294.690, 266.925 )


SHORT: ( Metal Short ) Special Wire of Net gnd & Pin of Cell cu_i/U95  ( metal1 )
Bounds : ( 5.130, 275.155 ) ( 294.690, 275.325 )


SHORT: ( Metal Short ) Special Wire of Net vdd & Pin of Cell cu_i/curr_state_reg[0]  ( metal1 )
Bounds : ( 5.130, 268.155 ) ( 294.690, 268.325 )


SHORT: ( Metal Short ) Special Wire of Net gnd & Pin of Cell datapath_i/decode_stage_dp/U81  ( metal1 )
Bounds : ( 5.130, 269.555 ) ( 294.690, 269.725 )


SHORT: ( Metal Short ) Special Wire of Net vdd & Pin of Cell cu_i/U192  ( metal1 )
Bounds : ( 5.130, 279.355 ) ( 294.690, 279.525 )


SHORT: ( Metal Short ) Special Wire of Net vdd & Pin of Cell datapath_i/decode_stage_dp/sign_extension_logic_immediate/extended_val_reg[24]  ( metal1 )
Bounds : ( 5.130, 242.955 ) ( 294.690, 243.125 )


SHORT: ( Metal Short ) Special Wire of Net gnd & Pin of Cell datapath_i/decode_stage_dp/pc_delay_reg_2/D_I_4/Q_reg  ( metal1 )
Bounds : ( 5.130, 261.155 ) ( 294.690, 261.325 )


SHORT: ( Metal Short ) Special Wire of Net vdd & Pin of Cell datapath_i/memory_stage_dp/branch_mux/Y_reg[2]  ( metal1 )
Bounds : ( 5.130, 259.755 ) ( 294.690, 259.925 )


SHORT: ( Metal Short ) Special Wire of Net gnd & Pin of Cell datapath_i/decode_stage_dp/sign_extension_logic_immediate/extended_val_reg[22]  ( metal1 )
Bounds : ( 5.130, 249.955 ) ( 294.690, 250.125 )


SHORT: ( Metal Short ) Special Wire of Net vdd & Pin of Cell datapath_i/fetch_stage_dp/new_program_counter/D_I_4/Q_reg  ( metal1 )
Bounds : ( 5.130, 256.955 ) ( 294.690, 257.125 )


SHORT: ( Metal Short ) Special Wire of Net gnd & Pin of Cell datapath_i/memory_stage_dp/branch_mux/Y_reg[3]  ( metal1 )
Bounds : ( 5.130, 258.355 ) ( 294.690, 258.525 )


SHORT: ( Metal Short ) Special Wire of Net vdd & Pin of Cell datapath_i/memory_stage_dp/branch_mux/Y_reg[5]  ( metal1 )
Bounds : ( 5.130, 251.355 ) ( 294.690, 251.525 )


SHORT: ( Metal Short ) Special Wire of Net gnd & Pin of Cell datapath_i/decode_stage_dp/immediate_reg_mux/Y_reg[14]  ( metal1 )
Bounds : ( 5.130, 252.755 ) ( 294.690, 252.925 )


SHORT: ( Metal Short ) Special Wire of Net vdd & Pin of Cell datapath_i/decode_stage_dp/sign_extension_logic_immediate/extended_val_reg[16]  ( metal1 )
Bounds : ( 5.130, 254.155 ) ( 294.690, 254.325 )


SHORT: ( Metal Short ) Special Wire of Net gnd & Pin of Cell datapath_i/memory_stage_dp/branch_mux/Y_reg[4]  ( metal1 )
Bounds : ( 5.130, 255.555 ) ( 294.690, 255.725 )


SHORT: ( Metal Short ) Special Wire of Net gnd & Pin of Cell datapath_i/decode_stage_dp/reg_immediate/D_I_14/Q_reg  ( metal1 )
Bounds : ( 5.130, 247.155 ) ( 294.690, 247.325 )


SHORT: ( Metal Short ) Special Wire of Net vdd & Pin of Cell datapath_i/decode_stage_dp/sign_extension_logic_immediate/extended_val_reg[20]  ( metal1 )
Bounds : ( 5.130, 248.555 ) ( 294.690, 248.725 )


SHORT: ( Metal Short ) Special Wire of Net gnd & Pin of Cell datapath_i/decode_stage_dp/sign_extension_logic_immediate/extended_val_reg[23]  ( metal1 )
Bounds : ( 5.130, 244.355 ) ( 294.690, 244.525 )


SHORT: ( Metal Short ) Special Wire of Net vdd & Pin of Cell datapath_i/memory_stage_dp/branch_mux/Y_reg[6]  ( metal1 )
Bounds : ( 5.130, 245.755 ) ( 294.690, 245.925 )


SHORT: ( Metal Short ) Special Wire of Net gnd & Pin of Cell datapath_i/memory_stage_dp/branch_mux/Y_reg[7]  ( metal1 )
Bounds : ( 5.130, 241.555 ) ( 294.690, 241.725 )


SHORT: ( Metal Short ) Special Wire of Net gnd & Pin of Cell datapath_i/decode_stage_dp/immediate_reg_mux/Y_reg[21]  ( metal1 )
Bounds : ( 5.130, 235.955 ) ( 294.690, 236.125 )


SHORT: ( Metal Short ) Special Wire of Net vdd & Pin of Cell datapath_i/execute_stage_dp/U9  ( metal1 )
Bounds : ( 5.130, 234.555 ) ( 294.690, 234.725 )


SHORT: ( Metal Short ) Special Wire of Net vdd & Pin of Cell datapath_i/decode_stage_dp/pc_delay_reg_2/D_I_0/Q_reg  ( metal1 )
Bounds : ( 5.130, 240.155 ) ( 294.690, 240.325 )


SHORT: ( Metal Short ) Special Wire of Net vdd & Pin of Cell datapath_i/execute_stage_dp/alu_opb/Y_reg[0]  ( metal1 )
Bounds : ( 5.130, 226.155 ) ( 294.690, 226.325 )


SHORT: ( Metal Short ) Special Wire of Net gnd & Pin of Cell datapath_i/execute_stage_dp/alu_opa/Y_reg[3]  ( metal1 )
Bounds : ( 5.130, 224.755 ) ( 294.690, 224.925 )


SHORT: ( Metal Short ) Special Wire of Net gnd & Pin of Cell datapath_i/decode_stage_dp/reg_file/OUT2_reg[15]  ( metal1 )
Bounds : ( 5.130, 227.555 ) ( 294.690, 227.725 )


SHORT: ( Metal Short ) Special Wire of Net vdd & Pin of Cell datapath_i/memory_stage_dp/branch_mux/Y_reg[8]  ( metal1 )
Bounds : ( 5.130, 237.355 ) ( 294.690, 237.525 )


SHORT: ( Metal Short ) Special Wire of Net gnd & Pin of Cell datapath_i/decode_stage_dp/immediate_reg_mux/Y_reg[23]  ( metal1 )
Bounds : ( 5.130, 238.755 ) ( 294.690, 238.925 )


SHORT: ( Metal Short ) Special Wire of Net vdd & Pin of Cell datapath_i/memory_stage_dp/branch_mux/Y_reg[11]  ( metal1 )
Bounds : ( 5.130, 228.955 ) ( 294.690, 229.125 )


SHORT: ( Metal Short ) Special Wire of Net gnd & Pin of Cell datapath_i/decode_stage_dp/immediate_reg_mux/Y_reg[29]  ( metal1 )
Bounds : ( 5.130, 230.355 ) ( 294.690, 230.525 )


SHORT: ( Metal Short ) Special Wire of Net vdd & Pin of Cell FE_OFC399_RST  ( metal1 )
Bounds : ( 5.130, 231.755 ) ( 294.690, 231.925 )


SHORT: ( Metal Short ) Special Wire of Net gnd & Pin of Cell datapath_i/decode_stage_dp/immediate_reg_mux/Y_reg[31]  ( metal1 )
Bounds : ( 5.130, 233.155 ) ( 294.690, 233.325 )


SHORT: ( Metal Short ) Special Wire of Net vdd & Pin of Cell datapath_i/execute_stage_dp/alu_opa/Y_reg[4]  ( metal1 )
Bounds : ( 5.130, 223.355 ) ( 294.690, 223.525 )


SHORT: ( Metal Short ) Special Wire of Net gnd & Pin of Cell datapath_i/memory_stage_dp/branch_mux/Y_reg[22]  ( metal1 )
Bounds : ( 5.130, 216.355 ) ( 294.690, 216.525 )


SHORT: ( Metal Short ) Special Wire of Net vdd & Pin of Cell datapath_i/write_back_stage_dp/wb_mux/Y_reg[15]  ( metal1 )
Bounds : ( 5.130, 214.955 ) ( 294.690, 215.125 )


SHORT: ( Metal Short ) Special Wire of Net vdd & Pin of Cell datapath_i/execute_stage_dp/general_alu_i/p4_adder_lab/carry_select/PGi_1_31/U2  ( metal1 )
Bounds : ( 5.130, 209.355 ) ( 294.690, 209.525 )


SHORT: ( Metal Short ) Special Wire of Net gnd & Pin of Cell datapath_i/execute_stage_dp/general_alu_i/p4_adder_lab/sums/CSBi_0/RCA1/FAI_8/U1  ( metal1 )
Bounds : ( 5.130, 210.755 ) ( 294.690, 210.925 )


SHORT: ( Metal Short ) Special Wire of Net gnd & Pin of Cell datapath_i/execute_stage_dp/alu_opa/Y_reg[29]  ( metal1 )
Bounds : ( 5.130, 207.955 ) ( 294.690, 208.125 )


SHORT: ( Metal Short ) Special Wire of Net vdd & Pin of Cell datapath_i/execute_stage_dp/general_alu_i/DATA2_I_reg[1]  ( metal1 )
Bounds : ( 5.130, 206.555 ) ( 294.690, 206.725 )


SHORT: ( Metal Short ) Special Wire of Net gnd & Pin of Cell datapath_i/write_back_stage_dp/wb_mux/Y_reg[14]  ( metal1 )
Bounds : ( 5.130, 219.155 ) ( 294.690, 219.325 )


SHORT: ( Metal Short ) Special Wire of Net vdd & Pin of Cell datapath_i/execute_stage_dp/general_alu_i/p4_adder_lab/carry_select/PGi_1_7/U2  ( metal1 )
Bounds : ( 5.130, 217.755 ) ( 294.690, 217.925 )


SHORT: ( Metal Short ) Special Wire of Net gnd & Pin of Cell datapath_i/execute_stage_dp/alu_opa/Y_reg[7]  ( metal1 )
Bounds : ( 5.130, 221.955 ) ( 294.690, 222.125 )


SHORT: ( Metal Short ) Special Wire of Net vdd & Pin of Cell datapath_i/execute_stage_dp/general_alu_i/p4_adder_lab/carry_select/PGi_2_7/U2  ( metal1 )
Bounds : ( 5.130, 220.555 ) ( 294.690, 220.725 )


SHORT: ( Metal Short ) Special Wire of Net gnd & Pin of Cell datapath_i/write_back_stage_dp/wb_mux/Y_reg[12]  ( metal1 )
Bounds : ( 5.130, 213.555 ) ( 294.690, 213.725 )


SHORT: ( Metal Short ) Special Wire of Net vdd & Pin of Cell datapath_i/execute_stage_dp/alu_opa/Y_reg[30]  ( metal1 )
Bounds : ( 5.130, 212.155 ) ( 294.690, 212.325 )


SHORT: ( Metal Short ) Special Wire of Net gnd & Pin of Cell datapath_i/execute_stage_dp/general_alu_i/U268  ( metal1 )
Bounds : ( 5.130, 188.355 ) ( 294.690, 188.525 )


SHORT: ( Metal Short ) Special Wire of Net gnd & Pin of Cell datapath_i/write_back_stage_dp/wb_mux/Y_reg[16]  ( metal1 )
Bounds : ( 5.130, 202.355 ) ( 294.690, 202.525 )


SHORT: ( Metal Short ) Special Wire of Net vdd & Pin of Cell datapath_i/execute_stage_dp/general_alu_i/p4_adder_lab/carry_select/PGi_1_11/U2  ( metal1 )
Bounds : ( 5.130, 200.955 ) ( 294.690, 201.125 )


SHORT: ( Metal Short ) Special Wire of Net vdd & Pin of Cell datapath_i/execute_stage_dp/general_alu_i/U13  ( metal1 )
Bounds : ( 5.130, 198.155 ) ( 294.690, 198.325 )


SHORT: ( Metal Short ) Special Wire of Net gnd & Pin of Cell datapath_i/execute_stage_dp/alu_opb/Y_reg[27]  ( metal1 )
Bounds : ( 5.130, 196.755 ) ( 294.690, 196.925 )


SHORT: ( Metal Short ) Special Wire of Net gnd & Pin of Cell datapath_i/write_back_stage_dp/wb_mux/Y_reg[17]  ( metal1 )
Bounds : ( 5.130, 191.155 ) ( 294.690, 191.325 )


SHORT: ( Metal Short ) Special Wire of Net vdd & Pin of Cell datapath_i/execute_stage_dp/general_alu_i/r323/U111  ( metal1 )
Bounds : ( 5.130, 189.755 ) ( 294.690, 189.925 )


SHORT: ( Metal Short ) Special Wire of Net vdd & Pin of Cell datapath_i/execute_stage_dp/general_alu_i/U192  ( metal1 )
Bounds : ( 5.130, 195.355 ) ( 294.690, 195.525 )


SHORT: ( Metal Short ) Special Wire of Net gnd & Pin of Cell datapath_i/execute_stage_dp/general_alu_i/r323/U105  ( metal1 )
Bounds : ( 5.130, 193.955 ) ( 294.690, 194.125 )


SHORT: ( Metal Short ) Special Wire of Net vdd & Pin of Cell datapath_i/execute_stage_dp/alu_opa/Y_reg[26]  ( metal1 )
Bounds : ( 5.130, 192.555 ) ( 294.690, 192.725 )


SHORT: ( Metal Short ) Special Wire of Net gnd & Pin of Cell datapath_i/execute_stage_dp/alu_opb/Y_reg[28]  ( metal1 )
Bounds : ( 5.130, 199.555 ) ( 294.690, 199.725 )


SHORT: ( Metal Short ) Special Wire of Net vdd & Pin of Cell datapath_i/execute_stage_dp/general_alu_i/U609  ( metal1 )
Bounds : ( 5.130, 186.955 ) ( 294.690, 187.125 )


SHORT: ( Metal Short ) Special Wire of Net gnd & Pin of Cell datapath_i/execute_stage_dp/alu_opb/Y_reg[29]  ( metal1 )
Bounds : ( 5.130, 205.155 ) ( 294.690, 205.325 )


SHORT: ( Metal Short ) Special Wire of Net vdd & Pin of Cell datapath_i/execute_stage_dp/general_alu_i/p4_adder_lab/carry_select/PGi_2_11/U2  ( metal1 )
Bounds : ( 5.130, 203.755 ) ( 294.690, 203.925 )


SHORT: ( Metal Short ) Special Wire of Net gnd & Pin of Cell datapath_i/execute_stage_dp/general_alu_i/U358  ( metal1 )
Bounds : ( 5.130, 179.955 ) ( 294.690, 180.125 )


SHORT: ( Metal Short ) Special Wire of Net vdd & Pin of Cell datapath_i/execute_stage_dp/general_alu_i/DATA2_I_reg[22]  ( metal1 )
Bounds : ( 5.130, 178.555 ) ( 294.690, 178.725 )


SHORT: ( Metal Short ) Special Wire of Net vdd & Pin of Cell datapath_i/execute_stage_dp/general_alu_i/U911  ( metal1 )
Bounds : ( 5.130, 172.955 ) ( 294.690, 173.125 )


SHORT: ( Metal Short ) Special Wire of Net gnd & Pin of Cell datapath_i/execute_stage_dp/general_alu_i/U647  ( metal1 )
Bounds : ( 5.130, 171.555 ) ( 294.690, 171.725 )


SHORT: ( Metal Short ) Special Wire of Net gnd & Pin of Cell datapath_i/execute_stage_dp/general_alu_i/r323/U138  ( metal1 )
Bounds : ( 5.130, 177.155 ) ( 294.690, 177.325 )


SHORT: ( Metal Short ) Special Wire of Net vdd & Pin of Cell datapath_i/execute_stage_dp/general_alu_i/r323/U133  ( metal1 )
Bounds : ( 5.130, 175.755 ) ( 294.690, 175.925 )


SHORT: ( Metal Short ) Special Wire of Net gnd & Pin of Cell datapath_i/execute_stage_dp/general_alu_i/U565  ( metal1 )
Bounds : ( 5.130, 174.355 ) ( 294.690, 174.525 )


SHORT: ( Metal Short ) Special Wire of Net gnd & Pin of Cell datapath_i/execute_stage_dp/general_alu_i/U319  ( metal1 )
Bounds : ( 5.130, 182.755 ) ( 294.690, 182.925 )


SHORT: ( Metal Short ) Special Wire of Net vdd & Pin of Cell datapath_i/execute_stage_dp/general_alu_i/p4_adder_lab/carry_select/PGi_2_19/U2  ( metal1 )
Bounds : ( 5.130, 181.355 ) ( 294.690, 181.525 )


SHORT: ( Metal Short ) Special Wire of Net gnd & Pin of Cell datapath_i/execute_stage_dp/general_alu_i/U313  ( metal1 )
Bounds : ( 5.130, 185.555 ) ( 294.690, 185.725 )


SHORT: ( Metal Short ) Special Wire of Net vdd & Pin of Cell datapath_i/execute_stage_dp/general_alu_i/DATA2_I_reg[17]  ( metal1 )
Bounds : ( 5.130, 184.155 ) ( 294.690, 184.325 )


SHORT: ( Metal Short ) Special Wire of Net vdd & Pin of Cell datapath_i/execute_stage_dp/general_alu_i/U48  ( metal1 )
Bounds : ( 5.130, 170.155 ) ( 294.690, 170.325 )


SHORT: ( Metal Short ) Special Wire of Net gnd & Pin of Cell datapath_i/execute_stage_dp/general_alu_i/U442  ( metal1 )
Bounds : ( 5.130, 168.755 ) ( 294.690, 168.925 )


SHORT: ( Metal Short ) Special Wire of Net gnd & Pin of Cell datapath_i/execute_stage_dp/general_alu_i/U400  ( metal1 )
Bounds : ( 5.130, 165.955 ) ( 294.690, 166.125 )


SHORT: ( Metal Short ) Special Wire of Net vdd & Pin of Cell datapath_i/execute_stage_dp/general_alu_i/U624  ( metal1 )
Bounds : ( 5.130, 158.955 ) ( 294.690, 159.125 )


SHORT: ( Metal Short ) Special Wire of Net vdd & Pin of Cell datapath_i/execute_stage_dp/general_alu_i/r323/U179  ( metal1 )
Bounds : ( 5.130, 167.355 ) ( 294.690, 167.525 )


SHORT: ( Metal Short ) Special Wire of Net vdd & Pin of Cell datapath_i/execute_stage_dp/general_alu_i/U737  ( metal1 )
Bounds : ( 5.130, 164.555 ) ( 294.690, 164.725 )


SHORT: ( Metal Short ) Special Wire of Net gnd & Pin of Cell datapath_i/execute_stage_dp/general_alu_i/U1050  ( metal1 )
Bounds : ( 5.130, 163.155 ) ( 294.690, 163.325 )


SHORT: ( Metal Short ) Special Wire of Net gnd & Pin of Cell datapath_i/execute_stage_dp/general_alu_i/U540  ( metal1 )
Bounds : ( 5.130, 154.755 ) ( 294.690, 154.925 )


SHORT: ( Metal Short ) Special Wire of Net gnd & Pin of Cell datapath_i/execute_stage_dp/general_alu_i/U486  ( metal1 )
Bounds : ( 5.130, 160.355 ) ( 294.690, 160.525 )


SHORT: ( Metal Short ) Special Wire of Net vdd & Pin of Cell datapath_i/execute_stage_dp/general_alu_i/U627  ( metal1 )
Bounds : ( 5.130, 161.755 ) ( 294.690, 161.925 )


SHORT: ( Metal Short ) Special Wire of Net vdd & Pin of Cell datapath_i/execute_stage_dp/general_alu_i/U625  ( metal1 )
Bounds : ( 5.130, 150.555 ) ( 294.690, 150.725 )


SHORT: ( Metal Short ) Special Wire of Net gnd & Pin of Cell datapath_i/execute_stage_dp/general_alu_i/U263  ( metal1 )
Bounds : ( 5.130, 157.555 ) ( 294.690, 157.725 )


SHORT: ( Metal Short ) Special Wire of Net vdd & Pin of Cell datapath_i/execute_stage_dp/general_alu_i/U1020  ( metal1 )
Bounds : ( 5.130, 156.155 ) ( 294.690, 156.325 )


SHORT: ( Metal Short ) Special Wire of Net vdd & Pin of Cell datapath_i/execute_stage_dp/general_alu_i/U990  ( metal1 )
Bounds : ( 5.130, 153.355 ) ( 294.690, 153.525 )


SHORT: ( Metal Short ) Special Wire of Net gnd & Pin of Cell datapath_i/execute_stage_dp/general_alu_i/U698  ( metal1 )
Bounds : ( 5.130, 151.955 ) ( 294.690, 152.125 )


SHORT: ( Metal Short ) Special Wire of Net vdd & Pin of Cell datapath_i/execute_stage_dp/general_alu_i/U896  ( metal1 )
Bounds : ( 5.130, 133.755 ) ( 294.690, 133.925 )


SHORT: ( Metal Short ) Special Wire of Net gnd & Pin of Cell datapath_i/execute_stage_dp/general_alu_i/U955  ( metal1 )
Bounds : ( 5.130, 135.155 ) ( 294.690, 135.325 )


SHORT: ( Metal Short ) Special Wire of Net gnd & Pin of Cell datapath_i/execute_stage_dp/general_alu_i/U560  ( metal1 )
Bounds : ( 5.130, 143.555 ) ( 294.690, 143.725 )


SHORT: ( Metal Short ) Special Wire of Net vdd & Pin of Cell datapath_i/execute_stage_dp/general_alu_i/FE_OFC264_n242  ( metal1 )
Bounds : ( 5.130, 144.955 ) ( 294.690, 145.125 )


SHORT: ( Metal Short ) Special Wire of Net vdd & Pin of Cell datapath_i/execute_stage_dp/general_alu_i/U79  ( metal1 )
Bounds : ( 5.130, 142.155 ) ( 294.690, 142.325 )


SHORT: ( Metal Short ) Special Wire of Net vdd & Pin of Cell datapath_i/execute_stage_dp/general_alu_i/U482  ( metal1 )
Bounds : ( 5.130, 130.955 ) ( 294.690, 131.125 )


SHORT: ( Metal Short ) Special Wire of Net vdd & Pin of Cell datapath_i/execute_stage_dp/general_alu_i/U765  ( metal1 )
Bounds : ( 5.130, 136.555 ) ( 294.690, 136.725 )


SHORT: ( Metal Short ) Special Wire of Net gnd & Pin of Cell datapath_i/execute_stage_dp/general_alu_i/U1004  ( metal1 )
Bounds : ( 5.130, 137.955 ) ( 294.690, 138.125 )


SHORT: ( Metal Short ) Special Wire of Net gnd & Pin of Cell datapath_i/execute_stage_dp/general_alu_i/U559  ( metal1 )
Bounds : ( 5.130, 146.355 ) ( 294.690, 146.525 )


SHORT: ( Metal Short ) Special Wire of Net vdd & Pin of Cell datapath_i/execute_stage_dp/general_alu_i/U982  ( metal1 )
Bounds : ( 5.130, 147.755 ) ( 294.690, 147.925 )


SHORT: ( Metal Short ) Special Wire of Net gnd & Pin of Cell datapath_i/execute_stage_dp/general_alu_i/U416  ( metal1 )
Bounds : ( 5.130, 132.355 ) ( 294.690, 132.525 )


SHORT: ( Metal Short ) Special Wire of Net gnd & Pin of Cell datapath_i/execute_stage_dp/general_alu_i/U1014  ( metal1 )
Bounds : ( 5.130, 140.755 ) ( 294.690, 140.925 )


SHORT: ( Metal Short ) Special Wire of Net vdd & Pin of Cell datapath_i/execute_stage_dp/general_alu_i/U303  ( metal1 )
Bounds : ( 5.130, 139.355 ) ( 294.690, 139.525 )


SHORT: ( Metal Short ) Special Wire of Net gnd & Pin of Cell datapath_i/execute_stage_dp/general_alu_i/U731  ( metal1 )
Bounds : ( 5.130, 123.955 ) ( 294.690, 124.125 )


SHORT: ( Metal Short ) Special Wire of Net vdd & Pin of Cell datapath_i/execute_stage_dp/general_alu_i/U532  ( metal1 )
Bounds : ( 5.130, 125.355 ) ( 294.690, 125.525 )


SHORT: ( Metal Short ) Special Wire of Net vdd & Pin of Cell datapath_i/execute_stage_dp/general_alu_i/U459  ( metal1 )
Bounds : ( 5.130, 119.755 ) ( 294.690, 119.925 )


SHORT: ( Metal Short ) Special Wire of Net gnd & Pin of Cell datapath_i/execute_stage_dp/general_alu_i/U872  ( metal1 )
Bounds : ( 5.130, 121.155 ) ( 294.690, 121.325 )


SHORT: ( Metal Short ) Special Wire of Net vdd & Pin of Cell datapath_i/execute_stage_dp/general_alu_i/U429  ( metal1 )
Bounds : ( 5.130, 122.555 ) ( 294.690, 122.725 )


SHORT: ( Metal Short ) Special Wire of Net gnd & Pin of Cell datapath_i/execute_stage_dp/general_alu_i/U183  ( metal1 )
Bounds : ( 5.130, 118.355 ) ( 294.690, 118.525 )


SHORT: ( Metal Short ) Special Wire of Net gnd & Pin of Cell datapath_i/execute_stage_dp/general_alu_i/U680  ( metal1 )
Bounds : ( 5.130, 126.755 ) ( 294.690, 126.925 )


SHORT: ( Metal Short ) Special Wire of Net gnd & Pin of Cell datapath_i/execute_stage_dp/general_alu_i/U463  ( metal1 )
Bounds : ( 5.130, 129.555 ) ( 294.690, 129.725 )


SHORT: ( Metal Short ) Special Wire of Net vdd & Pin of Cell datapath_i/execute_stage_dp/general_alu_i/U566  ( metal1 )
Bounds : ( 5.130, 128.155 ) ( 294.690, 128.325 )


SHORT: ( Metal Short ) Special Wire of Net vdd & Pin of Cell datapath_i/execute_stage_dp/general_alu_i/U255  ( metal1 )
Bounds : ( 5.130, 116.955 ) ( 294.690, 117.125 )


SHORT: ( Metal Short ) Special Wire of Net gnd & Pin of Cell datapath_i/execute_stage_dp/general_alu_i/U226  ( metal1 )
Bounds : ( 5.130, 115.555 ) ( 294.690, 115.725 )


SHORT: ( Metal Short ) Special Wire of Net vdd & Pin of Cell datapath_i/execute_stage_dp/general_alu_i/U746  ( metal1 )
Bounds : ( 5.130, 114.155 ) ( 294.690, 114.325 )


SHORT: ( Metal Short ) Special Wire of Net gnd & Pin of Cell datapath_i/execute_stage_dp/general_alu_i/U179  ( metal1 )
Bounds : ( 5.130, 112.755 ) ( 294.690, 112.925 )


SHORT: ( Metal Short ) Special Wire of Net gnd & Pin of Cell datapath_i/execute_stage_dp/general_alu_i/boothmul_pipelined_i/pip_del_reg_muxi_5/D_I_189/Q_reg  ( metal1 )
Bounds : ( 5.130, 95.955 ) ( 294.690, 96.125 )


SHORT: ( Metal Short ) Special Wire of Net vdd & Pin of Cell datapath_i/execute_stage_dp/general_alu_i/boothmul_pipelined_i/MUXi_6/U49  ( metal1 )
Bounds : ( 5.130, 94.555 ) ( 294.690, 94.725 )


SHORT: ( Metal Short ) Special Wire of Net vdd & Pin of Cell datapath_i/execute_stage_dp/general_alu_i/boothmul_pipelined_i/ADDn_7/add_1_root_add_21_2/U1_21  ( metal1 )
Bounds : ( 5.130, 102.955 ) ( 294.690, 103.125 )


SHORT: ( Metal Short ) Special Wire of Net gnd & Pin of Cell datapath_i/execute_stage_dp/general_alu_i/boothmul_pipelined_i/MUXi_5/Y_reg[26]  ( metal1 )
Bounds : ( 5.130, 107.155 ) ( 294.690, 107.325 )


SHORT: ( Metal Short ) Special Wire of Net gnd & Pin of Cell datapath_i/execute_stage_dp/general_alu_i/U794  ( metal1 )
Bounds : ( 5.130, 109.955 ) ( 294.690, 110.125 )


SHORT: ( Metal Short ) Special Wire of Net vdd & Pin of Cell datapath_i/execute_stage_dp/general_alu_i/U727  ( metal1 )
Bounds : ( 5.130, 108.555 ) ( 294.690, 108.725 )


SHORT: ( Metal Short ) Special Wire of Net vdd & Pin of Cell datapath_i/execute_stage_dp/general_alu_i/U815  ( metal1 )
Bounds : ( 5.130, 111.355 ) ( 294.690, 111.525 )


SHORT: ( Metal Short ) Special Wire of Net vdd & Pin of Cell datapath_i/FE_OFC391_RST  ( metal1 )
Bounds : ( 5.130, 105.755 ) ( 294.690, 105.925 )


SHORT: ( Metal Short ) Special Wire of Net gnd & Pin of Cell datapath_i/execute_stage_dp/general_alu_i/boothmul_pipelined_i/MUXi_6/Y_reg[23]  ( metal1 )
Bounds : ( 5.130, 104.355 ) ( 294.690, 104.525 )


SHORT: ( Metal Short ) Special Wire of Net gnd & Pin of Cell datapath_i/execute_stage_dp/general_alu_i/boothmul_pipelined_i/pip_del_reg_muxi_6/D_I_213/Q_reg  ( metal1 )
Bounds : ( 5.130, 93.155 ) ( 294.690, 93.325 )


SHORT: ( Metal Short ) Special Wire of Net gnd & Pin of Cell datapath_i/execute_stage_dp/general_alu_i/boothmul_pipelined_i/MUXi_7/Y_reg[25]  ( metal1 )
Bounds : ( 5.130, 101.555 ) ( 294.690, 101.725 )


SHORT: ( Metal Short ) Special Wire of Net vdd & Pin of Cell FE_OFC334_CLK  ( metal1 )
Bounds : ( 5.130, 100.155 ) ( 294.690, 100.325 )


SHORT: ( Metal Short ) Special Wire of Net gnd & Pin of Cell datapath_i/memory_stage_dp/U4  ( metal1 )
Bounds : ( 5.130, 98.755 ) ( 294.690, 98.925 )


SHORT: ( Metal Short ) Special Wire of Net vdd & Pin of Cell datapath_i/execute_stage_dp/general_alu_i/boothmul_pipelined_i/MUXi_6/Y_reg[21]  ( metal1 )
Bounds : ( 5.130, 97.355 ) ( 294.690, 97.525 )


SHORT: ( Metal Short ) Special Wire of Net vdd & Pin of Cell datapath_i/execute_stage_dp/general_alu_i/boothmul_pipelined_i/pip_del_reg_muxi_3/D_I_23/Q_reg  ( metal1 )
Bounds : ( 5.130, 83.355 ) ( 294.690, 83.525 )


SHORT: ( Metal Short ) Special Wire of Net gnd & Pin of Cell datapath_i/execute_stage_dp/general_alu_i/boothmul_pipelined_i/pip_del_reg_muxi_3/D_I_226/Q_reg  ( metal1 )
Bounds : ( 5.130, 81.955 ) ( 294.690, 82.125 )


SHORT: ( Metal Short ) Special Wire of Net vdd & Pin of Cell datapath_i/execute_stage_dp/general_alu_i/boothmul_pipelined_i/pip_del_reg_muxi_4/D_I_6/Q_reg  ( metal1 )
Bounds : ( 5.130, 80.555 ) ( 294.690, 80.725 )


SHORT: ( Metal Short ) Special Wire of Net gnd & Pin of Cell FE_OFC339_CLK  ( metal1 )
Bounds : ( 5.130, 76.355 ) ( 294.690, 76.525 )


SHORT: ( Metal Short ) Special Wire of Net gnd & Pin of Cell datapath_i/execute_stage_dp/general_alu_i/boothmul_pipelined_i/MUXi_6/Y_reg[20]  ( metal1 )
Bounds : ( 5.130, 84.755 ) ( 294.690, 84.925 )


SHORT: ( Metal Short ) Special Wire of Net vdd & Pin of Cell datapath_i/execute_stage_dp/general_alu_i/boothmul_pipelined_i/pip_del_reg_muxi_6/D_I_68/Q_reg  ( metal1 )
Bounds : ( 5.130, 91.755 ) ( 294.690, 91.925 )


SHORT: ( Metal Short ) Special Wire of Net gnd & Pin of Cell datapath_i/execute_stage_dp/general_alu_i/boothmul_pipelined_i/pip_del_reg_muxi_6/D_I_38/Q_reg  ( metal1 )
Bounds : ( 5.130, 87.555 ) ( 294.690, 87.725 )


SHORT: ( Metal Short ) Special Wire of Net vdd & Pin of Cell datapath_i/execute_stage_dp/general_alu_i/boothmul_pipelined_i/ADDi_6/add_1_root_add_21_2/U1_20  ( metal1 )
Bounds : ( 5.130, 86.155 ) ( 294.690, 86.325 )


SHORT: ( Metal Short ) Special Wire of Net gnd & Pin of Cell datapath_i/execute_stage_dp/general_alu_i/boothmul_pipelined_i/pip_del_reg_muxi_7/D_I_56/Q_reg  ( metal1 )
Bounds : ( 5.130, 90.355 ) ( 294.690, 90.525 )


SHORT: ( Metal Short ) Special Wire of Net vdd & Pin of Cell datapath_i/FE_OFC386_RST  ( metal1 )
Bounds : ( 5.130, 88.955 ) ( 294.690, 89.125 )


SHORT: ( Metal Short ) Special Wire of Net gnd & Pin of Cell datapath_i/execute_stage_dp/general_alu_i/boothmul_pipelined_i/MUXi_6/Y_reg[19]  ( metal1 )
Bounds : ( 5.130, 79.155 ) ( 294.690, 79.325 )


SHORT: ( Metal Short ) Special Wire of Net vdd & Pin of Cell datapath_i/execute_stage_dp/general_alu_i/boothmul_pipelined_i/ADDi_6/add_1_root_add_21_2/U1_18  ( metal1 )
Bounds : ( 5.130, 77.755 ) ( 294.690, 77.925 )


SHORT: ( Metal Short ) Special Wire of Net vdd & Pin of Cell datapath_i/execute_stage_dp/general_alu_i/boothmul_pipelined_i/MUXi_6/Y_reg[18]  ( metal1 )
Bounds : ( 5.130, 74.955 ) ( 294.690, 75.125 )


SHORT: ( Metal Short ) Special Wire of Net vdd & Pin of Cell datapath_i/execute_stage_dp/general_alu_i/boothmul_pipelined_i/pip_del_reg_muxi_2/D_I_169/Q_reg  ( metal1 )
Bounds : ( 5.130, 63.755 ) ( 294.690, 63.925 )


SHORT: ( Metal Short ) Special Wire of Net vdd & Pin of Cell datapath_i/execute_stage_dp/general_alu_i/boothmul_pipelined_i/pip_del_reg_muxi_6/D_I_139/Q_reg  ( metal1 )
Bounds : ( 5.130, 69.355 ) ( 294.690, 69.525 )


SHORT: ( Metal Short ) Special Wire of Net gnd & Pin of Cell datapath_i/execute_stage_dp/general_alu_i/boothmul_pipelined_i/MUXi_7/Y_reg[0]  ( metal1 )
Bounds : ( 5.130, 70.755 ) ( 294.690, 70.925 )


SHORT: ( Metal Short ) Special Wire of Net gnd & Pin of Cell datapath_i/execute_stage_dp/general_alu_i/boothmul_pipelined_i/pip_del_reg_muxi_6/D_I_176/Q_reg  ( metal1 )
Bounds : ( 5.130, 56.755 ) ( 294.690, 56.925 )


SHORT: ( Metal Short ) Special Wire of Net gnd & Pin of Cell datapath_i/execute_stage_dp/general_alu_i/boothmul_pipelined_i/MUXi_7/Y_reg[3]  ( metal1 )
Bounds : ( 5.130, 62.355 ) ( 294.690, 62.525 )


SHORT: ( Metal Short ) Special Wire of Net gnd & Pin of Cell datapath_i/execute_stage_dp/general_alu_i/boothmul_pipelined_i/MUXi_7/Y_reg[1]  ( metal1 )
Bounds : ( 5.130, 67.955 ) ( 294.690, 68.125 )


SHORT: ( Metal Short ) Special Wire of Net vdd & Pin of Cell datapath_i/execute_stage_dp/general_alu_i/boothmul_pipelined_i/ADDi_6/add_1_root_add_21_2/U1_17  ( metal1 )
Bounds : ( 5.130, 72.155 ) ( 294.690, 72.325 )


SHORT: ( Metal Short ) Special Wire of Net gnd & Pin of Cell datapath_i/execute_stage_dp/general_alu_i/boothmul_pipelined_i/MUXi_7/U10  ( metal1 )
Bounds : ( 5.130, 73.555 ) ( 294.690, 73.725 )


SHORT: ( Metal Short ) Special Wire of Net vdd & Pin of Cell datapath_i/execute_stage_dp/general_alu_i/boothmul_pipelined_i/ADDn_7/add_1_root_add_21_2/U1_4  ( metal1 )
Bounds : ( 5.130, 58.155 ) ( 294.690, 58.325 )


SHORT: ( Metal Short ) Special Wire of Net gnd & Pin of Cell datapath_i/execute_stage_dp/general_alu_i/boothmul_pipelined_i/MUXi_7/Y_reg[16]  ( metal1 )
Bounds : ( 5.130, 59.555 ) ( 294.690, 59.725 )


SHORT: ( Metal Short ) Special Wire of Net vdd & Pin of Cell datapath_i/execute_stage_dp/general_alu_i/boothmul_pipelined_i/MUXi_7/Y_reg[15]  ( metal1 )
Bounds : ( 5.130, 60.955 ) ( 294.690, 61.125 )


SHORT: ( Metal Short ) Special Wire of Net gnd & Pin of Cell datapath_i/execute_stage_dp/general_alu_i/boothmul_pipelined_i/MUXi_7/Y_reg[2]  ( metal1 )
Bounds : ( 5.130, 65.155 ) ( 294.690, 65.325 )


SHORT: ( Metal Short ) Special Wire of Net vdd & Pin of Cell datapath_i/execute_stage_dp/general_alu_i/boothmul_pipelined_i/ADDn_7/add_1_root_add_21_2/U1_1  ( metal1 )
Bounds : ( 5.130, 66.555 ) ( 294.690, 66.725 )


SHORT: ( Metal Short ) Special Wire of Net vdd & Pin of Cell datapath_i/execute_stage_dp/general_alu_i/boothmul_pipelined_i/pip_del_reg_muxi_7/D_I_2/Q_reg  ( metal1 )
Bounds : ( 5.130, 52.555 ) ( 294.690, 52.725 )


SHORT: ( Metal Short ) Special Wire of Net gnd & Pin of Cell datapath_i/execute_stage_dp/general_alu_i/boothmul_pipelined_i/pip_del_reg_muxi_6/D_I_57/Q_reg  ( metal1 )
Bounds : ( 5.130, 37.155 ) ( 294.690, 37.325 )


SHORT: ( Metal Short ) Special Wire of Net gnd & Pin of Cell datapath_i/execute_stage_dp/general_alu_i/boothmul_pipelined_i/MUXi_7/Y_reg[5]  ( metal1 )
Bounds : ( 5.130, 42.755 ) ( 294.690, 42.925 )


SHORT: ( Metal Short ) Special Wire of Net vdd & Pin of Cell datapath_i/execute_stage_dp/general_alu_i/boothmul_pipelined_i/ADDn_7/add_1_root_add_21_2/U1_10  ( metal1 )
Bounds : ( 5.130, 44.155 ) ( 294.690, 44.325 )


SHORT: ( Metal Short ) Special Wire of Net vdd & Pin of Cell datapath_i/FE_OFC383_RST  ( metal1 )
Bounds : ( 5.130, 55.355 ) ( 294.690, 55.525 )


SHORT: ( Metal Short ) Special Wire of Net vdd & Pin of Cell datapath_i/execute_stage_dp/general_alu_i/boothmul_pipelined_i/pip_del_reg_muxi_6/D_I_202/Q_reg  ( metal1 )
Bounds : ( 5.130, 41.355 ) ( 294.690, 41.525 )


SHORT: ( Metal Short ) Special Wire of Net vdd & Pin of Cell datapath_i/execute_stage_dp/general_alu_i/boothmul_pipelined_i/ADDi_6/add_1_root_add_21_2/U1_3  ( metal1 )
Bounds : ( 5.130, 49.755 ) ( 294.690, 49.925 )


SHORT: ( Metal Short ) Special Wire of Net gnd & Pin of Cell datapath_i/execute_stage_dp/general_alu_i/boothmul_pipelined_i/MUXi_6/Y_reg[3]  ( metal1 )
Bounds : ( 5.130, 51.155 ) ( 294.690, 51.325 )


SHORT: ( Metal Short ) Special Wire of Net gnd & Pin of Cell datapath_i/execute_stage_dp/general_alu_i/boothmul_pipelined_i/MUXi_7/Y_reg[14]  ( metal1 )
Bounds : ( 5.130, 53.955 ) ( 294.690, 54.125 )


SHORT: ( Metal Short ) Special Wire of Net gnd & Pin of Cell datapath_i/execute_stage_dp/general_alu_i/boothmul_pipelined_i/MUXi_6/Y_reg[12]  ( metal1 )
Bounds : ( 5.130, 45.555 ) ( 294.690, 45.725 )


SHORT: ( Metal Short ) Special Wire of Net vdd & Pin of Cell datapath_i/execute_stage_dp/general_alu_i/boothmul_pipelined_i/ADDi_6/add_1_root_add_21_2/U1_11  ( metal1 )
Bounds : ( 5.130, 46.955 ) ( 294.690, 47.125 )


SHORT: ( Metal Short ) Special Wire of Net vdd & Pin of Cell datapath_i/execute_stage_dp/general_alu_i/boothmul_pipelined_i/MUXi_6/Y_reg[10]  ( metal1 )
Bounds : ( 5.130, 38.555 ) ( 294.690, 38.725 )


SHORT: ( Metal Short ) Special Wire of Net gnd & Pin of Cell datapath_i/execute_stage_dp/general_alu_i/boothmul_pipelined_i/pip_del_reg_muxi_6/D_I_28/Q_reg  ( metal1 )
Bounds : ( 5.130, 39.955 ) ( 294.690, 40.125 )


SHORT: ( Metal Short ) Special Wire of Net gnd & Pin of Cell datapath_i/execute_stage_dp/general_alu_i/boothmul_pipelined_i/pip_del_reg_addi_6/D_I_11/Q_reg  ( metal1 )
Bounds : ( 5.130, 48.355 ) ( 294.690, 48.525 )


SHORT: ( Metal Short ) Special Wire of Net gnd & Pin of Cell datapath_i/execute_stage_dp/general_alu_i/boothmul_pipelined_i/pip_del_reg_muxi_5/D_I_171/Q_reg  ( metal1 )
Bounds : ( 5.130, 25.955 ) ( 294.690, 26.125 )


SHORT: ( Metal Short ) Special Wire of Net vdd & Pin of Cell datapath_i/execute_stage_dp/general_alu_i/boothmul_pipelined_i/MUXi_6/Y_reg[5]  ( metal1 )
Bounds : ( 5.130, 27.355 ) ( 294.690, 27.525 )


SHORT: ( Metal Short ) Special Wire of Net vdd & Pin of Cell datapath_i/execute_stage_dp/general_alu_i/boothmul_pipelined_i/pip_del_reg_muxi_5/D_I_173/Q_reg  ( metal1 )
Bounds : ( 5.130, 18.955 ) ( 294.690, 19.125 )


SHORT: ( Metal Short ) Special Wire of Net gnd & Pin of Cell datapath_i/execute_stage_dp/general_alu_i/boothmul_pipelined_i/pip_del_reg_muxi_5/D_I_66/Q_reg  ( metal1 )
Bounds : ( 5.130, 20.355 ) ( 294.690, 20.525 )


SHORT: ( Metal Short ) Special Wire of Net gnd & Pin of Cell datapath_i/execute_stage_dp/general_alu_i/boothmul_pipelined_i/MUXi_6/Y_reg[7]  ( metal1 )
Bounds : ( 5.130, 28.755 ) ( 294.690, 28.925 )


SHORT: ( Metal Short ) Special Wire of Net vdd & Pin of Cell datapath_i/execute_stage_dp/general_alu_i/boothmul_pipelined_i/ADDn_7/add_1_root_add_21_2/U1_7  ( metal1 )
Bounds : ( 5.130, 35.755 ) ( 294.690, 35.925 )


SHORT: ( Metal Short ) Special Wire of Net gnd & Pin of Cell datapath_i/execute_stage_dp/general_alu_i/boothmul_pipelined_i/pip_del_reg_muxi_6/D_I_171/Q_reg  ( metal1 )
Bounds : ( 5.130, 23.155 ) ( 294.690, 23.325 )


SHORT: ( Metal Short ) Special Wire of Net vdd & Pin of Cell datapath_i/execute_stage_dp/general_alu_i/boothmul_pipelined_i/pip_del_reg_muxi_6/D_I_55/Q_reg  ( metal1 )
Bounds : ( 5.130, 24.555 ) ( 294.690, 24.725 )


SHORT: ( Metal Short ) Special Wire of Net vdd & Pin of Cell datapath_i/execute_stage_dp/general_alu_i/boothmul_pipelined_i/pip_del_reg_muxi_6/D_I_200/Q_reg  ( metal1 )
Bounds : ( 5.130, 21.755 ) ( 294.690, 21.925 )


SHORT: ( Metal Short ) Special Wire of Net vdd & Pin of Cell datapath_i/FE_OFC379_RST  ( metal1 )
Bounds : ( 5.130, 30.155 ) ( 294.690, 30.325 )


SHORT: ( Metal Short ) Special Wire of Net gnd & Pin of Cell FE_OFC328_CLK  ( metal1 )
Bounds : ( 5.130, 31.555 ) ( 294.690, 31.725 )


SHORT: ( Metal Short ) Special Wire of Net vdd & Pin of Cell datapath_i/execute_stage_dp/general_alu_i/boothmul_pipelined_i/MUXi_6/Y_reg[6]  ( metal1 )
Bounds : ( 5.130, 32.955 ) ( 294.690, 33.125 )


SHORT: ( Metal Short ) Special Wire of Net gnd & Pin of Cell datapath_i/execute_stage_dp/general_alu_i/boothmul_pipelined_i/pip_del_reg_muxi_6/D_I_201/Q_reg  ( metal1 )
Bounds : ( 5.130, 34.355 ) ( 294.690, 34.525 )


SHORT: ( Metal Short ) Special Wire of Net vdd & Pin of Cell datapath_i/execute_stage_dp/general_alu_i/boothmul_pipelined_i/pip_del_reg_muxi_5/D_I_201/Q_reg  ( metal1 )
Bounds : ( 5.130, 16.155 ) ( 294.690, 16.325 )


SHORT: ( Metal Short ) Special Wire of Net gnd & Pin of Cell datapath_i/execute_stage_dp/general_alu_i/boothmul_pipelined_i/pip_del_reg_muxi_5/D_I_200/Q_reg  ( metal1 )
Bounds : ( 5.130, 11.955 ) ( 294.690, 12.125 )


SHORT: ( Metal Short ) Special Wire of Net gnd & Pin of Cell datapath_i/execute_stage_dp/general_alu_i/boothmul_pipelined_i/pip_del_reg_muxi_5/D_I_39/Q_reg  ( metal1 )
Bounds : ( 5.130, 17.555 ) ( 294.690, 17.725 )


SHORT: ( Metal Short ) Special Wire of Net gnd & Pin of Cell datapath_i/execute_stage_dp/general_alu_i/boothmul_pipelined_i/pip_del_reg_muxi_5/D_I_174/Q_reg  ( metal1 )
Bounds : ( 5.130, 14.755 ) ( 294.690, 14.925 )


SHORT: ( Metal Short ) Special Wire of Net vdd & Pin of Cell datapath_i/FE_OFC375_RST  ( metal1 )
Bounds : ( 5.130, 13.355 ) ( 294.690, 13.525 )


SHORT: ( Metal Short ) Special Wire of Net gnd & Pin of Cell FILLER_200  ( metal1 )
Bounds : ( 5.130, 9.155 ) ( 294.690, 9.325 )


SHORT: ( Metal Short ) Special Wire of Net vdd & Pin of Cell datapath_i/execute_stage_dp/general_alu_i/boothmul_pipelined_i/pip_del_reg_muxi_6/D_I_198/Q_reg  ( metal1 )
Bounds : ( 5.130, 10.555 ) ( 294.690, 10.725 )


SHORT: ( Metal Short ) Special Wire of Net vdd & Pin of Cell FILLER_37  ( metal1 )
Bounds : ( 5.130, 4.955 ) ( 294.690, 5.125 )


SHORT: ( Metal Short ) Special Wire of Net gnd & Pin of Cell datapath_i/memory_stage_dp/U12  ( metal1 )
Bounds : ( 5.130, 6.355 ) ( 294.690, 6.525 )


SHORT: ( Metal Short ) Special Wire of Net vdd & Pin of Cell datapath_i/memory_stage_dp/DRAM_DATA_tri[31]  ( metal1 )
Bounds : ( 5.130, 7.755 ) ( 294.690, 7.925 )


SHORT: ( Metal Short ) Special Wire of Net gnd & Pin of Cell datapath_i/execute_stage_dp/general_alu_i/boothmul_pipelined_i/pip_del_reg_muxi_5/D_I_112/Q_reg  ( metal1 )
Bounds : ( 5.130, 149.155 ) ( 294.690, 149.325 )


  Total Violations : 207 Viols.
