###############################################################
#  Generated by:      Cadence Innovus 17.11-s080_1
#  OS:                Linux x86_64(Host ID localhost.localdomain)
#  Generated on:      Sun Sep 13 02:38:38 2020
#  Design:            DLX_IR_SIZE32_PC_SIZE32
#  Command:           verify_drc
###############################################################
#set_verify_drc_mode -check_implant true -check_implant_across_rows false -check_ndr_spacing false -check_same_via_cell false -disable_rules "" -exclude_pg_net false -ignore_trial_route false -limit 1000 -report DLX_IR_SIZE32_PC_SIZE32_1_minarea.drc.rpt

SHORT: ( Metal Short ) Special Wire of Net vdd & Pin of Cell datapath_i/execute_stage_dp/general_alu_i/r323/U111  ( metal1 )
Bounds : ( 309.890, 223.355 ) ( 379.050, 223.525 )


SHORT: ( Metal Short ) Special Wire of Net gnd & Pin of Cell datapath_i/execute_stage_dp/alu_opa/Y_reg[26]  ( metal1 )
Bounds : ( 309.510, 213.555 ) ( 379.050, 213.725 )


SHORT: ( Metal Short ) Special Wire of Net vdd & Pin of Cell datapath_i/execute_stage_dp/general_alu_i/r323/U130  ( metal1 )
Bounds : ( 308.560, 226.155 ) ( 379.050, 226.325 )


SHORT: ( Metal Short ) Special Wire of Net gnd & Pin of Cell datapath_i/execute_stage_dp/general_alu_i/r323/U127  ( metal1 )
Bounds : ( 308.560, 224.755 ) ( 379.050, 224.925 )


SHORT: ( Metal Short ) Special Wire of Net gnd & Pin of Cell datapath_i/write_back_stage_dp/wb_mux/Y_reg[20]  ( metal1 )
Bounds : ( 308.560, 216.355 ) ( 379.050, 216.525 )


SHORT: ( Metal Short ) Special Wire of Net vdd & Pin of Cell datapath_i/execute_stage_dp/general_alu_i/p4_adder_lab/carry_select/PGi_1_17/U2  ( metal1 )
Bounds : ( 308.560, 214.955 ) ( 379.050, 215.125 )


SHORT: ( Metal Short ) Special Wire of Net vdd & Pin of Cell FILLER_28074  ( metal1 )
Bounds : ( 5.130, 301.755 ) ( 157.130, 301.925 )


SHORT: ( Metal Short ) Special Wire of Net gnd & Pin of Cell FILLER_27935  ( metal1 )
Bounds : ( 5.130, 300.355 ) ( 157.130, 300.525 )


SHORT: ( Metal Short ) Special Wire of Net vdd & Pin of Cell FILLER_27773  ( metal1 )
Bounds : ( 5.130, 298.955 ) ( 157.130, 299.125 )


SHORT: ( Metal Short ) Special Wire of Net gnd & Pin of Cell FILLER_27613  ( metal1 )
Bounds : ( 5.130, 297.555 ) ( 157.130, 297.725 )


SHORT: ( Metal Short ) Special Wire of Net vdd & Pin of Cell FILLER_27446  ( metal1 )
Bounds : ( 5.130, 296.155 ) ( 157.130, 296.325 )


SHORT: ( Metal Short ) Special Wire of Net gnd & Pin of Cell FILLER_27288  ( metal1 )
Bounds : ( 5.130, 294.755 ) ( 160.550, 294.925 )


SHORT: ( Metal Short ) Special Wire of Net vdd & Pin of Cell FILLER_26955  ( metal1 )
Bounds : ( 5.130, 293.355 ) ( 160.550, 293.525 )


SHORT: ( Metal Short ) Special Wire of Net gnd & Pin of Cell FILLER_26955  ( metal1 )
Bounds : ( 5.130, 291.955 ) ( 158.270, 292.125 )


SHORT: ( Metal Short ) Special Wire of Net vdd & Pin of Cell FILLER_26806  ( metal1 )
Bounds : ( 5.130, 290.555 ) ( 159.220, 290.725 )


SHORT: ( Metal Short ) Special Wire of Net gnd & Pin of Cell FILLER_26637  ( metal1 )
Bounds : ( 5.130, 289.155 ) ( 159.220, 289.325 )


SHORT: ( Metal Short ) Special Wire of Net vdd & Pin of Cell FILLER_26459  ( metal1 )
Bounds : ( 5.130, 287.755 ) ( 162.070, 287.925 )


SHORT: ( Metal Short ) Special Wire of Net gnd & Pin of Cell FILLER_28227  ( metal1 )
Bounds : ( 5.130, 303.155 ) ( 157.130, 303.325 )


SHORT: ( Metal Short ) Special Wire of Net vdd & Pin of Cell FILLER_28367  ( metal1 )
Bounds : ( 5.130, 304.555 ) ( 157.130, 304.725 )


SHORT: ( Metal Short ) Special Wire of Net gnd & Pin of Cell FILLER_28525  ( metal1 )
Bounds : ( 5.130, 305.955 ) ( 157.130, 306.125 )


SHORT: ( Metal Short ) Special Wire of Net vdd & Pin of Cell FILLER_25835  ( metal1 )
Bounds : ( 5.130, 282.155 ) ( 159.030, 282.325 )


SHORT: ( Metal Short ) Special Wire of Net gnd & Pin of Cell FILLER_25664  ( metal1 )
Bounds : ( 5.130, 280.755 ) ( 159.030, 280.925 )


SHORT: ( Metal Short ) Special Wire of Net vdd & Pin of Cell FILLER_25323  ( metal1 )
Bounds : ( 5.130, 279.355 ) ( 162.070, 279.525 )


SHORT: ( Metal Short ) Special Wire of Net gnd & Pin of Cell FILLER_25323  ( metal1 )
Bounds : ( 5.130, 277.955 ) ( 162.070, 278.125 )


SHORT: ( Metal Short ) Special Wire of Net vdd & Pin of Cell FILLER_25171  ( metal1 )
Bounds : ( 5.130, 276.555 ) ( 159.980, 276.725 )


SHORT: ( Metal Short ) Special Wire of Net gnd & Pin of Cell FILLER_25031  ( metal1 )
Bounds : ( 5.130, 275.155 ) ( 159.980, 275.325 )


SHORT: ( Metal Short ) Special Wire of Net vdd & Pin of Cell FILLER_24864  ( metal1 )
Bounds : ( 5.130, 273.755 ) ( 161.120, 273.925 )


SHORT: ( Metal Short ) Special Wire of Net gnd & Pin of Cell FILLER_24703  ( metal1 )
Bounds : ( 5.130, 272.355 ) ( 161.120, 272.525 )


SHORT: ( Metal Short ) Special Wire of Net vdd & Pin of Cell FILLER_24537  ( metal1 )
Bounds : ( 5.130, 270.955 ) ( 161.690, 271.125 )


SHORT: ( Metal Short ) Special Wire of Net gnd & Pin of Cell FILLER_24372  ( metal1 )
Bounds : ( 5.130, 269.555 ) ( 161.690, 269.725 )


SHORT: ( Metal Short ) Special Wire of Net vdd & Pin of Cell FILLER_24227  ( metal1 )
Bounds : ( 5.130, 268.155 ) ( 160.360, 268.325 )


SHORT: ( Metal Short ) Special Wire of Net gnd & Pin of Cell datapath_i/execute_stage_dp/general_alu_i/boothmul_pipelined_i/pip_del_reg_muxi_2/D_I_18/Q_reg  ( metal1 )
Bounds : ( 5.130, 266.755 ) ( 160.360, 266.925 )


SHORT: ( Metal Short ) Special Wire of Net vdd & Pin of Cell FILLER_23888  ( metal1 )
Bounds : ( 5.130, 265.355 ) ( 159.790, 265.525 )


SHORT: ( Metal Short ) Special Wire of Net gnd & Pin of Cell FILLER_23557  ( metal1 )
Bounds : ( 5.130, 263.955 ) ( 159.790, 264.125 )


SHORT: ( Metal Short ) Special Wire of Net gnd & Pin of Cell FILLER_25987  ( metal1 )
Bounds : ( 5.130, 283.555 ) ( 158.080, 283.725 )


SHORT: ( Metal Short ) Special Wire of Net vdd & Pin of Cell FILLER_26152  ( metal1 )
Bounds : ( 5.130, 284.955 ) ( 159.980, 285.125 )


SHORT: ( Metal Short ) Special Wire of Net gnd & Pin of Cell FILLER_26306  ( metal1 )
Bounds : ( 5.130, 286.355 ) ( 162.070, 286.525 )


SHORT: ( Metal Short ) Special Wire of Net vdd & Pin of Cell FILLER_23557  ( metal1 )
Bounds : ( 5.130, 262.555 ) ( 160.740, 262.725 )


SHORT: ( Metal Short ) Special Wire of Net gnd & Pin of Cell FILLER_23391  ( metal1 )
Bounds : ( 5.130, 261.155 ) ( 160.740, 261.325 )


SHORT: ( Metal Short ) Special Wire of Net vdd & Pin of Cell FILLER_23225  ( metal1 )
Bounds : ( 5.130, 259.755 ) ( 161.690, 259.925 )


SHORT: ( Metal Short ) Special Wire of Net gnd & Pin of Cell FILLER_23055  ( metal1 )
Bounds : ( 5.130, 258.355 ) ( 161.690, 258.525 )


SHORT: ( Metal Short ) Special Wire of Net vdd & Pin of Cell FILLER_22919  ( metal1 )
Bounds : ( 5.130, 256.955 ) ( 160.930, 257.125 )


SHORT: ( Metal Short ) Special Wire of Net gnd & Pin of Cell FILLER_22718  ( metal1 )
Bounds : ( 5.130, 255.555 ) ( 160.930, 255.725 )


SHORT: ( Metal Short ) Special Wire of Net vdd & Pin of Cell FILLER_22546  ( metal1 )
Bounds : ( 5.130, 254.155 ) ( 157.130, 254.325 )


SHORT: ( Metal Short ) Special Wire of Net gnd & Pin of Cell FILLER_22362  ( metal1 )
Bounds : ( 5.130, 252.755 ) ( 159.030, 252.925 )


SHORT: ( Metal Short ) Special Wire of Net vdd & Pin of Cell FILLER_22186  ( metal1 )
Bounds : ( 5.130, 251.355 ) ( 159.220, 251.525 )


SHORT: ( Metal Short ) Special Wire of Net gnd & Pin of Cell FILLER_21853  ( metal1 )
Bounds : ( 5.130, 249.955 ) ( 160.550, 250.125 )


SHORT: ( Metal Short ) Special Wire of Net vdd & Pin of Cell FILLER_21853  ( metal1 )
Bounds : ( 5.130, 248.555 ) ( 160.550, 248.725 )


SHORT: ( Metal Short ) Special Wire of Net gnd & Pin of Cell FILLER_21704  ( metal1 )
Bounds : ( 5.130, 247.155 ) ( 160.170, 247.325 )


SHORT: ( Metal Short ) Special Wire of Net vdd & Pin of Cell FILLER_21575  ( metal1 )
Bounds : ( 5.130, 245.755 ) ( 160.170, 245.925 )


SHORT: ( Metal Short ) Special Wire of Net gnd & Pin of Cell FILLER_21413  ( metal1 )
Bounds : ( 5.130, 244.355 ) ( 160.930, 244.525 )


SHORT: ( Metal Short ) Special Wire of Net vdd & Pin of Cell FILLER_21291  ( metal1 )
Bounds : ( 5.130, 242.955 ) ( 160.930, 243.125 )


SHORT: ( Metal Short ) Special Wire of Net gnd & Pin of Cell datapath_i/execute_stage_dp/general_alu_i/boothmul_pipelined_i/pip_del_reg_muxi_7/D_I_115/Q_reg  ( metal1 )
Bounds : ( 5.130, 241.555 ) ( 162.070, 241.725 )


SHORT: ( Metal Short ) Special Wire of Net vdd & Pin of Cell FILLER_21007  ( metal1 )
Bounds : ( 5.130, 240.155 ) ( 162.070, 240.325 )


SHORT: ( Metal Short ) Special Wire of Net vdd & Pin of Cell datapath_i/execute_stage_dp/general_alu_i/boothmul_pipelined_i/pip_del_reg_muxi_4/D_I_127/Q_reg  ( metal1 )
Bounds : ( 5.130, 237.355 ) ( 159.790, 237.525 )


SHORT: ( Metal Short ) Special Wire of Net gnd & Pin of Cell FILLER_20545  ( metal1 )
Bounds : ( 5.130, 235.955 ) ( 159.790, 236.125 )


SHORT: ( Metal Short ) Special Wire of Net gnd & Pin of Cell FILLER_20176  ( metal1 )
Bounds : ( 5.130, 233.155 ) ( 160.930, 233.325 )


SHORT: ( Metal Short ) Special Wire of Net vdd & Pin of Cell datapath_i/execute_stage_dp/general_alu_i/boothmul_pipelined_i/pip_del_reg_muxi_2/D_I_32/Q_reg  ( metal1 )
Bounds : ( 5.130, 231.755 ) ( 160.930, 231.925 )


SHORT: ( Metal Short ) Special Wire of Net gnd & Pin of Cell FILLER_19761  ( metal1 )
Bounds : ( 5.130, 230.355 ) ( 160.170, 230.525 )


SHORT: ( Metal Short ) Special Wire of Net vdd & Pin of Cell datapath_i/execute_stage_dp/general_alu_i/boothmul_pipelined_i/pip_del_reg_muxi_7/D_I_119/Q_reg  ( metal1 )
Bounds : ( 5.130, 234.555 ) ( 159.030, 234.725 )


SHORT: ( Metal Short ) Special Wire of Net gnd & Pin of Cell FILLER_20869  ( metal1 )
Bounds : ( 5.130, 238.755 ) ( 158.650, 238.925 )


SHORT: ( Metal Short ) Special Wire of Net gnd & Pin of Cell FILLER_36025  ( metal1 )
Bounds : ( 5.130, 375.955 ) ( 379.050, 376.125 )


SHORT: ( Metal Short ) Special Wire of Net vdd & Pin of Cell FILLER_35942  ( metal1 )
Bounds : ( 5.130, 374.555 ) ( 379.050, 374.725 )


SHORT: ( Metal Short ) Special Wire of Net gnd & Pin of Cell FILLER_35830  ( metal1 )
Bounds : ( 5.130, 373.155 ) ( 379.050, 373.325 )


SHORT: ( Metal Short ) Special Wire of Net vdd & Pin of Cell FILLER_35718  ( metal1 )
Bounds : ( 5.130, 371.755 ) ( 379.050, 371.925 )


SHORT: ( Metal Short ) Special Wire of Net gnd & Pin of Cell FILLER_35603  ( metal1 )
Bounds : ( 5.130, 370.355 ) ( 379.050, 370.525 )


SHORT: ( Metal Short ) Special Wire of Net vdd & Pin of Cell FILLER_35476  ( metal1 )
Bounds : ( 5.130, 368.955 ) ( 379.050, 369.125 )


SHORT: ( Metal Short ) Special Wire of Net gnd & Pin of Cell FILLER_35220  ( metal1 )
Bounds : ( 5.130, 367.555 ) ( 379.050, 367.725 )


SHORT: ( Metal Short ) Special Wire of Net vdd & Pin of Cell FILLER_35220  ( metal1 )
Bounds : ( 5.130, 366.155 ) ( 379.050, 366.325 )


SHORT: ( Metal Short ) Special Wire of Net gnd & Pin of Cell datapath_i/decode_stage_dp/reg_file/REGISTERS_reg[13][5]  ( metal1 )
Bounds : ( 5.130, 364.755 ) ( 379.050, 364.925 )


SHORT: ( Metal Short ) Special Wire of Net vdd & Pin of Cell datapath_i/decode_stage_dp/reg_file/REGISTERS_reg[11][3]  ( metal1 )
Bounds : ( 5.130, 363.355 ) ( 379.050, 363.525 )


SHORT: ( Metal Short ) Special Wire of Net gnd & Pin of Cell datapath_i/decode_stage_dp/reg_file/REGISTERS_reg[9][3]  ( metal1 )
Bounds : ( 5.130, 361.955 ) ( 379.050, 362.125 )


SHORT: ( Metal Short ) Special Wire of Net vdd & Pin of Cell datapath_i/decode_stage_dp/reg_file/REGISTERS_reg[15][3]  ( metal1 )
Bounds : ( 5.130, 360.555 ) ( 379.050, 360.725 )


SHORT: ( Metal Short ) Special Wire of Net vdd & Pin of Cell FILLER_36025  ( metal1 )
Bounds : ( 5.130, 377.355 ) ( 379.050, 377.525 )


SHORT: ( Metal Short ) Special Wire of Net vdd & Pin of Cell datapath_i/decode_stage_dp/reg_file/REGISTERS_reg[12][3]  ( metal1 )
Bounds : ( 5.130, 357.755 ) ( 379.050, 357.925 )


SHORT: ( Metal Short ) Special Wire of Net gnd & Pin of Cell datapath_i/decode_stage_dp/reg_file/REGISTERS_reg[14][3]  ( metal1 )
Bounds : ( 5.130, 356.355 ) ( 379.050, 356.525 )


SHORT: ( Metal Short ) Special Wire of Net vdd & Pin of Cell datapath_i/decode_stage_dp/reg_file/REGISTERS_reg[12][5]  ( metal1 )
Bounds : ( 5.130, 354.955 ) ( 379.050, 355.125 )


SHORT: ( Metal Short ) Special Wire of Net gnd & Pin of Cell datapath_i/decode_stage_dp/reg_file/REGISTERS_reg[8][5]  ( metal1 )
Bounds : ( 5.130, 353.555 ) ( 379.050, 353.725 )


SHORT: ( Metal Short ) Special Wire of Net vdd & Pin of Cell datapath_i/decode_stage_dp/reg_file/REGISTERS_reg[14][5]  ( metal1 )
Bounds : ( 5.130, 352.155 ) ( 379.050, 352.325 )


SHORT: ( Metal Short ) Special Wire of Net gnd & Pin of Cell datapath_i/decode_stage_dp/reg_file/REGISTERS_reg[6][5]  ( metal1 )
Bounds : ( 5.130, 350.755 ) ( 379.050, 350.925 )


SHORT: ( Metal Short ) Special Wire of Net gnd & Pin of Cell datapath_i/decode_stage_dp/reg_file/REGISTERS_reg[3][5]  ( metal1 )
Bounds : ( 5.130, 347.955 ) ( 379.050, 348.125 )


SHORT: ( Metal Short ) Special Wire of Net vdd & Pin of Cell datapath_i/decode_stage_dp/reg_file/REGISTERS_reg[4][5]  ( metal1 )
Bounds : ( 5.130, 346.555 ) ( 379.050, 346.725 )


SHORT: ( Metal Short ) Special Wire of Net gnd & Pin of Cell datapath_i/decode_stage_dp/reg_file/REGISTERS_reg[5][5]  ( metal1 )
Bounds : ( 5.130, 345.155 ) ( 379.050, 345.325 )


SHORT: ( Metal Short ) Special Wire of Net vdd & Pin of Cell datapath_i/decode_stage_dp/reg_file/REGISTERS_reg[12][6]  ( metal1 )
Bounds : ( 5.130, 343.755 ) ( 379.050, 343.925 )


SHORT: ( Metal Short ) Special Wire of Net gnd & Pin of Cell datapath_i/decode_stage_dp/reg_file/U582  ( metal1 )
Bounds : ( 5.130, 342.355 ) ( 379.050, 342.525 )


SHORT: ( Metal Short ) Special Wire of Net vdd & Pin of Cell datapath_i/decode_stage_dp/reg_file/REGISTERS_reg[14][6]  ( metal1 )
Bounds : ( 5.130, 340.955 ) ( 379.050, 341.125 )


SHORT: ( Metal Short ) Special Wire of Net gnd & Pin of Cell datapath_i/decode_stage_dp/reg_file/REGISTERS_reg[5][6]  ( metal1 )
Bounds : ( 5.130, 339.555 ) ( 379.050, 339.725 )


SHORT: ( Metal Short ) Special Wire of Net vdd & Pin of Cell datapath_i/decode_stage_dp/reg_file/REGISTERS_reg[10][6]  ( metal1 )
Bounds : ( 5.130, 338.155 ) ( 379.050, 338.325 )


SHORT: ( Metal Short ) Special Wire of Net gnd & Pin of Cell datapath_i/decode_stage_dp/reg_file/REGISTERS_reg[4][6]  ( metal1 )
Bounds : ( 5.130, 336.755 ) ( 379.050, 336.925 )


SHORT: ( Metal Short ) Special Wire of Net vdd & Pin of Cell datapath_i/decode_stage_dp/reg_file/REGISTERS_reg[1][6]  ( metal1 )
Bounds : ( 5.130, 335.355 ) ( 379.050, 335.525 )


SHORT: ( Metal Short ) Special Wire of Net vdd & Pin of Cell datapath_i/decode_stage_dp/reg_file/REGISTERS_reg[7][5]  ( metal1 )
Bounds : ( 5.130, 349.355 ) ( 379.050, 349.525 )


SHORT: ( Metal Short ) Special Wire of Net gnd & Pin of Cell datapath_i/decode_stage_dp/reg_file/REGISTERS_reg[13][3]  ( metal1 )
Bounds : ( 5.130, 359.155 ) ( 379.050, 359.325 )


SHORT: ( Metal Short ) Special Wire of Net vdd & Pin of Cell datapath_i/decode_stage_dp/reg_file/REGISTERS_reg[2][7]  ( metal1 )
Bounds : ( 5.130, 307.355 ) ( 379.050, 307.525 )


SHORT: ( Metal Short ) Special Wire of Net gnd & Pin of Cell datapath_i/decode_stage_dp/reg_file/REGISTERS_reg[4][7]  ( metal1 )
Bounds : ( 5.130, 308.755 ) ( 379.050, 308.925 )


SHORT: ( Metal Short ) Special Wire of Net vdd & Pin of Cell datapath_i/decode_stage_dp/reg_file/REGISTERS_reg[11][7]  ( metal1 )
Bounds : ( 5.130, 310.155 ) ( 379.050, 310.325 )


SHORT: ( Metal Short ) Special Wire of Net gnd & Pin of Cell datapath_i/decode_stage_dp/reg_file/REGISTERS_reg[14][7]  ( metal1 )
Bounds : ( 5.130, 311.555 ) ( 379.050, 311.725 )


SHORT: ( Metal Short ) Special Wire of Net vdd & Pin of Cell datapath_i/decode_stage_dp/reg_file/REGISTERS_reg[7][1]  ( metal1 )
Bounds : ( 5.130, 312.955 ) ( 379.050, 313.125 )


SHORT: ( Metal Short ) Special Wire of Net gnd & Pin of Cell datapath_i/decode_stage_dp/reg_file/REGISTERS_reg[4][1]  ( metal1 )
Bounds : ( 5.130, 314.355 ) ( 379.050, 314.525 )


SHORT: ( Metal Short ) Special Wire of Net vdd & Pin of Cell FE_OFC550_CLK  ( metal1 )
Bounds : ( 5.130, 315.755 ) ( 379.050, 315.925 )


SHORT: ( Metal Short ) Special Wire of Net gnd & Pin of Cell datapath_i/decode_stage_dp/reg_file/REGISTERS_reg[6][1]  ( metal1 )
Bounds : ( 5.130, 317.155 ) ( 379.050, 317.325 )


SHORT: ( Metal Short ) Special Wire of Net vdd & Pin of Cell datapath_i/decode_stage_dp/reg_file/REGISTERS_reg[3][1]  ( metal1 )
Bounds : ( 5.130, 318.555 ) ( 379.050, 318.725 )


SHORT: ( Metal Short ) Special Wire of Net gnd & Pin of Cell datapath_i/decode_stage_dp/reg_file/REGISTERS_reg[14][1]  ( metal1 )
Bounds : ( 5.130, 319.955 ) ( 379.050, 320.125 )


SHORT: ( Metal Short ) Special Wire of Net vdd & Pin of Cell datapath_i/decode_stage_dp/reg_file/REGISTERS_reg[10][1]  ( metal1 )
Bounds : ( 5.130, 321.355 ) ( 379.050, 321.525 )


SHORT: ( Metal Short ) Special Wire of Net gnd & Pin of Cell datapath_i/decode_stage_dp/reg_file/REGISTERS_reg[7][4]  ( metal1 )
Bounds : ( 5.130, 322.755 ) ( 379.050, 322.925 )


SHORT: ( Metal Short ) Special Wire of Net vdd & Pin of Cell datapath_i/decode_stage_dp/reg_file/REGISTERS_reg[12][1]  ( metal1 )
Bounds : ( 5.130, 324.155 ) ( 379.050, 324.325 )


SHORT: ( Metal Short ) Special Wire of Net gnd & Pin of Cell datapath_i/decode_stage_dp/reg_file/REGISTERS_reg[6][4]  ( metal1 )
Bounds : ( 5.130, 325.555 ) ( 379.050, 325.725 )


SHORT: ( Metal Short ) Special Wire of Net vdd & Pin of Cell datapath_i/decode_stage_dp/reg_file/REGISTERS_reg[1][4]  ( metal1 )
Bounds : ( 5.130, 326.955 ) ( 379.050, 327.125 )


SHORT: ( Metal Short ) Special Wire of Net gnd & Pin of Cell datapath_i/decode_stage_dp/reg_file/REGISTERS_reg[4][4]  ( metal1 )
Bounds : ( 5.130, 328.355 ) ( 379.050, 328.525 )


SHORT: ( Metal Short ) Special Wire of Net vdd & Pin of Cell datapath_i/decode_stage_dp/reg_file/REGISTERS_reg[11][4]  ( metal1 )
Bounds : ( 5.130, 329.755 ) ( 379.050, 329.925 )


SHORT: ( Metal Short ) Special Wire of Net gnd & Pin of Cell datapath_i/decode_stage_dp/reg_file/REGISTERS_reg[12][4]  ( metal1 )
Bounds : ( 5.130, 331.155 ) ( 379.050, 331.325 )


SHORT: ( Metal Short ) Special Wire of Net vdd & Pin of Cell datapath_i/decode_stage_dp/reg_file/REGISTERS_reg[3][6]  ( metal1 )
Bounds : ( 5.130, 332.555 ) ( 379.050, 332.725 )


SHORT: ( Metal Short ) Special Wire of Net gnd & Pin of Cell datapath_i/decode_stage_dp/reg_file/REGISTERS_reg[6][6]  ( metal1 )
Bounds : ( 5.130, 333.955 ) ( 379.050, 334.125 )


SHORT: ( Metal Short ) Special Wire of Net gnd & Pin of Cell FE_OFC589_RST  ( metal1 )
Bounds : ( 5.130, 196.755 ) ( 379.050, 196.925 )


SHORT: ( Metal Short ) Special Wire of Net vdd & Pin of Cell datapath_i/execute_stage_dp/general_alu_i/boothmul_pipelined_i/ADDi_3/add_1_root_add_21_2/U1_9  ( metal1 )
Bounds : ( 5.130, 198.155 ) ( 379.050, 198.325 )


SHORT: ( Metal Short ) Special Wire of Net gnd & Pin of Cell datapath_i/execute_stage_dp/general_alu_i/boothmul_pipelined_i/MUXi_3/Y_reg[10]  ( metal1 )
Bounds : ( 5.130, 199.555 ) ( 379.050, 199.725 )


SHORT: ( Metal Short ) Special Wire of Net vdd & Pin of Cell datapath_i/execute_stage_dp/general_alu_i/boothmul_pipelined_i/MUXi_3/Y_reg[9]  ( metal1 )
Bounds : ( 5.130, 200.955 ) ( 379.050, 201.125 )


SHORT: ( Metal Short ) Special Wire of Net gnd & Pin of Cell datapath_i/execute_stage_dp/general_alu_i/boothmul_pipelined_i/MUXi_2/Y_reg[3]  ( metal1 )
Bounds : ( 5.130, 210.755 ) ( 379.050, 210.925 )


SHORT: ( Metal Short ) Special Wire of Net vdd & Pin of Cell datapath_i/execute_stage_dp/general_alu_i/boothmul_pipelined_i/ADDi_2/add_1_root_add_21_2/U1_10  ( metal1 )
Bounds : ( 5.130, 212.155 ) ( 379.050, 212.325 )


SHORT: ( Metal Short ) Special Wire of Net gnd & Pin of Cell datapath_i/execute_stage_dp/general_alu_i/boothmul_pipelined_i/MUXi_2/Y_reg[10]  ( metal1 )
Bounds : ( 5.130, 213.555 ) ( 235.030, 213.725 )


SHORT: ( Metal Short ) Special Wire of Net vdd & Pin of Cell datapath_i/execute_stage_dp/general_alu_i/boothmul_pipelined_i/MUXi_2/U72  ( metal1 )
Bounds : ( 5.130, 214.955 ) ( 234.840, 215.125 )


SHORT: ( Metal Short ) Special Wire of Net gnd & Pin of Cell datapath_i/execute_stage_dp/general_alu_i/boothmul_pipelined_i/MUXi_1/Y_reg[5]  ( metal1 )
Bounds : ( 5.130, 221.955 ) ( 379.050, 222.125 )


SHORT: ( Metal Short ) Special Wire of Net vdd & Pin of Cell datapath_i/execute_stage_dp/general_alu_i/boothmul_pipelined_i/ADD1_1/add_1_root_add_21_2/U1_4  ( metal1 )
Bounds : ( 5.130, 223.355 ) ( 235.600, 223.525 )


SHORT: ( Metal Short ) Special Wire of Net gnd & Pin of Cell datapath_i/execute_stage_dp/general_alu_i/boothmul_pipelined_i/MUXi_3/Y_reg[13]  ( metal1 )
Bounds : ( 5.130, 202.355 ) ( 379.050, 202.525 )


SHORT: ( Metal Short ) Special Wire of Net vdd & Pin of Cell datapath_i/execute_stage_dp/general_alu_i/boothmul_pipelined_i/ADDi_3/add_1_root_add_21_2/U1_13  ( metal1 )
Bounds : ( 5.130, 203.755 ) ( 379.050, 203.925 )


SHORT: ( Metal Short ) Special Wire of Net gnd & Pin of Cell datapath_i/execute_stage_dp/general_alu_i/boothmul_pipelined_i/minusA_0/U10  ( metal1 )
Bounds : ( 5.130, 207.955 ) ( 379.050, 208.125 )


SHORT: ( Metal Short ) Special Wire of Net vdd & Pin of Cell datapath_i/execute_stage_dp/general_alu_i/boothmul_pipelined_i/ADDi_2/add_1_root_add_21_2/U1_3  ( metal1 )
Bounds : ( 5.130, 209.355 ) ( 379.050, 209.525 )


SHORT: ( Metal Short ) Special Wire of Net gnd & Pin of Cell datapath_i/execute_stage_dp/general_alu_i/boothmul_pipelined_i/MUXi_2/U4  ( metal1 )
Bounds : ( 5.130, 216.355 ) ( 234.650, 216.525 )


SHORT: ( Metal Short ) Special Wire of Net vdd & Pin of Cell datapath_i/execute_stage_dp/general_alu_i/boothmul_pipelined_i/MUXi_2/Y_reg[2]  ( metal1 )
Bounds : ( 5.130, 217.755 ) ( 379.050, 217.925 )


SHORT: ( Metal Short ) Special Wire of Net vdd & Pin of Cell datapath_i/execute_stage_dp/general_alu_i/boothmul_pipelined_i/MUX0_0/Y_reg[9]  ( metal1 )
Bounds : ( 5.130, 226.155 ) ( 234.080, 226.325 )


SHORT: ( Metal Short ) Special Wire of Net gnd & Pin of Cell datapath_i/execute_stage_dp/general_alu_i/boothmul_pipelined_i/MUXi_1/Y_reg[3]  ( metal1 )
Bounds : ( 5.130, 227.555 ) ( 379.050, 227.725 )


SHORT: ( Metal Short ) Special Wire of Net gnd & Pin of Cell datapath_i/execute_stage_dp/general_alu_i/boothmul_pipelined_i/pip_del_reg_muxi_3/D_I_211/Q_reg  ( metal1 )
Bounds : ( 5.130, 193.955 ) ( 379.050, 194.125 )


SHORT: ( Metal Short ) Special Wire of Net vdd & Pin of Cell datapath_i/execute_stage_dp/general_alu_i/boothmul_pipelined_i/MUXi_3/Y_reg[8]  ( metal1 )
Bounds : ( 5.130, 195.355 ) ( 379.050, 195.525 )


SHORT: ( Metal Short ) Special Wire of Net gnd & Pin of Cell datapath_i/execute_stage_dp/general_alu_i/boothmul_pipelined_i/MUX0_0/Y_reg[7]  ( metal1 )
Bounds : ( 5.130, 219.155 ) ( 379.050, 219.325 )


SHORT: ( Metal Short ) Special Wire of Net gnd & Pin of Cell datapath_i/execute_stage_dp/general_alu_i/boothmul_pipelined_i/MUXi_2/Y_reg[0]  ( metal1 )
Bounds : ( 5.130, 224.755 ) ( 235.030, 224.925 )


SHORT: ( Metal Short ) Special Wire of Net vdd & Pin of Cell datapath_i/execute_stage_dp/general_alu_i/boothmul_pipelined_i/pip_del_reg_muxi_2/D_I_108/Q_reg  ( metal1 )
Bounds : ( 5.130, 192.555 ) ( 379.050, 192.725 )


SHORT: ( Metal Short ) Special Wire of Net vdd & Pin of Cell datapath_i/execute_stage_dp/general_alu_i/boothmul_pipelined_i/ADD1_1/add_1_root_add_21_2/U1_5  ( metal1 )
Bounds : ( 5.130, 220.555 ) ( 379.050, 220.725 )


SHORT: ( Metal Short ) Special Wire of Net gnd & Pin of Cell datapath_i/execute_stage_dp/general_alu_i/boothmul_pipelined_i/MUXi_3/Y_reg[15]  ( metal1 )
Bounds : ( 5.130, 205.155 ) ( 379.050, 205.325 )


SHORT: ( Metal Short ) Special Wire of Net vdd & Pin of Cell datapath_i/execute_stage_dp/general_alu_i/boothmul_pipelined_i/minusA_0/add_0_root_add_22_ni/U1_1_1  ( metal1 )
Bounds : ( 5.130, 206.555 ) ( 379.050, 206.725 )


SHORT: ( Metal Short ) Special Wire of Net vdd & Pin of Cell datapath_i/execute_stage_dp/general_alu_i/boothmul_pipelined_i/ADD1_1/add_1_root_add_21_2/U1_3  ( metal1 )
Bounds : ( 5.130, 228.955 ) ( 379.050, 229.125 )


SHORT: ( Metal Short ) Special Wire of Net vdd & Pin of Cell datapath_i/execute_stage_dp/general_alu_i/U896  ( metal1 )
Bounds : ( 309.130, 167.355 ) ( 379.050, 167.525 )


SHORT: ( Metal Short ) Special Wire of Net gnd & Pin of Cell datapath_i/execute_stage_dp/general_alu_i/U538  ( metal1 )
Bounds : ( 308.940, 179.955 ) ( 379.050, 180.125 )


SHORT: ( Metal Short ) Special Wire of Net vdd & Pin of Cell datapath_i/execute_stage_dp/general_alu_i/U165  ( metal1 )
Bounds : ( 308.750, 186.955 ) ( 379.050, 187.125 )


SHORT: ( Metal Short ) Special Wire of Net gnd & Pin of Cell datapath_i/execute_stage_dp/general_alu_i/U955  ( metal1 )
Bounds : ( 308.940, 165.955 ) ( 379.050, 166.125 )


SHORT: ( Metal Short ) Special Wire of Net gnd & Pin of Cell datapath_i/execute_stage_dp/general_alu_i/U776  ( metal1 )
Bounds : ( 229.330, 146.355 ) ( 379.050, 146.525 )


SHORT: ( Metal Short ) Special Wire of Net vdd & Pin of Cell datapath_i/execute_stage_dp/general_alu_i/U775  ( metal1 )
Bounds : ( 229.330, 144.955 ) ( 379.050, 145.125 )


SHORT: ( Metal Short ) Special Wire of Net gnd & Pin of Cell datapath_i/execute_stage_dp/general_alu_i/U755  ( metal1 )
Bounds : ( 228.760, 151.955 ) ( 379.050, 152.125 )


SHORT: ( Metal Short ) Special Wire of Net vdd & Pin of Cell datapath_i/execute_stage_dp/general_alu_i/U746  ( metal1 )
Bounds : ( 228.760, 150.555 ) ( 379.050, 150.725 )


SHORT: ( Metal Short ) Special Wire of Net vdd & Pin of Cell datapath_i/execute_stage_dp/general_alu_i/U777  ( metal1 )
Bounds : ( 230.850, 147.755 ) ( 379.050, 147.925 )


SHORT: ( Metal Short ) Special Wire of Net gnd & Pin of Cell datapath_i/execute_stage_dp/general_alu_i/U731  ( metal1 )
Bounds : ( 229.900, 149.155 ) ( 379.050, 149.325 )


SHORT: ( Metal Short ) Special Wire of Net gnd & Pin of Cell datapath_i/execute_stage_dp/general_alu_i/U797  ( metal1 )
Bounds : ( 229.710, 143.555 ) ( 379.050, 143.725 )


SHORT: ( Metal Short ) Special Wire of Net gnd & Pin of Cell datapath_i/execute_stage_dp/general_alu_i/U729  ( metal1 )
Bounds : ( 229.520, 140.755 ) ( 379.050, 140.925 )


SHORT: ( Metal Short ) Special Wire of Net vdd & Pin of Cell datapath_i/execute_stage_dp/general_alu_i/U328  ( metal1 )
Bounds : ( 230.660, 139.355 ) ( 379.050, 139.525 )


SHORT: ( Metal Short ) Special Wire of Net gnd & Pin of Cell datapath_i/execute_stage_dp/general_alu_i/U814  ( metal1 )
Bounds : ( 231.800, 137.955 ) ( 379.050, 138.125 )


SHORT: ( Metal Short ) Special Wire of Net vdd & Pin of Cell datapath_i/memory_stage_dp/U24  ( metal1 )
Bounds : ( 231.610, 136.555 ) ( 379.050, 136.725 )


SHORT: ( Metal Short ) Special Wire of Net gnd & Pin of Cell datapath_i/execute_stage_dp/general_alu_i/U762  ( metal1 )
Bounds : ( 230.850, 132.355 ) ( 379.050, 132.525 )


SHORT: ( Metal Short ) Special Wire of Net gnd & Pin of Cell FILLER_5849  ( metal1 )
Bounds : ( 232.180, 121.155 ) ( 379.050, 121.325 )


SHORT: ( Metal Short ) Special Wire of Net vdd & Pin of Cell datapath_i/execute_stage_dp/reg_del_b/D_I_25/Q_reg  ( metal1 )
Bounds : ( 231.420, 119.755 ) ( 379.050, 119.925 )


SHORT: ( Metal Short ) Special Wire of Net gnd & Pin of Cell datapath_i/memory_stage_dp/DRAM_DATA_tri[21]  ( metal1 )
Bounds : ( 230.090, 123.955 ) ( 379.050, 124.125 )


SHORT: ( Metal Short ) Special Wire of Net vdd & Pin of Cell datapath_i/memory_stage_dp/lmd/D_I_25/Q_reg  ( metal1 )
Bounds : ( 230.850, 122.555 ) ( 379.050, 122.725 )


SHORT: ( Metal Short ) Special Wire of Net gnd & Pin of Cell datapath_i/execute_stage_dp/general_alu_i/U795  ( metal1 )
Bounds : ( 231.610, 135.155 ) ( 379.050, 135.325 )


SHORT: ( Metal Short ) Special Wire of Net vdd & Pin of Cell datapath_i/execute_stage_dp/general_alu_i/U774  ( metal1 )
Bounds : ( 231.990, 133.755 ) ( 379.050, 133.925 )


SHORT: ( Metal Short ) Special Wire of Net vdd & Pin of Cell FILLER_6316  ( metal1 )
Bounds : ( 231.990, 128.155 ) ( 379.050, 128.325 )


SHORT: ( Metal Short ) Special Wire of Net vdd & Pin of Cell datapath_i/memory_stage_dp/U23  ( metal1 )
Bounds : ( 228.950, 125.355 ) ( 379.050, 125.525 )


SHORT: ( Metal Short ) Special Wire of Net gnd & Pin of Cell FILLER_6316  ( metal1 )
Bounds : ( 228.950, 126.755 ) ( 379.050, 126.925 )


SHORT: ( Metal Short ) Special Wire of Net vdd & Pin of Cell datapath_i/execute_stage_dp/general_alu_i/U815  ( metal1 )
Bounds : ( 229.520, 142.155 ) ( 379.050, 142.325 )


SHORT: ( Metal Short ) Special Wire of Net gnd & Pin of Cell datapath_i/execute_stage_dp/reg_del_b/D_I_24/Q_reg  ( metal1 )
Bounds : ( 229.330, 129.555 ) ( 379.050, 129.725 )


SHORT: ( Metal Short ) Special Wire of Net vdd & Pin of Cell datapath_i/execute_stage_dp/general_alu_i/U745  ( metal1 )
Bounds : ( 229.330, 130.955 ) ( 379.050, 131.125 )


SHORT: ( Metal Short ) Special Wire of Net vdd & Pin of Cell FILLER_5306  ( metal1 )
Bounds : ( 229.900, 114.155 ) ( 379.050, 114.325 )


SHORT: ( Metal Short ) Special Wire of Net gnd & Pin of Cell datapath_i/execute_stage_dp/reg_del_b/D_I_26/Q_reg  ( metal1 )
Bounds : ( 226.860, 112.755 ) ( 379.050, 112.925 )


SHORT: ( Metal Short ) Special Wire of Net gnd & Pin of Cell FILLER_5506  ( metal1 )
Bounds : ( 229.520, 118.355 ) ( 379.050, 118.525 )


SHORT: ( Metal Short ) Special Wire of Net vdd & Pin of Cell FILLER_5409  ( metal1 )
Bounds : ( 228.380, 116.955 ) ( 379.050, 117.125 )


SHORT: ( Metal Short ) Special Wire of Net gnd & Pin of Cell FILLER_5409  ( metal1 )
Bounds : ( 228.380, 115.555 ) ( 379.050, 115.725 )


SHORT: ( Metal Short ) Special Wire of Net vdd & Pin of Cell datapath_i/execute_stage_dp/reg_del_b/D_I_27/Q_reg  ( metal1 )
Bounds : ( 228.190, 105.755 ) ( 379.050, 105.925 )


SHORT: ( Metal Short ) Special Wire of Net vdd & Pin of Cell FILLER_4446  ( metal1 )
Bounds : ( 227.620, 100.155 ) ( 379.050, 100.325 )


SHORT: ( Metal Short ) Special Wire of Net gnd & Pin of Cell datapath_i/execute_stage_dp/reg_del_b/D_I_28/Q_reg  ( metal1 )
Bounds : ( 226.860, 98.755 ) ( 379.050, 98.925 )


SHORT: ( Metal Short ) Special Wire of Net vdd & Pin of Cell FILLER_4305  ( metal1 )
Bounds : ( 226.670, 97.355 ) ( 379.050, 97.525 )


SHORT: ( Metal Short ) Special Wire of Net gnd & Pin of Cell datapath_i/memory_stage_dp/lmd/D_I_28/Q_reg  ( metal1 )
Bounds : ( 226.670, 95.955 ) ( 379.050, 96.125 )


SHORT: ( Metal Short ) Special Wire of Net vdd & Pin of Cell datapath_i/memory_stage_dp/lmd/D_I_26/Q_reg  ( metal1 )
Bounds : ( 226.480, 111.355 ) ( 379.050, 111.525 )


SHORT: ( Metal Short ) Special Wire of Net gnd & Pin of Cell FILLER_5042  ( metal1 )
Bounds : ( 226.480, 109.955 ) ( 379.050, 110.125 )


SHORT: ( Metal Short ) Special Wire of Net vdd & Pin of Cell FILLER_4895  ( metal1 )
Bounds : ( 231.040, 108.555 ) ( 379.050, 108.725 )


SHORT: ( Metal Short ) Special Wire of Net gnd & Pin of Cell FILLER_4895  ( metal1 )
Bounds : ( 229.710, 107.155 ) ( 379.050, 107.325 )


SHORT: ( Metal Short ) Special Wire of Net gnd & Pin of Cell FILLER_4674  ( metal1 )
Bounds : ( 228.190, 104.355 ) ( 379.050, 104.525 )


SHORT: ( Metal Short ) Special Wire of Net vdd & Pin of Cell datapath_i/memory_stage_dp/lmd/D_I_27/Q_reg  ( metal1 )
Bounds : ( 231.420, 102.955 ) ( 379.050, 103.125 )


SHORT: ( Metal Short ) Special Wire of Net gnd & Pin of Cell datapath_i/memory_stage_dp/U21  ( metal1 )
Bounds : ( 227.810, 101.555 ) ( 379.050, 101.725 )


SHORT: ( Metal Short ) Special Wire of Net gnd & Pin of Cell FILLER_4146  ( metal1 )
Bounds : ( 228.190, 93.155 ) ( 379.050, 93.325 )


SHORT: ( Metal Short ) Special Wire of Net vdd & Pin of Cell datapath_i/memory_stage_dp/lmd/D_I_29/Q_reg  ( metal1 )
Bounds : ( 228.000, 88.955 ) ( 379.050, 89.125 )


SHORT: ( Metal Short ) Special Wire of Net gnd & Pin of Cell FILLER_3360  ( metal1 )
Bounds : ( 231.230, 79.155 ) ( 379.050, 79.325 )


SHORT: ( Metal Short ) Special Wire of Net vdd & Pin of Cell FILLER_3360  ( metal1 )
Bounds : ( 229.520, 77.755 ) ( 379.050, 77.925 )


SHORT: ( Metal Short ) Special Wire of Net vdd & Pin of Cell datapath_i/execute_stage_dp/reg_del_b/D_I_29/Q_reg  ( metal1 )
Bounds : ( 228.380, 91.755 ) ( 379.050, 91.925 )


SHORT: ( Metal Short ) Special Wire of Net gnd & Pin of Cell FILLER_3995  ( metal1 )
Bounds : ( 228.000, 90.355 ) ( 379.050, 90.525 )


SHORT: ( Metal Short ) Special Wire of Net gnd & Pin of Cell datapath_i/memory_stage_dp/U20  ( metal1 )
Bounds : ( 230.090, 87.555 ) ( 379.050, 87.725 )


SHORT: ( Metal Short ) Special Wire of Net vdd & Pin of Cell datapath_i/execute_stage_dp/reg_del_b/D_I_30/Q_reg  ( metal1 )
Bounds : ( 227.620, 86.155 ) ( 379.050, 86.325 )


SHORT: ( Metal Short ) Special Wire of Net gnd & Pin of Cell datapath_i/memory_stage_dp/lmd/D_I_30/Q_reg  ( metal1 )
Bounds : ( 227.620, 84.755 ) ( 379.050, 84.925 )


SHORT: ( Metal Short ) Special Wire of Net vdd & Pin of Cell FILLER_3639  ( metal1 )
Bounds : ( 231.230, 83.355 ) ( 379.050, 83.525 )


SHORT: ( Metal Short ) Special Wire of Net vdd & Pin of Cell FILLER_4146  ( metal1 )
Bounds : ( 228.190, 94.555 ) ( 379.050, 94.725 )


SHORT: ( Metal Short ) Special Wire of Net vdd & Pin of Cell datapath_i/execute_stage_dp/reg_del_b/D_I_31/Q_reg  ( metal1 )
Bounds : ( 229.330, 80.555 ) ( 379.050, 80.725 )


SHORT: ( Metal Short ) Special Wire of Net gnd & Pin of Cell FILLER_3506  ( metal1 )
Bounds : ( 229.330, 81.955 ) ( 379.050, 82.125 )


SHORT: ( Metal Short ) Special Wire of Net vdd & Pin of Cell datapath_i/execute_stage_dp/general_alu_i/boothmul_pipelined_i/pip_del_reg_muxi_3/D_I_41/Q_reg  ( metal1 )
Bounds : ( 5.130, 147.755 ) ( 160.930, 147.925 )


SHORT: ( Metal Short ) Special Wire of Net gnd & Pin of Cell FILLER_8211  ( metal1 )
Bounds : ( 5.130, 146.355 ) ( 161.690, 146.525 )


SHORT: ( Metal Short ) Special Wire of Net vdd & Pin of Cell datapath_i/execute_stage_dp/general_alu_i/boothmul_pipelined_i/pip_del_reg_muxi_6/D_I_107/Q_reg  ( metal1 )
Bounds : ( 5.130, 144.955 ) ( 161.690, 145.125 )


SHORT: ( Metal Short ) Special Wire of Net gnd & Pin of Cell datapath_i/execute_stage_dp/general_alu_i/boothmul_pipelined_i/pip_del_reg_muxi_6/D_I_248/Q_reg  ( metal1 )
Bounds : ( 5.130, 143.555 ) ( 160.170, 143.725 )


SHORT: ( Metal Short ) Special Wire of Net gnd & Pin of Cell datapath_i/execute_stage_dp/general_alu_i/boothmul_pipelined_i/pip_del_reg_muxi_7/D_I_221/Q_reg  ( metal1 )
Bounds : ( 5.130, 149.155 ) ( 159.030, 149.325 )


SHORT: ( Metal Short ) Special Wire of Net vdd & Pin of Cell datapath_i/execute_stage_dp/general_alu_i/boothmul_pipelined_i/pip_del_reg_muxi_5/D_I_6/Q_reg  ( metal1 )
Bounds : ( 5.130, 150.555 ) ( 157.890, 150.725 )


SHORT: ( Metal Short ) Special Wire of Net gnd & Pin of Cell datapath_i/execute_stage_dp/general_alu_i/boothmul_pipelined_i/pip_del_reg_muxi_3/D_I_177/Q_reg  ( metal1 )
Bounds : ( 5.130, 151.955 ) ( 161.310, 152.125 )


SHORT: ( Metal Short ) Special Wire of Net gnd & Pin of Cell datapath_i/execute_stage_dp/general_alu_i/boothmul_pipelined_i/pip_del_reg_muxi_4/D_I_17/Q_reg  ( metal1 )
Bounds : ( 5.130, 137.955 ) ( 162.260, 138.125 )


SHORT: ( Metal Short ) Special Wire of Net vdd & Pin of Cell datapath_i/execute_stage_dp/general_alu_i/boothmul_pipelined_i/pip_del_reg_muxi_7/D_I_64/Q_reg  ( metal1 )
Bounds : ( 5.130, 136.555 ) ( 162.260, 136.725 )


SHORT: ( Metal Short ) Special Wire of Net gnd & Pin of Cell datapath_i/execute_stage_dp/general_alu_i/boothmul_pipelined_i/pip_del_reg_muxi_4/D_I_37/Q_reg  ( metal1 )
Bounds : ( 5.130, 135.155 ) ( 160.740, 135.325 )


SHORT: ( Metal Short ) Special Wire of Net vdd & Pin of Cell datapath_i/execute_stage_dp/general_alu_i/boothmul_pipelined_i/pip_del_reg_muxi_6/D_I_80/Q_reg  ( metal1 )
Bounds : ( 5.130, 133.755 ) ( 156.940, 133.925 )


SHORT: ( Metal Short ) Special Wire of Net gnd & Pin of Cell datapath_i/execute_stage_dp/general_alu_i/boothmul_pipelined_i/pip_del_reg_muxi_2/D_I_240/Q_reg  ( metal1 )
Bounds : ( 5.130, 132.355 ) ( 161.690, 132.525 )


SHORT: ( Metal Short ) Special Wire of Net vdd & Pin of Cell datapath_i/execute_stage_dp/general_alu_i/boothmul_pipelined_i/pip_del_reg_muxi_4/D_I_2/Q_reg  ( metal1 )
Bounds : ( 5.130, 130.955 ) ( 161.690, 131.125 )


SHORT: ( Metal Short ) Special Wire of Net gnd & Pin of Cell datapath_i/execute_stage_dp/general_alu_i/boothmul_pipelined_i/pip_del_reg_muxi_6/D_I_14/Q_reg  ( metal1 )
Bounds : ( 5.130, 129.555 ) ( 161.500, 129.725 )


SHORT: ( Metal Short ) Special Wire of Net vdd & Pin of Cell datapath_i/execute_stage_dp/general_alu_i/boothmul_pipelined_i/pip_del_reg_muxi_3/D_I_137/Q_reg  ( metal1 )
Bounds : ( 5.130, 128.155 ) ( 161.880, 128.325 )


SHORT: ( Metal Short ) Special Wire of Net gnd & Pin of Cell datapath_i/execute_stage_dp/general_alu_i/boothmul_pipelined_i/pip_del_reg_muxi_4/D_I_38/Q_reg  ( metal1 )
Bounds : ( 5.130, 126.755 ) ( 161.880, 126.925 )


SHORT: ( Metal Short ) Special Wire of Net vdd & Pin of Cell FILLER_6090  ( metal1 )
Bounds : ( 5.130, 125.355 ) ( 162.070, 125.525 )


SHORT: ( Metal Short ) Special Wire of Net gnd & Pin of Cell FILLER_5867  ( metal1 )
Bounds : ( 5.130, 123.955 ) ( 162.070, 124.125 )


SHORT: ( Metal Short ) Special Wire of Net vdd & Pin of Cell datapath_i/execute_stage_dp/general_alu_i/boothmul_pipelined_i/pip_del_reg_muxi_2/D_I_177/Q_reg  ( metal1 )
Bounds : ( 5.130, 122.555 ) ( 159.600, 122.725 )


SHORT: ( Metal Short ) Special Wire of Net gnd & Pin of Cell datapath_i/execute_stage_dp/general_alu_i/boothmul_pipelined_i/pip_del_reg_muxi_2/D_I_171/Q_reg  ( metal1 )
Bounds : ( 5.130, 121.155 ) ( 159.600, 121.325 )


SHORT: ( Metal Short ) Special Wire of Net vdd & Pin of Cell FILLER_5620  ( metal1 )
Bounds : ( 5.130, 119.755 ) ( 161.120, 119.925 )


SHORT: ( Metal Short ) Special Wire of Net vdd & Pin of Cell datapath_i/execute_stage_dp/general_alu_i/boothmul_pipelined_i/pip_del_reg_muxi_3/D_I_0/Q_reg  ( metal1 )
Bounds : ( 5.130, 139.355 ) ( 159.980, 139.525 )


SHORT: ( Metal Short ) Special Wire of Net gnd & Pin of Cell FILLER_7711  ( metal1 )
Bounds : ( 5.130, 140.755 ) ( 159.980, 140.925 )


SHORT: ( Metal Short ) Special Wire of Net vdd & Pin of Cell datapath_i/execute_stage_dp/general_alu_i/boothmul_pipelined_i/pip_del_reg_muxi_4/D_I_229/Q_reg  ( metal1 )
Bounds : ( 5.130, 142.155 ) ( 158.840, 142.325 )


SHORT: ( Metal Short ) Special Wire of Net gnd & Pin of Cell datapath_i/execute_stage_dp/general_alu_i/boothmul_pipelined_i/pip_del_reg_muxi_6/D_I_124/Q_reg  ( metal1 )
Bounds : ( 5.130, 118.355 ) ( 161.120, 118.525 )


SHORT: ( Metal Short ) Special Wire of Net vdd & Pin of Cell datapath_i/execute_stage_dp/general_alu_i/boothmul_pipelined_i/pip_del_reg_muxi_5/D_I_103/Q_reg  ( metal1 )
Bounds : ( 5.130, 116.955 ) ( 160.930, 117.125 )


SHORT: ( Metal Short ) Special Wire of Net gnd & Pin of Cell FILLER_5321  ( metal1 )
Bounds : ( 5.130, 115.555 ) ( 156.940, 115.725 )


SHORT: ( Metal Short ) Special Wire of Net vdd & Pin of Cell datapath_i/execute_stage_dp/general_alu_i/boothmul_pipelined_i/pip_del_reg_muxi_4/D_I_8/Q_reg  ( metal1 )
Bounds : ( 5.130, 114.155 ) ( 158.080, 114.325 )


SHORT: ( Metal Short ) Special Wire of Net gnd & Pin of Cell datapath_i/execute_stage_dp/general_alu_i/boothmul_pipelined_i/pip_del_reg_muxi_3/D_I_8/Q_reg  ( metal1 )
Bounds : ( 5.130, 112.755 ) ( 159.980, 112.925 )


SHORT: ( Metal Short ) Special Wire of Net vdd & Pin of Cell FILLER_5059  ( metal1 )
Bounds : ( 5.130, 111.355 ) ( 159.980, 111.525 )


SHORT: ( Metal Short ) Special Wire of Net gnd & Pin of Cell FILLER_4908  ( metal1 )
Bounds : ( 5.130, 109.955 ) ( 159.600, 110.125 )


SHORT: ( Metal Short ) Special Wire of Net vdd & Pin of Cell FILLER_4908  ( metal1 )
Bounds : ( 5.130, 108.555 ) ( 159.410, 108.725 )


SHORT: ( Metal Short ) Special Wire of Net gnd & Pin of Cell FILLER_4835  ( metal1 )
Bounds : ( 5.130, 107.155 ) ( 159.410, 107.325 )


SHORT: ( Metal Short ) Special Wire of Net vdd & Pin of Cell FILLER_4762  ( metal1 )
Bounds : ( 5.130, 105.755 ) ( 161.310, 105.925 )


SHORT: ( Metal Short ) Special Wire of Net gnd & Pin of Cell FILLER_4688  ( metal1 )
Bounds : ( 5.130, 104.355 ) ( 161.310, 104.525 )


SHORT: ( Metal Short ) Special Wire of Net vdd & Pin of Cell FILLER_4540  ( metal1 )
Bounds : ( 5.130, 102.955 ) ( 159.220, 103.125 )


SHORT: ( Metal Short ) Special Wire of Net gnd & Pin of Cell FILLER_4540  ( metal1 )
Bounds : ( 5.130, 101.555 ) ( 160.930, 101.725 )


SHORT: ( Metal Short ) Special Wire of Net gnd & Pin of Cell FILLER_4390  ( metal1 )
Bounds : ( 5.130, 98.755 ) ( 160.740, 98.925 )


SHORT: ( Metal Short ) Special Wire of Net vdd & Pin of Cell FILLER_4319  ( metal1 )
Bounds : ( 5.130, 97.355 ) ( 159.980, 97.525 )


SHORT: ( Metal Short ) Special Wire of Net gnd & Pin of Cell FILLER_4245  ( metal1 )
Bounds : ( 5.130, 95.955 ) ( 161.500, 96.125 )


SHORT: ( Metal Short ) Special Wire of Net vdd & Pin of Cell FILLER_4461  ( metal1 )
Bounds : ( 5.130, 100.155 ) ( 160.930, 100.325 )


SHORT: ( Metal Short ) Special Wire of Net gnd & Pin of Cell datapath_i/execute_stage_dp/general_alu_i/boothmul_pipelined_i/pip_del_reg_muxi_3/D_I_31/Q_reg  ( metal1 )
Bounds : ( 5.130, 90.355 ) ( 161.120, 90.525 )


SHORT: ( Metal Short ) Special Wire of Net vdd & Pin of Cell FILLER_3868  ( metal1 )
Bounds : ( 5.130, 88.955 ) ( 161.120, 89.125 )


SHORT: ( Metal Short ) Special Wire of Net gnd & Pin of Cell FILLER_3725  ( metal1 )
Bounds : ( 5.130, 87.555 ) ( 158.650, 87.725 )


SHORT: ( Metal Short ) Special Wire of Net vdd & Pin of Cell FILLER_3725  ( metal1 )
Bounds : ( 5.130, 86.155 ) ( 160.740, 86.325 )


SHORT: ( Metal Short ) Special Wire of Net gnd & Pin of Cell FILLER_3658  ( metal1 )
Bounds : ( 5.130, 84.755 ) ( 160.740, 84.925 )


SHORT: ( Metal Short ) Special Wire of Net vdd & Pin of Cell FILLER_3587  ( metal1 )
Bounds : ( 5.130, 83.355 ) ( 158.650, 83.525 )


SHORT: ( Metal Short ) Special Wire of Net gnd & Pin of Cell FILLER_3519  ( metal1 )
Bounds : ( 5.130, 81.955 ) ( 158.270, 82.125 )


SHORT: ( Metal Short ) Special Wire of Net vdd & Pin of Cell FE_OFC520_CLK  ( metal1 )
Bounds : ( 5.130, 80.555 ) ( 161.120, 80.725 )


SHORT: ( Metal Short ) Special Wire of Net gnd & Pin of Cell FILLER_3373  ( metal1 )
Bounds : ( 5.130, 79.155 ) ( 161.120, 79.325 )


SHORT: ( Metal Short ) Special Wire of Net vdd & Pin of Cell FILLER_3306  ( metal1 )
Bounds : ( 5.130, 77.755 ) ( 159.410, 77.925 )


SHORT: ( Metal Short ) Special Wire of Net vdd & Pin of Cell FILLER_4012  ( metal1 )
Bounds : ( 5.130, 91.755 ) ( 161.500, 91.925 )


SHORT: ( Metal Short ) Special Wire of Net gnd & Pin of Cell FILLER_4084  ( metal1 )
Bounds : ( 5.130, 93.155 ) ( 161.500, 93.325 )


SHORT: ( Metal Short ) Special Wire of Net vdd & Pin of Cell datapath_i/execute_stage_dp/general_alu_i/boothmul_pipelined_i/pip_del_reg_muxi_7/D_I_0/Q_reg  ( metal1 )
Bounds : ( 5.130, 94.555 ) ( 161.500, 94.725 )


SHORT: ( Metal Short ) Special Wire of Net vdd & Pin of Cell datapath_i/execute_stage_dp/general_alu_i/boothmul_pipelined_i/MUXi_3/Y_reg[3]  ( metal1 )
Bounds : ( 5.130, 158.955 ) ( 379.050, 159.125 )


SHORT: ( Metal Short ) Special Wire of Net gnd & Pin of Cell datapath_i/execute_stage_dp/general_alu_i/boothmul_pipelined_i/MUXi_3/Y_reg[4]  ( metal1 )
Bounds : ( 5.130, 160.355 ) ( 379.050, 160.525 )


SHORT: ( Metal Short ) Special Wire of Net gnd & Pin of Cell datapath_i/execute_stage_dp/general_alu_i/boothmul_pipelined_i/MUXi_6/Y_reg[15]  ( metal1 )
Bounds : ( 5.130, 171.555 ) ( 379.050, 171.725 )


SHORT: ( Metal Short ) Special Wire of Net vdd & Pin of Cell datapath_i/execute_stage_dp/general_alu_i/boothmul_pipelined_i/ADDi_6/add_1_root_add_21_2/U1_14  ( metal1 )
Bounds : ( 5.130, 172.955 ) ( 379.050, 173.125 )


SHORT: ( Metal Short ) Special Wire of Net vdd & Pin of Cell datapath_i/execute_stage_dp/general_alu_i/boothmul_pipelined_i/ADDi_3/add_1_root_add_21_2/U1_4  ( metal1 )
Bounds : ( 5.130, 164.555 ) ( 379.050, 164.725 )


SHORT: ( Metal Short ) Special Wire of Net gnd & Pin of Cell datapath_i/execute_stage_dp/general_alu_i/boothmul_pipelined_i/MUXi_6/Y_reg[13]  ( metal1 )
Bounds : ( 5.130, 165.955 ) ( 234.840, 166.125 )


SHORT: ( Metal Short ) Special Wire of Net vdd & Pin of Cell datapath_i/execute_stage_dp/general_alu_i/boothmul_pipelined_i/ADDi_5/add_1_root_add_21_2/U1_10  ( metal1 )
Bounds : ( 5.130, 153.355 ) ( 379.050, 153.525 )


SHORT: ( Metal Short ) Special Wire of Net vdd & Pin of Cell datapath_i/execute_stage_dp/general_alu_i/boothmul_pipelined_i/ADDi_4/add_1_root_add_21_2/U1_0  ( metal1 )
Bounds : ( 5.130, 156.155 ) ( 379.050, 156.325 )


SHORT: ( Metal Short ) Special Wire of Net gnd & Pin of Cell datapath_i/execute_stage_dp/general_alu_i/boothmul_pipelined_i/pip_del_reg_muxi_6/D_I_31/Q_reg  ( metal1 )
Bounds : ( 5.130, 157.555 ) ( 379.050, 157.725 )


SHORT: ( Metal Short ) Special Wire of Net gnd & Pin of Cell datapath_i/execute_stage_dp/general_alu_i/boothmul_pipelined_i/pip_del_reg_muxi_3/D_I_72/Q_reg  ( metal1 )
Bounds : ( 5.130, 185.555 ) ( 379.050, 185.725 )


SHORT: ( Metal Short ) Special Wire of Net vdd & Pin of Cell datapath_i/execute_stage_dp/general_alu_i/boothmul_pipelined_i/pip_del_reg_muxi_2/D_I_212/Q_reg  ( metal1 )
Bounds : ( 5.130, 186.955 ) ( 235.600, 187.125 )


SHORT: ( Metal Short ) Special Wire of Net gnd & Pin of Cell datapath_i/execute_stage_dp/general_alu_i/boothmul_pipelined_i/MUXi_7/Y_reg[18]  ( metal1 )
Bounds : ( 5.130, 163.155 ) ( 379.050, 163.325 )


SHORT: ( Metal Short ) Special Wire of Net gnd & Pin of Cell datapath_i/execute_stage_dp/general_alu_i/boothmul_pipelined_i/pip_del_reg_muxi_3/D_I_95/Q_reg  ( metal1 )
Bounds : ( 5.130, 177.155 ) ( 379.050, 177.325 )


SHORT: ( Metal Short ) Special Wire of Net vdd & Pin of Cell FE_OFC586_RST  ( metal1 )
Bounds : ( 5.130, 178.555 ) ( 379.050, 178.725 )


SHORT: ( Metal Short ) Special Wire of Net gnd & Pin of Cell datapath_i/execute_stage_dp/general_alu_i/boothmul_pipelined_i/MUXi_4/Y_reg[1]  ( metal1 )
Bounds : ( 5.130, 154.755 ) ( 379.050, 154.925 )


SHORT: ( Metal Short ) Special Wire of Net vdd & Pin of Cell datapath_i/execute_stage_dp/general_alu_i/boothmul_pipelined_i/ADDi_4/add_1_root_add_21_2/U1_8  ( metal1 )
Bounds : ( 5.130, 170.155 ) ( 379.050, 170.325 )


SHORT: ( Metal Short ) Special Wire of Net gnd & Pin of Cell datapath_i/execute_stage_dp/general_alu_i/boothmul_pipelined_i/MUXi_4/Y_reg[10]  ( metal1 )
Bounds : ( 5.130, 188.355 ) ( 379.050, 188.525 )


SHORT: ( Metal Short ) Special Wire of Net vdd & Pin of Cell datapath_i/execute_stage_dp/general_alu_i/boothmul_pipelined_i/ADDi_4/add_1_root_add_21_2/U1_10  ( metal1 )
Bounds : ( 5.130, 189.755 ) ( 379.050, 189.925 )


SHORT: ( Metal Short ) Special Wire of Net gnd & Pin of Cell datapath_i/execute_stage_dp/general_alu_i/boothmul_pipelined_i/MUXi_5/Y_reg[13]  ( metal1 )
Bounds : ( 5.130, 182.755 ) ( 379.050, 182.925 )


SHORT: ( Metal Short ) Special Wire of Net vdd & Pin of Cell FE_OFC590_RST  ( metal1 )
Bounds : ( 5.130, 184.155 ) ( 379.050, 184.325 )


SHORT: ( Metal Short ) Special Wire of Net gnd & Pin of Cell datapath_i/execute_stage_dp/general_alu_i/boothmul_pipelined_i/MUXi_3/Y_reg[1]  ( metal1 )
Bounds : ( 5.130, 168.755 ) ( 379.050, 168.925 )


SHORT: ( Metal Short ) Special Wire of Net vdd & Pin of Cell datapath_i/execute_stage_dp/general_alu_i/boothmul_pipelined_i/MUXi_3/Y_reg[0]  ( metal1 )
Bounds : ( 5.130, 175.755 ) ( 379.050, 175.925 )


SHORT: ( Metal Short ) Special Wire of Net vdd & Pin of Cell datapath_i/execute_stage_dp/general_alu_i/boothmul_pipelined_i/ADDi_3/add_1_root_add_21_2/U1_1  ( metal1 )
Bounds : ( 5.130, 167.355 ) ( 234.840, 167.525 )


SHORT: ( Metal Short ) Special Wire of Net vdd & Pin of Cell datapath_i/execute_stage_dp/general_alu_i/boothmul_pipelined_i/MUXi_3/Y_reg[2]  ( metal1 )
Bounds : ( 5.130, 161.755 ) ( 379.050, 161.925 )


SHORT: ( Metal Short ) Special Wire of Net gnd & Pin of Cell datapath_i/execute_stage_dp/general_alu_i/boothmul_pipelined_i/MUXi_3/U4  ( metal1 )
Bounds : ( 5.130, 179.955 ) ( 234.460, 180.125 )


SHORT: ( Metal Short ) Special Wire of Net gnd & Pin of Cell datapath_i/execute_stage_dp/general_alu_i/boothmul_pipelined_i/MUXi_3/Y_reg[6]  ( metal1 )
Bounds : ( 5.130, 174.355 ) ( 379.050, 174.525 )


SHORT: ( Metal Short ) Special Wire of Net vdd & Pin of Cell datapath_i/execute_stage_dp/general_alu_i/boothmul_pipelined_i/MUXi_3/U3  ( metal1 )
Bounds : ( 5.130, 181.355 ) ( 379.050, 181.525 )


SHORT: ( Metal Short ) Special Wire of Net vdd & Pin of Cell FILLER_3122  ( metal1 )
Bounds : ( 5.130, 74.955 ) ( 379.050, 75.125 )


SHORT: ( Metal Short ) Special Wire of Net gnd & Pin of Cell FILLER_3122  ( metal1 )
Bounds : ( 5.130, 73.555 ) ( 379.050, 73.725 )


SHORT: ( Metal Short ) Special Wire of Net gnd & Pin of Cell FILLER_3265  ( metal1 )
Bounds : ( 5.130, 76.355 ) ( 379.050, 76.525 )


SHORT: ( Metal Short ) Special Wire of Net gnd & Pin of Cell FILLER_2921  ( metal1 )
Bounds : ( 5.130, 70.755 ) ( 379.050, 70.925 )


SHORT: ( Metal Short ) Special Wire of Net vdd & Pin of Cell FILLER_2921  ( metal1 )
Bounds : ( 5.130, 69.355 ) ( 379.050, 69.525 )


SHORT: ( Metal Short ) Special Wire of Net gnd & Pin of Cell FILLER_1964  ( metal1 )
Bounds : ( 5.130, 48.355 ) ( 379.050, 48.525 )


SHORT: ( Metal Short ) Special Wire of Net vdd & Pin of Cell FILLER_2029  ( metal1 )
Bounds : ( 5.130, 49.755 ) ( 379.050, 49.925 )


SHORT: ( Metal Short ) Special Wire of Net gnd & Pin of Cell FILLER_2029  ( metal1 )
Bounds : ( 5.130, 51.155 ) ( 379.050, 51.325 )


SHORT: ( Metal Short ) Special Wire of Net vdd & Pin of Cell FILLER_2153  ( metal1 )
Bounds : ( 5.130, 52.555 ) ( 379.050, 52.725 )


SHORT: ( Metal Short ) Special Wire of Net gnd & Pin of Cell FILLER_2215  ( metal1 )
Bounds : ( 5.130, 53.955 ) ( 379.050, 54.125 )


SHORT: ( Metal Short ) Special Wire of Net vdd & Pin of Cell FILLER_2277  ( metal1 )
Bounds : ( 5.130, 55.355 ) ( 379.050, 55.525 )


SHORT: ( Metal Short ) Special Wire of Net gnd & Pin of Cell FILLER_2339  ( metal1 )
Bounds : ( 5.130, 56.755 ) ( 379.050, 56.925 )


SHORT: ( Metal Short ) Special Wire of Net vdd & Pin of Cell FILLER_2339  ( metal1 )
Bounds : ( 5.130, 58.155 ) ( 379.050, 58.325 )


SHORT: ( Metal Short ) Special Wire of Net gnd & Pin of Cell FILLER_2463  ( metal1 )
Bounds : ( 5.130, 59.555 ) ( 379.050, 59.725 )


SHORT: ( Metal Short ) Special Wire of Net vdd & Pin of Cell FILLER_2525  ( metal1 )
Bounds : ( 5.130, 60.955 ) ( 379.050, 61.125 )


SHORT: ( Metal Short ) Special Wire of Net gnd & Pin of Cell FILLER_2593  ( metal1 )
Bounds : ( 5.130, 62.355 ) ( 379.050, 62.525 )


SHORT: ( Metal Short ) Special Wire of Net vdd & Pin of Cell FILLER_2655  ( metal1 )
Bounds : ( 5.130, 63.755 ) ( 379.050, 63.925 )


SHORT: ( Metal Short ) Special Wire of Net gnd & Pin of Cell FILLER_2655  ( metal1 )
Bounds : ( 5.130, 65.155 ) ( 379.050, 65.325 )


SHORT: ( Metal Short ) Special Wire of Net vdd & Pin of Cell FILLER_2792  ( metal1 )
Bounds : ( 5.130, 66.555 ) ( 379.050, 66.725 )


SHORT: ( Metal Short ) Special Wire of Net gnd & Pin of Cell FILLER_2792  ( metal1 )
Bounds : ( 5.130, 67.955 ) ( 379.050, 68.125 )


SHORT: ( Metal Short ) Special Wire of Net vdd & Pin of Cell FILLER_3054  ( metal1 )
Bounds : ( 5.130, 72.155 ) ( 379.050, 72.325 )


SHORT: ( Metal Short ) Special Wire of Net gnd & Pin of Cell FILLER_1840  ( metal1 )
Bounds : ( 5.130, 45.555 ) ( 379.050, 45.725 )


SHORT: ( Metal Short ) Special Wire of Net vdd & Pin of Cell FILLER_1716  ( metal1 )
Bounds : ( 5.130, 44.155 ) ( 379.050, 44.325 )


SHORT: ( Metal Short ) Special Wire of Net vdd & Pin of Cell FILLER_1654  ( metal1 )
Bounds : ( 5.130, 41.355 ) ( 379.050, 41.525 )


SHORT: ( Metal Short ) Special Wire of Net gnd & Pin of Cell FILLER_1592  ( metal1 )
Bounds : ( 5.130, 39.955 ) ( 379.050, 40.125 )


SHORT: ( Metal Short ) Special Wire of Net vdd & Pin of Cell FILLER_904  ( metal1 )
Bounds : ( 5.130, 24.555 ) ( 379.050, 24.725 )


SHORT: ( Metal Short ) Special Wire of Net gnd & Pin of Cell FILLER_969  ( metal1 )
Bounds : ( 5.130, 25.955 ) ( 379.050, 26.125 )


SHORT: ( Metal Short ) Special Wire of Net vdd & Pin of Cell FILLER_1031  ( metal1 )
Bounds : ( 5.130, 27.355 ) ( 379.050, 27.525 )


SHORT: ( Metal Short ) Special Wire of Net gnd & Pin of Cell FILLER_1031  ( metal1 )
Bounds : ( 5.130, 28.755 ) ( 379.050, 28.925 )


SHORT: ( Metal Short ) Special Wire of Net vdd & Pin of Cell FILLER_1155  ( metal1 )
Bounds : ( 5.130, 30.155 ) ( 379.050, 30.325 )


SHORT: ( Metal Short ) Special Wire of Net gnd & Pin of Cell FILLER_1217  ( metal1 )
Bounds : ( 5.130, 31.555 ) ( 379.050, 31.725 )


SHORT: ( Metal Short ) Special Wire of Net vdd & Pin of Cell FILLER_1279  ( metal1 )
Bounds : ( 5.130, 32.955 ) ( 379.050, 33.125 )


SHORT: ( Metal Short ) Special Wire of Net gnd & Pin of Cell FILLER_1341  ( metal1 )
Bounds : ( 5.130, 34.355 ) ( 379.050, 34.525 )


SHORT: ( Metal Short ) Special Wire of Net vdd & Pin of Cell FILLER_1341  ( metal1 )
Bounds : ( 5.130, 35.755 ) ( 379.050, 35.925 )


SHORT: ( Metal Short ) Special Wire of Net gnd & Pin of Cell FILLER_1468  ( metal1 )
Bounds : ( 5.130, 37.155 ) ( 379.050, 37.325 )


SHORT: ( Metal Short ) Special Wire of Net vdd & Pin of Cell FILLER_1530  ( metal1 )
Bounds : ( 5.130, 38.555 ) ( 379.050, 38.725 )


SHORT: ( Metal Short ) Special Wire of Net gnd & Pin of Cell FILLER_1716  ( metal1 )
Bounds : ( 5.130, 42.755 ) ( 379.050, 42.925 )


SHORT: ( Metal Short ) Special Wire of Net vdd & Pin of Cell FILLER_1902  ( metal1 )
Bounds : ( 5.130, 46.955 ) ( 379.050, 47.125 )


SHORT: ( Metal Short ) Special Wire of Net vdd & Pin of Cell FILLER_25  ( metal1 )
Bounds : ( 5.130, 4.955 ) ( 379.050, 5.125 )


SHORT: ( Metal Short ) Special Wire of Net gnd & Pin of Cell FILLER_91  ( metal1 )
Bounds : ( 5.130, 6.355 ) ( 379.050, 6.525 )


SHORT: ( Metal Short ) Special Wire of Net vdd & Pin of Cell FILLER_157  ( metal1 )
Bounds : ( 5.130, 7.755 ) ( 379.050, 7.925 )


SHORT: ( Metal Short ) Special Wire of Net gnd & Pin of Cell FILLER_219  ( metal1 )
Bounds : ( 5.130, 9.155 ) ( 379.050, 9.325 )


SHORT: ( Metal Short ) Special Wire of Net vdd & Pin of Cell FILLER_281  ( metal1 )
Bounds : ( 5.130, 10.555 ) ( 379.050, 10.725 )


SHORT: ( Metal Short ) Special Wire of Net gnd & Pin of Cell FILLER_343  ( metal1 )
Bounds : ( 5.130, 11.955 ) ( 379.050, 12.125 )


SHORT: ( Metal Short ) Special Wire of Net vdd & Pin of Cell FILLER_408  ( metal1 )
Bounds : ( 5.130, 13.355 ) ( 379.050, 13.525 )


SHORT: ( Metal Short ) Special Wire of Net gnd & Pin of Cell FILLER_408  ( metal1 )
Bounds : ( 5.130, 14.755 ) ( 379.050, 14.925 )


SHORT: ( Metal Short ) Special Wire of Net vdd & Pin of Cell FILLER_532  ( metal1 )
Bounds : ( 5.130, 16.155 ) ( 379.050, 16.325 )


SHORT: ( Metal Short ) Special Wire of Net gnd & Pin of Cell FILLER_594  ( metal1 )
Bounds : ( 5.130, 17.555 ) ( 379.050, 17.725 )


SHORT: ( Metal Short ) Special Wire of Net vdd & Pin of Cell FILLER_656  ( metal1 )
Bounds : ( 5.130, 18.955 ) ( 379.050, 19.125 )


SHORT: ( Metal Short ) Special Wire of Net gnd & Pin of Cell FILLER_718  ( metal1 )
Bounds : ( 5.130, 20.355 ) ( 379.050, 20.525 )


SHORT: ( Metal Short ) Special Wire of Net vdd & Pin of Cell FILLER_718  ( metal1 )
Bounds : ( 5.130, 21.755 ) ( 379.050, 21.925 )


SHORT: ( Metal Short ) Special Wire of Net gnd & Pin of Cell FILLER_842  ( metal1 )
Bounds : ( 5.130, 23.155 ) ( 379.050, 23.325 )


SHORT: ( Metal Short ) Special Wire of Net gnd & Pin of Cell datapath_i/execute_stage_dp/general_alu_i/U467  ( metal1 )
Bounds : ( 309.320, 191.155 ) ( 379.050, 191.325 )


SHORT: ( Metal Short ) Special Wire of Net gnd & Pin of Cell datapath_i/execute_stage_dp/general_alu_i/boothmul_pipelined_i/MUXi_4/Y_reg[12]  ( metal1 )
Bounds : ( 5.130, 191.155 ) ( 235.220, 191.325 )


  Total Violations : 332 Viols.
