###############################################################
#  Generated by:      Cadence Innovus 17.11-s080_1
#  OS:                Linux x86_64(Host ID localhost.localdomain)
#  Generated on:      Tue Sep  1 00:05:56 2020
#  Design:            DLX_IR_SIZE32_PC_SIZE32
#  Command:           verify_drc
###############################################################
#set_verify_drc_mode -check_implant true -check_implant_across_rows false -check_ndr_spacing false -check_same_via_cell false -disable_rules "" -exclude_pg_net false -ignore_trial_route false -limit 1000 -report DLX_IR_SIZE32_PC_SIZE32_nopt.drc.rpt

SHORT: ( Metal Short ) Special Wire of Net vdd & Pin of Cell datapath_i/decode_stage_dp/reg_file/REGISTERS_reg[10][1]  ( metal1 )
Bounds : ( 5.130, 217.755 ) ( 230.090, 217.925 )


SHORT: ( Metal Short ) Special Wire of Net gnd & Pin of Cell datapath_i/decode_stage_dp/reg_file/REGISTERS_reg[14][1]  ( metal1 )
Bounds : ( 5.130, 216.355 ) ( 230.090, 216.525 )


SHORT: ( Metal Short ) Special Wire of Net vdd & Pin of Cell datapath_i/decode_stage_dp/reg_file/REGISTERS_reg[6][1]  ( metal1 )
Bounds : ( 5.130, 214.955 ) ( 230.090, 215.125 )


SHORT: ( Metal Short ) Special Wire of Net gnd & Pin of Cell datapath_i/execute_stage_dp/general_alu_i/boothmul_pipelined_i/pip_del_reg_muxi_5/D_I_134/Q_reg  ( metal1 )
Bounds : ( 5.130, 213.555 ) ( 230.090, 213.725 )


SHORT: ( Metal Short ) Special Wire of Net vdd & Pin of Cell datapath_i/decode_stage_dp/reg_file/REGISTERS_reg[4][1]  ( metal1 )
Bounds : ( 5.130, 212.155 ) ( 230.090, 212.325 )


SHORT: ( Metal Short ) Special Wire of Net gnd & Pin of Cell datapath_i/decode_stage_dp/reg_file/REGISTERS_reg[15][1]  ( metal1 )
Bounds : ( 5.130, 210.755 ) ( 230.090, 210.925 )


SHORT: ( Metal Short ) Special Wire of Net vdd & Pin of Cell datapath_i/execute_stage_dp/general_alu_i/boothmul_pipelined_i/FE_OFC134_RST  ( metal1 )
Bounds : ( 5.130, 209.355 ) ( 230.090, 209.525 )


SHORT: ( Metal Short ) Special Wire of Net gnd & Pin of Cell datapath_i/decode_stage_dp/reg_file/REGISTERS_reg[5][1]  ( metal1 )
Bounds : ( 5.130, 207.955 ) ( 230.090, 208.125 )


SHORT: ( Metal Short ) Special Wire of Net vdd & Pin of Cell datapath_i/decode_stage_dp/reg_file/REGISTERS_reg[13][3]  ( metal1 )
Bounds : ( 5.130, 206.555 ) ( 230.090, 206.725 )


SHORT: ( Metal Short ) Special Wire of Net gnd & Pin of Cell datapath_i/decode_stage_dp/reg_file/REGISTERS_reg[9][1]  ( metal1 )
Bounds : ( 5.130, 205.155 ) ( 230.090, 205.325 )


SHORT: ( Metal Short ) Special Wire of Net gnd & Pin of Cell datapath_i/decode_stage_dp/reg_file/REGISTERS_reg[12][1]  ( metal1 )
Bounds : ( 5.130, 219.155 ) ( 230.090, 219.325 )


SHORT: ( Metal Short ) Special Wire of Net vdd & Pin of Cell datapath_i/decode_stage_dp/reg_file/REGISTERS_reg[2][1]  ( metal1 )
Bounds : ( 5.130, 220.555 ) ( 230.090, 220.725 )


SHORT: ( Metal Short ) Special Wire of Net gnd & Pin of Cell datapath_i/decode_stage_dp/reg_file/REGISTERS_reg[2][0]  ( metal1 )
Bounds : ( 5.130, 221.955 ) ( 230.090, 222.125 )


SHORT: ( Metal Short ) Special Wire of Net vdd & Pin of Cell datapath_i/execute_stage_dp/general_alu_i/boothmul_pipelined_i/pip_del_reg_muxi_2/D_I_127/Q_reg  ( metal1 )
Bounds : ( 5.130, 223.355 ) ( 230.090, 223.525 )


SHORT: ( Metal Short ) Special Wire of Net gnd & Pin of Cell datapath_i/execute_stage_dp/general_alu_i/boothmul_pipelined_i/pip_del_reg_muxi_5/D_I_89/Q_reg  ( metal1 )
Bounds : ( 5.130, 224.755 ) ( 230.090, 224.925 )


SHORT: ( Metal Short ) Special Wire of Net vdd & Pin of Cell datapath_i/execute_stage_dp/general_alu_i/boothmul_pipelined_i/pip_del_reg_muxi_3/D_I_16/Q_reg  ( metal1 )
Bounds : ( 5.130, 226.155 ) ( 230.090, 226.325 )


SHORT: ( Metal Short ) Special Wire of Net gnd & Pin of Cell datapath_i/execute_stage_dp/general_alu_i/boothmul_pipelined_i/pip_del_reg_muxi_2/D_I_230/Q_reg  ( metal1 )
Bounds : ( 5.130, 227.555 ) ( 230.090, 227.725 )


SHORT: ( Metal Short ) Special Wire of Net vdd & Pin of Cell datapath_i/decode_stage_dp/reg_file/REGISTERS_reg[13][1]  ( metal1 )
Bounds : ( 5.130, 203.755 ) ( 230.090, 203.925 )


SHORT: ( Metal Short ) Special Wire of Net gnd & Pin of Cell datapath_i/decode_stage_dp/reg_file/REGISTERS_reg[1][1]  ( metal1 )
Bounds : ( 5.130, 202.355 ) ( 230.090, 202.525 )


SHORT: ( Metal Short ) Special Wire of Net vdd & Pin of Cell datapath_i/decode_stage_dp/reg_file/REGISTERS_reg[3][1]  ( metal1 )
Bounds : ( 5.130, 200.955 ) ( 230.090, 201.125 )


SHORT: ( Metal Short ) Special Wire of Net vdd & Pin of Cell datapath_i/decode_stage_dp/reg_file/REGISTERS_reg[8][5]  ( metal1 )
Bounds : ( 5.130, 198.155 ) ( 230.090, 198.325 )


SHORT: ( Metal Short ) Special Wire of Net vdd & Pin of Cell datapath_i/decode_stage_dp/reg_file/REGISTERS_reg[3][7]  ( metal1 )
Bounds : ( 5.130, 175.755 ) ( 230.090, 175.925 )


SHORT: ( Metal Short ) Special Wire of Net gnd & Pin of Cell datapath_i/decode_stage_dp/reg_file/REGISTERS_reg[7][7]  ( metal1 )
Bounds : ( 5.130, 177.155 ) ( 230.090, 177.325 )


SHORT: ( Metal Short ) Special Wire of Net vdd & Pin of Cell datapath_i/decode_stage_dp/reg_file/REGISTERS_reg[1][7]  ( metal1 )
Bounds : ( 5.130, 178.555 ) ( 230.090, 178.725 )


SHORT: ( Metal Short ) Special Wire of Net gnd & Pin of Cell datapath_i/decode_stage_dp/reg_file/REGISTERS_reg[3][6]  ( metal1 )
Bounds : ( 5.130, 179.955 ) ( 230.090, 180.125 )


SHORT: ( Metal Short ) Special Wire of Net vdd & Pin of Cell datapath_i/decode_stage_dp/reg_file/REGISTERS_reg[1][6]  ( metal1 )
Bounds : ( 5.130, 181.355 ) ( 230.090, 181.525 )


SHORT: ( Metal Short ) Special Wire of Net gnd & Pin of Cell datapath_i/decode_stage_dp/reg_file/REGISTERS_reg[6][6]  ( metal1 )
Bounds : ( 5.130, 182.755 ) ( 230.090, 182.925 )


SHORT: ( Metal Short ) Special Wire of Net vdd & Pin of Cell datapath_i/decode_stage_dp/reg_file/REGISTERS_reg[15][7]  ( metal1 )
Bounds : ( 5.130, 184.155 ) ( 230.090, 184.325 )


SHORT: ( Metal Short ) Special Wire of Net gnd & Pin of Cell datapath_i/decode_stage_dp/reg_file/REGISTERS_reg[7][6]  ( metal1 )
Bounds : ( 5.130, 185.555 ) ( 230.090, 185.725 )


SHORT: ( Metal Short ) Special Wire of Net vdd & Pin of Cell datapath_i/decode_stage_dp/reg_file/REGISTERS_reg[11][7]  ( metal1 )
Bounds : ( 5.130, 186.955 ) ( 230.090, 187.125 )


SHORT: ( Metal Short ) Special Wire of Net gnd & Pin of Cell datapath_i/decode_stage_dp/reg_file/REGISTERS_reg[16][5]  ( metal1 )
Bounds : ( 5.130, 188.355 ) ( 230.090, 188.525 )


SHORT: ( Metal Short ) Special Wire of Net vdd & Pin of Cell datapath_i/decode_stage_dp/reg_file/REGISTERS_reg[9][6]  ( metal1 )
Bounds : ( 5.130, 189.755 ) ( 230.090, 189.925 )


SHORT: ( Metal Short ) Special Wire of Net gnd & Pin of Cell datapath_i/decode_stage_dp/reg_file/REGISTERS_reg[11][6]  ( metal1 )
Bounds : ( 5.130, 191.155 ) ( 230.090, 191.325 )


SHORT: ( Metal Short ) Special Wire of Net vdd & Pin of Cell datapath_i/decode_stage_dp/reg_file/REGISTERS_reg[3][5]  ( metal1 )
Bounds : ( 5.130, 192.555 ) ( 230.090, 192.725 )


SHORT: ( Metal Short ) Special Wire of Net gnd & Pin of Cell datapath_i/decode_stage_dp/reg_file/REGISTERS_reg[18][5]  ( metal1 )
Bounds : ( 5.130, 193.955 ) ( 230.090, 194.125 )


SHORT: ( Metal Short ) Special Wire of Net vdd & Pin of Cell datapath_i/decode_stage_dp/reg_file/REGISTERS_reg[1][5]  ( metal1 )
Bounds : ( 5.130, 195.355 ) ( 230.090, 195.525 )


SHORT: ( Metal Short ) Special Wire of Net gnd & Pin of Cell datapath_i/decode_stage_dp/reg_file/REGISTERS_reg[9][5]  ( metal1 )
Bounds : ( 5.130, 196.755 ) ( 230.090, 196.925 )


SHORT: ( Metal Short ) Special Wire of Net gnd & Pin of Cell datapath_i/decode_stage_dp/reg_file/REGISTERS_reg[11][5]  ( metal1 )
Bounds : ( 5.130, 199.555 ) ( 230.090, 199.725 )


SHORT: ( Metal Short ) Special Wire of Net vdd & Pin of Cell datapath_i/decode_stage_dp/reg_file/REGISTERS_reg[6][10]  ( metal1 )
Bounds : ( 5.130, 156.155 ) ( 230.090, 156.325 )


SHORT: ( Metal Short ) Special Wire of Net gnd & Pin of Cell datapath_i/decode_stage_dp/reg_file/REGISTERS_reg[1][10]  ( metal1 )
Bounds : ( 5.130, 157.555 ) ( 230.090, 157.725 )


SHORT: ( Metal Short ) Special Wire of Net vdd & Pin of Cell datapath_i/decode_stage_dp/reg_file/REGISTERS_reg[3][10]  ( metal1 )
Bounds : ( 5.130, 158.955 ) ( 230.090, 159.125 )


SHORT: ( Metal Short ) Special Wire of Net gnd & Pin of Cell datapath_i/decode_stage_dp/reg_file/REGISTERS_reg[13][9]  ( metal1 )
Bounds : ( 5.130, 160.355 ) ( 230.090, 160.525 )


SHORT: ( Metal Short ) Special Wire of Net vdd & Pin of Cell datapath_i/decode_stage_dp/reg_file/REGISTERS_reg[11][9]  ( metal1 )
Bounds : ( 5.130, 161.755 ) ( 230.090, 161.925 )


SHORT: ( Metal Short ) Special Wire of Net gnd & Pin of Cell datapath_i/decode_stage_dp/reg_file/REGISTERS_reg[4][9]  ( metal1 )
Bounds : ( 5.130, 163.155 ) ( 230.090, 163.325 )


SHORT: ( Metal Short ) Special Wire of Net vdd & Pin of Cell datapath_i/decode_stage_dp/reg_file/REGISTERS_reg[6][9]  ( metal1 )
Bounds : ( 5.130, 164.555 ) ( 230.090, 164.725 )


SHORT: ( Metal Short ) Special Wire of Net gnd & Pin of Cell datapath_i/decode_stage_dp/reg_file/REGISTERS_reg[1][9]  ( metal1 )
Bounds : ( 5.130, 165.955 ) ( 230.090, 166.125 )


SHORT: ( Metal Short ) Special Wire of Net vdd & Pin of Cell datapath_i/decode_stage_dp/reg_file/REGISTERS_reg[5][9]  ( metal1 )
Bounds : ( 5.130, 167.355 ) ( 230.090, 167.525 )


SHORT: ( Metal Short ) Special Wire of Net gnd & Pin of Cell datapath_i/decode_stage_dp/reg_file/REGISTERS_reg[1][8]  ( metal1 )
Bounds : ( 5.130, 168.755 ) ( 230.090, 168.925 )


SHORT: ( Metal Short ) Special Wire of Net vdd & Pin of Cell datapath_i/decode_stage_dp/reg_file/REGISTERS_reg[3][8]  ( metal1 )
Bounds : ( 5.130, 170.155 ) ( 230.090, 170.325 )


SHORT: ( Metal Short ) Special Wire of Net gnd & Pin of Cell datapath_i/decode_stage_dp/reg_file/REGISTERS_reg[6][8]  ( metal1 )
Bounds : ( 5.130, 171.555 ) ( 230.090, 171.725 )


SHORT: ( Metal Short ) Special Wire of Net vdd & Pin of Cell datapath_i/decode_stage_dp/reg_file/REGISTERS_reg[11][8]  ( metal1 )
Bounds : ( 5.130, 172.955 ) ( 230.090, 173.125 )


SHORT: ( Metal Short ) Special Wire of Net gnd & Pin of Cell datapath_i/decode_stage_dp/reg_file/REGISTERS_reg[9][8]  ( metal1 )
Bounds : ( 5.130, 174.355 ) ( 230.090, 174.525 )


SHORT: ( Metal Short ) Special Wire of Net gnd & Pin of Cell datapath_i/decode_stage_dp/reg_file/REGISTERS_reg[4][11]  ( metal1 )
Bounds : ( 5.130, 146.355 ) ( 230.090, 146.525 )


SHORT: ( Metal Short ) Special Wire of Net vdd & Pin of Cell datapath_i/execute_stage_dp/general_alu_i/boothmul_pipelined_i/FE_OFC124_RST  ( metal1 )
Bounds : ( 5.130, 147.755 ) ( 230.090, 147.925 )


SHORT: ( Metal Short ) Special Wire of Net gnd & Pin of Cell datapath_i/decode_stage_dp/reg_file/REGISTERS_reg[9][11]  ( metal1 )
Bounds : ( 5.130, 149.155 ) ( 230.090, 149.325 )


SHORT: ( Metal Short ) Special Wire of Net vdd & Pin of Cell datapath_i/decode_stage_dp/reg_file/REGISTERS_reg[23][11]  ( metal1 )
Bounds : ( 5.130, 150.555 ) ( 230.090, 150.725 )


SHORT: ( Metal Short ) Special Wire of Net gnd & Pin of Cell datapath_i/decode_stage_dp/reg_file/REGISTERS_reg[11][11]  ( metal1 )
Bounds : ( 5.130, 151.955 ) ( 230.090, 152.125 )


SHORT: ( Metal Short ) Special Wire of Net vdd & Pin of Cell datapath_i/decode_stage_dp/reg_file/REGISTERS_reg[11][10]  ( metal1 )
Bounds : ( 5.130, 153.355 ) ( 230.090, 153.525 )


SHORT: ( Metal Short ) Special Wire of Net gnd & Pin of Cell datapath_i/decode_stage_dp/reg_file/REGISTERS_reg[13][10]  ( metal1 )
Bounds : ( 5.130, 154.755 ) ( 230.090, 154.925 )


SHORT: ( Metal Short ) Special Wire of Net vdd & Pin of Cell datapath_i/decode_stage_dp/reg_file/REGISTERS_reg[1][12]  ( metal1 )
Bounds : ( 5.130, 139.355 ) ( 230.090, 139.525 )


SHORT: ( Metal Short ) Special Wire of Net gnd & Pin of Cell datapath_i/decode_stage_dp/reg_file/REGISTERS_reg[6][12]  ( metal1 )
Bounds : ( 5.130, 137.955 ) ( 230.090, 138.125 )


SHORT: ( Metal Short ) Special Wire of Net vdd & Pin of Cell datapath_i/decode_stage_dp/reg_file/REGISTERS_reg[3][13]  ( metal1 )
Bounds : ( 5.130, 136.555 ) ( 230.090, 136.725 )


SHORT: ( Metal Short ) Special Wire of Net gnd & Pin of Cell datapath_i/decode_stage_dp/reg_file/REGISTERS_reg[1][13]  ( metal1 )
Bounds : ( 5.130, 135.155 ) ( 230.090, 135.325 )


SHORT: ( Metal Short ) Special Wire of Net vdd & Pin of Cell datapath_i/execute_stage_dp/general_alu_i/boothmul_pipelined_i/FE_OFC121_RST  ( metal1 )
Bounds : ( 5.130, 133.755 ) ( 230.090, 133.925 )


SHORT: ( Metal Short ) Special Wire of Net gnd & Pin of Cell datapath_i/decode_stage_dp/reg_file/REGISTERS_reg[11][13]  ( metal1 )
Bounds : ( 5.130, 132.355 ) ( 230.090, 132.525 )


SHORT: ( Metal Short ) Special Wire of Net vdd & Pin of Cell datapath_i/decode_stage_dp/reg_file/REGISTERS_reg[9][13]  ( metal1 )
Bounds : ( 5.130, 130.955 ) ( 230.090, 131.125 )


SHORT: ( Metal Short ) Special Wire of Net gnd & Pin of Cell datapath_i/decode_stage_dp/reg_file/REGISTERS_reg[0][14]  ( metal1 )
Bounds : ( 5.130, 129.555 ) ( 230.090, 129.725 )


SHORT: ( Metal Short ) Special Wire of Net vdd & Pin of Cell datapath_i/decode_stage_dp/reg_file/REGISTERS_reg[11][14]  ( metal1 )
Bounds : ( 5.130, 128.155 ) ( 230.090, 128.325 )


SHORT: ( Metal Short ) Special Wire of Net gnd & Pin of Cell datapath_i/decode_stage_dp/reg_file/REGISTERS_reg[15][14]  ( metal1 )
Bounds : ( 5.130, 126.755 ) ( 230.090, 126.925 )


SHORT: ( Metal Short ) Special Wire of Net vdd & Pin of Cell datapath_i/decode_stage_dp/reg_file/REGISTERS_reg[1][14]  ( metal1 )
Bounds : ( 5.130, 125.355 ) ( 230.090, 125.525 )


SHORT: ( Metal Short ) Special Wire of Net gnd & Pin of Cell datapath_i/decode_stage_dp/reg_file/REGISTERS_reg[3][14]  ( metal1 )
Bounds : ( 5.130, 123.955 ) ( 230.090, 124.125 )


SHORT: ( Metal Short ) Special Wire of Net vdd & Pin of Cell datapath_i/decode_stage_dp/reg_file/REGISTERS_reg[4][13]  ( metal1 )
Bounds : ( 5.130, 122.555 ) ( 230.090, 122.725 )


SHORT: ( Metal Short ) Special Wire of Net gnd & Pin of Cell datapath_i/decode_stage_dp/reg_file/REGISTERS_reg[6][14]  ( metal1 )
Bounds : ( 5.130, 121.155 ) ( 230.090, 121.325 )


SHORT: ( Metal Short ) Special Wire of Net vdd & Pin of Cell datapath_i/decode_stage_dp/reg_file/REGISTERS_reg[6][13]  ( metal1 )
Bounds : ( 5.130, 119.755 ) ( 230.090, 119.925 )


SHORT: ( Metal Short ) Special Wire of Net gnd & Pin of Cell datapath_i/decode_stage_dp/reg_file/REGISTERS_reg[12][14]  ( metal1 )
Bounds : ( 5.130, 118.355 ) ( 230.090, 118.525 )


SHORT: ( Metal Short ) Special Wire of Net vdd & Pin of Cell datapath_i/decode_stage_dp/reg_file/REGISTERS_reg[20][14]  ( metal1 )
Bounds : ( 5.130, 116.955 ) ( 230.090, 117.125 )


SHORT: ( Metal Short ) Special Wire of Net gnd & Pin of Cell datapath_i/decode_stage_dp/reg_file/REGISTERS_reg[11][12]  ( metal1 )
Bounds : ( 5.130, 140.755 ) ( 230.090, 140.925 )


SHORT: ( Metal Short ) Special Wire of Net vdd & Pin of Cell datapath_i/execute_stage_dp/general_alu_i/boothmul_pipelined_i/FE_OFC123_RST  ( metal1 )
Bounds : ( 5.130, 142.155 ) ( 230.090, 142.325 )


SHORT: ( Metal Short ) Special Wire of Net gnd & Pin of Cell datapath_i/decode_stage_dp/reg_file/REGISTERS_reg[9][12]  ( metal1 )
Bounds : ( 5.130, 143.555 ) ( 230.090, 143.725 )


SHORT: ( Metal Short ) Special Wire of Net vdd & Pin of Cell datapath_i/decode_stage_dp/reg_file/REGISTERS_reg[5][11]  ( metal1 )
Bounds : ( 5.130, 144.955 ) ( 230.090, 145.125 )


SHORT: ( Metal Short ) Special Wire of Net vdd & Pin of Cell datapath_i/execute_stage_dp/general_alu_i/boothmul_pipelined_i/MUX0_0/U12  ( metal1 )
Bounds : ( 5.130, 100.155 ) ( 230.090, 100.325 )


SHORT: ( Metal Short ) Special Wire of Net gnd & Pin of Cell datapath_i/execute_stage_dp/general_alu_i/boothmul_pipelined_i/MUX0_0/U9  ( metal1 )
Bounds : ( 5.130, 98.755 ) ( 230.090, 98.925 )


SHORT: ( Metal Short ) Special Wire of Net vdd & Pin of Cell datapath_i/execute_stage_dp/general_alu_i/boothmul_pipelined_i/minusA_0/add_0_root_add_22_ni/U1_1_4  ( metal1 )
Bounds : ( 5.130, 97.355 ) ( 230.090, 97.525 )


SHORT: ( Metal Short ) Special Wire of Net gnd & Pin of Cell datapath_i/execute_stage_dp/general_alu_i/boothmul_pipelined_i/MUX0_0/Y_reg[6]  ( metal1 )
Bounds : ( 5.130, 95.955 ) ( 230.090, 96.125 )


SHORT: ( Metal Short ) Special Wire of Net vdd & Pin of Cell datapath_i/execute_stage_dp/general_alu_i/boothmul_pipelined_i/minusA_0/add_0_root_add_22_ni/U1_1_6  ( metal1 )
Bounds : ( 5.130, 94.555 ) ( 230.090, 94.725 )


SHORT: ( Metal Short ) Special Wire of Net gnd & Pin of Cell datapath_i/execute_stage_dp/general_alu_i/boothmul_pipelined_i/MUXi_1/Y_reg[7]  ( metal1 )
Bounds : ( 5.130, 93.155 ) ( 230.090, 93.325 )


SHORT: ( Metal Short ) Special Wire of Net vdd & Pin of Cell datapath_i/execute_stage_dp/general_alu_i/boothmul_pipelined_i/ADDi_2/add_1_root_add_21_2/U1_9  ( metal1 )
Bounds : ( 5.130, 91.755 ) ( 230.090, 91.925 )


SHORT: ( Metal Short ) Special Wire of Net gnd & Pin of Cell datapath_i/execute_stage_dp/general_alu_i/boothmul_pipelined_i/MUXi_4/Y_reg[10]  ( metal1 )
Bounds : ( 5.130, 90.355 ) ( 230.090, 90.525 )


SHORT: ( Metal Short ) Special Wire of Net vdd & Pin of Cell datapath_i/execute_stage_dp/general_alu_i/boothmul_pipelined_i/ADD1_1/add_1_root_add_21_2/U1_8  ( metal1 )
Bounds : ( 5.130, 88.955 ) ( 230.090, 89.125 )


SHORT: ( Metal Short ) Special Wire of Net gnd & Pin of Cell datapath_i/execute_stage_dp/general_alu_i/boothmul_pipelined_i/minusA_0/U2  ( metal1 )
Bounds : ( 5.130, 87.555 ) ( 230.090, 87.725 )


SHORT: ( Metal Short ) Special Wire of Net gnd & Pin of Cell datapath_i/execute_stage_dp/general_alu_i/boothmul_pipelined_i/MUXi_5/Y_reg[15]  ( metal1 )
Bounds : ( 5.130, 101.555 ) ( 230.090, 101.725 )


SHORT: ( Metal Short ) Special Wire of Net vdd & Pin of Cell datapath_i/execute_stage_dp/general_alu_i/boothmul_pipelined_i/MUX0_0/U11  ( metal1 )
Bounds : ( 5.130, 102.955 ) ( 230.090, 103.125 )


SHORT: ( Metal Short ) Special Wire of Net gnd & Pin of Cell datapath_i/execute_stage_dp/general_alu_i/boothmul_pipelined_i/MUXi_5/Y_reg[14]  ( metal1 )
Bounds : ( 5.130, 104.355 ) ( 230.090, 104.525 )


SHORT: ( Metal Short ) Special Wire of Net vdd & Pin of Cell datapath_i/execute_stage_dp/general_alu_i/boothmul_pipelined_i/MUXi_2/U5  ( metal1 )
Bounds : ( 5.130, 105.755 ) ( 230.090, 105.925 )


SHORT: ( Metal Short ) Special Wire of Net gnd & Pin of Cell datapath_i/execute_stage_dp/general_alu_i/boothmul_pipelined_i/ENCi_1/U7  ( metal1 )
Bounds : ( 5.130, 107.155 ) ( 230.090, 107.325 )


SHORT: ( Metal Short ) Special Wire of Net vdd & Pin of Cell datapath_i/execute_stage_dp/general_alu_i/boothmul_pipelined_i/MUXi_5/U13  ( metal1 )
Bounds : ( 5.130, 108.555 ) ( 230.090, 108.725 )


SHORT: ( Metal Short ) Special Wire of Net gnd & Pin of Cell datapath_i/execute_stage_dp/general_alu_i/boothmul_pipelined_i/ENCi_2/U6  ( metal1 )
Bounds : ( 5.130, 109.955 ) ( 230.090, 110.125 )


SHORT: ( Metal Short ) Special Wire of Net vdd & Pin of Cell datapath_i/execute_stage_dp/general_alu_i/boothmul_pipelined_i/MUXi_4/U12  ( metal1 )
Bounds : ( 5.130, 111.355 ) ( 230.090, 111.525 )


SHORT: ( Metal Short ) Special Wire of Net gnd & Pin of Cell datapath_i/execute_stage_dp/general_alu_i/boothmul_pipelined_i/MUXi_3/U6  ( metal1 )
Bounds : ( 5.130, 112.755 ) ( 230.090, 112.925 )


SHORT: ( Metal Short ) Special Wire of Net vdd & Pin of Cell datapath_i/execute_stage_dp/general_alu_i/boothmul_pipelined_i/ENCi_4/U6  ( metal1 )
Bounds : ( 5.130, 114.155 ) ( 230.090, 114.325 )


SHORT: ( Metal Short ) Special Wire of Net gnd & Pin of Cell datapath_i/decode_stage_dp/reg_file/REGISTERS_reg[17][14]  ( metal1 )
Bounds : ( 5.130, 115.555 ) ( 230.090, 115.725 )


SHORT: ( Metal Short ) Special Wire of Net vdd & Pin of Cell datapath_i/execute_stage_dp/general_alu_i/boothmul_pipelined_i/ADD1_1/add_1_root_add_21_2/U1_9  ( metal1 )
Bounds : ( 5.130, 86.155 ) ( 230.090, 86.325 )


SHORT: ( Metal Short ) Special Wire of Net gnd & Pin of Cell datapath_i/execute_stage_dp/general_alu_i/boothmul_pipelined_i/MUXi_1/Y_reg[10]  ( metal1 )
Bounds : ( 5.130, 84.755 ) ( 230.090, 84.925 )


SHORT: ( Metal Short ) Special Wire of Net vdd & Pin of Cell datapath_i/execute_stage_dp/general_alu_i/boothmul_pipelined_i/ADD1_1/add_1_root_add_21_2/U1_10  ( metal1 )
Bounds : ( 5.130, 83.355 ) ( 230.090, 83.525 )


SHORT: ( Metal Short ) Special Wire of Net gnd & Pin of Cell datapath_i/execute_stage_dp/general_alu_i/boothmul_pipelined_i/MUX0_0/Y_reg[4]  ( metal1 )
Bounds : ( 5.130, 81.955 ) ( 230.090, 82.125 )


SHORT: ( Metal Short ) Special Wire of Net vdd & Pin of Cell datapath_i/execute_stage_dp/general_alu_i/boothmul_pipelined_i/MUX0_0/Y_reg[3]  ( metal1 )
Bounds : ( 5.130, 80.555 ) ( 230.090, 80.725 )


SHORT: ( Metal Short ) Special Wire of Net gnd & Pin of Cell datapath_i/execute_stage_dp/general_alu_i/boothmul_pipelined_i/MUXi_1/Y_reg[4]  ( metal1 )
Bounds : ( 5.130, 79.155 ) ( 230.090, 79.325 )


SHORT: ( Metal Short ) Special Wire of Net vdd & Pin of Cell datapath_i/execute_stage_dp/general_alu_i/boothmul_pipelined_i/ADD1_1/add_1_root_add_21_2/U1_4  ( metal1 )
Bounds : ( 5.130, 77.755 ) ( 230.090, 77.925 )


SHORT: ( Metal Short ) Special Wire of Net gnd & Pin of Cell datapath_i/execute_stage_dp/general_alu_i/boothmul_pipelined_i/MUX0_0/Y_reg[11]  ( metal1 )
Bounds : ( 5.130, 76.355 ) ( 230.090, 76.525 )


SHORT: ( Metal Short ) Special Wire of Net vdd & Pin of Cell datapath_i/execute_stage_dp/general_alu_i/boothmul_pipelined_i/MUXi_2/Y_reg[5]  ( metal1 )
Bounds : ( 5.130, 74.955 ) ( 230.090, 75.125 )


SHORT: ( Metal Short ) Special Wire of Net gnd & Pin of Cell datapath_i/execute_stage_dp/general_alu_i/boothmul_pipelined_i/MUXi_1/Y_reg[3]  ( metal1 )
Bounds : ( 5.130, 73.555 ) ( 230.090, 73.725 )


SHORT: ( Metal Short ) Special Wire of Net vdd & Pin of Cell datapath_i/execute_stage_dp/general_alu_i/boothmul_pipelined_i/ADDi_2/add_1_root_add_21_2/U1_5  ( metal1 )
Bounds : ( 5.130, 72.155 ) ( 230.090, 72.325 )


SHORT: ( Metal Short ) Special Wire of Net gnd & Pin of Cell datapath_i/execute_stage_dp/general_alu_i/boothmul_pipelined_i/MUXi_5/Y_reg[10]  ( metal1 )
Bounds : ( 5.130, 70.755 ) ( 230.090, 70.925 )


SHORT: ( Metal Short ) Special Wire of Net vdd & Pin of Cell datapath_i/execute_stage_dp/general_alu_i/boothmul_pipelined_i/ADDi_2/add_1_root_add_21_2/U1_14  ( metal1 )
Bounds : ( 5.130, 69.355 ) ( 230.090, 69.525 )


SHORT: ( Metal Short ) Special Wire of Net gnd & Pin of Cell datapath_i/execute_stage_dp/general_alu_i/boothmul_pipelined_i/MUX0_0/Y_reg[13]  ( metal1 )
Bounds : ( 5.130, 67.955 ) ( 230.090, 68.125 )


SHORT: ( Metal Short ) Special Wire of Net vdd & Pin of Cell datapath_i/execute_stage_dp/general_alu_i/boothmul_pipelined_i/minusA_0/add_0_root_add_22_ni/U1_1_10  ( metal1 )
Bounds : ( 5.130, 66.555 ) ( 230.090, 66.725 )


SHORT: ( Metal Short ) Special Wire of Net gnd & Pin of Cell datapath_i/execute_stage_dp/general_alu_i/boothmul_pipelined_i/MUX0_0/Y_reg[2]  ( metal1 )
Bounds : ( 5.130, 65.155 ) ( 230.090, 65.325 )


SHORT: ( Metal Short ) Special Wire of Net vdd & Pin of Cell FE_OFC114_RST  ( metal1 )
Bounds : ( 5.130, 63.755 ) ( 230.090, 63.925 )


SHORT: ( Metal Short ) Special Wire of Net gnd & Pin of Cell datapath_i/execute_stage_dp/general_alu_i/boothmul_pipelined_i/MUXi_1/Y_reg[2]  ( metal1 )
Bounds : ( 5.130, 62.355 ) ( 230.090, 62.525 )


SHORT: ( Metal Short ) Special Wire of Net vdd & Pin of Cell datapath_i/execute_stage_dp/general_alu_i/boothmul_pipelined_i/ADD1_1/add_1_root_add_21_2/U1_2  ( metal1 )
Bounds : ( 5.130, 60.955 ) ( 230.090, 61.125 )


SHORT: ( Metal Short ) Special Wire of Net gnd & Pin of Cell datapath_i/execute_stage_dp/general_alu_i/boothmul_pipelined_i/MUX0_0/Y_reg[1]  ( metal1 )
Bounds : ( 5.130, 59.555 ) ( 230.090, 59.725 )


SHORT: ( Metal Short ) Special Wire of Net vdd & Pin of Cell datapath_i/execute_stage_dp/general_alu_i/boothmul_pipelined_i/ADD1_1/add_1_root_add_21_2/U1_15  ( metal1 )
Bounds : ( 5.130, 58.155 ) ( 230.090, 58.325 )


SHORT: ( Metal Short ) Special Wire of Net vdd & Pin of Cell FE_OFC120_RST  ( metal1 )
Bounds : ( 5.130, 49.755 ) ( 230.090, 49.925 )


SHORT: ( Metal Short ) Special Wire of Net gnd & Pin of Cell datapath_i/execute_stage_dp/general_alu_i/boothmul_pipelined_i/MUXi_1/Y_reg[18]  ( metal1 )
Bounds : ( 5.130, 48.355 ) ( 230.090, 48.525 )


SHORT: ( Metal Short ) Special Wire of Net gnd & Pin of Cell datapath_i/execute_stage_dp/general_alu_i/boothmul_pipelined_i/MUXi_2/Y_reg[19]  ( metal1 )
Bounds : ( 5.130, 45.555 ) ( 230.090, 45.725 )


SHORT: ( Metal Short ) Special Wire of Net vdd & Pin of Cell datapath_i/execute_stage_dp/general_alu_i/boothmul_pipelined_i/ADDi_2/add_1_root_add_21_2/U1_19  ( metal1 )
Bounds : ( 5.130, 44.155 ) ( 230.090, 44.325 )


SHORT: ( Metal Short ) Special Wire of Net gnd & Pin of Cell datapath_i/execute_stage_dp/general_alu_i/boothmul_pipelined_i/pip_del_reg_add1_1/D_I_0/Q_reg  ( metal1 )
Bounds : ( 5.130, 42.755 ) ( 230.090, 42.925 )


SHORT: ( Metal Short ) Special Wire of Net vdd & Pin of Cell datapath_i/execute_stage_dp/general_alu_i/boothmul_pipelined_i/ADDi_4/add_1_root_add_21_2/U1_23  ( metal1 )
Bounds : ( 5.130, 41.355 ) ( 230.090, 41.525 )


SHORT: ( Metal Short ) Special Wire of Net gnd & Pin of Cell datapath_i/execute_stage_dp/general_alu_i/boothmul_pipelined_i/MUXi_2/Y_reg[3]  ( metal1 )
Bounds : ( 5.130, 39.955 ) ( 230.090, 40.125 )


SHORT: ( Metal Short ) Special Wire of Net vdd & Pin of Cell datapath_i/execute_stage_dp/general_alu_i/boothmul_pipelined_i/ADDi_2/add_1_root_add_21_2/U1_3  ( metal1 )
Bounds : ( 5.130, 38.555 ) ( 230.090, 38.725 )


SHORT: ( Metal Short ) Special Wire of Net gnd & Pin of Cell datapath_i/execute_stage_dp/general_alu_i/boothmul_pipelined_i/MUXi_3/Y_reg[21]  ( metal1 )
Bounds : ( 5.130, 37.155 ) ( 230.090, 37.325 )


SHORT: ( Metal Short ) Special Wire of Net vdd & Pin of Cell datapath_i/execute_stage_dp/general_alu_i/boothmul_pipelined_i/ADDi_3/add_1_root_add_21_2/U1_22  ( metal1 )
Bounds : ( 5.130, 35.755 ) ( 230.090, 35.925 )


SHORT: ( Metal Short ) Special Wire of Net gnd & Pin of Cell datapath_i/execute_stage_dp/general_alu_i/boothmul_pipelined_i/MUXi_5/Y_reg[8]  ( metal1 )
Bounds : ( 5.130, 34.355 ) ( 230.090, 34.525 )


SHORT: ( Metal Short ) Special Wire of Net vdd & Pin of Cell datapath_i/execute_stage_dp/general_alu_i/boothmul_pipelined_i/MUXi_3/Y_reg[22]  ( metal1 )
Bounds : ( 5.130, 32.955 ) ( 230.090, 33.125 )


SHORT: ( Metal Short ) Special Wire of Net gnd & Pin of Cell datapath_i/execute_stage_dp/general_alu_i/boothmul_pipelined_i/pip_del_reg_addi_2/D_I_1/Q_reg  ( metal1 )
Bounds : ( 5.130, 31.555 ) ( 230.090, 31.725 )


SHORT: ( Metal Short ) Special Wire of Net vdd & Pin of Cell datapath_i/execute_stage_dp/general_alu_i/boothmul_pipelined_i/ADDi_4/add_1_root_add_21_2/U1_6  ( metal1 )
Bounds : ( 5.130, 30.155 ) ( 230.090, 30.325 )


SHORT: ( Metal Short ) Special Wire of Net gnd & Pin of Cell datapath_i/execute_stage_dp/general_alu_i/boothmul_pipelined_i/MUXi_3/Y_reg[4]  ( metal1 )
Bounds : ( 5.130, 28.755 ) ( 230.090, 28.925 )


SHORT: ( Metal Short ) Special Wire of Net vdd & Pin of Cell datapath_i/execute_stage_dp/general_alu_i/boothmul_pipelined_i/ADD1_1/add_1_root_add_21_2/U1_19  ( metal1 )
Bounds : ( 5.130, 46.955 ) ( 230.090, 47.125 )


SHORT: ( Metal Short ) Special Wire of Net gnd & Pin of Cell datapath_i/execute_stage_dp/general_alu_i/boothmul_pipelined_i/MUXi_1/Y_reg[16]  ( metal1 )
Bounds : ( 5.130, 51.155 ) ( 230.090, 51.325 )


SHORT: ( Metal Short ) Special Wire of Net vdd & Pin of Cell datapath_i/execute_stage_dp/general_alu_i/boothmul_pipelined_i/ADDi_5/add_1_root_add_21_2/U1_21  ( metal1 )
Bounds : ( 5.130, 52.555 ) ( 230.090, 52.725 )


SHORT: ( Metal Short ) Special Wire of Net gnd & Pin of Cell datapath_i/execute_stage_dp/general_alu_i/boothmul_pipelined_i/MUXi_4/Y_reg[7]  ( metal1 )
Bounds : ( 5.130, 53.955 ) ( 230.090, 54.125 )


SHORT: ( Metal Short ) Special Wire of Net vdd & Pin of Cell datapath_i/execute_stage_dp/general_alu_i/boothmul_pipelined_i/ADD1_1/add_1_root_add_21_2/U1_0  ( metal1 )
Bounds : ( 5.130, 55.355 ) ( 230.090, 55.525 )


SHORT: ( Metal Short ) Special Wire of Net gnd & Pin of Cell datapath_i/execute_stage_dp/general_alu_i/boothmul_pipelined_i/MUXi_1/Y_reg[15]  ( metal1 )
Bounds : ( 5.130, 56.755 ) ( 230.090, 56.925 )


SHORT: ( Metal Short ) Special Wire of Net vdd & Pin of Cell FE_OFC113_RST  ( metal1 )
Bounds : ( 5.130, 27.355 ) ( 230.090, 27.525 )


SHORT: ( Metal Short ) Special Wire of Net gnd & Pin of Cell datapath_i/execute_stage_dp/general_alu_i/boothmul_pipelined_i/MUXi_3/Y_reg[1]  ( metal1 )
Bounds : ( 5.130, 25.955 ) ( 230.090, 26.125 )


SHORT: ( Metal Short ) Special Wire of Net vdd & Pin of Cell datapath_i/execute_stage_dp/general_alu_i/boothmul_pipelined_i/ADDi_3/add_1_root_add_21_2/U1_1  ( metal1 )
Bounds : ( 5.130, 24.555 ) ( 230.090, 24.725 )


SHORT: ( Metal Short ) Special Wire of Net gnd & Pin of Cell datapath_i/execute_stage_dp/general_alu_i/boothmul_pipelined_i/MUXi_3/Y_reg[3]  ( metal1 )
Bounds : ( 5.130, 23.155 ) ( 230.090, 23.325 )


SHORT: ( Metal Short ) Special Wire of Net vdd & Pin of Cell datapath_i/execute_stage_dp/general_alu_i/boothmul_pipelined_i/ADDi_5/add_1_root_add_21_2/U1_6  ( metal1 )
Bounds : ( 5.130, 21.755 ) ( 230.090, 21.925 )


SHORT: ( Metal Short ) Special Wire of Net gnd & Pin of Cell datapath_i/execute_stage_dp/general_alu_i/boothmul_pipelined_i/MUXi_4/Y_reg[5]  ( metal1 )
Bounds : ( 5.130, 20.355 ) ( 230.090, 20.525 )


SHORT: ( Metal Short ) Special Wire of Net vdd & Pin of Cell datapath_i/execute_stage_dp/general_alu_i/boothmul_pipelined_i/ADDi_4/add_1_root_add_21_2/U1_3  ( metal1 )
Bounds : ( 5.130, 18.955 ) ( 230.090, 19.125 )


SHORT: ( Metal Short ) Special Wire of Net gnd & Pin of Cell datapath_i/execute_stage_dp/general_alu_i/boothmul_pipelined_i/MUXi_5/Y_reg[2]  ( metal1 )
Bounds : ( 5.130, 17.555 ) ( 230.090, 17.725 )


SHORT: ( Metal Short ) Special Wire of Net vdd & Pin of Cell datapath_i/execute_stage_dp/general_alu_i/boothmul_pipelined_i/MUXi_4/Y_reg[4]  ( metal1 )
Bounds : ( 5.130, 16.155 ) ( 230.090, 16.325 )


SHORT: ( Metal Short ) Special Wire of Net gnd & Pin of Cell datapath_i/execute_stage_dp/general_alu_i/boothmul_pipelined_i/pip_del_reg_muxi_2/D_I_186/Q_reg  ( metal1 )
Bounds : ( 5.130, 14.755 ) ( 230.090, 14.925 )


SHORT: ( Metal Short ) Special Wire of Net vdd & Pin of Cell datapath_i/execute_stage_dp/general_alu_i/boothmul_pipelined_i/MUXi_4/Y_reg[3]  ( metal1 )
Bounds : ( 5.130, 13.355 ) ( 230.090, 13.525 )


SHORT: ( Metal Short ) Special Wire of Net gnd & Pin of Cell datapath_i/execute_stage_dp/general_alu_i/boothmul_pipelined_i/pip_del_reg_muxi_6/D_I_12/Q_reg  ( metal1 )
Bounds : ( 5.130, 11.955 ) ( 230.090, 12.125 )


SHORT: ( Metal Short ) Special Wire of Net vdd & Pin of Cell datapath_i/execute_stage_dp/general_alu_i/boothmul_pipelined_i/pip_del_reg_muxi_4/D_I_53/Q_reg  ( metal1 )
Bounds : ( 5.130, 10.555 ) ( 230.090, 10.725 )


SHORT: ( Metal Short ) Special Wire of Net gnd & Pin of Cell datapath_i/execute_stage_dp/general_alu_i/boothmul_pipelined_i/pip_del_reg_muxi_5/D_I_87/Q_reg  ( metal1 )
Bounds : ( 5.130, 9.155 ) ( 230.090, 9.325 )


SHORT: ( Metal Short ) Special Wire of Net vdd & Pin of Cell FE_OFC122_RST  ( metal1 )
Bounds : ( 5.130, 7.755 ) ( 230.090, 7.925 )


SHORT: ( Metal Short ) Special Wire of Net gnd & Pin of Cell datapath_i/execute_stage_dp/general_alu_i/boothmul_pipelined_i/pip_del_reg_muxi_3/D_I_66/Q_reg  ( metal1 )
Bounds : ( 5.130, 6.355 ) ( 230.090, 6.525 )


SHORT: ( Metal Short ) Special Wire of Net vdd & Pin of Cell FILLER_1  ( metal1 )
Bounds : ( 5.130, 4.955 ) ( 230.090, 5.125 )


  Total Violations : 160 Viols.
