 
****************************************
Report : area
Design : DLX_IR_SIZE32_PC_SIZE32
Version: O-2018.06-SP4
Date   : Mon Aug 31 16:29:35 2020
****************************************

Library(s) Used:

    NangateOpenCellLibrary (File: /home/mariagrazia.graziano/do/libnangate/NangateOpenCellLibrary_typical_ecsm.db)

Number of ports:                          359
Number of nets:                          9412
Number of cells:                         7965
Number of combinational cells:           5921
Number of sequential cells:              2041
Number of macros/black boxes:               0
Number of buf/inv:                        711
Number of references:                      33

Combinational area:               7377.244147
Buf/Inv area:                      434.111998
Noncombinational area:            9486.623966
Macro/Black Box area:                0.000000
Net Interconnect area:      undefined  (Wire load has zero net area)

Total cell area:                 16863.868113
Total area:                 undefined
1
