 
****************************************
Report : area
Design : DLX_IR_SIZE32_PC_SIZE32
Version: O-2018.06-SP4
Date   : Mon Aug 31 16:31:14 2020
****************************************

Library(s) Used:

    NangateOpenCellLibrary (File: /home/mariagrazia.graziano/do/libnangate/NangateOpenCellLibrary_typical_ecsm.db)

Number of ports:                          359
Number of nets:                          9388
Number of cells:                         7936
Number of combinational cells:           5893
Number of sequential cells:              2040
Number of macros/black boxes:               0
Number of buf/inv:                        691
Number of references:                      32

Combinational area:               7345.058144
Buf/Inv area:                      423.471998
Noncombinational area:            9481.303966
Macro/Black Box area:                0.000000
Net Interconnect area:      undefined  (Wire load has zero net area)

Total cell area:                 16826.362110
Total area:                 undefined
1
